<?xml version="1.0" encoding="UTF-8"?>
<!-- Generated by org.testng.reporters.JUnitReportReporter -->
<testsuite hostname="DTE0228" name="com.sharpqa.comparesolution.test.ComparisonTest" tests="36" failures="0" timestamp="15 Nov 2012 17:57:45 GMT" time="1833.276" errors="18">
  <testcase name="testXMLPageObjectMapAgainstExpeted" time="0.484" classname="com.sharpqa.comparesolution.test.ComparisonTest">
    <error type="java.lang.AssertionError" message="
Module:[SN02]***********************
Expected CDATA section value &#039;http://test.film4.com/special-features/interviews#&#039; 
but was &#039;http://test.film4.com/special-features/interviews?3ad#&#039; - comparing &lt;![CDATA[http://test.film4.com/special-features/interviews#]]&gt; 
at /page-map[1]/sections[1]/page-section[2]/areas[1]/area[1]/modules[1]/module[3]/webElementSetComponentBeans[1]/element-group[1]/imageLinks[1]/picture-link[1]/href[1]/text()[1] to &lt;![CDATA[http://test.film4.com/special-features/interviews?3ad#]]&gt; 
at /page-map[1]/sections[1]/page-section[2]/areas[1]/area[1]/modules[1]/module[3]/webElementSetComponentBeans[1]/element-group[1]/imageLinks[1]/picture-link[1]/href[1]/text()[1]
***********************

Module:[SN02]***********************
Expected CDATA section value &#039;http://test.film4.com/special-features/interviews#&#039; 
but was &#039;http://test.film4.com/special-features/interviews?3ad#&#039; - comparing &lt;![CDATA[http://test.film4.com/special-features/interviews#]]&gt; 
at /page-map[1]/sections[1]/page-section[2]/areas[1]/area[1]/modules[1]/module[3]/webElementSetComponentBeans[1]/element-group[1]/imageLinks[1]/picture-link[2]/href[1]/text()[1] to &lt;![CDATA[http://test.film4.com/special-features/interviews?3ad#]]&gt; 
at /page-map[1]/sections[1]/page-section[2]/areas[1]/area[1]/modules[1]/module[3]/webElementSetComponentBeans[1]/element-group[1]/imageLinks[1]/picture-link[2]/href[1]/text()[1]
***********************

Module:[SN02]***********************
Expected CDATA section value &#039;http://test.film4.com/special-features/interviews#&#039; 
but was &#039;http://test.film4.com/special-features/interviews?3ad#&#039; - comparing &lt;![CDATA[http://test.film4.com/special-features/interviews#]]&gt; 
at /page-map[1]/sections[1]/page-section[2]/areas[1]/area[1]/modules[1]/module[3]/webElementSetComponentBeans[1]/element-group[1]/imageLinks[1]/picture-link[3]/href[1]/text()[1] to &lt;![CDATA[http://test.film4.com/special-features/interviews?3ad#]]&gt; 
at /page-map[1]/sections[1]/page-section[2]/areas[1]/area[1]/modules[1]/module[3]/webElementSetComponentBeans[1]/element-group[1]/imageLinks[1]/picture-link[3]/href[1]/text()[1]
***********************

Module:[SN02]***********************
Expected CDATA section value &#039;http://test.film4.com/special-features/interviews#&#039; 
but was &#039;http://test.film4.com/special-features/interviews?3ad#&#039; - comparing &lt;![CDATA[http://test.film4.com/special-features/interviews#]]&gt; 
at /page-map[1]/sections[1]/page-section[2]/areas[1]/area[1]/modules[1]/module[3]/webElementSetComponentBeans[1]/element-group[1]/imageLinks[1]/picture-link[4]/href[1]/text()[1] to &lt;![CDATA[http://test.film4.com/special-features/interviews?3ad#]]&gt; 
at /page-map[1]/sections[1]/page-section[2]/areas[1]/area[1]/modules[1]/module[3]/webElementSetComponentBeans[1]/element-group[1]/imageLinks[1]/picture-link[4]/href[1]/text()[1]
***********************
">
        <![CDATA[java.lang.AssertionError:
Module:[SN02]***********************
Expected CDATA section value 'http://test.film4.com/special-features/interviews#' 
but was 'http://test.film4.com/special-features/interviews?3ad#' - comparing <![CDATA[http://test.film4.com/special-features/interviews#]]]]>
        <![CDATA[>
at /page-map[1]/sections[1]/page-section[2]/areas[1]/area[1]/modules[1]/module[3]/webElementSetComponentBeans[1]/element-group[1]/imageLinks[1]/picture-link[1]/href[1]/text()[1] to <![CDATA[http://test.film4.com/special-features/interviews?3ad#]]]]>
        <![CDATA[>
at /page-map[1]/sections[1]/page-section[2]/areas[1]/area[1]/modules[1]/module[3]/webElementSetComponentBeans[1]/element-group[1]/imageLinks[1]/picture-link[1]/href[1]/text()[1]
***********************

Module:[SN02]***********************
Expected CDATA section value 'http://test.film4.com/special-features/interviews#' 
but was 'http://test.film4.com/special-features/interviews?3ad#' - comparing <![CDATA[http://test.film4.com/special-features/interviews#]]]]>
        <![CDATA[>
at /page-map[1]/sections[1]/page-section[2]/areas[1]/area[1]/modules[1]/module[3]/webElementSetComponentBeans[1]/element-group[1]/imageLinks[1]/picture-link[2]/href[1]/text()[1] to <![CDATA[http://test.film4.com/special-features/interviews?3ad#]]]]>
        <![CDATA[>
at /page-map[1]/sections[1]/page-section[2]/areas[1]/area[1]/modules[1]/module[3]/webElementSetComponentBeans[1]/element-group[1]/imageLinks[1]/picture-link[2]/href[1]/text()[1]
***********************

Module:[SN02]***********************
Expected CDATA section value 'http://test.film4.com/special-features/interviews#' 
but was 'http://test.film4.com/special-features/interviews?3ad#' - comparing <![CDATA[http://test.film4.com/special-features/interviews#]]]]>
        <![CDATA[>
at /page-map[1]/sections[1]/page-section[2]/areas[1]/area[1]/modules[1]/module[3]/webElementSetComponentBeans[1]/element-group[1]/imageLinks[1]/picture-link[3]/href[1]/text()[1] to <![CDATA[http://test.film4.com/special-features/interviews?3ad#]]]]>
        <![CDATA[>
at /page-map[1]/sections[1]/page-section[2]/areas[1]/area[1]/modules[1]/module[3]/webElementSetComponentBeans[1]/element-group[1]/imageLinks[1]/picture-link[3]/href[1]/text()[1]
***********************

Module:[SN02]***********************
Expected CDATA section value 'http://test.film4.com/special-features/interviews#' 
but was 'http://test.film4.com/special-features/interviews?3ad#' - comparing <![CDATA[http://test.film4.com/special-features/interviews#]]]]>
        <![CDATA[>
at /page-map[1]/sections[1]/page-section[2]/areas[1]/area[1]/modules[1]/module[3]/webElementSetComponentBeans[1]/element-group[1]/imageLinks[1]/picture-link[4]/href[1]/text()[1] to <![CDATA[http://test.film4.com/special-features/interviews?3ad#]]]]>
        <![CDATA[>
at /page-map[1]/sections[1]/page-section[2]/areas[1]/area[1]/modules[1]/module[3]/webElementSetComponentBeans[1]/element-group[1]/imageLinks[1]/picture-link[4]/href[1]/text()[1]
***********************

	at org.testng.Assert.fail(Assert.java:89)
	at com.sharpqa.comparesolution.test.ComparisonTest.testXMLPageObjectMapAgainstExpeted(ComparisonTest.java:54)
	at sun.reflect.NativeMethodAccessorImpl.invoke0(Native Method)
	at sun.reflect.NativeMethodAccessorImpl.invoke(NativeMethodAccessorImpl.java:39)
	at sun.reflect.DelegatingMethodAccessorImpl.invoke(DelegatingMethodAccessorImpl.java:25)
	at java.lang.reflect.Method.invoke(Method.java:597)
	at org.testng.internal.MethodInvocationHelper.invokeMethod(MethodInvocationHelper.java:80)
	at org.testng.internal.InvokeMethodRunnable.runOne(InvokeMethodRunnable.java:46)
	at org.testng.internal.InvokeMethodRunnable.run(InvokeMethodRunnable.java:37)
	at java.util.concurrent.Executors$RunnableAdapter.call(Executors.java:441)
	at java.util.concurrent.FutureTask$Sync.innerRun(FutureTask.java:303)
	at java.util.concurrent.FutureTask.run(FutureTask.java:138)
	at java.util.concurrent.ThreadPoolExecutor$Worker.runTask(ThreadPoolExecutor.java:886)
	at java.util.concurrent.ThreadPoolExecutor$Worker.run(ThreadPoolExecutor.java:908)
	at java.lang.Thread.run(Thread.java:662)
]]>
    </error>
  </testcase>
  <testcase name="createXMLPageObjectMap" time="141.515" classname="com.sharpqa.comparesolution.test.ComparisonTest"/>
  <testcase name="testXMLPageObjectMapAgainstExpeted" time="0.127" classname="com.sharpqa.comparesolution.test.ComparisonTest">
    <error type="java.lang.AssertionError" message="
Module:[SN02]***********************
Expected CDATA section value &#039;http://test.film4.com/film4-productions#&#039; 
but was &#039;http://test.film4.com/film4-productions?deead#&#039; - comparing &lt;![CDATA[http://test.film4.com/film4-productions#]]&gt; 
at /page-map[1]/sections[1]/page-section[2]/areas[1]/area[1]/modules[1]/module[2]/webElementSetComponentBeans[1]/element-group[1]/imageLinks[1]/picture-link[1]/href[1]/text()[1] to &lt;![CDATA[http://test.film4.com/film4-productions?deead#]]&gt; 
at /page-map[1]/sections[1]/page-section[2]/areas[1]/area[1]/modules[1]/module[2]/webElementSetComponentBeans[1]/element-group[1]/imageLinks[1]/picture-link[1]/href[1]/text()[1]
***********************

Module:[SN02]***********************
Expected CDATA section value &#039;http://test.film4.com/film4-productions#&#039; 
but was &#039;http://test.film4.com/film4-productions?deead#&#039; - comparing &lt;![CDATA[http://test.film4.com/film4-productions#]]&gt; 
at /page-map[1]/sections[1]/page-section[2]/areas[1]/area[1]/modules[1]/module[2]/webElementSetComponentBeans[1]/element-group[1]/imageLinks[1]/picture-link[2]/href[1]/text()[1] to &lt;![CDATA[http://test.film4.com/film4-productions?deead#]]&gt; 
at /page-map[1]/sections[1]/page-section[2]/areas[1]/area[1]/modules[1]/module[2]/webElementSetComponentBeans[1]/element-group[1]/imageLinks[1]/picture-link[2]/href[1]/text()[1]
***********************

Module:[SN02]***********************
Expected CDATA section value &#039;http://test.film4.com/film4-productions#&#039; 
but was &#039;http://test.film4.com/film4-productions?deead#&#039; - comparing &lt;![CDATA[http://test.film4.com/film4-productions#]]&gt; 
at /page-map[1]/sections[1]/page-section[2]/areas[1]/area[1]/modules[1]/module[2]/webElementSetComponentBeans[1]/element-group[1]/imageLinks[1]/picture-link[3]/href[1]/text()[1] to &lt;![CDATA[http://test.film4.com/film4-productions?deead#]]&gt; 
at /page-map[1]/sections[1]/page-section[2]/areas[1]/area[1]/modules[1]/module[2]/webElementSetComponentBeans[1]/element-group[1]/imageLinks[1]/picture-link[3]/href[1]/text()[1]
***********************

Module:[SN02]***********************
Expected CDATA section value &#039;http://test.film4.com/film4-productions#&#039; 
but was &#039;http://test.film4.com/film4-productions?deead#&#039; - comparing &lt;![CDATA[http://test.film4.com/film4-productions#]]&gt; 
at /page-map[1]/sections[1]/page-section[2]/areas[1]/area[1]/modules[1]/module[2]/webElementSetComponentBeans[1]/element-group[1]/imageLinks[1]/picture-link[4]/href[1]/text()[1] to &lt;![CDATA[http://test.film4.com/film4-productions?deead#]]&gt; 
at /page-map[1]/sections[1]/page-section[2]/areas[1]/area[1]/modules[1]/module[2]/webElementSetComponentBeans[1]/element-group[1]/imageLinks[1]/picture-link[4]/href[1]/text()[1]
***********************
">
        <![CDATA[java.lang.AssertionError:
Module:[SN02]***********************
Expected CDATA section value 'http://test.film4.com/film4-productions#' 
but was 'http://test.film4.com/film4-productions?deead#' - comparing <![CDATA[http://test.film4.com/film4-productions#]]]]>
        <![CDATA[>
at /page-map[1]/sections[1]/page-section[2]/areas[1]/area[1]/modules[1]/module[2]/webElementSetComponentBeans[1]/element-group[1]/imageLinks[1]/picture-link[1]/href[1]/text()[1] to <![CDATA[http://test.film4.com/film4-productions?deead#]]]]>
        <![CDATA[>
at /page-map[1]/sections[1]/page-section[2]/areas[1]/area[1]/modules[1]/module[2]/webElementSetComponentBeans[1]/element-group[1]/imageLinks[1]/picture-link[1]/href[1]/text()[1]
***********************

Module:[SN02]***********************
Expected CDATA section value 'http://test.film4.com/film4-productions#' 
but was 'http://test.film4.com/film4-productions?deead#' - comparing <![CDATA[http://test.film4.com/film4-productions#]]]]>
        <![CDATA[>
at /page-map[1]/sections[1]/page-section[2]/areas[1]/area[1]/modules[1]/module[2]/webElementSetComponentBeans[1]/element-group[1]/imageLinks[1]/picture-link[2]/href[1]/text()[1] to <![CDATA[http://test.film4.com/film4-productions?deead#]]]]>
        <![CDATA[>
at /page-map[1]/sections[1]/page-section[2]/areas[1]/area[1]/modules[1]/module[2]/webElementSetComponentBeans[1]/element-group[1]/imageLinks[1]/picture-link[2]/href[1]/text()[1]
***********************

Module:[SN02]***********************
Expected CDATA section value 'http://test.film4.com/film4-productions#' 
but was 'http://test.film4.com/film4-productions?deead#' - comparing <![CDATA[http://test.film4.com/film4-productions#]]]]>
        <![CDATA[>
at /page-map[1]/sections[1]/page-section[2]/areas[1]/area[1]/modules[1]/module[2]/webElementSetComponentBeans[1]/element-group[1]/imageLinks[1]/picture-link[3]/href[1]/text()[1] to <![CDATA[http://test.film4.com/film4-productions?deead#]]]]>
        <![CDATA[>
at /page-map[1]/sections[1]/page-section[2]/areas[1]/area[1]/modules[1]/module[2]/webElementSetComponentBeans[1]/element-group[1]/imageLinks[1]/picture-link[3]/href[1]/text()[1]
***********************

Module:[SN02]***********************
Expected CDATA section value 'http://test.film4.com/film4-productions#' 
but was 'http://test.film4.com/film4-productions?deead#' - comparing <![CDATA[http://test.film4.com/film4-productions#]]]]>
        <![CDATA[>
at /page-map[1]/sections[1]/page-section[2]/areas[1]/area[1]/modules[1]/module[2]/webElementSetComponentBeans[1]/element-group[1]/imageLinks[1]/picture-link[4]/href[1]/text()[1] to <![CDATA[http://test.film4.com/film4-productions?deead#]]]]>
        <![CDATA[>
at /page-map[1]/sections[1]/page-section[2]/areas[1]/area[1]/modules[1]/module[2]/webElementSetComponentBeans[1]/element-group[1]/imageLinks[1]/picture-link[4]/href[1]/text()[1]
***********************

	at org.testng.Assert.fail(Assert.java:89)
	at com.sharpqa.comparesolution.test.ComparisonTest.testXMLPageObjectMapAgainstExpeted(ComparisonTest.java:54)
	at sun.reflect.NativeMethodAccessorImpl.invoke0(Native Method)
	at sun.reflect.NativeMethodAccessorImpl.invoke(NativeMethodAccessorImpl.java:39)
	at sun.reflect.DelegatingMethodAccessorImpl.invoke(DelegatingMethodAccessorImpl.java:25)
	at java.lang.reflect.Method.invoke(Method.java:597)
	at org.testng.internal.MethodInvocationHelper.invokeMethod(MethodInvocationHelper.java:80)
	at org.testng.internal.InvokeMethodRunnable.runOne(InvokeMethodRunnable.java:46)
	at org.testng.internal.InvokeMethodRunnable.run(InvokeMethodRunnable.java:37)
	at java.util.concurrent.Executors$RunnableAdapter.call(Executors.java:441)
	at java.util.concurrent.FutureTask$Sync.innerRun(FutureTask.java:303)
	at java.util.concurrent.FutureTask.run(FutureTask.java:138)
	at java.util.concurrent.ThreadPoolExecutor$Worker.runTask(ThreadPoolExecutor.java:886)
	at java.util.concurrent.ThreadPoolExecutor$Worker.run(ThreadPoolExecutor.java:908)
	at java.lang.Thread.run(Thread.java:662)
]]>
    </error>
  </testcase>
  <testcase name="createXMLPageObjectMap" time="74.001" classname="com.sharpqa.comparesolution.test.ComparisonTest"/>
  <testcase name="createXMLPageObjectMap" time="89.810" classname="com.sharpqa.comparesolution.test.ComparisonTest"/>
  <testcase name="createXMLPageObjectMap" time="64.996" classname="com.sharpqa.comparesolution.test.ComparisonTest"/>
  <testcase name="createXMLPageObjectMap" time="146.179" classname="com.sharpqa.comparesolution.test.ComparisonTest"/>
  <testcase name="testXMLPageObjectMapAgainstExpeted" time="0.060" classname="com.sharpqa.comparesolution.test.ComparisonTest">
    <error type="java.lang.AssertionError" message="
Module:[]***********************
Expected presence of child nodes to be &#039;false&#039; 
but was &#039;true&#039; - comparing &lt;sections...&gt; 
at /page-map[1]/sections[1] to &lt;sections...&gt; 
at /page-map[1]/sections[1]
***********************
">
        <![CDATA[java.lang.AssertionError:
Module:[]***********************
Expected presence of child nodes to be 'false' 
but was 'true' - comparing <sections...> 
at /page-map[1]/sections[1] to <sections...> 
at /page-map[1]/sections[1]
***********************

	at org.testng.Assert.fail(Assert.java:89)
	at com.sharpqa.comparesolution.test.ComparisonTest.testXMLPageObjectMapAgainstExpeted(ComparisonTest.java:54)
	at sun.reflect.GeneratedMethodAccessor14.invoke(Unknown Source)
	at sun.reflect.DelegatingMethodAccessorImpl.invoke(DelegatingMethodAccessorImpl.java:25)
	at java.lang.reflect.Method.invoke(Method.java:597)
	at org.testng.internal.MethodInvocationHelper.invokeMethod(MethodInvocationHelper.java:80)
	at org.testng.internal.InvokeMethodRunnable.runOne(InvokeMethodRunnable.java:46)
	at org.testng.internal.InvokeMethodRunnable.run(InvokeMethodRunnable.java:37)
	at java.util.concurrent.Executors$RunnableAdapter.call(Executors.java:441)
	at java.util.concurrent.FutureTask$Sync.innerRun(FutureTask.java:303)
	at java.util.concurrent.FutureTask.run(FutureTask.java:138)
	at java.util.concurrent.ThreadPoolExecutor$Worker.runTask(ThreadPoolExecutor.java:886)
	at java.util.concurrent.ThreadPoolExecutor$Worker.run(ThreadPoolExecutor.java:908)
	at java.lang.Thread.run(Thread.java:662)
]]>
    </error>
  </testcase>
  <testcase name="createXMLPageObjectMap" time="182.585" classname="com.sharpqa.comparesolution.test.ComparisonTest"/>
  <testcase name="createXMLPageObjectMap" time="68.613" classname="com.sharpqa.comparesolution.test.ComparisonTest"/>
  <testcase name="testXMLPageObjectMapAgainstExpeted" time="0.366" classname="com.sharpqa.comparesolution.test.ComparisonTest">
    <error type="java.lang.AssertionError" message="
Module:[AV07]***********************
Expected CDATA section value &#039;http://test.film4.com/reviews/2012/prometheus#&#039; 
but was &#039;http://test.film4.com/reviews/2012/prometheus?ad3#&#039; - comparing &lt;![CDATA[http://test.film4.com/reviews/2012/prometheus#]]&gt; 
at /page-map[1]/sections[1]/page-section[1]/areas[1]/area[1]/modules[1]/module[1]/elementGroups[1]/element-group[1]/links[1]/link[1]/href[1]/text()[1] to &lt;![CDATA[http://test.film4.com/reviews/2012/prometheus?ad3#]]&gt; 
at /page-map[1]/sections[1]/page-section[1]/areas[1]/area[1]/modules[1]/module[1]/elementGroups[1]/element-group[1]/links[1]/link[1]/href[1]/text()[1]
***********************

Module:[AT06]***********************
Expected CDATA section value &#039;http://test.film4.com/reviews/2012/prometheus#tab0&#039; 
but was &#039;http://test.film4.com/reviews/2012/prometheus?ad3#tab0&#039; - comparing &lt;![CDATA[http://test.film4.com/reviews/2012/prometheus#tab0]]&gt; 
at /page-map[1]/sections[1]/page-section[1]/areas[1]/area[1]/modules[1]/module[3]/webElementSetComponentBeans[1]/element-group[1]/links[1]/link[1]/href[1]/text()[1] to &lt;![CDATA[http://test.film4.com/reviews/2012/prometheus?ad3#tab0]]&gt; 
at /page-map[1]/sections[1]/page-section[1]/areas[1]/area[1]/modules[1]/module[3]/webElementSetComponentBeans[1]/element-group[1]/links[1]/link[1]/href[1]/text()[1]
***********************

Module:[AT06]***********************
Expected CDATA section value &#039;http://test.film4.com/reviews/2012/prometheus#cast&#039; 
but was &#039;http://test.film4.com/reviews/2012/prometheus?ad3#cast&#039; - comparing &lt;![CDATA[http://test.film4.com/reviews/2012/prometheus#cast]]&gt; 
at /page-map[1]/sections[1]/page-section[1]/areas[1]/area[1]/modules[1]/module[3]/webElementSetComponentBeans[1]/element-group[1]/links[1]/link[2]/href[1]/text()[1] to &lt;![CDATA[http://test.film4.com/reviews/2012/prometheus?ad3#cast]]&gt; 
at /page-map[1]/sections[1]/page-section[1]/areas[1]/area[1]/modules[1]/module[3]/webElementSetComponentBeans[1]/element-group[1]/links[1]/link[2]/href[1]/text()[1]
***********************

Module:[AV07]***********************
Expected CDATA section value &#039;http://test.film4.com/media/images/Channel4/film/2012/charlize-theron-idris-elba-prometheus-movie-image_MED.jpg&#039; 
but was &#039;http://test.film4.com/media/images/Channel4/film/2012/charlize-theron-idris-elba-prometheus-movie-image_LRG.jpg&#039; - comparing &lt;![CDATA[http://test.film4.com/media/images/Channel4/film/2012/charlize-theron-idris-elba-prometheus-movie-image_MED.jpg]]&gt; 
at /page-map[1]/sections[1]/page-section[1]/areas[1]/area[2]/modules[1]/module[1]/elementGroups[1]/element-group[2]/images[1]/picture[1]/src[1]/text()[1] to &lt;![CDATA[http://test.film4.com/media/images/Channel4/film/2012/charlize-theron-idris-elba-prometheus-movie-image_LRG.jpg]]&gt; 
at /page-map[1]/sections[1]/page-section[1]/areas[1]/area[2]/modules[1]/module[1]/elementGroups[1]/element-group[2]/images[1]/picture[1]/src[1]/text()[1]
***********************

Module:[GA20]***********************
Expected CDATA section value &#039;http://test.film4.com/media/images/Channel4/film/2012/Prometheus_movie_05_MED.jpg&#039; 
but was &#039;http://test.film4.com/media/images/Channel4/film/2012/Prometheus_movie_05_LRG.jpg&#039; - comparing &lt;![CDATA[http://test.film4.com/media/images/Channel4/film/2012/Prometheus_movie_05_MED.jpg]]&gt; 
at /page-map[1]/sections[1]/page-section[1]/areas[1]/area[2]/modules[1]/module[2]/elementGroups[1]/element-group[2]/images[1]/picture[1]/src[1]/text()[1] to &lt;![CDATA[http://test.film4.com/media/images/Channel4/film/2012/Prometheus_movie_05_LRG.jpg]]&gt; 
at /page-map[1]/sections[1]/page-section[1]/areas[1]/area[2]/modules[1]/module[2]/elementGroups[1]/element-group[2]/images[1]/picture[1]/src[1]/text()[1]
***********************

Module:[GA20]***********************
Expected CDATA section value &#039;http://test.film4.com/media/images/Channel4/film/2012/Prometheus_movie_05_SML.jpg&#039; 
but was &#039;http://test.film4.com/media/images/Channel4/film/2012/Prometheus_movie_05_LRG.jpg&#039; - comparing &lt;![CDATA[http://test.film4.com/media/images/Channel4/film/2012/Prometheus_movie_05_SML.jpg]]&gt; 
at /page-map[1]/sections[1]/page-section[1]/areas[1]/area[2]/modules[1]/module[2]/elementGroups[1]/element-group[3]/images[1]/picture[1]/src[1]/text()[1] to &lt;![CDATA[http://test.film4.com/media/images/Channel4/film/2012/Prometheus_movie_05_LRG.jpg]]&gt; 
at /page-map[1]/sections[1]/page-section[1]/areas[1]/area[2]/modules[1]/module[2]/elementGroups[1]/element-group[3]/images[1]/picture[1]/src[1]/text()[1]
***********************

Module:[GA20]***********************
Expected text value &#039;200&#039; 
but was &#039;1024&#039; - comparing &lt;width ...&gt;200&lt;/width&gt; 
at /page-map[1]/sections[1]/page-section[1]/areas[1]/area[2]/modules[1]/module[2]/elementGroups[1]/element-group[3]/images[1]/picture[1]/width[1]/text()[1] to &lt;width ...&gt;1024&lt;/width&gt; 
at /page-map[1]/sections[1]/page-section[1]/areas[1]/area[2]/modules[1]/module[2]/elementGroups[1]/element-group[3]/images[1]/picture[1]/width[1]/text()[1]
***********************

Module:[GA20]***********************
Expected text value &#039;133&#039; 
but was &#039;682&#039; - comparing &lt;height ...&gt;133&lt;/height&gt; 
at /page-map[1]/sections[1]/page-section[1]/areas[1]/area[2]/modules[1]/module[2]/elementGroups[1]/element-group[3]/images[1]/picture[1]/height[1]/text()[1] to &lt;height ...&gt;682&lt;/height&gt; 
at /page-map[1]/sections[1]/page-section[1]/areas[1]/area[2]/modules[1]/module[2]/elementGroups[1]/element-group[3]/images[1]/picture[1]/height[1]/text()[1]
***********************

Module:[GA20]***********************
Expected CDATA section value &#039;http://test.film4.com/media/images/Channel4/film/2012/charlize-theron-idris-elba-prometheus-movie-image_SML.jpg&#039; 
but was &#039;http://test.film4.com/media/images/Channel4/film/2012/charlize-theron-idris-elba-prometheus-movie-image_LRG.jpg&#039; - comparing &lt;![CDATA[http://test.film4.com/media/images/Channel4/film/2012/charlize-theron-idris-elba-prometheus-movie-image_SML.jpg]]&gt; 
at /page-map[1]/sections[1]/page-section[1]/areas[1]/area[2]/modules[1]/module[2]/elementGroups[1]/element-group[3]/images[1]/picture[2]/src[1]/text()[1] to &lt;![CDATA[http://test.film4.com/media/images/Channel4/film/2012/charlize-theron-idris-elba-prometheus-movie-image_LRG.jpg]]&gt; 
at /page-map[1]/sections[1]/page-section[1]/areas[1]/area[2]/modules[1]/module[2]/elementGroups[1]/element-group[3]/images[1]/picture[2]/src[1]/text()[1]
***********************

Module:[GA20]***********************
Expected text value &#039;200&#039; 
but was &#039;1024&#039; - comparing &lt;width ...&gt;200&lt;/width&gt; 
at /page-map[1]/sections[1]/page-section[1]/areas[1]/area[2]/modules[1]/module[2]/elementGroups[1]/element-group[3]/images[1]/picture[2]/width[1]/text()[1] to &lt;width ...&gt;1024&lt;/width&gt; 
at /page-map[1]/sections[1]/page-section[1]/areas[1]/area[2]/modules[1]/module[2]/elementGroups[1]/element-group[3]/images[1]/picture[2]/width[1]/text()[1]
***********************

Module:[GA20]***********************
Expected text value &#039;133&#039; 
but was &#039;683&#039; - comparing &lt;height ...&gt;133&lt;/height&gt; 
at /page-map[1]/sections[1]/page-section[1]/areas[1]/area[2]/modules[1]/module[2]/elementGroups[1]/element-group[3]/images[1]/picture[2]/height[1]/text()[1] to &lt;height ...&gt;683&lt;/height&gt; 
at /page-map[1]/sections[1]/page-section[1]/areas[1]/area[2]/modules[1]/module[2]/elementGroups[1]/element-group[3]/images[1]/picture[2]/height[1]/text()[1]
***********************

Module:[GA20]***********************
Expected CDATA section value &#039;http://test.film4.com/media/images/Channel4/film/2012/Prometheus_movie_05_SML.jpg&#039; 
but was &#039;http://test.film4.com/media/images/Channel4/film/2012/Prometheus_movie_05_MED.jpg&#039; - comparing &lt;![CDATA[http://test.film4.com/media/images/Channel4/film/2012/Prometheus_movie_05_SML.jpg]]&gt; 
at /page-map[1]/sections[1]/page-section[1]/areas[1]/area[2]/modules[1]/module[2]/elementGroups[1]/element-group[3]/imageLinks[1]/picture-link[1]/src[1]/text()[1] to &lt;![CDATA[http://test.film4.com/media/images/Channel4/film/2012/Prometheus_movie_05_MED.jpg]]&gt; 
at /page-map[1]/sections[1]/page-section[1]/areas[1]/area[2]/modules[1]/module[2]/elementGroups[1]/element-group[3]/imageLinks[1]/picture-link[1]/src[1]/text()[1]
***********************

Module:[GA20]***********************
Expected text value &#039;200&#039; 
but was &#039;625&#039; - comparing &lt;width ...&gt;200&lt;/width&gt; 
at /page-map[1]/sections[1]/page-section[1]/areas[1]/area[2]/modules[1]/module[2]/elementGroups[1]/element-group[3]/imageLinks[1]/picture-link[1]/width[1]/text()[1] to &lt;width ...&gt;625&lt;/width&gt; 
at /page-map[1]/sections[1]/page-section[1]/areas[1]/area[2]/modules[1]/module[2]/elementGroups[1]/element-group[3]/imageLinks[1]/picture-link[1]/width[1]/text()[1]
***********************

Module:[GA20]***********************
Expected text value &#039;133&#039; 
but was &#039;416&#039; - comparing &lt;height ...&gt;133&lt;/height&gt; 
at /page-map[1]/sections[1]/page-section[1]/areas[1]/area[2]/modules[1]/module[2]/elementGroups[1]/element-group[3]/imageLinks[1]/picture-link[1]/height[1]/text()[1] to &lt;height ...&gt;416&lt;/height&gt; 
at /page-map[1]/sections[1]/page-section[1]/areas[1]/area[2]/modules[1]/module[2]/elementGroups[1]/element-group[3]/imageLinks[1]/picture-link[1]/height[1]/text()[1]
***********************

Module:[GA20]***********************
Expected CDATA section value &#039;http://test.film4.com/media/images/Channel4/film/2012/charlize-theron-idris-elba-prometheus-movie-image_SML.jpg&#039; 
but was &#039;http://test.film4.com/media/images/Channel4/film/2012/charlize-theron-idris-elba-prometheus-movie-image_MED.jpg&#039; - comparing &lt;![CDATA[http://test.film4.com/media/images/Channel4/film/2012/charlize-theron-idris-elba-prometheus-movie-image_SML.jpg]]&gt; 
at /page-map[1]/sections[1]/page-section[1]/areas[1]/area[2]/modules[1]/module[2]/elementGroups[1]/element-group[3]/imageLinks[1]/picture-link[2]/src[1]/text()[1] to &lt;![CDATA[http://test.film4.com/media/images/Channel4/film/2012/charlize-theron-idris-elba-prometheus-movie-image_MED.jpg]]&gt; 
at /page-map[1]/sections[1]/page-section[1]/areas[1]/area[2]/modules[1]/module[2]/elementGroups[1]/element-group[3]/imageLinks[1]/picture-link[2]/src[1]/text()[1]
***********************

Module:[GA20]***********************
Expected text value &#039;200&#039; 
but was &#039;625&#039; - comparing &lt;width ...&gt;200&lt;/width&gt; 
at /page-map[1]/sections[1]/page-section[1]/areas[1]/area[2]/modules[1]/module[2]/elementGroups[1]/element-group[3]/imageLinks[1]/picture-link[2]/width[1]/text()[1] to &lt;width ...&gt;625&lt;/width&gt; 
at /page-map[1]/sections[1]/page-section[1]/areas[1]/area[2]/modules[1]/module[2]/elementGroups[1]/element-group[3]/imageLinks[1]/picture-link[2]/width[1]/text()[1]
***********************

Module:[GA20]***********************
Expected text value &#039;133&#039; 
but was &#039;417&#039; - comparing &lt;height ...&gt;133&lt;/height&gt; 
at /page-map[1]/sections[1]/page-section[1]/areas[1]/area[2]/modules[1]/module[2]/elementGroups[1]/element-group[3]/imageLinks[1]/picture-link[2]/height[1]/text()[1] to &lt;height ...&gt;417&lt;/height&gt; 
at /page-map[1]/sections[1]/page-section[1]/areas[1]/area[2]/modules[1]/module[2]/elementGroups[1]/element-group[3]/imageLinks[1]/picture-link[2]/height[1]/text()[1]
***********************

Module:[GA20]***********************
Expected CDATA section value &#039;http://test.film4.com/reviews/2012/prometheus#&#039; 
but was &#039;http://test.film4.com/reviews/2012/prometheus?ad3#&#039; - comparing &lt;![CDATA[http://test.film4.com/reviews/2012/prometheus#]]&gt; 
at /page-map[1]/sections[1]/page-section[1]/areas[1]/area[2]/modules[1]/module[2]/elementGroups[1]/element-group[4]/links[1]/link[1]/href[1]/text()[1] to &lt;![CDATA[http://test.film4.com/reviews/2012/prometheus?ad3#]]&gt; 
at /page-map[1]/sections[1]/page-section[1]/areas[1]/area[2]/modules[1]/module[2]/elementGroups[1]/element-group[4]/links[1]/link[1]/href[1]/text()[1]
***********************

Module:[GA20]***********************
Expected CDATA section value &#039;http://test.film4.com/media/images/Channel4/film/2012/Prometheus_movie_05_SML.jpg&#039; 
but was &#039;http://test.film4.com/media/images/Channel4/film/2012/Prometheus_movie_05_LRG.jpg&#039; - comparing &lt;![CDATA[http://test.film4.com/media/images/Channel4/film/2012/Prometheus_movie_05_SML.jpg]]&gt; 
at /page-map[1]/sections[1]/page-section[1]/areas[1]/area[2]/modules[1]/module[2]/webElementSetComponentBeans[1]/element-group[1]/images[1]/picture[1]/src[1]/text()[1] to &lt;![CDATA[http://test.film4.com/media/images/Channel4/film/2012/Prometheus_movie_05_LRG.jpg]]&gt; 
at /page-map[1]/sections[1]/page-section[1]/areas[1]/area[2]/modules[1]/module[2]/webElementSetComponentBeans[1]/element-group[1]/images[1]/picture[1]/src[1]/text()[1]
***********************

Module:[GA20]***********************
Expected text value &#039;200&#039; 
but was &#039;1024&#039; - comparing &lt;width ...&gt;200&lt;/width&gt; 
at /page-map[1]/sections[1]/page-section[1]/areas[1]/area[2]/modules[1]/module[2]/webElementSetComponentBeans[1]/element-group[1]/images[1]/picture[1]/width[1]/text()[1] to &lt;width ...&gt;1024&lt;/width&gt; 
at /page-map[1]/sections[1]/page-section[1]/areas[1]/area[2]/modules[1]/module[2]/webElementSetComponentBeans[1]/element-group[1]/images[1]/picture[1]/width[1]/text()[1]
***********************

Module:[GA20]***********************
Expected text value &#039;133&#039; 
but was &#039;682&#039; - comparing &lt;height ...&gt;133&lt;/height&gt; 
at /page-map[1]/sections[1]/page-section[1]/areas[1]/area[2]/modules[1]/module[2]/webElementSetComponentBeans[1]/element-group[1]/images[1]/picture[1]/height[1]/text()[1] to &lt;height ...&gt;682&lt;/height&gt; 
at /page-map[1]/sections[1]/page-section[1]/areas[1]/area[2]/modules[1]/module[2]/webElementSetComponentBeans[1]/element-group[1]/images[1]/picture[1]/height[1]/text()[1]
***********************

Module:[GA20]***********************
Expected CDATA section value &#039;http://test.film4.com/media/images/Channel4/film/2012/charlize-theron-idris-elba-prometheus-movie-image_SML.jpg&#039; 
but was &#039;http://test.film4.com/media/images/Channel4/film/2012/charlize-theron-idris-elba-prometheus-movie-image_LRG.jpg&#039; - comparing &lt;![CDATA[http://test.film4.com/media/images/Channel4/film/2012/charlize-theron-idris-elba-prometheus-movie-image_SML.jpg]]&gt; 
at /page-map[1]/sections[1]/page-section[1]/areas[1]/area[2]/modules[1]/module[2]/webElementSetComponentBeans[1]/element-group[2]/images[1]/picture[1]/src[1]/text()[1] to &lt;![CDATA[http://test.film4.com/media/images/Channel4/film/2012/charlize-theron-idris-elba-prometheus-movie-image_LRG.jpg]]&gt; 
at /page-map[1]/sections[1]/page-section[1]/areas[1]/area[2]/modules[1]/module[2]/webElementSetComponentBeans[1]/element-group[2]/images[1]/picture[1]/src[1]/text()[1]
***********************

Module:[GA20]***********************
Expected text value &#039;200&#039; 
but was &#039;1024&#039; - comparing &lt;width ...&gt;200&lt;/width&gt; 
at /page-map[1]/sections[1]/page-section[1]/areas[1]/area[2]/modules[1]/module[2]/webElementSetComponentBeans[1]/element-group[2]/images[1]/picture[1]/width[1]/text()[1] to &lt;width ...&gt;1024&lt;/width&gt; 
at /page-map[1]/sections[1]/page-section[1]/areas[1]/area[2]/modules[1]/module[2]/webElementSetComponentBeans[1]/element-group[2]/images[1]/picture[1]/width[1]/text()[1]
***********************

Module:[GA20]***********************
Expected text value &#039;133&#039; 
but was &#039;683&#039; - comparing &lt;height ...&gt;133&lt;/height&gt; 
at /page-map[1]/sections[1]/page-section[1]/areas[1]/area[2]/modules[1]/module[2]/webElementSetComponentBeans[1]/element-group[2]/images[1]/picture[1]/height[1]/text()[1] to &lt;height ...&gt;683&lt;/height&gt; 
at /page-map[1]/sections[1]/page-section[1]/areas[1]/area[2]/modules[1]/module[2]/webElementSetComponentBeans[1]/element-group[2]/images[1]/picture[1]/height[1]/text()[1]
***********************

Module:[FL01-default]***********************
Expected CDATA section value &#039;http://test.film4.com/reviews/2012/prometheus#&#039; 
but was &#039;http://test.film4.com/reviews/2012/prometheus?ad3#&#039; - comparing &lt;![CDATA[http://test.film4.com/reviews/2012/prometheus#]]&gt; 
at /page-map[1]/sections[1]/page-section[1]/areas[1]/area[3]/modules[1]/module[1]/webElementSetComponentBeans[1]/element-group[1]/links[1]/link[1]/href[1]/text()[1] to &lt;![CDATA[http://test.film4.com/reviews/2012/prometheus?ad3#]]&gt; 
at /page-map[1]/sections[1]/page-section[1]/areas[1]/area[3]/modules[1]/module[1]/webElementSetComponentBeans[1]/element-group[1]/links[1]/link[1]/href[1]/text()[1]
***********************

Module:[FL01-default]***********************
Expected CDATA section value &#039;Crocodile Dundee II&#039; 
but was &#039;Chung On Tsous&#039; - comparing &lt;![CDATA[Crocodile Dundee II]]&gt; 
at /page-map[1]/sections[1]/page-section[1]/areas[1]/area[3]/modules[1]/module[1]/webElementSetComponentBeans[1]/element-group[1]/links[1]/link[2]/linkText[1]/text()[1] to &lt;![CDATA[Chung On Tsous]]&gt; 
at /page-map[1]/sections[1]/page-section[1]/areas[1]/area[3]/modules[1]/module[1]/webElementSetComponentBeans[1]/element-group[1]/links[1]/link[2]/linkText[1]/text()[1]
***********************

Module:[FL01-default]***********************
Expected CDATA section value &#039;http://test.film4.com/reviews/1988/crocodile-dundee-ii&#039; 
but was &#039;http://test.film4.com/reviews/1993/chung-on-tsous&#039; - comparing &lt;![CDATA[http://test.film4.com/reviews/1988/crocodile-dundee-ii]]&gt; 
at /page-map[1]/sections[1]/page-section[1]/areas[1]/area[3]/modules[1]/module[1]/webElementSetComponentBeans[1]/element-group[1]/links[1]/link[2]/href[1]/text()[1] to &lt;![CDATA[http://test.film4.com/reviews/1993/chung-on-tsous]]&gt; 
at /page-map[1]/sections[1]/page-section[1]/areas[1]/area[3]/modules[1]/module[1]/webElementSetComponentBeans[1]/element-group[1]/links[1]/link[2]/href[1]/text()[1]
***********************

Module:[FL01-default]***********************
Expected CDATA section value &#039;http://test.film4.com/reviews/1988/crocodile-dundee-ii&#039; 
but was &#039;http://test.film4.com/reviews/1993/chung-on-tsous&#039; - comparing &lt;![CDATA[http://test.film4.com/reviews/1988/crocodile-dundee-ii]]&gt; 
at /page-map[1]/sections[1]/page-section[1]/areas[1]/area[3]/modules[1]/module[1]/webElementSetComponentBeans[1]/element-group[1]/imageLinks[1]/picture-link[1]/href[1]/text()[1] to &lt;![CDATA[http://test.film4.com/reviews/1993/chung-on-tsous]]&gt; 
at /page-map[1]/sections[1]/page-section[1]/areas[1]/area[3]/modules[1]/module[1]/webElementSetComponentBeans[1]/element-group[1]/imageLinks[1]/picture-link[1]/href[1]/text()[1]
***********************

Module:[FL01-default]***********************
Expected CDATA section value &#039;http://test.film4.com/media/images/Film4/images/C/crocodile-dundee-2-1988-01_MED.jpg&#039; 
but was &#039;http://test.film4.com/media/images/Film4/film4-default-image_MED.jpg&#039; - comparing &lt;![CDATA[http://test.film4.com/media/images/Film4/images/C/crocodile-dundee-2-1988-01_MED.jpg]]&gt; 
at /page-map[1]/sections[1]/page-section[1]/areas[1]/area[3]/modules[1]/module[1]/webElementSetComponentBeans[1]/element-group[1]/imageLinks[1]/picture-link[1]/src[1]/text()[1] to &lt;![CDATA[http://test.film4.com/media/images/Film4/film4-default-image_MED.jpg]]&gt; 
at /page-map[1]/sections[1]/page-section[1]/areas[1]/area[3]/modules[1]/module[1]/webElementSetComponentBeans[1]/element-group[1]/imageLinks[1]/picture-link[1]/src[1]/text()[1]
***********************

Module:[FL01-default]***********************
Expected text value &#039;179&#039; 
but was &#039;178&#039; - comparing &lt;width ...&gt;179&lt;/width&gt; 
at /page-map[1]/sections[1]/page-section[1]/areas[1]/area[3]/modules[1]/module[1]/webElementSetComponentBeans[1]/element-group[1]/imageLinks[1]/picture-link[1]/width[1]/text()[1] to &lt;width ...&gt;178&lt;/width&gt; 
at /page-map[1]/sections[1]/page-section[1]/areas[1]/area[3]/modules[1]/module[1]/webElementSetComponentBeans[1]/element-group[1]/imageLinks[1]/picture-link[1]/width[1]/text()[1]
***********************

Module:[FL01-default]***********************
Expected text value &#039;76&#039; 
but was &#039;100&#039; - comparing &lt;height ...&gt;76&lt;/height&gt; 
at /page-map[1]/sections[1]/page-section[1]/areas[1]/area[3]/modules[1]/module[1]/webElementSetComponentBeans[1]/element-group[1]/imageLinks[1]/picture-link[1]/height[1]/text()[1] to &lt;height ...&gt;100&lt;/height&gt; 
at /page-map[1]/sections[1]/page-section[1]/areas[1]/area[3]/modules[1]/module[1]/webElementSetComponentBeans[1]/element-group[1]/imageLinks[1]/picture-link[1]/height[1]/text()[1]
***********************

Module:[FL01-default]***********************
Expected CDATA section value &#039;Further adventures of Paul Hogan&#039;s Mick &#039;Crocodile&#039; Dundee, this time...&#039; 
but was &#039;synopsis&#039; - comparing &lt;![CDATA[Further adventures of Paul Hogan&#039;s Mick &#039;Crocodile&#039; Dundee, this time...]]&gt; 
at /page-map[1]/sections[1]/page-section[1]/areas[1]/area[3]/modules[1]/module[1]/webElementSetComponentBeans[1]/element-group[1]/textBlocks[1]/text-block[1]/text[1]/text()[1] to &lt;![CDATA[synopsis]]&gt; 
at /page-map[1]/sections[1]/page-section[1]/areas[1]/area[3]/modules[1]/module[1]/webElementSetComponentBeans[1]/element-group[1]/textBlocks[1]/text-block[1]/text[1]/text()[1]
***********************

Module:[FL01-default]***********************
Expected CDATA section value &#039;Crocodile Dundee II&#039; 
but was &#039;Chung On Tsous&#039; - comparing &lt;![CDATA[Crocodile Dundee II]]&gt; 
at /page-map[1]/sections[1]/page-section[1]/areas[1]/area[3]/modules[1]/module[1]/webElementSetComponentBeans[1]/element-group[1]/textBlocks[1]/text-block[2]/text[1]/text()[1] to &lt;![CDATA[Chung On Tsous]]&gt; 
at /page-map[1]/sections[1]/page-section[1]/areas[1]/area[3]/modules[1]/module[1]/webElementSetComponentBeans[1]/element-group[1]/textBlocks[1]/text-block[2]/text[1]/text()[1]
***********************

Module:[FL01-default]***********************
Expected CDATA section value &#039;http://test.film4.com/reviews/2012/prometheus#&#039; 
but was &#039;http://test.film4.com/reviews/2012/prometheus?ad3#&#039; - comparing &lt;![CDATA[http://test.film4.com/reviews/2012/prometheus#]]&gt; 
at /page-map[1]/sections[1]/page-section[1]/areas[1]/area[3]/modules[1]/module[1]/webElementSetComponentBeans[1]/element-group[2]/links[1]/link[1]/href[1]/text()[1] to &lt;![CDATA[http://test.film4.com/reviews/2012/prometheus?ad3#]]&gt; 
at /page-map[1]/sections[1]/page-section[1]/areas[1]/area[3]/modules[1]/module[1]/webElementSetComponentBeans[1]/element-group[2]/links[1]/link[1]/href[1]/text()[1]
***********************

Module:[FL01-default]***********************
Expected CDATA section value &#039;Thunderbolt&#039; 
but was &#039;Universal Soldier&#039; - comparing &lt;![CDATA[Thunderbolt]]&gt; 
at /page-map[1]/sections[1]/page-section[1]/areas[1]/area[3]/modules[1]/module[1]/webElementSetComponentBeans[1]/element-group[2]/links[1]/link[2]/linkText[1]/text()[1] to &lt;![CDATA[Universal Soldier]]&gt; 
at /page-map[1]/sections[1]/page-section[1]/areas[1]/area[3]/modules[1]/module[1]/webElementSetComponentBeans[1]/element-group[2]/links[1]/link[2]/linkText[1]/text()[1]
***********************

Module:[FL01-default]***********************
Expected CDATA section value &#039;http://test.film4.com/reviews/1995/thunderbolt&#039; 
but was &#039;http://test.film4.com/reviews/1992/universal-soldier&#039; - comparing &lt;![CDATA[http://test.film4.com/reviews/1995/thunderbolt]]&gt; 
at /page-map[1]/sections[1]/page-section[1]/areas[1]/area[3]/modules[1]/module[1]/webElementSetComponentBeans[1]/element-group[2]/links[1]/link[2]/href[1]/text()[1] to &lt;![CDATA[http://test.film4.com/reviews/1992/universal-soldier]]&gt; 
at /page-map[1]/sections[1]/page-section[1]/areas[1]/area[3]/modules[1]/module[1]/webElementSetComponentBeans[1]/element-group[2]/links[1]/link[2]/href[1]/text()[1]
***********************

Module:[FL01-default]***********************
Expected CDATA section value &#039;http://test.film4.com/reviews/1995/thunderbolt&#039; 
but was &#039;http://test.film4.com/reviews/1992/universal-soldier&#039; - comparing &lt;![CDATA[http://test.film4.com/reviews/1995/thunderbolt]]&gt; 
at /page-map[1]/sections[1]/page-section[1]/areas[1]/area[3]/modules[1]/module[1]/webElementSetComponentBeans[1]/element-group[2]/imageLinks[1]/picture-link[1]/href[1]/text()[1] to &lt;![CDATA[http://test.film4.com/reviews/1992/universal-soldier]]&gt; 
at /page-map[1]/sections[1]/page-section[1]/areas[1]/area[3]/modules[1]/module[1]/webElementSetComponentBeans[1]/element-group[2]/imageLinks[1]/picture-link[1]/href[1]/text()[1]
***********************

Module:[FL01-default]***********************
Expected CDATA section value &#039;To save his kidnapped sister Jackie Chan must fight an evil super-criminal...&#039; 
but was &#039;Dumb but fun thriller starring Jean-Claude Van Damme as a dead Vietnam vet...&#039; - comparing &lt;![CDATA[To save his kidnapped sister Jackie Chan must fight an evil super-criminal...]]&gt; 
at /page-map[1]/sections[1]/page-section[1]/areas[1]/area[3]/modules[1]/module[1]/webElementSetComponentBeans[1]/element-group[2]/textBlocks[1]/text-block[1]/text[1]/text()[1] to &lt;![CDATA[Dumb but fun thriller starring Jean-Claude Van Damme as a dead Vietnam vet...]]&gt; 
at /page-map[1]/sections[1]/page-section[1]/areas[1]/area[3]/modules[1]/module[1]/webElementSetComponentBeans[1]/element-group[2]/textBlocks[1]/text-block[1]/text[1]/text()[1]
***********************

Module:[FL01-default]***********************
Expected CDATA section value &#039;Thunderbolt&#039; 
but was &#039;Universal Soldier&#039; - comparing &lt;![CDATA[Thunderbolt]]&gt; 
at /page-map[1]/sections[1]/page-section[1]/areas[1]/area[3]/modules[1]/module[1]/webElementSetComponentBeans[1]/element-group[2]/textBlocks[1]/text-block[2]/text[1]/text()[1] to &lt;![CDATA[Universal Soldier]]&gt; 
at /page-map[1]/sections[1]/page-section[1]/areas[1]/area[3]/modules[1]/module[1]/webElementSetComponentBeans[1]/element-group[2]/textBlocks[1]/text-block[2]/text[1]/text()[1]
***********************

Module:[FL01-default]***********************
Expected CDATA section value &#039;http://test.film4.com/reviews/2012/prometheus#&#039; 
but was &#039;http://test.film4.com/reviews/2012/prometheus?ad3#&#039; - comparing &lt;![CDATA[http://test.film4.com/reviews/2012/prometheus#]]&gt; 
at /page-map[1]/sections[1]/page-section[1]/areas[1]/area[3]/modules[1]/module[1]/webElementSetComponentBeans[1]/element-group[3]/links[1]/link[1]/href[1]/text()[1] to &lt;![CDATA[http://test.film4.com/reviews/2012/prometheus?ad3#]]&gt; 
at /page-map[1]/sections[1]/page-section[1]/areas[1]/area[3]/modules[1]/module[1]/webElementSetComponentBeans[1]/element-group[3]/links[1]/link[1]/href[1]/text()[1]
***********************

Module:[FL01-default]***********************
Expected CDATA section value &#039;Ladies&#039; Man, The&#039; 
but was &#039;Strike&#039; - comparing &lt;![CDATA[Ladies&#039; Man, The]]&gt; 
at /page-map[1]/sections[1]/page-section[1]/areas[1]/area[3]/modules[1]/module[1]/webElementSetComponentBeans[1]/element-group[3]/links[1]/link[2]/linkText[1]/text()[1] to &lt;![CDATA[Strike]]&gt; 
at /page-map[1]/sections[1]/page-section[1]/areas[1]/area[3]/modules[1]/module[1]/webElementSetComponentBeans[1]/element-group[3]/links[1]/link[2]/linkText[1]/text()[1]
***********************

Module:[FL01-default]***********************
Expected CDATA section value &#039;http://test.film4.com/reviews/1961/ladies-man-the&#039; 
but was &#039;http://test.film4.com/reviews/1924/strike&#039; - comparing &lt;![CDATA[http://test.film4.com/reviews/1961/ladies-man-the]]&gt; 
at /page-map[1]/sections[1]/page-section[1]/areas[1]/area[3]/modules[1]/module[1]/webElementSetComponentBeans[1]/element-group[3]/links[1]/link[2]/href[1]/text()[1] to &lt;![CDATA[http://test.film4.com/reviews/1924/strike]]&gt; 
at /page-map[1]/sections[1]/page-section[1]/areas[1]/area[3]/modules[1]/module[1]/webElementSetComponentBeans[1]/element-group[3]/links[1]/link[2]/href[1]/text()[1]
***********************

Module:[FL01-default]***********************
Expected CDATA section value &#039;http://test.film4.com/reviews/1961/ladies-man-the&#039; 
but was &#039;http://test.film4.com/reviews/1924/strike&#039; - comparing &lt;![CDATA[http://test.film4.com/reviews/1961/ladies-man-the]]&gt; 
at /page-map[1]/sections[1]/page-section[1]/areas[1]/area[3]/modules[1]/module[1]/webElementSetComponentBeans[1]/element-group[3]/imageLinks[1]/picture-link[1]/href[1]/text()[1] to &lt;![CDATA[http://test.film4.com/reviews/1924/strike]]&gt; 
at /page-map[1]/sections[1]/page-section[1]/areas[1]/area[3]/modules[1]/module[1]/webElementSetComponentBeans[1]/element-group[3]/imageLinks[1]/picture-link[1]/href[1]/text()[1]
***********************

Module:[FL01-default]***********************
Expected CDATA section value &#039;http://test.film4.com/media/images/Film4/film4-default-image_MED.jpg&#039; 
but was &#039;http://test.film4.com/media/images/Channel4/film/S/strike_eisenstein_xl_01--film-A_MED.jpg&#039; - comparing &lt;![CDATA[http://test.film4.com/media/images/Film4/film4-default-image_MED.jpg]]&gt; 
at /page-map[1]/sections[1]/page-section[1]/areas[1]/area[3]/modules[1]/module[1]/webElementSetComponentBeans[1]/element-group[3]/imageLinks[1]/picture-link[1]/src[1]/text()[1] to &lt;![CDATA[http://test.film4.com/media/images/Channel4/film/S/strike_eisenstein_xl_01--film-A_MED.jpg]]&gt; 
at /page-map[1]/sections[1]/page-section[1]/areas[1]/area[3]/modules[1]/module[1]/webElementSetComponentBeans[1]/element-group[3]/imageLinks[1]/picture-link[1]/src[1]/text()[1]
***********************

Module:[FL01-default]***********************
Expected text value &#039;178&#039; 
but was &#039;179&#039; - comparing &lt;width ...&gt;178&lt;/width&gt; 
at /page-map[1]/sections[1]/page-section[1]/areas[1]/area[3]/modules[1]/module[1]/webElementSetComponentBeans[1]/element-group[3]/imageLinks[1]/picture-link[1]/width[1]/text()[1] to &lt;width ...&gt;179&lt;/width&gt; 
at /page-map[1]/sections[1]/page-section[1]/areas[1]/area[3]/modules[1]/module[1]/webElementSetComponentBeans[1]/element-group[3]/imageLinks[1]/picture-link[1]/width[1]/text()[1]
***********************

Module:[FL01-default]***********************
Expected text value &#039;100&#039; 
but was &#039;52&#039; - comparing &lt;height ...&gt;100&lt;/height&gt; 
at /page-map[1]/sections[1]/page-section[1]/areas[1]/area[3]/modules[1]/module[1]/webElementSetComponentBeans[1]/element-group[3]/imageLinks[1]/picture-link[1]/height[1]/text()[1] to &lt;height ...&gt;52&lt;/height&gt; 
at /page-map[1]/sections[1]/page-section[1]/areas[1]/area[3]/modules[1]/module[1]/webElementSetComponentBeans[1]/element-group[3]/imageLinks[1]/picture-link[1]/height[1]/text()[1]
***********************

Module:[FL01-default]***********************
Expected CDATA section value &#039;synopsis&#039; 
but was &#039;The workers revolt against their despicable bourgeois masters. A virtuoso...&#039; - comparing &lt;![CDATA[synopsis]]&gt; 
at /page-map[1]/sections[1]/page-section[1]/areas[1]/area[3]/modules[1]/module[1]/webElementSetComponentBeans[1]/element-group[3]/textBlocks[1]/text-block[1]/text[1]/text()[1] to &lt;![CDATA[The workers revolt against their despicable bourgeois masters. A virtuoso...]]&gt; 
at /page-map[1]/sections[1]/page-section[1]/areas[1]/area[3]/modules[1]/module[1]/webElementSetComponentBeans[1]/element-group[3]/textBlocks[1]/text-block[1]/text[1]/text()[1]
***********************

Module:[FL01-default]***********************
Expected CDATA section value &#039;Ladies&#039; Man, The&#039; 
but was &#039;Strike&#039; - comparing &lt;![CDATA[Ladies&#039; Man, The]]&gt; 
at /page-map[1]/sections[1]/page-section[1]/areas[1]/area[3]/modules[1]/module[1]/webElementSetComponentBeans[1]/element-group[3]/textBlocks[1]/text-block[2]/text[1]/text()[1] to &lt;![CDATA[Strike]]&gt; 
at /page-map[1]/sections[1]/page-section[1]/areas[1]/area[3]/modules[1]/module[1]/webElementSetComponentBeans[1]/element-group[3]/textBlocks[1]/text-block[2]/text[1]/text()[1]
***********************

Module:[FL01-default]***********************
Expected CDATA section value &#039;http://test.film4.com/reviews/2012/prometheus#&#039; 
but was &#039;http://test.film4.com/reviews/2012/prometheus?ad3#&#039; - comparing &lt;![CDATA[http://test.film4.com/reviews/2012/prometheus#]]&gt; 
at /page-map[1]/sections[1]/page-section[1]/areas[1]/area[3]/modules[1]/module[1]/webElementSetComponentBeans[1]/element-group[4]/links[1]/link[1]/href[1]/text()[1] to &lt;![CDATA[http://test.film4.com/reviews/2012/prometheus?ad3#]]&gt; 
at /page-map[1]/sections[1]/page-section[1]/areas[1]/area[3]/modules[1]/module[1]/webElementSetComponentBeans[1]/element-group[4]/links[1]/link[1]/href[1]/text()[1]
***********************

Module:[FL01-default]***********************
Expected CDATA section value &#039;The Business&#039; 
but was &#039;Little Shop Of Horrors&#039; - comparing &lt;![CDATA[The Business]]&gt; 
at /page-map[1]/sections[1]/page-section[1]/areas[1]/area[3]/modules[1]/module[1]/webElementSetComponentBeans[1]/element-group[4]/links[1]/link[2]/linkText[1]/text()[1] to &lt;![CDATA[Little Shop Of Horrors]]&gt; 
at /page-map[1]/sections[1]/page-section[1]/areas[1]/area[3]/modules[1]/module[1]/webElementSetComponentBeans[1]/element-group[4]/links[1]/link[2]/linkText[1]/text()[1]
***********************

Module:[FL01-default]***********************
Expected CDATA section value &#039;http://test.film4.com/reviews/2005/the-business&#039; 
but was &#039;http://test.film4.com/reviews/1986/little-shop-of-horrors&#039; - comparing &lt;![CDATA[http://test.film4.com/reviews/2005/the-business]]&gt; 
at /page-map[1]/sections[1]/page-section[1]/areas[1]/area[3]/modules[1]/module[1]/webElementSetComponentBeans[1]/element-group[4]/links[1]/link[2]/href[1]/text()[1] to &lt;![CDATA[http://test.film4.com/reviews/1986/little-shop-of-horrors]]&gt; 
at /page-map[1]/sections[1]/page-section[1]/areas[1]/area[3]/modules[1]/module[1]/webElementSetComponentBeans[1]/element-group[4]/links[1]/link[2]/href[1]/text()[1]
***********************

Module:[FL01-default]***********************
Expected CDATA section value &#039;http://test.film4.com/reviews/2005/the-business&#039; 
but was &#039;http://test.film4.com/reviews/1986/little-shop-of-horrors&#039; - comparing &lt;![CDATA[http://test.film4.com/reviews/2005/the-business]]&gt; 
at /page-map[1]/sections[1]/page-section[1]/areas[1]/area[3]/modules[1]/module[1]/webElementSetComponentBeans[1]/element-group[4]/imageLinks[1]/picture-link[1]/href[1]/text()[1] to &lt;![CDATA[http://test.film4.com/reviews/1986/little-shop-of-horrors]]&gt; 
at /page-map[1]/sections[1]/page-section[1]/areas[1]/area[3]/modules[1]/module[1]/webElementSetComponentBeans[1]/element-group[4]/imageLinks[1]/picture-link[1]/href[1]/text()[1]
***********************

Module:[FL01-default]***********************
Expected CDATA section value &#039;http://test.film4.com/media/images/Channel4/Film4/2000s/B/the-business_MED.jpg&#039; 
but was &#039;http://test.film4.com/media/images/Channel4/film/L/little_shop_of_horrors_1960_xl_01--film-A_MED.jpg&#039; - comparing &lt;![CDATA[http://test.film4.com/media/images/Channel4/Film4/2000s/B/the-business_MED.jpg]]&gt; 
at /page-map[1]/sections[1]/page-section[1]/areas[1]/area[3]/modules[1]/module[1]/webElementSetComponentBeans[1]/element-group[4]/imageLinks[1]/picture-link[1]/src[1]/text()[1] to &lt;![CDATA[http://test.film4.com/media/images/Channel4/film/L/little_shop_of_horrors_1960_xl_01--film-A_MED.jpg]]&gt; 
at /page-map[1]/sections[1]/page-section[1]/areas[1]/area[3]/modules[1]/module[1]/webElementSetComponentBeans[1]/element-group[4]/imageLinks[1]/picture-link[1]/src[1]/text()[1]
***********************

Module:[FL01-default]***********************
Expected text value &#039;100&#039; 
but was &#039;52&#039; - comparing &lt;height ...&gt;100&lt;/height&gt; 
at /page-map[1]/sections[1]/page-section[1]/areas[1]/area[3]/modules[1]/module[1]/webElementSetComponentBeans[1]/element-group[4]/imageLinks[1]/picture-link[1]/height[1]/text()[1] to &lt;height ...&gt;52&lt;/height&gt; 
at /page-map[1]/sections[1]/page-section[1]/areas[1]/area[3]/modules[1]/module[1]/webElementSetComponentBeans[1]/element-group[4]/imageLinks[1]/picture-link[1]/height[1]/text()[1]
***********************

Module:[FL01-default]***********************
Expected CDATA section value &#039;A young London tearaway gets embroiled with British gangsters on the Costa...&#039; 
but was &#039;Frank Oz&#039;s freaky, off-beat doo-wop musical about a lovesick florist and...&#039; - comparing &lt;![CDATA[A young London tearaway gets embroiled with British gangsters on the Costa...]]&gt; 
at /page-map[1]/sections[1]/page-section[1]/areas[1]/area[3]/modules[1]/module[1]/webElementSetComponentBeans[1]/element-group[4]/textBlocks[1]/text-block[1]/text[1]/text()[1] to &lt;![CDATA[Frank Oz&#039;s freaky, off-beat doo-wop musical about a lovesick florist and...]]&gt; 
at /page-map[1]/sections[1]/page-section[1]/areas[1]/area[3]/modules[1]/module[1]/webElementSetComponentBeans[1]/element-group[4]/textBlocks[1]/text-block[1]/text[1]/text()[1]
***********************

Module:[FL01-default]***********************
Expected CDATA section value &#039;The Business&#039; 
but was &#039;Little Shop Of Horrors&#039; - comparing &lt;![CDATA[The Business]]&gt; 
at /page-map[1]/sections[1]/page-section[1]/areas[1]/area[3]/modules[1]/module[1]/webElementSetComponentBeans[1]/element-group[4]/textBlocks[1]/text-block[2]/text[1]/text()[1] to &lt;![CDATA[Little Shop Of Horrors]]&gt; 
at /page-map[1]/sections[1]/page-section[1]/areas[1]/area[3]/modules[1]/module[1]/webElementSetComponentBeans[1]/element-group[4]/textBlocks[1]/text-block[2]/text[1]/text()[1]
***********************

Module:[FL01-default]***********************
Expected CDATA section value &#039;http://test.film4.com/reviews/2012/prometheus#&#039; 
but was &#039;http://test.film4.com/reviews/2012/prometheus?ad3#&#039; - comparing &lt;![CDATA[http://test.film4.com/reviews/2012/prometheus#]]&gt; 
at /page-map[1]/sections[1]/page-section[1]/areas[1]/area[3]/modules[1]/module[1]/webElementSetComponentBeans[1]/element-group[5]/links[1]/link[1]/href[1]/text()[1] to &lt;![CDATA[http://test.film4.com/reviews/2012/prometheus?ad3#]]&gt; 
at /page-map[1]/sections[1]/page-section[1]/areas[1]/area[3]/modules[1]/module[1]/webElementSetComponentBeans[1]/element-group[5]/links[1]/link[1]/href[1]/text()[1]
***********************

Module:[FL01-default]***********************
Expected CDATA section value &#039;Treasure Planet&#039; 
but was &#039;At the Earth&#039;s Core&#039; - comparing &lt;![CDATA[Treasure Planet]]&gt; 
at /page-map[1]/sections[1]/page-section[1]/areas[1]/area[3]/modules[1]/module[1]/webElementSetComponentBeans[1]/element-group[5]/links[1]/link[2]/linkText[1]/text()[1] to &lt;![CDATA[At the Earth&#039;s Core]]&gt; 
at /page-map[1]/sections[1]/page-section[1]/areas[1]/area[3]/modules[1]/module[1]/webElementSetComponentBeans[1]/element-group[5]/links[1]/link[2]/linkText[1]/text()[1]
***********************

Module:[FL01-default]***********************
Expected CDATA section value &#039;http://test.film4.com/reviews/2002/treasure-planet&#039; 
but was &#039;http://test.film4.com/reviews/1976/at-the-earths-core&#039; - comparing &lt;![CDATA[http://test.film4.com/reviews/2002/treasure-planet]]&gt; 
at /page-map[1]/sections[1]/page-section[1]/areas[1]/area[3]/modules[1]/module[1]/webElementSetComponentBeans[1]/element-group[5]/links[1]/link[2]/href[1]/text()[1] to &lt;![CDATA[http://test.film4.com/reviews/1976/at-the-earths-core]]&gt; 
at /page-map[1]/sections[1]/page-section[1]/areas[1]/area[3]/modules[1]/module[1]/webElementSetComponentBeans[1]/element-group[5]/links[1]/link[2]/href[1]/text()[1]
***********************

Module:[FL01-default]***********************
Expected CDATA section value &#039;http://test.film4.com/reviews/2002/treasure-planet&#039; 
but was &#039;http://test.film4.com/reviews/1976/at-the-earths-core&#039; - comparing &lt;![CDATA[http://test.film4.com/reviews/2002/treasure-planet]]&gt; 
at /page-map[1]/sections[1]/page-section[1]/areas[1]/area[3]/modules[1]/module[1]/webElementSetComponentBeans[1]/element-group[5]/imageLinks[1]/picture-link[1]/href[1]/text()[1] to &lt;![CDATA[http://test.film4.com/reviews/1976/at-the-earths-core]]&gt; 
at /page-map[1]/sections[1]/page-section[1]/areas[1]/area[3]/modules[1]/module[1]/webElementSetComponentBeans[1]/element-group[5]/imageLinks[1]/picture-link[1]/href[1]/text()[1]
***********************

Module:[FL01-default]***********************
Expected CDATA section value &#039;http://test.film4.com/media/images/Film4/images/film/treasure-planet-2003/treasure-planet-2003-01_MED.jpg&#039; 
but was &#039;http://test.film4.com/media/images/Film4/images/A/at-the-earths-core-1976-01_MED.jpg&#039; - comparing &lt;![CDATA[http://test.film4.com/media/images/Film4/images/film/treasure-planet-2003/treasure-planet-2003-01_MED.jpg]]&gt; 
at /page-map[1]/sections[1]/page-section[1]/areas[1]/area[3]/modules[1]/module[1]/webElementSetComponentBeans[1]/element-group[5]/imageLinks[1]/picture-link[1]/src[1]/text()[1] to &lt;![CDATA[http://test.film4.com/media/images/Film4/images/A/at-the-earths-core-1976-01_MED.jpg]]&gt; 
at /page-map[1]/sections[1]/page-section[1]/areas[1]/area[3]/modules[1]/module[1]/webElementSetComponentBeans[1]/element-group[5]/imageLinks[1]/picture-link[1]/src[1]/text()[1]
***********************

Module:[FL01-default]***********************
Expected text value &#039;101&#039; 
but was &#039;76&#039; - comparing &lt;height ...&gt;101&lt;/height&gt; 
at /page-map[1]/sections[1]/page-section[1]/areas[1]/area[3]/modules[1]/module[1]/webElementSetComponentBeans[1]/element-group[5]/imageLinks[1]/picture-link[1]/height[1]/text()[1] to &lt;height ...&gt;76&lt;/height&gt; 
at /page-map[1]/sections[1]/page-section[1]/areas[1]/area[3]/modules[1]/module[1]/webElementSetComponentBeans[1]/element-group[5]/imageLinks[1]/picture-link[1]/height[1]/text()[1]
***********************

Module:[FL01-default]***********************
Expected CDATA section value &#039;Disney reworks Robert Louis Stevenson&#039;s Treasure Island as an intergalactic...&#039; 
but was &#039;Sequel to The Land that Time Forgot, this has Cushing travel to the centre...&#039; - comparing &lt;![CDATA[Disney reworks Robert Louis Stevenson&#039;s Treasure Island as an intergalactic...]]&gt; 
at /page-map[1]/sections[1]/page-section[1]/areas[1]/area[3]/modules[1]/module[1]/webElementSetComponentBeans[1]/element-group[5]/textBlocks[1]/text-block[1]/text[1]/text()[1] to &lt;![CDATA[Sequel to The Land that Time Forgot, this has Cushing travel to the centre...]]&gt; 
at /page-map[1]/sections[1]/page-section[1]/areas[1]/area[3]/modules[1]/module[1]/webElementSetComponentBeans[1]/element-group[5]/textBlocks[1]/text-block[1]/text[1]/text()[1]
***********************

Module:[FL01-default]***********************
Expected CDATA section value &#039;Treasure Planet&#039; 
but was &#039;At the Earth&#039;s Core&#039; - comparing &lt;![CDATA[Treasure Planet]]&gt; 
at /page-map[1]/sections[1]/page-section[1]/areas[1]/area[3]/modules[1]/module[1]/webElementSetComponentBeans[1]/element-group[5]/textBlocks[1]/text-block[2]/text[1]/text()[1] to &lt;![CDATA[At the Earth&#039;s Core]]&gt; 
at /page-map[1]/sections[1]/page-section[1]/areas[1]/area[3]/modules[1]/module[1]/webElementSetComponentBeans[1]/element-group[5]/textBlocks[1]/text-block[2]/text[1]/text()[1]
***********************

Module:[FL01-default]***********************
Expected CDATA section value &#039;http://test.film4.com/reviews/2012/prometheus#&#039; 
but was &#039;http://test.film4.com/reviews/2012/prometheus?ad3#&#039; - comparing &lt;![CDATA[http://test.film4.com/reviews/2012/prometheus#]]&gt; 
at /page-map[1]/sections[1]/page-section[1]/areas[1]/area[3]/modules[1]/module[1]/webElementSetComponentBeans[1]/element-group[6]/links[1]/link[1]/href[1]/text()[1] to &lt;![CDATA[http://test.film4.com/reviews/2012/prometheus?ad3#]]&gt; 
at /page-map[1]/sections[1]/page-section[1]/areas[1]/area[3]/modules[1]/module[1]/webElementSetComponentBeans[1]/element-group[6]/links[1]/link[1]/href[1]/text()[1]
***********************

Module:[FL01-default]***********************
Expected CDATA section value &#039;Creeping Flesh, The&#039; 
but was &#039;Simone&#039; - comparing &lt;![CDATA[Creeping Flesh, The]]&gt; 
at /page-map[1]/sections[1]/page-section[1]/areas[1]/area[3]/modules[1]/module[1]/webElementSetComponentBeans[1]/element-group[6]/links[1]/link[2]/linkText[1]/text()[1] to &lt;![CDATA[Simone]]&gt; 
at /page-map[1]/sections[1]/page-section[1]/areas[1]/area[3]/modules[1]/module[1]/webElementSetComponentBeans[1]/element-group[6]/links[1]/link[2]/linkText[1]/text()[1]
***********************

Module:[FL01-default]***********************
Expected CDATA section value &#039;http://test.film4.com/reviews/1973/creeping-flesh-the&#039; 
but was &#039;http://test.film4.com/reviews/2002/simone&#039; - comparing &lt;![CDATA[http://test.film4.com/reviews/1973/creeping-flesh-the]]&gt; 
at /page-map[1]/sections[1]/page-section[1]/areas[1]/area[3]/modules[1]/module[1]/webElementSetComponentBeans[1]/element-group[6]/links[1]/link[2]/href[1]/text()[1] to &lt;![CDATA[http://test.film4.com/reviews/2002/simone]]&gt; 
at /page-map[1]/sections[1]/page-section[1]/areas[1]/area[3]/modules[1]/module[1]/webElementSetComponentBeans[1]/element-group[6]/links[1]/link[2]/href[1]/text()[1]
***********************

Module:[FL01-default]***********************
Expected CDATA section value &#039;http://test.film4.com/reviews/1973/creeping-flesh-the&#039; 
but was &#039;http://test.film4.com/reviews/2002/simone&#039; - comparing &lt;![CDATA[http://test.film4.com/reviews/1973/creeping-flesh-the]]&gt; 
at /page-map[1]/sections[1]/page-section[1]/areas[1]/area[3]/modules[1]/module[1]/webElementSetComponentBeans[1]/element-group[6]/imageLinks[1]/picture-link[1]/href[1]/text()[1] to &lt;![CDATA[http://test.film4.com/reviews/2002/simone]]&gt; 
at /page-map[1]/sections[1]/page-section[1]/areas[1]/area[3]/modules[1]/module[1]/webElementSetComponentBeans[1]/element-group[6]/imageLinks[1]/picture-link[1]/href[1]/text()[1]
***********************

Module:[FL01-default]***********************
Expected CDATA section value &#039;http://test.film4.com/media/images/Film4/film4-default-image_MED.jpg&#039; 
but was &#039;http://test.film4.com/media/images/Film4/images/film/simone-2002/simone-2002-01_MED.jpg&#039; - comparing &lt;![CDATA[http://test.film4.com/media/images/Film4/film4-default-image_MED.jpg]]&gt; 
at /page-map[1]/sections[1]/page-section[1]/areas[1]/area[3]/modules[1]/module[1]/webElementSetComponentBeans[1]/element-group[6]/imageLinks[1]/picture-link[1]/src[1]/text()[1] to &lt;![CDATA[http://test.film4.com/media/images/Film4/images/film/simone-2002/simone-2002-01_MED.jpg]]&gt; 
at /page-map[1]/sections[1]/page-section[1]/areas[1]/area[3]/modules[1]/module[1]/webElementSetComponentBeans[1]/element-group[6]/imageLinks[1]/picture-link[1]/src[1]/text()[1]
***********************

Module:[FL01-default]***********************
Expected text value &#039;178&#039; 
but was &#039;179&#039; - comparing &lt;width ...&gt;178&lt;/width&gt; 
at /page-map[1]/sections[1]/page-section[1]/areas[1]/area[3]/modules[1]/module[1]/webElementSetComponentBeans[1]/element-group[6]/imageLinks[1]/picture-link[1]/width[1]/text()[1] to &lt;width ...&gt;179&lt;/width&gt; 
at /page-map[1]/sections[1]/page-section[1]/areas[1]/area[3]/modules[1]/module[1]/webElementSetComponentBeans[1]/element-group[6]/imageLinks[1]/picture-link[1]/width[1]/text()[1]
***********************

Module:[FL01-default]***********************
Expected text value &#039;100&#039; 
but was &#039;101&#039; - comparing &lt;height ...&gt;100&lt;/height&gt; 
at /page-map[1]/sections[1]/page-section[1]/areas[1]/area[3]/modules[1]/module[1]/webElementSetComponentBeans[1]/element-group[6]/imageLinks[1]/picture-link[1]/height[1]/text()[1] to &lt;height ...&gt;101&lt;/height&gt; 
at /page-map[1]/sections[1]/page-section[1]/areas[1]/area[3]/modules[1]/module[1]/webElementSetComponentBeans[1]/element-group[6]/imageLinks[1]/picture-link[1]/height[1]/text()[1]
***********************

Module:[FL01-default]***********************
Expected CDATA section value &#039;synopsis&#039; 
but was &#039;Washed-up Hollywood director Al Pacino sets out to fool the world with a...&#039; - comparing &lt;![CDATA[synopsis]]&gt; 
at /page-map[1]/sections[1]/page-section[1]/areas[1]/area[3]/modules[1]/module[1]/webElementSetComponentBeans[1]/element-group[6]/textBlocks[1]/text-block[1]/text[1]/text()[1] to &lt;![CDATA[Washed-up Hollywood director Al Pacino sets out to fool the world with a...]]&gt; 
at /page-map[1]/sections[1]/page-section[1]/areas[1]/area[3]/modules[1]/module[1]/webElementSetComponentBeans[1]/element-group[6]/textBlocks[1]/text-block[1]/text[1]/text()[1]
***********************

Module:[FL01-default]***********************
Expected CDATA section value &#039;Creeping Flesh, The&#039; 
but was &#039;Simone&#039; - comparing &lt;![CDATA[Creeping Flesh, The]]&gt; 
at /page-map[1]/sections[1]/page-section[1]/areas[1]/area[3]/modules[1]/module[1]/webElementSetComponentBeans[1]/element-group[6]/textBlocks[1]/text-block[2]/text[1]/text()[1] to &lt;![CDATA[Simone]]&gt; 
at /page-map[1]/sections[1]/page-section[1]/areas[1]/area[3]/modules[1]/module[1]/webElementSetComponentBeans[1]/element-group[6]/textBlocks[1]/text-block[2]/text[1]/text()[1]
***********************

Module:[SN02]***********************
Expected CDATA section value &#039;http://test.film4.com/reviews/2012/prometheus#&#039; 
but was &#039;http://test.film4.com/reviews/2012/prometheus?ad3#&#039; - comparing &lt;![CDATA[http://test.film4.com/reviews/2012/prometheus#]]&gt; 
at /page-map[1]/sections[1]/page-section[2]/areas[1]/area[1]/modules[1]/module[4]/webElementSetComponentBeans[1]/element-group[1]/imageLinks[1]/picture-link[1]/href[1]/text()[1] to &lt;![CDATA[http://test.film4.com/reviews/2012/prometheus?ad3#]]&gt; 
at /page-map[1]/sections[1]/page-section[2]/areas[1]/area[1]/modules[1]/module[4]/webElementSetComponentBeans[1]/element-group[1]/imageLinks[1]/picture-link[1]/href[1]/text()[1]
***********************

Module:[SN02]***********************
Expected CDATA section value &#039;http://test.film4.com/reviews/2012/prometheus#&#039; 
but was &#039;http://test.film4.com/reviews/2012/prometheus?ad3#&#039; - comparing &lt;![CDATA[http://test.film4.com/reviews/2012/prometheus#]]&gt; 
at /page-map[1]/sections[1]/page-section[2]/areas[1]/area[1]/modules[1]/module[4]/webElementSetComponentBeans[1]/element-group[1]/imageLinks[1]/picture-link[2]/href[1]/text()[1] to &lt;![CDATA[http://test.film4.com/reviews/2012/prometheus?ad3#]]&gt; 
at /page-map[1]/sections[1]/page-section[2]/areas[1]/area[1]/modules[1]/module[4]/webElementSetComponentBeans[1]/element-group[1]/imageLinks[1]/picture-link[2]/href[1]/text()[1]
***********************

Module:[SN02]***********************
Expected CDATA section value &#039;http://test.film4.com/reviews/2012/prometheus#&#039; 
but was &#039;http://test.film4.com/reviews/2012/prometheus?ad3#&#039; - comparing &lt;![CDATA[http://test.film4.com/reviews/2012/prometheus#]]&gt; 
at /page-map[1]/sections[1]/page-section[2]/areas[1]/area[1]/modules[1]/module[4]/webElementSetComponentBeans[1]/element-group[1]/imageLinks[1]/picture-link[3]/href[1]/text()[1] to &lt;![CDATA[http://test.film4.com/reviews/2012/prometheus?ad3#]]&gt; 
at /page-map[1]/sections[1]/page-section[2]/areas[1]/area[1]/modules[1]/module[4]/webElementSetComponentBeans[1]/element-group[1]/imageLinks[1]/picture-link[3]/href[1]/text()[1]
***********************

Module:[SN02]***********************
Expected CDATA section value &#039;http://test.film4.com/reviews/2012/prometheus#&#039; 
but was &#039;http://test.film4.com/reviews/2012/prometheus?ad3#&#039; - comparing &lt;![CDATA[http://test.film4.com/reviews/2012/prometheus#]]&gt; 
at /page-map[1]/sections[1]/page-section[2]/areas[1]/area[1]/modules[1]/module[4]/webElementSetComponentBeans[1]/element-group[1]/imageLinks[1]/picture-link[4]/href[1]/text()[1] to &lt;![CDATA[http://test.film4.com/reviews/2012/prometheus?ad3#]]&gt; 
at /page-map[1]/sections[1]/page-section[2]/areas[1]/area[1]/modules[1]/module[4]/webElementSetComponentBeans[1]/element-group[1]/imageLinks[1]/picture-link[4]/href[1]/text()[1]
***********************
">
        <![CDATA[java.lang.AssertionError:
Module:[AV07]***********************
Expected CDATA section value 'http://test.film4.com/reviews/2012/prometheus#' 
but was 'http://test.film4.com/reviews/2012/prometheus?ad3#' - comparing <![CDATA[http://test.film4.com/reviews/2012/prometheus#]]]]>
        <![CDATA[>
at /page-map[1]/sections[1]/page-section[1]/areas[1]/area[1]/modules[1]/module[1]/elementGroups[1]/element-group[1]/links[1]/link[1]/href[1]/text()[1] to <![CDATA[http://test.film4.com/reviews/2012/prometheus?ad3#]]]]>
        <![CDATA[>
at /page-map[1]/sections[1]/page-section[1]/areas[1]/area[1]/modules[1]/module[1]/elementGroups[1]/element-group[1]/links[1]/link[1]/href[1]/text()[1]
***********************

Module:[AT06]***********************
Expected CDATA section value 'http://test.film4.com/reviews/2012/prometheus#tab0' 
but was 'http://test.film4.com/reviews/2012/prometheus?ad3#tab0' - comparing <![CDATA[http://test.film4.com/reviews/2012/prometheus#tab0]]]]>
        <![CDATA[>
at /page-map[1]/sections[1]/page-section[1]/areas[1]/area[1]/modules[1]/module[3]/webElementSetComponentBeans[1]/element-group[1]/links[1]/link[1]/href[1]/text()[1] to <![CDATA[http://test.film4.com/reviews/2012/prometheus?ad3#tab0]]]]>
        <![CDATA[>
at /page-map[1]/sections[1]/page-section[1]/areas[1]/area[1]/modules[1]/module[3]/webElementSetComponentBeans[1]/element-group[1]/links[1]/link[1]/href[1]/text()[1]
***********************

Module:[AT06]***********************
Expected CDATA section value 'http://test.film4.com/reviews/2012/prometheus#cast' 
but was 'http://test.film4.com/reviews/2012/prometheus?ad3#cast' - comparing <![CDATA[http://test.film4.com/reviews/2012/prometheus#cast]]]]>
        <![CDATA[>
at /page-map[1]/sections[1]/page-section[1]/areas[1]/area[1]/modules[1]/module[3]/webElementSetComponentBeans[1]/element-group[1]/links[1]/link[2]/href[1]/text()[1] to <![CDATA[http://test.film4.com/reviews/2012/prometheus?ad3#cast]]]]>
        <![CDATA[>
at /page-map[1]/sections[1]/page-section[1]/areas[1]/area[1]/modules[1]/module[3]/webElementSetComponentBeans[1]/element-group[1]/links[1]/link[2]/href[1]/text()[1]
***********************

Module:[AV07]***********************
Expected CDATA section value 'http://test.film4.com/media/images/Channel4/film/2012/charlize-theron-idris-elba-prometheus-movie-image_MED.jpg' 
but was 'http://test.film4.com/media/images/Channel4/film/2012/charlize-theron-idris-elba-prometheus-movie-image_LRG.jpg' - comparing <![CDATA[http://test.film4.com/media/images/Channel4/film/2012/charlize-theron-idris-elba-prometheus-movie-image_MED.jpg]]]]>
        <![CDATA[>
at /page-map[1]/sections[1]/page-section[1]/areas[1]/area[2]/modules[1]/module[1]/elementGroups[1]/element-group[2]/images[1]/picture[1]/src[1]/text()[1] to <![CDATA[http://test.film4.com/media/images/Channel4/film/2012/charlize-theron-idris-elba-prometheus-movie-image_LRG.jpg]]]]>
        <![CDATA[>
at /page-map[1]/sections[1]/page-section[1]/areas[1]/area[2]/modules[1]/module[1]/elementGroups[1]/element-group[2]/images[1]/picture[1]/src[1]/text()[1]
***********************

Module:[GA20]***********************
Expected CDATA section value 'http://test.film4.com/media/images/Channel4/film/2012/Prometheus_movie_05_MED.jpg' 
but was 'http://test.film4.com/media/images/Channel4/film/2012/Prometheus_movie_05_LRG.jpg' - comparing <![CDATA[http://test.film4.com/media/images/Channel4/film/2012/Prometheus_movie_05_MED.jpg]]]]>
        <![CDATA[>
at /page-map[1]/sections[1]/page-section[1]/areas[1]/area[2]/modules[1]/module[2]/elementGroups[1]/element-group[2]/images[1]/picture[1]/src[1]/text()[1] to <![CDATA[http://test.film4.com/media/images/Channel4/film/2012/Prometheus_movie_05_LRG.jpg]]]]>
        <![CDATA[>
at /page-map[1]/sections[1]/page-section[1]/areas[1]/area[2]/modules[1]/module[2]/elementGroups[1]/element-group[2]/images[1]/picture[1]/src[1]/text()[1]
***********************

Module:[GA20]***********************
Expected CDATA section value 'http://test.film4.com/media/images/Channel4/film/2012/Prometheus_movie_05_SML.jpg' 
but was 'http://test.film4.com/media/images/Channel4/film/2012/Prometheus_movie_05_LRG.jpg' - comparing <![CDATA[http://test.film4.com/media/images/Channel4/film/2012/Prometheus_movie_05_SML.jpg]]]]>
        <![CDATA[>
at /page-map[1]/sections[1]/page-section[1]/areas[1]/area[2]/modules[1]/module[2]/elementGroups[1]/element-group[3]/images[1]/picture[1]/src[1]/text()[1] to <![CDATA[http://test.film4.com/media/images/Channel4/film/2012/Prometheus_movie_05_LRG.jpg]]]]>
        <![CDATA[>
at /page-map[1]/sections[1]/page-section[1]/areas[1]/area[2]/modules[1]/module[2]/elementGroups[1]/element-group[3]/images[1]/picture[1]/src[1]/text()[1]
***********************

Module:[GA20]***********************
Expected text value '200' 
but was '1024' - comparing <width ...>200</width> 
at /page-map[1]/sections[1]/page-section[1]/areas[1]/area[2]/modules[1]/module[2]/elementGroups[1]/element-group[3]/images[1]/picture[1]/width[1]/text()[1] to <width ...>1024</width> 
at /page-map[1]/sections[1]/page-section[1]/areas[1]/area[2]/modules[1]/module[2]/elementGroups[1]/element-group[3]/images[1]/picture[1]/width[1]/text()[1]
***********************

Module:[GA20]***********************
Expected text value '133' 
but was '682' - comparing <height ...>133</height> 
at /page-map[1]/sections[1]/page-section[1]/areas[1]/area[2]/modules[1]/module[2]/elementGroups[1]/element-group[3]/images[1]/picture[1]/height[1]/text()[1] to <height ...>682</height> 
at /page-map[1]/sections[1]/page-section[1]/areas[1]/area[2]/modules[1]/module[2]/elementGroups[1]/element-group[3]/images[1]/picture[1]/height[1]/text()[1]
***********************

Module:[GA20]***********************
Expected CDATA section value 'http://test.film4.com/media/images/Channel4/film/2012/charlize-theron-idris-elba-prometheus-movie-image_SML.jpg' 
but was 'http://test.film4.com/media/images/Channel4/film/2012/charlize-theron-idris-elba-prometheus-movie-image_LRG.jpg' - comparing <![CDATA[http://test.film4.com/media/images/Channel4/film/2012/charlize-theron-idris-elba-prometheus-movie-image_SML.jpg]]]]>
        <![CDATA[>
at /page-map[1]/sections[1]/page-section[1]/areas[1]/area[2]/modules[1]/module[2]/elementGroups[1]/element-group[3]/images[1]/picture[2]/src[1]/text()[1] to <![CDATA[http://test.film4.com/media/images/Channel4/film/2012/charlize-theron-idris-elba-prometheus-movie-image_LRG.jpg]]]]>
        <![CDATA[>
at /page-map[1]/sections[1]/page-section[1]/areas[1]/area[2]/modules[1]/module[2]/elementGroups[1]/element-group[3]/images[1]/picture[2]/src[1]/text()[1]
***********************

Module:[GA20]***********************
Expected text value '200' 
but was '1024' - comparing <width ...>200</width> 
at /page-map[1]/sections[1]/page-section[1]/areas[1]/area[2]/modules[1]/module[2]/elementGroups[1]/element-group[3]/images[1]/picture[2]/width[1]/text()[1] to <width ...>1024</width> 
at /page-map[1]/sections[1]/page-section[1]/areas[1]/area[2]/modules[1]/module[2]/elementGroups[1]/element-group[3]/images[1]/picture[2]/width[1]/text()[1]
***********************

Module:[GA20]***********************
Expected text value '133' 
but was '683' - comparing <height ...>133</height> 
at /page-map[1]/sections[1]/page-section[1]/areas[1]/area[2]/modules[1]/module[2]/elementGroups[1]/element-group[3]/images[1]/picture[2]/height[1]/text()[1] to <height ...>683</height> 
at /page-map[1]/sections[1]/page-section[1]/areas[1]/area[2]/modules[1]/module[2]/elementGroups[1]/element-group[3]/images[1]/picture[2]/height[1]/text()[1]
***********************

Module:[GA20]***********************
Expected CDATA section value 'http://test.film4.com/media/images/Channel4/film/2012/Prometheus_movie_05_SML.jpg' 
but was 'http://test.film4.com/media/images/Channel4/film/2012/Prometheus_movie_05_MED.jpg' - comparing <![CDATA[http://test.film4.com/media/images/Channel4/film/2012/Prometheus_movie_05_SML.jpg]]]]>
        <![CDATA[>
at /page-map[1]/sections[1]/page-section[1]/areas[1]/area[2]/modules[1]/module[2]/elementGroups[1]/element-group[3]/imageLinks[1]/picture-link[1]/src[1]/text()[1] to <![CDATA[http://test.film4.com/media/images/Channel4/film/2012/Prometheus_movie_05_MED.jpg]]]]>
        <![CDATA[>
at /page-map[1]/sections[1]/page-section[1]/areas[1]/area[2]/modules[1]/module[2]/elementGroups[1]/element-group[3]/imageLinks[1]/picture-link[1]/src[1]/text()[1]
***********************

Module:[GA20]***********************
Expected text value '200' 
but was '625' - comparing <width ...>200</width> 
at /page-map[1]/sections[1]/page-section[1]/areas[1]/area[2]/modules[1]/module[2]/elementGroups[1]/element-group[3]/imageLinks[1]/picture-link[1]/width[1]/text()[1] to <width ...>625</width> 
at /page-map[1]/sections[1]/page-section[1]/areas[1]/area[2]/modules[1]/module[2]/elementGroups[1]/element-group[3]/imageLinks[1]/picture-link[1]/width[1]/text()[1]
***********************

Module:[GA20]***********************
Expected text value '133' 
but was '416' - comparing <height ...>133</height> 
at /page-map[1]/sections[1]/page-section[1]/areas[1]/area[2]/modules[1]/module[2]/elementGroups[1]/element-group[3]/imageLinks[1]/picture-link[1]/height[1]/text()[1] to <height ...>416</height> 
at /page-map[1]/sections[1]/page-section[1]/areas[1]/area[2]/modules[1]/module[2]/elementGroups[1]/element-group[3]/imageLinks[1]/picture-link[1]/height[1]/text()[1]
***********************

Module:[GA20]***********************
Expected CDATA section value 'http://test.film4.com/media/images/Channel4/film/2012/charlize-theron-idris-elba-prometheus-movie-image_SML.jpg' 
but was 'http://test.film4.com/media/images/Channel4/film/2012/charlize-theron-idris-elba-prometheus-movie-image_MED.jpg' - comparing <![CDATA[http://test.film4.com/media/images/Channel4/film/2012/charlize-theron-idris-elba-prometheus-movie-image_SML.jpg]]]]>
        <![CDATA[>
at /page-map[1]/sections[1]/page-section[1]/areas[1]/area[2]/modules[1]/module[2]/elementGroups[1]/element-group[3]/imageLinks[1]/picture-link[2]/src[1]/text()[1] to <![CDATA[http://test.film4.com/media/images/Channel4/film/2012/charlize-theron-idris-elba-prometheus-movie-image_MED.jpg]]]]>
        <![CDATA[>
at /page-map[1]/sections[1]/page-section[1]/areas[1]/area[2]/modules[1]/module[2]/elementGroups[1]/element-group[3]/imageLinks[1]/picture-link[2]/src[1]/text()[1]
***********************

Module:[GA20]***********************
Expected text value '200' 
but was '625' - comparing <width ...>200</width> 
at /page-map[1]/sections[1]/page-section[1]/areas[1]/area[2]/modules[1]/module[2]/elementGroups[1]/element-group[3]/imageLinks[1]/picture-link[2]/width[1]/text()[1] to <width ...>625</width> 
at /page-map[1]/sections[1]/page-section[1]/areas[1]/area[2]/modules[1]/module[2]/elementGroups[1]/element-group[3]/imageLinks[1]/picture-link[2]/width[1]/text()[1]
***********************

Module:[GA20]***********************
Expected text value '133' 
but was '417' - comparing <height ...>133</height> 
at /page-map[1]/sections[1]/page-section[1]/areas[1]/area[2]/modules[1]/module[2]/elementGroups[1]/element-group[3]/imageLinks[1]/picture-link[2]/height[1]/text()[1] to <height ...>417</height> 
at /page-map[1]/sections[1]/page-section[1]/areas[1]/area[2]/modules[1]/module[2]/elementGroups[1]/element-group[3]/imageLinks[1]/picture-link[2]/height[1]/text()[1]
***********************

Module:[GA20]***********************
Expected CDATA section value 'http://test.film4.com/reviews/2012/prometheus#' 
but was 'http://test.film4.com/reviews/2012/prometheus?ad3#' - comparing <![CDATA[http://test.film4.com/reviews/2012/prometheus#]]]]>
        <![CDATA[>
at /page-map[1]/sections[1]/page-section[1]/areas[1]/area[2]/modules[1]/module[2]/elementGroups[1]/element-group[4]/links[1]/link[1]/href[1]/text()[1] to <![CDATA[http://test.film4.com/reviews/2012/prometheus?ad3#]]]]>
        <![CDATA[>
at /page-map[1]/sections[1]/page-section[1]/areas[1]/area[2]/modules[1]/module[2]/elementGroups[1]/element-group[4]/links[1]/link[1]/href[1]/text()[1]
***********************

Module:[GA20]***********************
Expected CDATA section value 'http://test.film4.com/media/images/Channel4/film/2012/Prometheus_movie_05_SML.jpg' 
but was 'http://test.film4.com/media/images/Channel4/film/2012/Prometheus_movie_05_LRG.jpg' - comparing <![CDATA[http://test.film4.com/media/images/Channel4/film/2012/Prometheus_movie_05_SML.jpg]]]]>
        <![CDATA[>
at /page-map[1]/sections[1]/page-section[1]/areas[1]/area[2]/modules[1]/module[2]/webElementSetComponentBeans[1]/element-group[1]/images[1]/picture[1]/src[1]/text()[1] to <![CDATA[http://test.film4.com/media/images/Channel4/film/2012/Prometheus_movie_05_LRG.jpg]]]]>
        <![CDATA[>
at /page-map[1]/sections[1]/page-section[1]/areas[1]/area[2]/modules[1]/module[2]/webElementSetComponentBeans[1]/element-group[1]/images[1]/picture[1]/src[1]/text()[1]
***********************

Module:[GA20]***********************
Expected text value '200' 
but was '1024' - comparing <width ...>200</width> 
at /page-map[1]/sections[1]/page-section[1]/areas[1]/area[2]/modules[1]/module[2]/webElementSetComponentBeans[1]/element-group[1]/images[1]/picture[1]/width[1]/text()[1] to <width ...>1024</width> 
at /page-map[1]/sections[1]/page-section[1]/areas[1]/area[2]/modules[1]/module[2]/webElementSetComponentBeans[1]/element-group[1]/images[1]/picture[1]/width[1]/text()[1]
***********************

Module:[GA20]***********************
Expected text value '133' 
but was '682' - comparing <height ...>133</height> 
at /page-map[1]/sections[1]/page-section[1]/areas[1]/area[2]/modules[1]/module[2]/webElementSetComponentBeans[1]/element-group[1]/images[1]/picture[1]/height[1]/text()[1] to <height ...>682</height> 
at /page-map[1]/sections[1]/page-section[1]/areas[1]/area[2]/modules[1]/module[2]/webElementSetComponentBeans[1]/element-group[1]/images[1]/picture[1]/height[1]/text()[1]
***********************

Module:[GA20]***********************
Expected CDATA section value 'http://test.film4.com/media/images/Channel4/film/2012/charlize-theron-idris-elba-prometheus-movie-image_SML.jpg' 
but was 'http://test.film4.com/media/images/Channel4/film/2012/charlize-theron-idris-elba-prometheus-movie-image_LRG.jpg' - comparing <![CDATA[http://test.film4.com/media/images/Channel4/film/2012/charlize-theron-idris-elba-prometheus-movie-image_SML.jpg]]]]>
        <![CDATA[>
at /page-map[1]/sections[1]/page-section[1]/areas[1]/area[2]/modules[1]/module[2]/webElementSetComponentBeans[1]/element-group[2]/images[1]/picture[1]/src[1]/text()[1] to <![CDATA[http://test.film4.com/media/images/Channel4/film/2012/charlize-theron-idris-elba-prometheus-movie-image_LRG.jpg]]]]>
        <![CDATA[>
at /page-map[1]/sections[1]/page-section[1]/areas[1]/area[2]/modules[1]/module[2]/webElementSetComponentBeans[1]/element-group[2]/images[1]/picture[1]/src[1]/text()[1]
***********************

Module:[GA20]***********************
Expected text value '200' 
but was '1024' - comparing <width ...>200</width> 
at /page-map[1]/sections[1]/page-section[1]/areas[1]/area[2]/modules[1]/module[2]/webElementSetComponentBeans[1]/element-group[2]/images[1]/picture[1]/width[1]/text()[1] to <width ...>1024</width> 
at /page-map[1]/sections[1]/page-section[1]/areas[1]/area[2]/modules[1]/module[2]/webElementSetComponentBeans[1]/element-group[2]/images[1]/picture[1]/width[1]/text()[1]
***********************

Module:[GA20]***********************
Expected text value '133' 
but was '683' - comparing <height ...>133</height> 
at /page-map[1]/sections[1]/page-section[1]/areas[1]/area[2]/modules[1]/module[2]/webElementSetComponentBeans[1]/element-group[2]/images[1]/picture[1]/height[1]/text()[1] to <height ...>683</height> 
at /page-map[1]/sections[1]/page-section[1]/areas[1]/area[2]/modules[1]/module[2]/webElementSetComponentBeans[1]/element-group[2]/images[1]/picture[1]/height[1]/text()[1]
***********************

Module:[FL01-default]***********************
Expected CDATA section value 'http://test.film4.com/reviews/2012/prometheus#' 
but was 'http://test.film4.com/reviews/2012/prometheus?ad3#' - comparing <![CDATA[http://test.film4.com/reviews/2012/prometheus#]]]]>
        <![CDATA[>
at /page-map[1]/sections[1]/page-section[1]/areas[1]/area[3]/modules[1]/module[1]/webElementSetComponentBeans[1]/element-group[1]/links[1]/link[1]/href[1]/text()[1] to <![CDATA[http://test.film4.com/reviews/2012/prometheus?ad3#]]]]>
        <![CDATA[>
at /page-map[1]/sections[1]/page-section[1]/areas[1]/area[3]/modules[1]/module[1]/webElementSetComponentBeans[1]/element-group[1]/links[1]/link[1]/href[1]/text()[1]
***********************

Module:[FL01-default]***********************
Expected CDATA section value 'Crocodile Dundee II' 
but was 'Chung On Tsous' - comparing <![CDATA[Crocodile Dundee II]]]]><![CDATA[> 
at /page-map[1]/sections[1]/page-section[1]/areas[1]/area[3]/modules[1]/module[1]/webElementSetComponentBeans[1]/element-group[1]/links[1]/link[2]/linkText[1]/text()[1] to <![CDATA[Chung On Tsous]]]]>
        <![CDATA[>
at /page-map[1]/sections[1]/page-section[1]/areas[1]/area[3]/modules[1]/module[1]/webElementSetComponentBeans[1]/element-group[1]/links[1]/link[2]/linkText[1]/text()[1]
***********************

Module:[FL01-default]***********************
Expected CDATA section value 'http://test.film4.com/reviews/1988/crocodile-dundee-ii' 
but was 'http://test.film4.com/reviews/1993/chung-on-tsous' - comparing <![CDATA[http://test.film4.com/reviews/1988/crocodile-dundee-ii]]]]>
        <![CDATA[>
at /page-map[1]/sections[1]/page-section[1]/areas[1]/area[3]/modules[1]/module[1]/webElementSetComponentBeans[1]/element-group[1]/links[1]/link[2]/href[1]/text()[1] to <![CDATA[http://test.film4.com/reviews/1993/chung-on-tsous]]]]>
        <![CDATA[>
at /page-map[1]/sections[1]/page-section[1]/areas[1]/area[3]/modules[1]/module[1]/webElementSetComponentBeans[1]/element-group[1]/links[1]/link[2]/href[1]/text()[1]
***********************

Module:[FL01-default]***********************
Expected CDATA section value 'http://test.film4.com/reviews/1988/crocodile-dundee-ii' 
but was 'http://test.film4.com/reviews/1993/chung-on-tsous' - comparing <![CDATA[http://test.film4.com/reviews/1988/crocodile-dundee-ii]]]]>
        <![CDATA[>
at /page-map[1]/sections[1]/page-section[1]/areas[1]/area[3]/modules[1]/module[1]/webElementSetComponentBeans[1]/element-group[1]/imageLinks[1]/picture-link[1]/href[1]/text()[1] to <![CDATA[http://test.film4.com/reviews/1993/chung-on-tsous]]]]>
        <![CDATA[>
at /page-map[1]/sections[1]/page-section[1]/areas[1]/area[3]/modules[1]/module[1]/webElementSetComponentBeans[1]/element-group[1]/imageLinks[1]/picture-link[1]/href[1]/text()[1]
***********************

Module:[FL01-default]***********************
Expected CDATA section value 'http://test.film4.com/media/images/Film4/images/C/crocodile-dundee-2-1988-01_MED.jpg' 
but was 'http://test.film4.com/media/images/Film4/film4-default-image_MED.jpg' - comparing <![CDATA[http://test.film4.com/media/images/Film4/images/C/crocodile-dundee-2-1988-01_MED.jpg]]]]>
        <![CDATA[>
at /page-map[1]/sections[1]/page-section[1]/areas[1]/area[3]/modules[1]/module[1]/webElementSetComponentBeans[1]/element-group[1]/imageLinks[1]/picture-link[1]/src[1]/text()[1] to <![CDATA[http://test.film4.com/media/images/Film4/film4-default-image_MED.jpg]]]]>
        <![CDATA[>
at /page-map[1]/sections[1]/page-section[1]/areas[1]/area[3]/modules[1]/module[1]/webElementSetComponentBeans[1]/element-group[1]/imageLinks[1]/picture-link[1]/src[1]/text()[1]
***********************

Module:[FL01-default]***********************
Expected text value '179' 
but was '178' - comparing <width ...>179</width> 
at /page-map[1]/sections[1]/page-section[1]/areas[1]/area[3]/modules[1]/module[1]/webElementSetComponentBeans[1]/element-group[1]/imageLinks[1]/picture-link[1]/width[1]/text()[1] to <width ...>178</width> 
at /page-map[1]/sections[1]/page-section[1]/areas[1]/area[3]/modules[1]/module[1]/webElementSetComponentBeans[1]/element-group[1]/imageLinks[1]/picture-link[1]/width[1]/text()[1]
***********************

Module:[FL01-default]***********************
Expected text value '76' 
but was '100' - comparing <height ...>76</height> 
at /page-map[1]/sections[1]/page-section[1]/areas[1]/area[3]/modules[1]/module[1]/webElementSetComponentBeans[1]/element-group[1]/imageLinks[1]/picture-link[1]/height[1]/text()[1] to <height ...>100</height> 
at /page-map[1]/sections[1]/page-section[1]/areas[1]/area[3]/modules[1]/module[1]/webElementSetComponentBeans[1]/element-group[1]/imageLinks[1]/picture-link[1]/height[1]/text()[1]
***********************

Module:[FL01-default]***********************
Expected CDATA section value 'Further adventures of Paul Hogan's Mick 'Crocodile' Dundee, this time...' 
but was 'synopsis' - comparing <![CDATA[Further adventures of Paul Hogan's Mick 'Crocodile' Dundee, this time...]]]]>
        <![CDATA[>
at /page-map[1]/sections[1]/page-section[1]/areas[1]/area[3]/modules[1]/module[1]/webElementSetComponentBeans[1]/element-group[1]/textBlocks[1]/text-block[1]/text[1]/text()[1] to <![CDATA[synopsis]]]]>
        <![CDATA[>
at /page-map[1]/sections[1]/page-section[1]/areas[1]/area[3]/modules[1]/module[1]/webElementSetComponentBeans[1]/element-group[1]/textBlocks[1]/text-block[1]/text[1]/text()[1]
***********************

Module:[FL01-default]***********************
Expected CDATA section value 'Crocodile Dundee II' 
but was 'Chung On Tsous' - comparing <![CDATA[Crocodile Dundee II]]]]><![CDATA[> 
at /page-map[1]/sections[1]/page-section[1]/areas[1]/area[3]/modules[1]/module[1]/webElementSetComponentBeans[1]/element-group[1]/textBlocks[1]/text-block[2]/text[1]/text()[1] to <![CDATA[Chung On Tsous]]]]>
        <![CDATA[>
at /page-map[1]/sections[1]/page-section[1]/areas[1]/area[3]/modules[1]/module[1]/webElementSetComponentBeans[1]/element-group[1]/textBlocks[1]/text-block[2]/text[1]/text()[1]
***********************

Module:[FL01-default]***********************
Expected CDATA section value 'http://test.film4.com/reviews/2012/prometheus#' 
but was 'http://test.film4.com/reviews/2012/prometheus?ad3#' - comparing <![CDATA[http://test.film4.com/reviews/2012/prometheus#]]]]>
        <![CDATA[>
at /page-map[1]/sections[1]/page-section[1]/areas[1]/area[3]/modules[1]/module[1]/webElementSetComponentBeans[1]/element-group[2]/links[1]/link[1]/href[1]/text()[1] to <![CDATA[http://test.film4.com/reviews/2012/prometheus?ad3#]]]]>
        <![CDATA[>
at /page-map[1]/sections[1]/page-section[1]/areas[1]/area[3]/modules[1]/module[1]/webElementSetComponentBeans[1]/element-group[2]/links[1]/link[1]/href[1]/text()[1]
***********************

Module:[FL01-default]***********************
Expected CDATA section value 'Thunderbolt' 
but was 'Universal Soldier' - comparing <![CDATA[Thunderbolt]]]]><![CDATA[> 
at /page-map[1]/sections[1]/page-section[1]/areas[1]/area[3]/modules[1]/module[1]/webElementSetComponentBeans[1]/element-group[2]/links[1]/link[2]/linkText[1]/text()[1] to <![CDATA[Universal Soldier]]]]>
        <![CDATA[>
at /page-map[1]/sections[1]/page-section[1]/areas[1]/area[3]/modules[1]/module[1]/webElementSetComponentBeans[1]/element-group[2]/links[1]/link[2]/linkText[1]/text()[1]
***********************

Module:[FL01-default]***********************
Expected CDATA section value 'http://test.film4.com/reviews/1995/thunderbolt' 
but was 'http://test.film4.com/reviews/1992/universal-soldier' - comparing <![CDATA[http://test.film4.com/reviews/1995/thunderbolt]]]]>
        <![CDATA[>
at /page-map[1]/sections[1]/page-section[1]/areas[1]/area[3]/modules[1]/module[1]/webElementSetComponentBeans[1]/element-group[2]/links[1]/link[2]/href[1]/text()[1] to <![CDATA[http://test.film4.com/reviews/1992/universal-soldier]]]]>
        <![CDATA[>
at /page-map[1]/sections[1]/page-section[1]/areas[1]/area[3]/modules[1]/module[1]/webElementSetComponentBeans[1]/element-group[2]/links[1]/link[2]/href[1]/text()[1]
***********************

Module:[FL01-default]***********************
Expected CDATA section value 'http://test.film4.com/reviews/1995/thunderbolt' 
but was 'http://test.film4.com/reviews/1992/universal-soldier' - comparing <![CDATA[http://test.film4.com/reviews/1995/thunderbolt]]]]>
        <![CDATA[>
at /page-map[1]/sections[1]/page-section[1]/areas[1]/area[3]/modules[1]/module[1]/webElementSetComponentBeans[1]/element-group[2]/imageLinks[1]/picture-link[1]/href[1]/text()[1] to <![CDATA[http://test.film4.com/reviews/1992/universal-soldier]]]]>
        <![CDATA[>
at /page-map[1]/sections[1]/page-section[1]/areas[1]/area[3]/modules[1]/module[1]/webElementSetComponentBeans[1]/element-group[2]/imageLinks[1]/picture-link[1]/href[1]/text()[1]
***********************

Module:[FL01-default]***********************
Expected CDATA section value 'To save his kidnapped sister Jackie Chan must fight an evil super-criminal...' 
but was 'Dumb but fun thriller starring Jean-Claude Van Damme as a dead Vietnam vet...' - comparing <![CDATA[To save his kidnapped sister Jackie Chan must fight an evil super-criminal...]]]]>
        <![CDATA[>
at /page-map[1]/sections[1]/page-section[1]/areas[1]/area[3]/modules[1]/module[1]/webElementSetComponentBeans[1]/element-group[2]/textBlocks[1]/text-block[1]/text[1]/text()[1] to <![CDATA[Dumb but fun thriller starring Jean-Claude Van Damme as a dead Vietnam vet...]]]]>
        <![CDATA[>
at /page-map[1]/sections[1]/page-section[1]/areas[1]/area[3]/modules[1]/module[1]/webElementSetComponentBeans[1]/element-group[2]/textBlocks[1]/text-block[1]/text[1]/text()[1]
***********************

Module:[FL01-default]***********************
Expected CDATA section value 'Thunderbolt' 
but was 'Universal Soldier' - comparing <![CDATA[Thunderbolt]]]]><![CDATA[> 
at /page-map[1]/sections[1]/page-section[1]/areas[1]/area[3]/modules[1]/module[1]/webElementSetComponentBeans[1]/element-group[2]/textBlocks[1]/text-block[2]/text[1]/text()[1] to <![CDATA[Universal Soldier]]]]>
        <![CDATA[>
at /page-map[1]/sections[1]/page-section[1]/areas[1]/area[3]/modules[1]/module[1]/webElementSetComponentBeans[1]/element-group[2]/textBlocks[1]/text-block[2]/text[1]/text()[1]
***********************

Module:[FL01-default]***********************
Expected CDATA section value 'http://test.film4.com/reviews/2012/prometheus#' 
but was 'http://test.film4.com/reviews/2012/prometheus?ad3#' - comparing <![CDATA[http://test.film4.com/reviews/2012/prometheus#]]]]>
        <![CDATA[>
at /page-map[1]/sections[1]/page-section[1]/areas[1]/area[3]/modules[1]/module[1]/webElementSetComponentBeans[1]/element-group[3]/links[1]/link[1]/href[1]/text()[1] to <![CDATA[http://test.film4.com/reviews/2012/prometheus?ad3#]]]]>
        <![CDATA[>
at /page-map[1]/sections[1]/page-section[1]/areas[1]/area[3]/modules[1]/module[1]/webElementSetComponentBeans[1]/element-group[3]/links[1]/link[1]/href[1]/text()[1]
***********************

Module:[FL01-default]***********************
Expected CDATA section value 'Ladies' Man, The' 
but was 'Strike' - comparing <![CDATA[Ladies' Man, The]]]]><![CDATA[> 
at /page-map[1]/sections[1]/page-section[1]/areas[1]/area[3]/modules[1]/module[1]/webElementSetComponentBeans[1]/element-group[3]/links[1]/link[2]/linkText[1]/text()[1] to <![CDATA[Strike]]]]>
        <![CDATA[>
at /page-map[1]/sections[1]/page-section[1]/areas[1]/area[3]/modules[1]/module[1]/webElementSetComponentBeans[1]/element-group[3]/links[1]/link[2]/linkText[1]/text()[1]
***********************

Module:[FL01-default]***********************
Expected CDATA section value 'http://test.film4.com/reviews/1961/ladies-man-the' 
but was 'http://test.film4.com/reviews/1924/strike' - comparing <![CDATA[http://test.film4.com/reviews/1961/ladies-man-the]]]]>
        <![CDATA[>
at /page-map[1]/sections[1]/page-section[1]/areas[1]/area[3]/modules[1]/module[1]/webElementSetComponentBeans[1]/element-group[3]/links[1]/link[2]/href[1]/text()[1] to <![CDATA[http://test.film4.com/reviews/1924/strike]]]]>
        <![CDATA[>
at /page-map[1]/sections[1]/page-section[1]/areas[1]/area[3]/modules[1]/module[1]/webElementSetComponentBeans[1]/element-group[3]/links[1]/link[2]/href[1]/text()[1]
***********************

Module:[FL01-default]***********************
Expected CDATA section value 'http://test.film4.com/reviews/1961/ladies-man-the' 
but was 'http://test.film4.com/reviews/1924/strike' - comparing <![CDATA[http://test.film4.com/reviews/1961/ladies-man-the]]]]>
        <![CDATA[>
at /page-map[1]/sections[1]/page-section[1]/areas[1]/area[3]/modules[1]/module[1]/webElementSetComponentBeans[1]/element-group[3]/imageLinks[1]/picture-link[1]/href[1]/text()[1] to <![CDATA[http://test.film4.com/reviews/1924/strike]]]]>
        <![CDATA[>
at /page-map[1]/sections[1]/page-section[1]/areas[1]/area[3]/modules[1]/module[1]/webElementSetComponentBeans[1]/element-group[3]/imageLinks[1]/picture-link[1]/href[1]/text()[1]
***********************

Module:[FL01-default]***********************
Expected CDATA section value 'http://test.film4.com/media/images/Film4/film4-default-image_MED.jpg' 
but was 'http://test.film4.com/media/images/Channel4/film/S/strike_eisenstein_xl_01--film-A_MED.jpg' - comparing <![CDATA[http://test.film4.com/media/images/Film4/film4-default-image_MED.jpg]]]]>
        <![CDATA[>
at /page-map[1]/sections[1]/page-section[1]/areas[1]/area[3]/modules[1]/module[1]/webElementSetComponentBeans[1]/element-group[3]/imageLinks[1]/picture-link[1]/src[1]/text()[1] to <![CDATA[http://test.film4.com/media/images/Channel4/film/S/strike_eisenstein_xl_01--film-A_MED.jpg]]]]>
        <![CDATA[>
at /page-map[1]/sections[1]/page-section[1]/areas[1]/area[3]/modules[1]/module[1]/webElementSetComponentBeans[1]/element-group[3]/imageLinks[1]/picture-link[1]/src[1]/text()[1]
***********************

Module:[FL01-default]***********************
Expected text value '178' 
but was '179' - comparing <width ...>178</width> 
at /page-map[1]/sections[1]/page-section[1]/areas[1]/area[3]/modules[1]/module[1]/webElementSetComponentBeans[1]/element-group[3]/imageLinks[1]/picture-link[1]/width[1]/text()[1] to <width ...>179</width> 
at /page-map[1]/sections[1]/page-section[1]/areas[1]/area[3]/modules[1]/module[1]/webElementSetComponentBeans[1]/element-group[3]/imageLinks[1]/picture-link[1]/width[1]/text()[1]
***********************

Module:[FL01-default]***********************
Expected text value '100' 
but was '52' - comparing <height ...>100</height> 
at /page-map[1]/sections[1]/page-section[1]/areas[1]/area[3]/modules[1]/module[1]/webElementSetComponentBeans[1]/element-group[3]/imageLinks[1]/picture-link[1]/height[1]/text()[1] to <height ...>52</height> 
at /page-map[1]/sections[1]/page-section[1]/areas[1]/area[3]/modules[1]/module[1]/webElementSetComponentBeans[1]/element-group[3]/imageLinks[1]/picture-link[1]/height[1]/text()[1]
***********************

Module:[FL01-default]***********************
Expected CDATA section value 'synopsis' 
but was 'The workers revolt against their despicable bourgeois masters. A virtuoso...' - comparing <![CDATA[synopsis]]]]>
        <![CDATA[>
at /page-map[1]/sections[1]/page-section[1]/areas[1]/area[3]/modules[1]/module[1]/webElementSetComponentBeans[1]/element-group[3]/textBlocks[1]/text-block[1]/text[1]/text()[1] to <![CDATA[The workers revolt against their despicable bourgeois masters. A virtuoso...]]]]>
        <![CDATA[>
at /page-map[1]/sections[1]/page-section[1]/areas[1]/area[3]/modules[1]/module[1]/webElementSetComponentBeans[1]/element-group[3]/textBlocks[1]/text-block[1]/text[1]/text()[1]
***********************

Module:[FL01-default]***********************
Expected CDATA section value 'Ladies' Man, The' 
but was 'Strike' - comparing <![CDATA[Ladies' Man, The]]]]><![CDATA[> 
at /page-map[1]/sections[1]/page-section[1]/areas[1]/area[3]/modules[1]/module[1]/webElementSetComponentBeans[1]/element-group[3]/textBlocks[1]/text-block[2]/text[1]/text()[1] to <![CDATA[Strike]]]]>
        <![CDATA[>
at /page-map[1]/sections[1]/page-section[1]/areas[1]/area[3]/modules[1]/module[1]/webElementSetComponentBeans[1]/element-group[3]/textBlocks[1]/text-block[2]/text[1]/text()[1]
***********************

Module:[FL01-default]***********************
Expected CDATA section value 'http://test.film4.com/reviews/2012/prometheus#' 
but was 'http://test.film4.com/reviews/2012/prometheus?ad3#' - comparing <![CDATA[http://test.film4.com/reviews/2012/prometheus#]]]]>
        <![CDATA[>
at /page-map[1]/sections[1]/page-section[1]/areas[1]/area[3]/modules[1]/module[1]/webElementSetComponentBeans[1]/element-group[4]/links[1]/link[1]/href[1]/text()[1] to <![CDATA[http://test.film4.com/reviews/2012/prometheus?ad3#]]]]>
        <![CDATA[>
at /page-map[1]/sections[1]/page-section[1]/areas[1]/area[3]/modules[1]/module[1]/webElementSetComponentBeans[1]/element-group[4]/links[1]/link[1]/href[1]/text()[1]
***********************

Module:[FL01-default]***********************
Expected CDATA section value 'The Business' 
but was 'Little Shop Of Horrors' - comparing <![CDATA[The Business]]]]><![CDATA[> 
at /page-map[1]/sections[1]/page-section[1]/areas[1]/area[3]/modules[1]/module[1]/webElementSetComponentBeans[1]/element-group[4]/links[1]/link[2]/linkText[1]/text()[1] to <![CDATA[Little Shop Of Horrors]]]]>
        <![CDATA[>
at /page-map[1]/sections[1]/page-section[1]/areas[1]/area[3]/modules[1]/module[1]/webElementSetComponentBeans[1]/element-group[4]/links[1]/link[2]/linkText[1]/text()[1]
***********************

Module:[FL01-default]***********************
Expected CDATA section value 'http://test.film4.com/reviews/2005/the-business' 
but was 'http://test.film4.com/reviews/1986/little-shop-of-horrors' - comparing <![CDATA[http://test.film4.com/reviews/2005/the-business]]]]>
        <![CDATA[>
at /page-map[1]/sections[1]/page-section[1]/areas[1]/area[3]/modules[1]/module[1]/webElementSetComponentBeans[1]/element-group[4]/links[1]/link[2]/href[1]/text()[1] to <![CDATA[http://test.film4.com/reviews/1986/little-shop-of-horrors]]]]>
        <![CDATA[>
at /page-map[1]/sections[1]/page-section[1]/areas[1]/area[3]/modules[1]/module[1]/webElementSetComponentBeans[1]/element-group[4]/links[1]/link[2]/href[1]/text()[1]
***********************

Module:[FL01-default]***********************
Expected CDATA section value 'http://test.film4.com/reviews/2005/the-business' 
but was 'http://test.film4.com/reviews/1986/little-shop-of-horrors' - comparing <![CDATA[http://test.film4.com/reviews/2005/the-business]]]]>
        <![CDATA[>
at /page-map[1]/sections[1]/page-section[1]/areas[1]/area[3]/modules[1]/module[1]/webElementSetComponentBeans[1]/element-group[4]/imageLinks[1]/picture-link[1]/href[1]/text()[1] to <![CDATA[http://test.film4.com/reviews/1986/little-shop-of-horrors]]]]>
        <![CDATA[>
at /page-map[1]/sections[1]/page-section[1]/areas[1]/area[3]/modules[1]/module[1]/webElementSetComponentBeans[1]/element-group[4]/imageLinks[1]/picture-link[1]/href[1]/text()[1]
***********************

Module:[FL01-default]***********************
Expected CDATA section value 'http://test.film4.com/media/images/Channel4/Film4/2000s/B/the-business_MED.jpg' 
but was 'http://test.film4.com/media/images/Channel4/film/L/little_shop_of_horrors_1960_xl_01--film-A_MED.jpg' - comparing <![CDATA[http://test.film4.com/media/images/Channel4/Film4/2000s/B/the-business_MED.jpg]]]]>
        <![CDATA[>
at /page-map[1]/sections[1]/page-section[1]/areas[1]/area[3]/modules[1]/module[1]/webElementSetComponentBeans[1]/element-group[4]/imageLinks[1]/picture-link[1]/src[1]/text()[1] to <![CDATA[http://test.film4.com/media/images/Channel4/film/L/little_shop_of_horrors_1960_xl_01--film-A_MED.jpg]]]]>
        <![CDATA[>
at /page-map[1]/sections[1]/page-section[1]/areas[1]/area[3]/modules[1]/module[1]/webElementSetComponentBeans[1]/element-group[4]/imageLinks[1]/picture-link[1]/src[1]/text()[1]
***********************

Module:[FL01-default]***********************
Expected text value '100' 
but was '52' - comparing <height ...>100</height> 
at /page-map[1]/sections[1]/page-section[1]/areas[1]/area[3]/modules[1]/module[1]/webElementSetComponentBeans[1]/element-group[4]/imageLinks[1]/picture-link[1]/height[1]/text()[1] to <height ...>52</height> 
at /page-map[1]/sections[1]/page-section[1]/areas[1]/area[3]/modules[1]/module[1]/webElementSetComponentBeans[1]/element-group[4]/imageLinks[1]/picture-link[1]/height[1]/text()[1]
***********************

Module:[FL01-default]***********************
Expected CDATA section value 'A young London tearaway gets embroiled with British gangsters on the Costa...' 
but was 'Frank Oz's freaky, off-beat doo-wop musical about a lovesick florist and...' - comparing <![CDATA[A young London tearaway gets embroiled with British gangsters on the Costa...]]]]>
        <![CDATA[>
at /page-map[1]/sections[1]/page-section[1]/areas[1]/area[3]/modules[1]/module[1]/webElementSetComponentBeans[1]/element-group[4]/textBlocks[1]/text-block[1]/text[1]/text()[1] to <![CDATA[Frank Oz's freaky, off-beat doo-wop musical about a lovesick florist and...]]]]>
        <![CDATA[>
at /page-map[1]/sections[1]/page-section[1]/areas[1]/area[3]/modules[1]/module[1]/webElementSetComponentBeans[1]/element-group[4]/textBlocks[1]/text-block[1]/text[1]/text()[1]
***********************

Module:[FL01-default]***********************
Expected CDATA section value 'The Business' 
but was 'Little Shop Of Horrors' - comparing <![CDATA[The Business]]]]><![CDATA[> 
at /page-map[1]/sections[1]/page-section[1]/areas[1]/area[3]/modules[1]/module[1]/webElementSetComponentBeans[1]/element-group[4]/textBlocks[1]/text-block[2]/text[1]/text()[1] to <![CDATA[Little Shop Of Horrors]]]]>
        <![CDATA[>
at /page-map[1]/sections[1]/page-section[1]/areas[1]/area[3]/modules[1]/module[1]/webElementSetComponentBeans[1]/element-group[4]/textBlocks[1]/text-block[2]/text[1]/text()[1]
***********************

Module:[FL01-default]***********************
Expected CDATA section value 'http://test.film4.com/reviews/2012/prometheus#' 
but was 'http://test.film4.com/reviews/2012/prometheus?ad3#' - comparing <![CDATA[http://test.film4.com/reviews/2012/prometheus#]]]]>
        <![CDATA[>
at /page-map[1]/sections[1]/page-section[1]/areas[1]/area[3]/modules[1]/module[1]/webElementSetComponentBeans[1]/element-group[5]/links[1]/link[1]/href[1]/text()[1] to <![CDATA[http://test.film4.com/reviews/2012/prometheus?ad3#]]]]>
        <![CDATA[>
at /page-map[1]/sections[1]/page-section[1]/areas[1]/area[3]/modules[1]/module[1]/webElementSetComponentBeans[1]/element-group[5]/links[1]/link[1]/href[1]/text()[1]
***********************

Module:[FL01-default]***********************
Expected CDATA section value 'Treasure Planet' 
but was 'At the Earth's Core' - comparing <![CDATA[Treasure Planet]]]]><![CDATA[> 
at /page-map[1]/sections[1]/page-section[1]/areas[1]/area[3]/modules[1]/module[1]/webElementSetComponentBeans[1]/element-group[5]/links[1]/link[2]/linkText[1]/text()[1] to <![CDATA[At the Earth's Core]]]]>
        <![CDATA[>
at /page-map[1]/sections[1]/page-section[1]/areas[1]/area[3]/modules[1]/module[1]/webElementSetComponentBeans[1]/element-group[5]/links[1]/link[2]/linkText[1]/text()[1]
***********************

Module:[FL01-default]***********************
Expected CDATA section value 'http://test.film4.com/reviews/2002/treasure-planet' 
but was 'http://test.film4.com/reviews/1976/at-the-earths-core' - comparing <![CDATA[http://test.film4.com/reviews/2002/treasure-planet]]]]>
        <![CDATA[>
at /page-map[1]/sections[1]/page-section[1]/areas[1]/area[3]/modules[1]/module[1]/webElementSetComponentBeans[1]/element-group[5]/links[1]/link[2]/href[1]/text()[1] to <![CDATA[http://test.film4.com/reviews/1976/at-the-earths-core]]]]>
        <![CDATA[>
at /page-map[1]/sections[1]/page-section[1]/areas[1]/area[3]/modules[1]/module[1]/webElementSetComponentBeans[1]/element-group[5]/links[1]/link[2]/href[1]/text()[1]
***********************

Module:[FL01-default]***********************
Expected CDATA section value 'http://test.film4.com/reviews/2002/treasure-planet' 
but was 'http://test.film4.com/reviews/1976/at-the-earths-core' - comparing <![CDATA[http://test.film4.com/reviews/2002/treasure-planet]]]]>
        <![CDATA[>
at /page-map[1]/sections[1]/page-section[1]/areas[1]/area[3]/modules[1]/module[1]/webElementSetComponentBeans[1]/element-group[5]/imageLinks[1]/picture-link[1]/href[1]/text()[1] to <![CDATA[http://test.film4.com/reviews/1976/at-the-earths-core]]]]>
        <![CDATA[>
at /page-map[1]/sections[1]/page-section[1]/areas[1]/area[3]/modules[1]/module[1]/webElementSetComponentBeans[1]/element-group[5]/imageLinks[1]/picture-link[1]/href[1]/text()[1]
***********************

Module:[FL01-default]***********************
Expected CDATA section value 'http://test.film4.com/media/images/Film4/images/film/treasure-planet-2003/treasure-planet-2003-01_MED.jpg' 
but was 'http://test.film4.com/media/images/Film4/images/A/at-the-earths-core-1976-01_MED.jpg' - comparing <![CDATA[http://test.film4.com/media/images/Film4/images/film/treasure-planet-2003/treasure-planet-2003-01_MED.jpg]]]]>
        <![CDATA[>
at /page-map[1]/sections[1]/page-section[1]/areas[1]/area[3]/modules[1]/module[1]/webElementSetComponentBeans[1]/element-group[5]/imageLinks[1]/picture-link[1]/src[1]/text()[1] to <![CDATA[http://test.film4.com/media/images/Film4/images/A/at-the-earths-core-1976-01_MED.jpg]]]]>
        <![CDATA[>
at /page-map[1]/sections[1]/page-section[1]/areas[1]/area[3]/modules[1]/module[1]/webElementSetComponentBeans[1]/element-group[5]/imageLinks[1]/picture-link[1]/src[1]/text()[1]
***********************

Module:[FL01-default]***********************
Expected text value '101' 
but was '76' - comparing <height ...>101</height> 
at /page-map[1]/sections[1]/page-section[1]/areas[1]/area[3]/modules[1]/module[1]/webElementSetComponentBeans[1]/element-group[5]/imageLinks[1]/picture-link[1]/height[1]/text()[1] to <height ...>76</height> 
at /page-map[1]/sections[1]/page-section[1]/areas[1]/area[3]/modules[1]/module[1]/webElementSetComponentBeans[1]/element-group[5]/imageLinks[1]/picture-link[1]/height[1]/text()[1]
***********************

Module:[FL01-default]***********************
Expected CDATA section value 'Disney reworks Robert Louis Stevenson's Treasure Island as an intergalactic...' 
but was 'Sequel to The Land that Time Forgot, this has Cushing travel to the centre...' - comparing <![CDATA[Disney reworks Robert Louis Stevenson's Treasure Island as an intergalactic...]]]]>
        <![CDATA[>
at /page-map[1]/sections[1]/page-section[1]/areas[1]/area[3]/modules[1]/module[1]/webElementSetComponentBeans[1]/element-group[5]/textBlocks[1]/text-block[1]/text[1]/text()[1] to <![CDATA[Sequel to The Land that Time Forgot, this has Cushing travel to the centre...]]]]>
        <![CDATA[>
at /page-map[1]/sections[1]/page-section[1]/areas[1]/area[3]/modules[1]/module[1]/webElementSetComponentBeans[1]/element-group[5]/textBlocks[1]/text-block[1]/text[1]/text()[1]
***********************

Module:[FL01-default]***********************
Expected CDATA section value 'Treasure Planet' 
but was 'At the Earth's Core' - comparing <![CDATA[Treasure Planet]]]]><![CDATA[> 
at /page-map[1]/sections[1]/page-section[1]/areas[1]/area[3]/modules[1]/module[1]/webElementSetComponentBeans[1]/element-group[5]/textBlocks[1]/text-block[2]/text[1]/text()[1] to <![CDATA[At the Earth's Core]]]]>
        <![CDATA[>
at /page-map[1]/sections[1]/page-section[1]/areas[1]/area[3]/modules[1]/module[1]/webElementSetComponentBeans[1]/element-group[5]/textBlocks[1]/text-block[2]/text[1]/text()[1]
***********************

Module:[FL01-default]***********************
Expected CDATA section value 'http://test.film4.com/reviews/2012/prometheus#' 
but was 'http://test.film4.com/reviews/2012/prometheus?ad3#' - comparing <![CDATA[http://test.film4.com/reviews/2012/prometheus#]]]]>
        <![CDATA[>
at /page-map[1]/sections[1]/page-section[1]/areas[1]/area[3]/modules[1]/module[1]/webElementSetComponentBeans[1]/element-group[6]/links[1]/link[1]/href[1]/text()[1] to <![CDATA[http://test.film4.com/reviews/2012/prometheus?ad3#]]]]>
        <![CDATA[>
at /page-map[1]/sections[1]/page-section[1]/areas[1]/area[3]/modules[1]/module[1]/webElementSetComponentBeans[1]/element-group[6]/links[1]/link[1]/href[1]/text()[1]
***********************

Module:[FL01-default]***********************
Expected CDATA section value 'Creeping Flesh, The' 
but was 'Simone' - comparing <![CDATA[Creeping Flesh, The]]]]><![CDATA[> 
at /page-map[1]/sections[1]/page-section[1]/areas[1]/area[3]/modules[1]/module[1]/webElementSetComponentBeans[1]/element-group[6]/links[1]/link[2]/linkText[1]/text()[1] to <![CDATA[Simone]]]]>
        <![CDATA[>
at /page-map[1]/sections[1]/page-section[1]/areas[1]/area[3]/modules[1]/module[1]/webElementSetComponentBeans[1]/element-group[6]/links[1]/link[2]/linkText[1]/text()[1]
***********************

Module:[FL01-default]***********************
Expected CDATA section value 'http://test.film4.com/reviews/1973/creeping-flesh-the' 
but was 'http://test.film4.com/reviews/2002/simone' - comparing <![CDATA[http://test.film4.com/reviews/1973/creeping-flesh-the]]]]>
        <![CDATA[>
at /page-map[1]/sections[1]/page-section[1]/areas[1]/area[3]/modules[1]/module[1]/webElementSetComponentBeans[1]/element-group[6]/links[1]/link[2]/href[1]/text()[1] to <![CDATA[http://test.film4.com/reviews/2002/simone]]]]>
        <![CDATA[>
at /page-map[1]/sections[1]/page-section[1]/areas[1]/area[3]/modules[1]/module[1]/webElementSetComponentBeans[1]/element-group[6]/links[1]/link[2]/href[1]/text()[1]
***********************

Module:[FL01-default]***********************
Expected CDATA section value 'http://test.film4.com/reviews/1973/creeping-flesh-the' 
but was 'http://test.film4.com/reviews/2002/simone' - comparing <![CDATA[http://test.film4.com/reviews/1973/creeping-flesh-the]]]]>
        <![CDATA[>
at /page-map[1]/sections[1]/page-section[1]/areas[1]/area[3]/modules[1]/module[1]/webElementSetComponentBeans[1]/element-group[6]/imageLinks[1]/picture-link[1]/href[1]/text()[1] to <![CDATA[http://test.film4.com/reviews/2002/simone]]]]>
        <![CDATA[>
at /page-map[1]/sections[1]/page-section[1]/areas[1]/area[3]/modules[1]/module[1]/webElementSetComponentBeans[1]/element-group[6]/imageLinks[1]/picture-link[1]/href[1]/text()[1]
***********************

Module:[FL01-default]***********************
Expected CDATA section value 'http://test.film4.com/media/images/Film4/film4-default-image_MED.jpg' 
but was 'http://test.film4.com/media/images/Film4/images/film/simone-2002/simone-2002-01_MED.jpg' - comparing <![CDATA[http://test.film4.com/media/images/Film4/film4-default-image_MED.jpg]]]]>
        <![CDATA[>
at /page-map[1]/sections[1]/page-section[1]/areas[1]/area[3]/modules[1]/module[1]/webElementSetComponentBeans[1]/element-group[6]/imageLinks[1]/picture-link[1]/src[1]/text()[1] to <![CDATA[http://test.film4.com/media/images/Film4/images/film/simone-2002/simone-2002-01_MED.jpg]]]]>
        <![CDATA[>
at /page-map[1]/sections[1]/page-section[1]/areas[1]/area[3]/modules[1]/module[1]/webElementSetComponentBeans[1]/element-group[6]/imageLinks[1]/picture-link[1]/src[1]/text()[1]
***********************

Module:[FL01-default]***********************
Expected text value '178' 
but was '179' - comparing <width ...>178</width> 
at /page-map[1]/sections[1]/page-section[1]/areas[1]/area[3]/modules[1]/module[1]/webElementSetComponentBeans[1]/element-group[6]/imageLinks[1]/picture-link[1]/width[1]/text()[1] to <width ...>179</width> 
at /page-map[1]/sections[1]/page-section[1]/areas[1]/area[3]/modules[1]/module[1]/webElementSetComponentBeans[1]/element-group[6]/imageLinks[1]/picture-link[1]/width[1]/text()[1]
***********************

Module:[FL01-default]***********************
Expected text value '100' 
but was '101' - comparing <height ...>100</height> 
at /page-map[1]/sections[1]/page-section[1]/areas[1]/area[3]/modules[1]/module[1]/webElementSetComponentBeans[1]/element-group[6]/imageLinks[1]/picture-link[1]/height[1]/text()[1] to <height ...>101</height> 
at /page-map[1]/sections[1]/page-section[1]/areas[1]/area[3]/modules[1]/module[1]/webElementSetComponentBeans[1]/element-group[6]/imageLinks[1]/picture-link[1]/height[1]/text()[1]
***********************

Module:[FL01-default]***********************
Expected CDATA section value 'synopsis' 
but was 'Washed-up Hollywood director Al Pacino sets out to fool the world with a...' - comparing <![CDATA[synopsis]]]]>
        <![CDATA[>
at /page-map[1]/sections[1]/page-section[1]/areas[1]/area[3]/modules[1]/module[1]/webElementSetComponentBeans[1]/element-group[6]/textBlocks[1]/text-block[1]/text[1]/text()[1] to <![CDATA[Washed-up Hollywood director Al Pacino sets out to fool the world with a...]]]]>
        <![CDATA[>
at /page-map[1]/sections[1]/page-section[1]/areas[1]/area[3]/modules[1]/module[1]/webElementSetComponentBeans[1]/element-group[6]/textBlocks[1]/text-block[1]/text[1]/text()[1]
***********************

Module:[FL01-default]***********************
Expected CDATA section value 'Creeping Flesh, The' 
but was 'Simone' - comparing <![CDATA[Creeping Flesh, The]]]]><![CDATA[> 
at /page-map[1]/sections[1]/page-section[1]/areas[1]/area[3]/modules[1]/module[1]/webElementSetComponentBeans[1]/element-group[6]/textBlocks[1]/text-block[2]/text[1]/text()[1] to <![CDATA[Simone]]]]>
        <![CDATA[>
at /page-map[1]/sections[1]/page-section[1]/areas[1]/area[3]/modules[1]/module[1]/webElementSetComponentBeans[1]/element-group[6]/textBlocks[1]/text-block[2]/text[1]/text()[1]
***********************

Module:[SN02]***********************
Expected CDATA section value 'http://test.film4.com/reviews/2012/prometheus#' 
but was 'http://test.film4.com/reviews/2012/prometheus?ad3#' - comparing <![CDATA[http://test.film4.com/reviews/2012/prometheus#]]]]>
        <![CDATA[>
at /page-map[1]/sections[1]/page-section[2]/areas[1]/area[1]/modules[1]/module[4]/webElementSetComponentBeans[1]/element-group[1]/imageLinks[1]/picture-link[1]/href[1]/text()[1] to <![CDATA[http://test.film4.com/reviews/2012/prometheus?ad3#]]]]>
        <![CDATA[>
at /page-map[1]/sections[1]/page-section[2]/areas[1]/area[1]/modules[1]/module[4]/webElementSetComponentBeans[1]/element-group[1]/imageLinks[1]/picture-link[1]/href[1]/text()[1]
***********************

Module:[SN02]***********************
Expected CDATA section value 'http://test.film4.com/reviews/2012/prometheus#' 
but was 'http://test.film4.com/reviews/2012/prometheus?ad3#' - comparing <![CDATA[http://test.film4.com/reviews/2012/prometheus#]]]]>
        <![CDATA[>
at /page-map[1]/sections[1]/page-section[2]/areas[1]/area[1]/modules[1]/module[4]/webElementSetComponentBeans[1]/element-group[1]/imageLinks[1]/picture-link[2]/href[1]/text()[1] to <![CDATA[http://test.film4.com/reviews/2012/prometheus?ad3#]]]]>
        <![CDATA[>
at /page-map[1]/sections[1]/page-section[2]/areas[1]/area[1]/modules[1]/module[4]/webElementSetComponentBeans[1]/element-group[1]/imageLinks[1]/picture-link[2]/href[1]/text()[1]
***********************

Module:[SN02]***********************
Expected CDATA section value 'http://test.film4.com/reviews/2012/prometheus#' 
but was 'http://test.film4.com/reviews/2012/prometheus?ad3#' - comparing <![CDATA[http://test.film4.com/reviews/2012/prometheus#]]]]>
        <![CDATA[>
at /page-map[1]/sections[1]/page-section[2]/areas[1]/area[1]/modules[1]/module[4]/webElementSetComponentBeans[1]/element-group[1]/imageLinks[1]/picture-link[3]/href[1]/text()[1] to <![CDATA[http://test.film4.com/reviews/2012/prometheus?ad3#]]]]>
        <![CDATA[>
at /page-map[1]/sections[1]/page-section[2]/areas[1]/area[1]/modules[1]/module[4]/webElementSetComponentBeans[1]/element-group[1]/imageLinks[1]/picture-link[3]/href[1]/text()[1]
***********************

Module:[SN02]***********************
Expected CDATA section value 'http://test.film4.com/reviews/2012/prometheus#' 
but was 'http://test.film4.com/reviews/2012/prometheus?ad3#' - comparing <![CDATA[http://test.film4.com/reviews/2012/prometheus#]]]]>
        <![CDATA[>
at /page-map[1]/sections[1]/page-section[2]/areas[1]/area[1]/modules[1]/module[4]/webElementSetComponentBeans[1]/element-group[1]/imageLinks[1]/picture-link[4]/href[1]/text()[1] to <![CDATA[http://test.film4.com/reviews/2012/prometheus?ad3#]]]]>
        <![CDATA[>
at /page-map[1]/sections[1]/page-section[2]/areas[1]/area[1]/modules[1]/module[4]/webElementSetComponentBeans[1]/element-group[1]/imageLinks[1]/picture-link[4]/href[1]/text()[1]
***********************

	at org.testng.Assert.fail(Assert.java:89)
	at com.sharpqa.comparesolution.test.ComparisonTest.testXMLPageObjectMapAgainstExpeted(ComparisonTest.java:54)
	at sun.reflect.NativeMethodAccessorImpl.invoke0(Native Method)
	at sun.reflect.NativeMethodAccessorImpl.invoke(NativeMethodAccessorImpl.java:39)
	at sun.reflect.DelegatingMethodAccessorImpl.invoke(DelegatingMethodAccessorImpl.java:25)
	at java.lang.reflect.Method.invoke(Method.java:597)
	at org.testng.internal.MethodInvocationHelper.invokeMethod(MethodInvocationHelper.java:80)
	at org.testng.internal.InvokeMethodRunnable.runOne(InvokeMethodRunnable.java:46)
	at org.testng.internal.InvokeMethodRunnable.run(InvokeMethodRunnable.java:37)
	at java.util.concurrent.Executors$RunnableAdapter.call(Executors.java:441)
	at java.util.concurrent.FutureTask$Sync.innerRun(FutureTask.java:303)
	at java.util.concurrent.FutureTask.run(FutureTask.java:138)
	at java.util.concurrent.ThreadPoolExecutor$Worker.runTask(ThreadPoolExecutor.java:886)
	at java.util.concurrent.ThreadPoolExecutor$Worker.run(ThreadPoolExecutor.java:908)
	at java.lang.Thread.run(Thread.java:662)
]]>
    </error>
  </testcase>
  <testcase name="testXMLPageObjectMapAgainstExpeted" time="0.241" classname="com.sharpqa.comparesolution.test.ComparisonTest">
    <error type="java.lang.AssertionError" message="
Module:[FL01-grid]***********************
Expected CDATA section value &#039;http://test.film4.com/landing-grids-leftmiddle#&#039; 
but was &#039;http://test.film4.com/landing-grids-leftmiddle?a3d#&#039; - comparing &lt;![CDATA[http://test.film4.com/landing-grids-leftmiddle#]]&gt; 
at /page-map[1]/sections[1]/page-section[1]/areas[1]/area[1]/modules[1]/module[1]/webElementSetComponentBeans[1]/element-group[2]/links[1]/link[1]/href[1]/text()[1] to &lt;![CDATA[http://test.film4.com/landing-grids-leftmiddle?a3d#]]&gt; 
at /page-map[1]/sections[1]/page-section[1]/areas[1]/area[1]/modules[1]/module[1]/webElementSetComponentBeans[1]/element-group[2]/links[1]/link[1]/href[1]/text()[1]
***********************

Module:[FL01-grid]***********************
Expected CDATA section value &#039;http://test.film4.com/landing-grids-leftmiddle#&#039; 
but was &#039;http://test.film4.com/landing-grids-leftmiddle?a3d#&#039; - comparing &lt;![CDATA[http://test.film4.com/landing-grids-leftmiddle#]]&gt; 
at /page-map[1]/sections[1]/page-section[1]/areas[1]/area[1]/modules[1]/module[1]/webElementSetComponentBeans[1]/element-group[3]/links[1]/link[1]/href[1]/text()[1] to &lt;![CDATA[http://test.film4.com/landing-grids-leftmiddle?a3d#]]&gt; 
at /page-map[1]/sections[1]/page-section[1]/areas[1]/area[1]/modules[1]/module[1]/webElementSetComponentBeans[1]/element-group[3]/links[1]/link[1]/href[1]/text()[1]
***********************

Module:[FL01-grid]***********************
Expected CDATA section value &#039;http://test.film4.com/landing-grids-leftmiddle#&#039; 
but was &#039;http://test.film4.com/landing-grids-leftmiddle?a3d#&#039; - comparing &lt;![CDATA[http://test.film4.com/landing-grids-leftmiddle#]]&gt; 
at /page-map[1]/sections[1]/page-section[1]/areas[1]/area[1]/modules[1]/module[1]/webElementSetComponentBeans[1]/element-group[4]/links[1]/link[1]/href[1]/text()[1] to &lt;![CDATA[http://test.film4.com/landing-grids-leftmiddle?a3d#]]&gt; 
at /page-map[1]/sections[1]/page-section[1]/areas[1]/area[1]/modules[1]/module[1]/webElementSetComponentBeans[1]/element-group[4]/links[1]/link[1]/href[1]/text()[1]
***********************

Module:[SN02]***********************
Expected CDATA section value &#039;http://test.film4.com/landing-grids-leftmiddle#&#039; 
but was &#039;http://test.film4.com/landing-grids-leftmiddle?a3d#&#039; - comparing &lt;![CDATA[http://test.film4.com/landing-grids-leftmiddle#]]&gt; 
at /page-map[1]/sections[1]/page-section[2]/areas[1]/area[1]/modules[1]/module[3]/webElementSetComponentBeans[1]/element-group[1]/imageLinks[1]/picture-link[1]/href[1]/text()[1] to &lt;![CDATA[http://test.film4.com/landing-grids-leftmiddle?a3d#]]&gt; 
at /page-map[1]/sections[1]/page-section[2]/areas[1]/area[1]/modules[1]/module[3]/webElementSetComponentBeans[1]/element-group[1]/imageLinks[1]/picture-link[1]/href[1]/text()[1]
***********************

Module:[SN02]***********************
Expected CDATA section value &#039;http://test.film4.com/landing-grids-leftmiddle#&#039; 
but was &#039;http://test.film4.com/landing-grids-leftmiddle?a3d#&#039; - comparing &lt;![CDATA[http://test.film4.com/landing-grids-leftmiddle#]]&gt; 
at /page-map[1]/sections[1]/page-section[2]/areas[1]/area[1]/modules[1]/module[3]/webElementSetComponentBeans[1]/element-group[1]/imageLinks[1]/picture-link[2]/href[1]/text()[1] to &lt;![CDATA[http://test.film4.com/landing-grids-leftmiddle?a3d#]]&gt; 
at /page-map[1]/sections[1]/page-section[2]/areas[1]/area[1]/modules[1]/module[3]/webElementSetComponentBeans[1]/element-group[1]/imageLinks[1]/picture-link[2]/href[1]/text()[1]
***********************

Module:[SN02]***********************
Expected CDATA section value &#039;http://test.film4.com/landing-grids-leftmiddle#&#039; 
but was &#039;http://test.film4.com/landing-grids-leftmiddle?a3d#&#039; - comparing &lt;![CDATA[http://test.film4.com/landing-grids-leftmiddle#]]&gt; 
at /page-map[1]/sections[1]/page-section[2]/areas[1]/area[1]/modules[1]/module[3]/webElementSetComponentBeans[1]/element-group[1]/imageLinks[1]/picture-link[3]/href[1]/text()[1] to &lt;![CDATA[http://test.film4.com/landing-grids-leftmiddle?a3d#]]&gt; 
at /page-map[1]/sections[1]/page-section[2]/areas[1]/area[1]/modules[1]/module[3]/webElementSetComponentBeans[1]/element-group[1]/imageLinks[1]/picture-link[3]/href[1]/text()[1]
***********************

Module:[SN02]***********************
Expected CDATA section value &#039;http://test.film4.com/landing-grids-leftmiddle#&#039; 
but was &#039;http://test.film4.com/landing-grids-leftmiddle?a3d#&#039; - comparing &lt;![CDATA[http://test.film4.com/landing-grids-leftmiddle#]]&gt; 
at /page-map[1]/sections[1]/page-section[2]/areas[1]/area[1]/modules[1]/module[3]/webElementSetComponentBeans[1]/element-group[1]/imageLinks[1]/picture-link[4]/href[1]/text()[1] to &lt;![CDATA[http://test.film4.com/landing-grids-leftmiddle?a3d#]]&gt; 
at /page-map[1]/sections[1]/page-section[2]/areas[1]/area[1]/modules[1]/module[3]/webElementSetComponentBeans[1]/element-group[1]/imageLinks[1]/picture-link[4]/href[1]/text()[1]
***********************
">
        <![CDATA[java.lang.AssertionError:
Module:[FL01-grid]***********************
Expected CDATA section value 'http://test.film4.com/landing-grids-leftmiddle#' 
but was 'http://test.film4.com/landing-grids-leftmiddle?a3d#' - comparing <![CDATA[http://test.film4.com/landing-grids-leftmiddle#]]]]>
        <![CDATA[>
at /page-map[1]/sections[1]/page-section[1]/areas[1]/area[1]/modules[1]/module[1]/webElementSetComponentBeans[1]/element-group[2]/links[1]/link[1]/href[1]/text()[1] to <![CDATA[http://test.film4.com/landing-grids-leftmiddle?a3d#]]]]>
        <![CDATA[>
at /page-map[1]/sections[1]/page-section[1]/areas[1]/area[1]/modules[1]/module[1]/webElementSetComponentBeans[1]/element-group[2]/links[1]/link[1]/href[1]/text()[1]
***********************

Module:[FL01-grid]***********************
Expected CDATA section value 'http://test.film4.com/landing-grids-leftmiddle#' 
but was 'http://test.film4.com/landing-grids-leftmiddle?a3d#' - comparing <![CDATA[http://test.film4.com/landing-grids-leftmiddle#]]]]>
        <![CDATA[>
at /page-map[1]/sections[1]/page-section[1]/areas[1]/area[1]/modules[1]/module[1]/webElementSetComponentBeans[1]/element-group[3]/links[1]/link[1]/href[1]/text()[1] to <![CDATA[http://test.film4.com/landing-grids-leftmiddle?a3d#]]]]>
        <![CDATA[>
at /page-map[1]/sections[1]/page-section[1]/areas[1]/area[1]/modules[1]/module[1]/webElementSetComponentBeans[1]/element-group[3]/links[1]/link[1]/href[1]/text()[1]
***********************

Module:[FL01-grid]***********************
Expected CDATA section value 'http://test.film4.com/landing-grids-leftmiddle#' 
but was 'http://test.film4.com/landing-grids-leftmiddle?a3d#' - comparing <![CDATA[http://test.film4.com/landing-grids-leftmiddle#]]]]>
        <![CDATA[>
at /page-map[1]/sections[1]/page-section[1]/areas[1]/area[1]/modules[1]/module[1]/webElementSetComponentBeans[1]/element-group[4]/links[1]/link[1]/href[1]/text()[1] to <![CDATA[http://test.film4.com/landing-grids-leftmiddle?a3d#]]]]>
        <![CDATA[>
at /page-map[1]/sections[1]/page-section[1]/areas[1]/area[1]/modules[1]/module[1]/webElementSetComponentBeans[1]/element-group[4]/links[1]/link[1]/href[1]/text()[1]
***********************

Module:[SN02]***********************
Expected CDATA section value 'http://test.film4.com/landing-grids-leftmiddle#' 
but was 'http://test.film4.com/landing-grids-leftmiddle?a3d#' - comparing <![CDATA[http://test.film4.com/landing-grids-leftmiddle#]]]]>
        <![CDATA[>
at /page-map[1]/sections[1]/page-section[2]/areas[1]/area[1]/modules[1]/module[3]/webElementSetComponentBeans[1]/element-group[1]/imageLinks[1]/picture-link[1]/href[1]/text()[1] to <![CDATA[http://test.film4.com/landing-grids-leftmiddle?a3d#]]]]>
        <![CDATA[>
at /page-map[1]/sections[1]/page-section[2]/areas[1]/area[1]/modules[1]/module[3]/webElementSetComponentBeans[1]/element-group[1]/imageLinks[1]/picture-link[1]/href[1]/text()[1]
***********************

Module:[SN02]***********************
Expected CDATA section value 'http://test.film4.com/landing-grids-leftmiddle#' 
but was 'http://test.film4.com/landing-grids-leftmiddle?a3d#' - comparing <![CDATA[http://test.film4.com/landing-grids-leftmiddle#]]]]>
        <![CDATA[>
at /page-map[1]/sections[1]/page-section[2]/areas[1]/area[1]/modules[1]/module[3]/webElementSetComponentBeans[1]/element-group[1]/imageLinks[1]/picture-link[2]/href[1]/text()[1] to <![CDATA[http://test.film4.com/landing-grids-leftmiddle?a3d#]]]]>
        <![CDATA[>
at /page-map[1]/sections[1]/page-section[2]/areas[1]/area[1]/modules[1]/module[3]/webElementSetComponentBeans[1]/element-group[1]/imageLinks[1]/picture-link[2]/href[1]/text()[1]
***********************

Module:[SN02]***********************
Expected CDATA section value 'http://test.film4.com/landing-grids-leftmiddle#' 
but was 'http://test.film4.com/landing-grids-leftmiddle?a3d#' - comparing <![CDATA[http://test.film4.com/landing-grids-leftmiddle#]]]]>
        <![CDATA[>
at /page-map[1]/sections[1]/page-section[2]/areas[1]/area[1]/modules[1]/module[3]/webElementSetComponentBeans[1]/element-group[1]/imageLinks[1]/picture-link[3]/href[1]/text()[1] to <![CDATA[http://test.film4.com/landing-grids-leftmiddle?a3d#]]]]>
        <![CDATA[>
at /page-map[1]/sections[1]/page-section[2]/areas[1]/area[1]/modules[1]/module[3]/webElementSetComponentBeans[1]/element-group[1]/imageLinks[1]/picture-link[3]/href[1]/text()[1]
***********************

Module:[SN02]***********************
Expected CDATA section value 'http://test.film4.com/landing-grids-leftmiddle#' 
but was 'http://test.film4.com/landing-grids-leftmiddle?a3d#' - comparing <![CDATA[http://test.film4.com/landing-grids-leftmiddle#]]]]>
        <![CDATA[>
at /page-map[1]/sections[1]/page-section[2]/areas[1]/area[1]/modules[1]/module[3]/webElementSetComponentBeans[1]/element-group[1]/imageLinks[1]/picture-link[4]/href[1]/text()[1] to <![CDATA[http://test.film4.com/landing-grids-leftmiddle?a3d#]]]]>
        <![CDATA[>
at /page-map[1]/sections[1]/page-section[2]/areas[1]/area[1]/modules[1]/module[3]/webElementSetComponentBeans[1]/element-group[1]/imageLinks[1]/picture-link[4]/href[1]/text()[1]
***********************

	at org.testng.Assert.fail(Assert.java:89)
	at com.sharpqa.comparesolution.test.ComparisonTest.testXMLPageObjectMapAgainstExpeted(ComparisonTest.java:54)
	at sun.reflect.NativeMethodAccessorImpl.invoke0(Native Method)
	at sun.reflect.NativeMethodAccessorImpl.invoke(NativeMethodAccessorImpl.java:39)
	at sun.reflect.DelegatingMethodAccessorImpl.invoke(DelegatingMethodAccessorImpl.java:25)
	at java.lang.reflect.Method.invoke(Method.java:597)
	at org.testng.internal.MethodInvocationHelper.invokeMethod(MethodInvocationHelper.java:80)
	at org.testng.internal.InvokeMethodRunnable.runOne(InvokeMethodRunnable.java:46)
	at org.testng.internal.InvokeMethodRunnable.run(InvokeMethodRunnable.java:37)
	at java.util.concurrent.Executors$RunnableAdapter.call(Executors.java:441)
	at java.util.concurrent.FutureTask$Sync.innerRun(FutureTask.java:303)
	at java.util.concurrent.FutureTask.run(FutureTask.java:138)
	at java.util.concurrent.ThreadPoolExecutor$Worker.runTask(ThreadPoolExecutor.java:886)
	at java.util.concurrent.ThreadPoolExecutor$Worker.run(ThreadPoolExecutor.java:908)
	at java.lang.Thread.run(Thread.java:662)
]]>
    </error>
  </testcase>
  <testcase name="createXMLPageObjectMap" time="30.514" classname="com.sharpqa.comparesolution.test.ComparisonTest"/>
  <testcase name="testXMLPageObjectMapAgainstExpeted" time="0.081" classname="com.sharpqa.comparesolution.test.ComparisonTest">
    <error type="java.lang.AssertionError" message="
Module:[FL01-grid]***********************
Expected CDATA section value &#039;http://test.film4.com/1/f4-special-features?wwq#&#039; 
but was &#039;http://test.film4.com/1/f4-special-features?ww3aq#&#039; - comparing &lt;![CDATA[http://test.film4.com/1/f4-special-features?wwq#]]&gt; 
at /page-map[1]/sections[1]/page-section[1]/areas[1]/area[1]/modules[1]/module[1]/webElementSetComponentBeans[1]/element-group[1]/links[1]/link[1]/href[1]/text()[1] to &lt;![CDATA[http://test.film4.com/1/f4-special-features?ww3aq#]]&gt; 
at /page-map[1]/sections[1]/page-section[1]/areas[1]/area[1]/modules[1]/module[1]/webElementSetComponentBeans[1]/element-group[1]/links[1]/link[1]/href[1]/text()[1]
***********************

Module:[FL01-grid]***********************
Expected CDATA section value &#039;http://test.film4.com/1/f4-special-features?wwq#&#039; 
but was &#039;http://test.film4.com/1/f4-special-features?ww3aq#&#039; - comparing &lt;![CDATA[http://test.film4.com/1/f4-special-features?wwq#]]&gt; 
at /page-map[1]/sections[1]/page-section[1]/areas[1]/area[1]/modules[1]/module[1]/webElementSetComponentBeans[1]/element-group[2]/links[1]/link[1]/href[1]/text()[1] to &lt;![CDATA[http://test.film4.com/1/f4-special-features?ww3aq#]]&gt; 
at /page-map[1]/sections[1]/page-section[1]/areas[1]/area[1]/modules[1]/module[1]/webElementSetComponentBeans[1]/element-group[2]/links[1]/link[1]/href[1]/text()[1]
***********************

Module:[FL01-grid]***********************
Expected CDATA section value &#039;http://test.film4.com/1/f4-special-features?wwq#&#039; 
but was &#039;http://test.film4.com/1/f4-special-features?ww3aq#&#039; - comparing &lt;![CDATA[http://test.film4.com/1/f4-special-features?wwq#]]&gt; 
at /page-map[1]/sections[1]/page-section[1]/areas[1]/area[1]/modules[1]/module[1]/webElementSetComponentBeans[1]/element-group[4]/links[1]/link[1]/href[1]/text()[1] to &lt;![CDATA[http://test.film4.com/1/f4-special-features?ww3aq#]]&gt; 
at /page-map[1]/sections[1]/page-section[1]/areas[1]/area[1]/modules[1]/module[1]/webElementSetComponentBeans[1]/element-group[4]/links[1]/link[1]/href[1]/text()[1]
***********************

Module:[FL01-grid]***********************
Expected CDATA section value &#039;http://test.film4.com/1/f4-special-features?wwq#&#039; 
but was &#039;http://test.film4.com/1/f4-special-features?ww3aq#&#039; - comparing &lt;![CDATA[http://test.film4.com/1/f4-special-features?wwq#]]&gt; 
at /page-map[1]/sections[1]/page-section[1]/areas[1]/area[1]/modules[1]/module[3]/webElementSetComponentBeans[1]/element-group[1]/links[1]/link[1]/href[1]/text()[1] to &lt;![CDATA[http://test.film4.com/1/f4-special-features?ww3aq#]]&gt; 
at /page-map[1]/sections[1]/page-section[1]/areas[1]/area[1]/modules[1]/module[3]/webElementSetComponentBeans[1]/element-group[1]/links[1]/link[1]/href[1]/text()[1]
***********************

Module:[FL01-grid]***********************
Expected CDATA section value &#039;http://test.film4.com/1/f4-special-features?wwq#&#039; 
but was &#039;http://test.film4.com/1/f4-special-features?ww3aq#&#039; - comparing &lt;![CDATA[http://test.film4.com/1/f4-special-features?wwq#]]&gt; 
at /page-map[1]/sections[1]/page-section[1]/areas[1]/area[1]/modules[1]/module[3]/webElementSetComponentBeans[1]/element-group[2]/links[1]/link[1]/href[1]/text()[1] to &lt;![CDATA[http://test.film4.com/1/f4-special-features?ww3aq#]]&gt; 
at /page-map[1]/sections[1]/page-section[1]/areas[1]/area[1]/modules[1]/module[3]/webElementSetComponentBeans[1]/element-group[2]/links[1]/link[1]/href[1]/text()[1]
***********************

Module:[FL01-grid]***********************
Expected CDATA section value &#039;http://test.film4.com/1/f4-special-features?wwq#&#039; 
but was &#039;http://test.film4.com/1/f4-special-features?ww3aq#&#039; - comparing &lt;![CDATA[http://test.film4.com/1/f4-special-features?wwq#]]&gt; 
at /page-map[1]/sections[1]/page-section[1]/areas[1]/area[1]/modules[1]/module[3]/webElementSetComponentBeans[1]/element-group[3]/links[1]/link[1]/href[1]/text()[1] to &lt;![CDATA[http://test.film4.com/1/f4-special-features?ww3aq#]]&gt; 
at /page-map[1]/sections[1]/page-section[1]/areas[1]/area[1]/modules[1]/module[3]/webElementSetComponentBeans[1]/element-group[3]/links[1]/link[1]/href[1]/text()[1]
***********************

Module:[FL01-grid]***********************
Expected CDATA section value &#039;http://test.film4.com/1/f4-special-features?wwq#&#039; 
but was &#039;http://test.film4.com/1/f4-special-features?ww3aq#&#039; - comparing &lt;![CDATA[http://test.film4.com/1/f4-special-features?wwq#]]&gt; 
at /page-map[1]/sections[1]/page-section[1]/areas[1]/area[1]/modules[1]/module[3]/webElementSetComponentBeans[1]/element-group[4]/links[1]/link[1]/href[1]/text()[1] to &lt;![CDATA[http://test.film4.com/1/f4-special-features?ww3aq#]]&gt; 
at /page-map[1]/sections[1]/page-section[1]/areas[1]/area[1]/modules[1]/module[3]/webElementSetComponentBeans[1]/element-group[4]/links[1]/link[1]/href[1]/text()[1]
***********************

Module:[FL01-grid]***********************
Expected CDATA section value &#039;http://test.film4.com/1/f4-special-features?wwq#&#039; 
but was &#039;http://test.film4.com/1/f4-special-features?ww3aq#&#039; - comparing &lt;![CDATA[http://test.film4.com/1/f4-special-features?wwq#]]&gt; 
at /page-map[1]/sections[1]/page-section[1]/areas[1]/area[2]/modules[1]/module[1]/webElementSetComponentBeans[1]/element-group[2]/links[1]/link[1]/href[1]/text()[1] to &lt;![CDATA[http://test.film4.com/1/f4-special-features?ww3aq#]]&gt; 
at /page-map[1]/sections[1]/page-section[1]/areas[1]/area[2]/modules[1]/module[1]/webElementSetComponentBeans[1]/element-group[2]/links[1]/link[1]/href[1]/text()[1]
***********************

Module:[FL01-grid]***********************
Expected CDATA section value &#039;http://test.film4.com/1/f4-special-features?wwq#&#039; 
but was &#039;http://test.film4.com/1/f4-special-features?ww3aq#&#039; - comparing &lt;![CDATA[http://test.film4.com/1/f4-special-features?wwq#]]&gt; 
at /page-map[1]/sections[1]/page-section[1]/areas[1]/area[2]/modules[1]/module[1]/webElementSetComponentBeans[1]/element-group[3]/links[1]/link[1]/href[1]/text()[1] to &lt;![CDATA[http://test.film4.com/1/f4-special-features?ww3aq#]]&gt; 
at /page-map[1]/sections[1]/page-section[1]/areas[1]/area[2]/modules[1]/module[1]/webElementSetComponentBeans[1]/element-group[3]/links[1]/link[1]/href[1]/text()[1]
***********************

Module:[FL01-grid]***********************
Expected CDATA section value &#039;http://test.film4.com/1/f4-special-features?wwq#&#039; 
but was &#039;http://test.film4.com/1/f4-special-features?ww3aq#&#039; - comparing &lt;![CDATA[http://test.film4.com/1/f4-special-features?wwq#]]&gt; 
at /page-map[1]/sections[1]/page-section[1]/areas[1]/area[2]/modules[1]/module[1]/webElementSetComponentBeans[1]/element-group[4]/links[1]/link[1]/href[1]/text()[1] to &lt;![CDATA[http://test.film4.com/1/f4-special-features?ww3aq#]]&gt; 
at /page-map[1]/sections[1]/page-section[1]/areas[1]/area[2]/modules[1]/module[1]/webElementSetComponentBeans[1]/element-group[4]/links[1]/link[1]/href[1]/text()[1]
***********************

Module:[FL01-grid]***********************
Expected CDATA section value &#039;http://test.film4.com/1/f4-special-features?wwq#&#039; 
but was &#039;http://test.film4.com/1/f4-special-features?ww3aq#&#039; - comparing &lt;![CDATA[http://test.film4.com/1/f4-special-features?wwq#]]&gt; 
at /page-map[1]/sections[1]/page-section[1]/areas[1]/area[3]/modules[1]/module[1]/webElementSetComponentBeans[1]/element-group[1]/links[1]/link[1]/href[1]/text()[1] to &lt;![CDATA[http://test.film4.com/1/f4-special-features?ww3aq#]]&gt; 
at /page-map[1]/sections[1]/page-section[1]/areas[1]/area[3]/modules[1]/module[1]/webElementSetComponentBeans[1]/element-group[1]/links[1]/link[1]/href[1]/text()[1]
***********************

Module:[FL01-grid]***********************
Expected CDATA section value &#039;http://test.film4.com/1/f4-special-features?wwq#&#039; 
but was &#039;http://test.film4.com/1/f4-special-features?ww3aq#&#039; - comparing &lt;![CDATA[http://test.film4.com/1/f4-special-features?wwq#]]&gt; 
at /page-map[1]/sections[1]/page-section[1]/areas[1]/area[3]/modules[1]/module[1]/webElementSetComponentBeans[1]/element-group[2]/links[1]/link[1]/href[1]/text()[1] to &lt;![CDATA[http://test.film4.com/1/f4-special-features?ww3aq#]]&gt; 
at /page-map[1]/sections[1]/page-section[1]/areas[1]/area[3]/modules[1]/module[1]/webElementSetComponentBeans[1]/element-group[2]/links[1]/link[1]/href[1]/text()[1]
***********************

Module:[FL01-grid]***********************
Expected CDATA section value &#039;http://test.film4.com/1/f4-special-features?wwq#&#039; 
but was &#039;http://test.film4.com/1/f4-special-features?ww3aq#&#039; - comparing &lt;![CDATA[http://test.film4.com/1/f4-special-features?wwq#]]&gt; 
at /page-map[1]/sections[1]/page-section[1]/areas[1]/area[3]/modules[1]/module[1]/webElementSetComponentBeans[1]/element-group[3]/links[1]/link[1]/href[1]/text()[1] to &lt;![CDATA[http://test.film4.com/1/f4-special-features?ww3aq#]]&gt; 
at /page-map[1]/sections[1]/page-section[1]/areas[1]/area[3]/modules[1]/module[1]/webElementSetComponentBeans[1]/element-group[3]/links[1]/link[1]/href[1]/text()[1]
***********************

Module:[FL01-grid]***********************
Expected CDATA section value &#039;http://test.film4.com/1/f4-special-features?wwq#&#039; 
but was &#039;http://test.film4.com/1/f4-special-features?ww3aq#&#039; - comparing &lt;![CDATA[http://test.film4.com/1/f4-special-features?wwq#]]&gt; 
at /page-map[1]/sections[1]/page-section[1]/areas[1]/area[3]/modules[1]/module[1]/webElementSetComponentBeans[1]/element-group[4]/links[1]/link[1]/href[1]/text()[1] to &lt;![CDATA[http://test.film4.com/1/f4-special-features?ww3aq#]]&gt; 
at /page-map[1]/sections[1]/page-section[1]/areas[1]/area[3]/modules[1]/module[1]/webElementSetComponentBeans[1]/element-group[4]/links[1]/link[1]/href[1]/text()[1]
***********************

Module:[SN02]***********************
Expected CDATA section value &#039;http://test.film4.com/1/f4-special-features?wwq#&#039; 
but was &#039;http://test.film4.com/1/f4-special-features?ww3aq#&#039; - comparing &lt;![CDATA[http://test.film4.com/1/f4-special-features?wwq#]]&gt; 
at /page-map[1]/sections[1]/page-section[2]/areas[1]/area[1]/modules[1]/module[3]/webElementSetComponentBeans[1]/element-group[1]/imageLinks[1]/picture-link[1]/href[1]/text()[1] to &lt;![CDATA[http://test.film4.com/1/f4-special-features?ww3aq#]]&gt; 
at /page-map[1]/sections[1]/page-section[2]/areas[1]/area[1]/modules[1]/module[3]/webElementSetComponentBeans[1]/element-group[1]/imageLinks[1]/picture-link[1]/href[1]/text()[1]
***********************

Module:[SN02]***********************
Expected CDATA section value &#039;http://test.film4.com/1/f4-special-features?wwq#&#039; 
but was &#039;http://test.film4.com/1/f4-special-features?ww3aq#&#039; - comparing &lt;![CDATA[http://test.film4.com/1/f4-special-features?wwq#]]&gt; 
at /page-map[1]/sections[1]/page-section[2]/areas[1]/area[1]/modules[1]/module[3]/webElementSetComponentBeans[1]/element-group[1]/imageLinks[1]/picture-link[2]/href[1]/text()[1] to &lt;![CDATA[http://test.film4.com/1/f4-special-features?ww3aq#]]&gt; 
at /page-map[1]/sections[1]/page-section[2]/areas[1]/area[1]/modules[1]/module[3]/webElementSetComponentBeans[1]/element-group[1]/imageLinks[1]/picture-link[2]/href[1]/text()[1]
***********************

Module:[SN02]***********************
Expected CDATA section value &#039;http://test.film4.com/1/f4-special-features?wwq#&#039; 
but was &#039;http://test.film4.com/1/f4-special-features?ww3aq#&#039; - comparing &lt;![CDATA[http://test.film4.com/1/f4-special-features?wwq#]]&gt; 
at /page-map[1]/sections[1]/page-section[2]/areas[1]/area[1]/modules[1]/module[3]/webElementSetComponentBeans[1]/element-group[1]/imageLinks[1]/picture-link[3]/href[1]/text()[1] to &lt;![CDATA[http://test.film4.com/1/f4-special-features?ww3aq#]]&gt; 
at /page-map[1]/sections[1]/page-section[2]/areas[1]/area[1]/modules[1]/module[3]/webElementSetComponentBeans[1]/element-group[1]/imageLinks[1]/picture-link[3]/href[1]/text()[1]
***********************

Module:[SN02]***********************
Expected CDATA section value &#039;http://test.film4.com/1/f4-special-features?wwq#&#039; 
but was &#039;http://test.film4.com/1/f4-special-features?ww3aq#&#039; - comparing &lt;![CDATA[http://test.film4.com/1/f4-special-features?wwq#]]&gt; 
at /page-map[1]/sections[1]/page-section[2]/areas[1]/area[1]/modules[1]/module[3]/webElementSetComponentBeans[1]/element-group[1]/imageLinks[1]/picture-link[4]/href[1]/text()[1] to &lt;![CDATA[http://test.film4.com/1/f4-special-features?ww3aq#]]&gt; 
at /page-map[1]/sections[1]/page-section[2]/areas[1]/area[1]/modules[1]/module[3]/webElementSetComponentBeans[1]/element-group[1]/imageLinks[1]/picture-link[4]/href[1]/text()[1]
***********************
">
        <![CDATA[java.lang.AssertionError:
Module:[FL01-grid]***********************
Expected CDATA section value 'http://test.film4.com/1/f4-special-features?wwq#' 
but was 'http://test.film4.com/1/f4-special-features?ww3aq#' - comparing <![CDATA[http://test.film4.com/1/f4-special-features?wwq#]]]]>
        <![CDATA[>
at /page-map[1]/sections[1]/page-section[1]/areas[1]/area[1]/modules[1]/module[1]/webElementSetComponentBeans[1]/element-group[1]/links[1]/link[1]/href[1]/text()[1] to <![CDATA[http://test.film4.com/1/f4-special-features?ww3aq#]]]]>
        <![CDATA[>
at /page-map[1]/sections[1]/page-section[1]/areas[1]/area[1]/modules[1]/module[1]/webElementSetComponentBeans[1]/element-group[1]/links[1]/link[1]/href[1]/text()[1]
***********************

Module:[FL01-grid]***********************
Expected CDATA section value 'http://test.film4.com/1/f4-special-features?wwq#' 
but was 'http://test.film4.com/1/f4-special-features?ww3aq#' - comparing <![CDATA[http://test.film4.com/1/f4-special-features?wwq#]]]]>
        <![CDATA[>
at /page-map[1]/sections[1]/page-section[1]/areas[1]/area[1]/modules[1]/module[1]/webElementSetComponentBeans[1]/element-group[2]/links[1]/link[1]/href[1]/text()[1] to <![CDATA[http://test.film4.com/1/f4-special-features?ww3aq#]]]]>
        <![CDATA[>
at /page-map[1]/sections[1]/page-section[1]/areas[1]/area[1]/modules[1]/module[1]/webElementSetComponentBeans[1]/element-group[2]/links[1]/link[1]/href[1]/text()[1]
***********************

Module:[FL01-grid]***********************
Expected CDATA section value 'http://test.film4.com/1/f4-special-features?wwq#' 
but was 'http://test.film4.com/1/f4-special-features?ww3aq#' - comparing <![CDATA[http://test.film4.com/1/f4-special-features?wwq#]]]]>
        <![CDATA[>
at /page-map[1]/sections[1]/page-section[1]/areas[1]/area[1]/modules[1]/module[1]/webElementSetComponentBeans[1]/element-group[4]/links[1]/link[1]/href[1]/text()[1] to <![CDATA[http://test.film4.com/1/f4-special-features?ww3aq#]]]]>
        <![CDATA[>
at /page-map[1]/sections[1]/page-section[1]/areas[1]/area[1]/modules[1]/module[1]/webElementSetComponentBeans[1]/element-group[4]/links[1]/link[1]/href[1]/text()[1]
***********************

Module:[FL01-grid]***********************
Expected CDATA section value 'http://test.film4.com/1/f4-special-features?wwq#' 
but was 'http://test.film4.com/1/f4-special-features?ww3aq#' - comparing <![CDATA[http://test.film4.com/1/f4-special-features?wwq#]]]]>
        <![CDATA[>
at /page-map[1]/sections[1]/page-section[1]/areas[1]/area[1]/modules[1]/module[3]/webElementSetComponentBeans[1]/element-group[1]/links[1]/link[1]/href[1]/text()[1] to <![CDATA[http://test.film4.com/1/f4-special-features?ww3aq#]]]]>
        <![CDATA[>
at /page-map[1]/sections[1]/page-section[1]/areas[1]/area[1]/modules[1]/module[3]/webElementSetComponentBeans[1]/element-group[1]/links[1]/link[1]/href[1]/text()[1]
***********************

Module:[FL01-grid]***********************
Expected CDATA section value 'http://test.film4.com/1/f4-special-features?wwq#' 
but was 'http://test.film4.com/1/f4-special-features?ww3aq#' - comparing <![CDATA[http://test.film4.com/1/f4-special-features?wwq#]]]]>
        <![CDATA[>
at /page-map[1]/sections[1]/page-section[1]/areas[1]/area[1]/modules[1]/module[3]/webElementSetComponentBeans[1]/element-group[2]/links[1]/link[1]/href[1]/text()[1] to <![CDATA[http://test.film4.com/1/f4-special-features?ww3aq#]]]]>
        <![CDATA[>
at /page-map[1]/sections[1]/page-section[1]/areas[1]/area[1]/modules[1]/module[3]/webElementSetComponentBeans[1]/element-group[2]/links[1]/link[1]/href[1]/text()[1]
***********************

Module:[FL01-grid]***********************
Expected CDATA section value 'http://test.film4.com/1/f4-special-features?wwq#' 
but was 'http://test.film4.com/1/f4-special-features?ww3aq#' - comparing <![CDATA[http://test.film4.com/1/f4-special-features?wwq#]]]]>
        <![CDATA[>
at /page-map[1]/sections[1]/page-section[1]/areas[1]/area[1]/modules[1]/module[3]/webElementSetComponentBeans[1]/element-group[3]/links[1]/link[1]/href[1]/text()[1] to <![CDATA[http://test.film4.com/1/f4-special-features?ww3aq#]]]]>
        <![CDATA[>
at /page-map[1]/sections[1]/page-section[1]/areas[1]/area[1]/modules[1]/module[3]/webElementSetComponentBeans[1]/element-group[3]/links[1]/link[1]/href[1]/text()[1]
***********************

Module:[FL01-grid]***********************
Expected CDATA section value 'http://test.film4.com/1/f4-special-features?wwq#' 
but was 'http://test.film4.com/1/f4-special-features?ww3aq#' - comparing <![CDATA[http://test.film4.com/1/f4-special-features?wwq#]]]]>
        <![CDATA[>
at /page-map[1]/sections[1]/page-section[1]/areas[1]/area[1]/modules[1]/module[3]/webElementSetComponentBeans[1]/element-group[4]/links[1]/link[1]/href[1]/text()[1] to <![CDATA[http://test.film4.com/1/f4-special-features?ww3aq#]]]]>
        <![CDATA[>
at /page-map[1]/sections[1]/page-section[1]/areas[1]/area[1]/modules[1]/module[3]/webElementSetComponentBeans[1]/element-group[4]/links[1]/link[1]/href[1]/text()[1]
***********************

Module:[FL01-grid]***********************
Expected CDATA section value 'http://test.film4.com/1/f4-special-features?wwq#' 
but was 'http://test.film4.com/1/f4-special-features?ww3aq#' - comparing <![CDATA[http://test.film4.com/1/f4-special-features?wwq#]]]]>
        <![CDATA[>
at /page-map[1]/sections[1]/page-section[1]/areas[1]/area[2]/modules[1]/module[1]/webElementSetComponentBeans[1]/element-group[2]/links[1]/link[1]/href[1]/text()[1] to <![CDATA[http://test.film4.com/1/f4-special-features?ww3aq#]]]]>
        <![CDATA[>
at /page-map[1]/sections[1]/page-section[1]/areas[1]/area[2]/modules[1]/module[1]/webElementSetComponentBeans[1]/element-group[2]/links[1]/link[1]/href[1]/text()[1]
***********************

Module:[FL01-grid]***********************
Expected CDATA section value 'http://test.film4.com/1/f4-special-features?wwq#' 
but was 'http://test.film4.com/1/f4-special-features?ww3aq#' - comparing <![CDATA[http://test.film4.com/1/f4-special-features?wwq#]]]]>
        <![CDATA[>
at /page-map[1]/sections[1]/page-section[1]/areas[1]/area[2]/modules[1]/module[1]/webElementSetComponentBeans[1]/element-group[3]/links[1]/link[1]/href[1]/text()[1] to <![CDATA[http://test.film4.com/1/f4-special-features?ww3aq#]]]]>
        <![CDATA[>
at /page-map[1]/sections[1]/page-section[1]/areas[1]/area[2]/modules[1]/module[1]/webElementSetComponentBeans[1]/element-group[3]/links[1]/link[1]/href[1]/text()[1]
***********************

Module:[FL01-grid]***********************
Expected CDATA section value 'http://test.film4.com/1/f4-special-features?wwq#' 
but was 'http://test.film4.com/1/f4-special-features?ww3aq#' - comparing <![CDATA[http://test.film4.com/1/f4-special-features?wwq#]]]]>
        <![CDATA[>
at /page-map[1]/sections[1]/page-section[1]/areas[1]/area[2]/modules[1]/module[1]/webElementSetComponentBeans[1]/element-group[4]/links[1]/link[1]/href[1]/text()[1] to <![CDATA[http://test.film4.com/1/f4-special-features?ww3aq#]]]]>
        <![CDATA[>
at /page-map[1]/sections[1]/page-section[1]/areas[1]/area[2]/modules[1]/module[1]/webElementSetComponentBeans[1]/element-group[4]/links[1]/link[1]/href[1]/text()[1]
***********************

Module:[FL01-grid]***********************
Expected CDATA section value 'http://test.film4.com/1/f4-special-features?wwq#' 
but was 'http://test.film4.com/1/f4-special-features?ww3aq#' - comparing <![CDATA[http://test.film4.com/1/f4-special-features?wwq#]]]]>
        <![CDATA[>
at /page-map[1]/sections[1]/page-section[1]/areas[1]/area[3]/modules[1]/module[1]/webElementSetComponentBeans[1]/element-group[1]/links[1]/link[1]/href[1]/text()[1] to <![CDATA[http://test.film4.com/1/f4-special-features?ww3aq#]]]]>
        <![CDATA[>
at /page-map[1]/sections[1]/page-section[1]/areas[1]/area[3]/modules[1]/module[1]/webElementSetComponentBeans[1]/element-group[1]/links[1]/link[1]/href[1]/text()[1]
***********************

Module:[FL01-grid]***********************
Expected CDATA section value 'http://test.film4.com/1/f4-special-features?wwq#' 
but was 'http://test.film4.com/1/f4-special-features?ww3aq#' - comparing <![CDATA[http://test.film4.com/1/f4-special-features?wwq#]]]]>
        <![CDATA[>
at /page-map[1]/sections[1]/page-section[1]/areas[1]/area[3]/modules[1]/module[1]/webElementSetComponentBeans[1]/element-group[2]/links[1]/link[1]/href[1]/text()[1] to <![CDATA[http://test.film4.com/1/f4-special-features?ww3aq#]]]]>
        <![CDATA[>
at /page-map[1]/sections[1]/page-section[1]/areas[1]/area[3]/modules[1]/module[1]/webElementSetComponentBeans[1]/element-group[2]/links[1]/link[1]/href[1]/text()[1]
***********************

Module:[FL01-grid]***********************
Expected CDATA section value 'http://test.film4.com/1/f4-special-features?wwq#' 
but was 'http://test.film4.com/1/f4-special-features?ww3aq#' - comparing <![CDATA[http://test.film4.com/1/f4-special-features?wwq#]]]]>
        <![CDATA[>
at /page-map[1]/sections[1]/page-section[1]/areas[1]/area[3]/modules[1]/module[1]/webElementSetComponentBeans[1]/element-group[3]/links[1]/link[1]/href[1]/text()[1] to <![CDATA[http://test.film4.com/1/f4-special-features?ww3aq#]]]]>
        <![CDATA[>
at /page-map[1]/sections[1]/page-section[1]/areas[1]/area[3]/modules[1]/module[1]/webElementSetComponentBeans[1]/element-group[3]/links[1]/link[1]/href[1]/text()[1]
***********************

Module:[FL01-grid]***********************
Expected CDATA section value 'http://test.film4.com/1/f4-special-features?wwq#' 
but was 'http://test.film4.com/1/f4-special-features?ww3aq#' - comparing <![CDATA[http://test.film4.com/1/f4-special-features?wwq#]]]]>
        <![CDATA[>
at /page-map[1]/sections[1]/page-section[1]/areas[1]/area[3]/modules[1]/module[1]/webElementSetComponentBeans[1]/element-group[4]/links[1]/link[1]/href[1]/text()[1] to <![CDATA[http://test.film4.com/1/f4-special-features?ww3aq#]]]]>
        <![CDATA[>
at /page-map[1]/sections[1]/page-section[1]/areas[1]/area[3]/modules[1]/module[1]/webElementSetComponentBeans[1]/element-group[4]/links[1]/link[1]/href[1]/text()[1]
***********************

Module:[SN02]***********************
Expected CDATA section value 'http://test.film4.com/1/f4-special-features?wwq#' 
but was 'http://test.film4.com/1/f4-special-features?ww3aq#' - comparing <![CDATA[http://test.film4.com/1/f4-special-features?wwq#]]]]>
        <![CDATA[>
at /page-map[1]/sections[1]/page-section[2]/areas[1]/area[1]/modules[1]/module[3]/webElementSetComponentBeans[1]/element-group[1]/imageLinks[1]/picture-link[1]/href[1]/text()[1] to <![CDATA[http://test.film4.com/1/f4-special-features?ww3aq#]]]]>
        <![CDATA[>
at /page-map[1]/sections[1]/page-section[2]/areas[1]/area[1]/modules[1]/module[3]/webElementSetComponentBeans[1]/element-group[1]/imageLinks[1]/picture-link[1]/href[1]/text()[1]
***********************

Module:[SN02]***********************
Expected CDATA section value 'http://test.film4.com/1/f4-special-features?wwq#' 
but was 'http://test.film4.com/1/f4-special-features?ww3aq#' - comparing <![CDATA[http://test.film4.com/1/f4-special-features?wwq#]]]]>
        <![CDATA[>
at /page-map[1]/sections[1]/page-section[2]/areas[1]/area[1]/modules[1]/module[3]/webElementSetComponentBeans[1]/element-group[1]/imageLinks[1]/picture-link[2]/href[1]/text()[1] to <![CDATA[http://test.film4.com/1/f4-special-features?ww3aq#]]]]>
        <![CDATA[>
at /page-map[1]/sections[1]/page-section[2]/areas[1]/area[1]/modules[1]/module[3]/webElementSetComponentBeans[1]/element-group[1]/imageLinks[1]/picture-link[2]/href[1]/text()[1]
***********************

Module:[SN02]***********************
Expected CDATA section value 'http://test.film4.com/1/f4-special-features?wwq#' 
but was 'http://test.film4.com/1/f4-special-features?ww3aq#' - comparing <![CDATA[http://test.film4.com/1/f4-special-features?wwq#]]]]>
        <![CDATA[>
at /page-map[1]/sections[1]/page-section[2]/areas[1]/area[1]/modules[1]/module[3]/webElementSetComponentBeans[1]/element-group[1]/imageLinks[1]/picture-link[3]/href[1]/text()[1] to <![CDATA[http://test.film4.com/1/f4-special-features?ww3aq#]]]]>
        <![CDATA[>
at /page-map[1]/sections[1]/page-section[2]/areas[1]/area[1]/modules[1]/module[3]/webElementSetComponentBeans[1]/element-group[1]/imageLinks[1]/picture-link[3]/href[1]/text()[1]
***********************

Module:[SN02]***********************
Expected CDATA section value 'http://test.film4.com/1/f4-special-features?wwq#' 
but was 'http://test.film4.com/1/f4-special-features?ww3aq#' - comparing <![CDATA[http://test.film4.com/1/f4-special-features?wwq#]]]]>
        <![CDATA[>
at /page-map[1]/sections[1]/page-section[2]/areas[1]/area[1]/modules[1]/module[3]/webElementSetComponentBeans[1]/element-group[1]/imageLinks[1]/picture-link[4]/href[1]/text()[1] to <![CDATA[http://test.film4.com/1/f4-special-features?ww3aq#]]]]>
        <![CDATA[>
at /page-map[1]/sections[1]/page-section[2]/areas[1]/area[1]/modules[1]/module[3]/webElementSetComponentBeans[1]/element-group[1]/imageLinks[1]/picture-link[4]/href[1]/text()[1]
***********************

	at org.testng.Assert.fail(Assert.java:89)
	at com.sharpqa.comparesolution.test.ComparisonTest.testXMLPageObjectMapAgainstExpeted(ComparisonTest.java:54)
	at sun.reflect.GeneratedMethodAccessor14.invoke(Unknown Source)
	at sun.reflect.DelegatingMethodAccessorImpl.invoke(DelegatingMethodAccessorImpl.java:25)
	at java.lang.reflect.Method.invoke(Method.java:597)
	at org.testng.internal.MethodInvocationHelper.invokeMethod(MethodInvocationHelper.java:80)
	at org.testng.internal.InvokeMethodRunnable.runOne(InvokeMethodRunnable.java:46)
	at org.testng.internal.InvokeMethodRunnable.run(InvokeMethodRunnable.java:37)
	at java.util.concurrent.Executors$RunnableAdapter.call(Executors.java:441)
	at java.util.concurrent.FutureTask$Sync.innerRun(FutureTask.java:303)
	at java.util.concurrent.FutureTask.run(FutureTask.java:138)
	at java.util.concurrent.ThreadPoolExecutor$Worker.runTask(ThreadPoolExecutor.java:886)
	at java.util.concurrent.ThreadPoolExecutor$Worker.run(ThreadPoolExecutor.java:908)
	at java.lang.Thread.run(Thread.java:662)
]]>
    </error>
  </testcase>
  <testcase name="createXMLPageObjectMap" time="76.904" classname="com.sharpqa.comparesolution.test.ComparisonTest"/>
  <testcase name="createXMLPageObjectMap" time="119.468" classname="com.sharpqa.comparesolution.test.ComparisonTest"/>
  <testcase name="testXMLPageObjectMapAgainstExpeted" time="0.409" classname="com.sharpqa.comparesolution.test.ComparisonTest">
    <error type="java.lang.AssertionError" message="
Module:[AI01]***********************
Expected CDATA section value &#039;http://test.film4.com/reviews/2008/slumdog-millionaire?asdsc#&#039; 
but was &#039;http://test.film4.com/reviews/2008/slumdog-millionaire?as3dsc#&#039; - comparing &lt;![CDATA[http://test.film4.com/reviews/2008/slumdog-millionaire?asdsc#]]&gt; 
at /page-map[1]/sections[1]/page-section[1]/areas[1]/area[1]/modules[1]/module[1]/webElementSetComponentBeans[1]/element-group[1]/links[1]/link[1]/href[1]/text()[1] to &lt;![CDATA[http://test.film4.com/reviews/2008/slumdog-millionaire?as3dsc#]]&gt; 
at /page-map[1]/sections[1]/page-section[1]/areas[1]/area[1]/modules[1]/module[1]/webElementSetComponentBeans[1]/element-group[1]/links[1]/link[1]/href[1]/text()[1]
***********************

Module:[AT06]***********************
Expected CDATA section value &#039;http://test.film4.com/reviews/2008/slumdog-millionaire?asdsc#tab0&#039; 
but was &#039;http://test.film4.com/reviews/2008/slumdog-millionaire?as3dsc#tab0&#039; - comparing &lt;![CDATA[http://test.film4.com/reviews/2008/slumdog-millionaire?asdsc#tab0]]&gt; 
at /page-map[1]/sections[1]/page-section[1]/areas[1]/area[1]/modules[1]/module[3]/webElementSetComponentBeans[1]/element-group[1]/links[1]/link[1]/href[1]/text()[1] to &lt;![CDATA[http://test.film4.com/reviews/2008/slumdog-millionaire?as3dsc#tab0]]&gt; 
at /page-map[1]/sections[1]/page-section[1]/areas[1]/area[1]/modules[1]/module[3]/webElementSetComponentBeans[1]/element-group[1]/links[1]/link[1]/href[1]/text()[1]
***********************

Module:[AT06]***********************
Expected CDATA section value &#039;http://test.film4.com/reviews/2008/slumdog-millionaire?asdsc#cast&#039; 
but was &#039;http://test.film4.com/reviews/2008/slumdog-millionaire?as3dsc#cast&#039; - comparing &lt;![CDATA[http://test.film4.com/reviews/2008/slumdog-millionaire?asdsc#cast]]&gt; 
at /page-map[1]/sections[1]/page-section[1]/areas[1]/area[1]/modules[1]/module[3]/webElementSetComponentBeans[1]/element-group[1]/links[1]/link[2]/href[1]/text()[1] to &lt;![CDATA[http://test.film4.com/reviews/2008/slumdog-millionaire?as3dsc#cast]]&gt; 
at /page-map[1]/sections[1]/page-section[1]/areas[1]/area[1]/modules[1]/module[3]/webElementSetComponentBeans[1]/element-group[1]/links[1]/link[2]/href[1]/text()[1]
***********************

Module:[AV07]***********************
Expected CDATA section value &#039;http://test.film4.com/media/images/Channel4/film/T/trainspotting_xl_03_MED.jpg&#039; 
but was &#039;http://test.film4.com/media/images/Channel4/film/T/trainspotting_xl_03_LRG.jpg&#039; - comparing &lt;![CDATA[http://test.film4.com/media/images/Channel4/film/T/trainspotting_xl_03_MED.jpg]]&gt; 
at /page-map[1]/sections[1]/page-section[1]/areas[1]/area[2]/modules[1]/module[1]/elementGroups[1]/element-group[2]/images[1]/picture[1]/src[1]/text()[1] to &lt;![CDATA[http://test.film4.com/media/images/Channel4/film/T/trainspotting_xl_03_LRG.jpg]]&gt; 
at /page-map[1]/sections[1]/page-section[1]/areas[1]/area[2]/modules[1]/module[1]/elementGroups[1]/element-group[2]/images[1]/picture[1]/src[1]/text()[1]
***********************

Module:[FL01-default]***********************
Expected CDATA section value &#039;http://test.film4.com/reviews/2008/slumdog-millionaire?asdsc#&#039; 
but was &#039;http://test.film4.com/reviews/2008/slumdog-millionaire?as3dsc#&#039; - comparing &lt;![CDATA[http://test.film4.com/reviews/2008/slumdog-millionaire?asdsc#]]&gt; 
at /page-map[1]/sections[1]/page-section[1]/areas[1]/area[3]/modules[1]/module[1]/webElementSetComponentBeans[1]/element-group[1]/links[1]/link[1]/href[1]/text()[1] to &lt;![CDATA[http://test.film4.com/reviews/2008/slumdog-millionaire?as3dsc#]]&gt; 
at /page-map[1]/sections[1]/page-section[1]/areas[1]/area[3]/modules[1]/module[1]/webElementSetComponentBeans[1]/element-group[1]/links[1]/link[1]/href[1]/text()[1]
***********************

Module:[FL01-default]***********************
Expected CDATA section value &#039;Psycho 1998&#039; 
but was &#039;Hail! Hail! Rock &#039;N&#039; Roll&#039; - comparing &lt;![CDATA[Psycho 1998]]&gt; 
at /page-map[1]/sections[1]/page-section[1]/areas[1]/area[3]/modules[1]/module[1]/webElementSetComponentBeans[1]/element-group[1]/links[1]/link[2]/linkText[1]/text()[1] to &lt;![CDATA[Hail! Hail! Rock &#039;N&#039; Roll]]&gt; 
at /page-map[1]/sections[1]/page-section[1]/areas[1]/area[3]/modules[1]/module[1]/webElementSetComponentBeans[1]/element-group[1]/links[1]/link[2]/linkText[1]/text()[1]
***********************

Module:[FL01-default]***********************
Expected CDATA section value &#039;http://test.film4.com/reviews/1998/psycho-1998&#039; 
but was &#039;http://test.film4.com/reviews/1987/hail-hail-rock-n-roll&#039; - comparing &lt;![CDATA[http://test.film4.com/reviews/1998/psycho-1998]]&gt; 
at /page-map[1]/sections[1]/page-section[1]/areas[1]/area[3]/modules[1]/module[1]/webElementSetComponentBeans[1]/element-group[1]/links[1]/link[2]/href[1]/text()[1] to &lt;![CDATA[http://test.film4.com/reviews/1987/hail-hail-rock-n-roll]]&gt; 
at /page-map[1]/sections[1]/page-section[1]/areas[1]/area[3]/modules[1]/module[1]/webElementSetComponentBeans[1]/element-group[1]/links[1]/link[2]/href[1]/text()[1]
***********************

Module:[FL01-default]***********************
Expected CDATA section value &#039;http://test.film4.com/reviews/1998/psycho-1998&#039; 
but was &#039;http://test.film4.com/reviews/1987/hail-hail-rock-n-roll&#039; - comparing &lt;![CDATA[http://test.film4.com/reviews/1998/psycho-1998]]&gt; 
at /page-map[1]/sections[1]/page-section[1]/areas[1]/area[3]/modules[1]/module[1]/webElementSetComponentBeans[1]/element-group[1]/imageLinks[1]/picture-link[1]/href[1]/text()[1] to &lt;![CDATA[http://test.film4.com/reviews/1987/hail-hail-rock-n-roll]]&gt; 
at /page-map[1]/sections[1]/page-section[1]/areas[1]/area[3]/modules[1]/module[1]/webElementSetComponentBeans[1]/element-group[1]/imageLinks[1]/picture-link[1]/href[1]/text()[1]
***********************

Module:[FL01-default]***********************
Expected CDATA section value &#039;http://test.film4.com/media/images/Film4/images/P/psycho-1998-01_MED.jpg&#039; 
but was &#039;http://test.film4.com/media/images/Film4/film4-default-image_MED.jpg&#039; - comparing &lt;![CDATA[http://test.film4.com/media/images/Film4/images/P/psycho-1998-01_MED.jpg]]&gt; 
at /page-map[1]/sections[1]/page-section[1]/areas[1]/area[3]/modules[1]/module[1]/webElementSetComponentBeans[1]/element-group[1]/imageLinks[1]/picture-link[1]/src[1]/text()[1] to &lt;![CDATA[http://test.film4.com/media/images/Film4/film4-default-image_MED.jpg]]&gt; 
at /page-map[1]/sections[1]/page-section[1]/areas[1]/area[3]/modules[1]/module[1]/webElementSetComponentBeans[1]/element-group[1]/imageLinks[1]/picture-link[1]/src[1]/text()[1]
***********************

Module:[FL01-default]***********************
Expected text value &#039;53&#039; 
but was &#039;70&#039; - comparing &lt;height ...&gt;53&lt;/height&gt; 
at /page-map[1]/sections[1]/page-section[1]/areas[1]/area[3]/modules[1]/module[1]/webElementSetComponentBeans[1]/element-group[1]/imageLinks[1]/picture-link[1]/height[1]/text()[1] to &lt;height ...&gt;70&lt;/height&gt; 
at /page-map[1]/sections[1]/page-section[1]/areas[1]/area[3]/modules[1]/module[1]/webElementSetComponentBeans[1]/element-group[1]/imageLinks[1]/picture-link[1]/height[1]/text()[1]
***********************

Module:[FL01-default]***********************
Expected CDATA section value &#039;How do you improve on cinematic perfection? Not by turning in lacklustre...&#039; 
but was &#039;synopsis&#039; - comparing &lt;![CDATA[How do you improve on cinematic perfection? Not by turning in lacklustre...]]&gt; 
at /page-map[1]/sections[1]/page-section[1]/areas[1]/area[3]/modules[1]/module[1]/webElementSetComponentBeans[1]/element-group[1]/textBlocks[1]/text-block[1]/text[1]/text()[1] to &lt;![CDATA[synopsis]]&gt; 
at /page-map[1]/sections[1]/page-section[1]/areas[1]/area[3]/modules[1]/module[1]/webElementSetComponentBeans[1]/element-group[1]/textBlocks[1]/text-block[1]/text[1]/text()[1]
***********************

Module:[FL01-default]***********************
Expected CDATA section value &#039;Psycho 1998&#039; 
but was &#039;Hail! Hail! Rock &#039;N&#039; Roll&#039; - comparing &lt;![CDATA[Psycho 1998]]&gt; 
at /page-map[1]/sections[1]/page-section[1]/areas[1]/area[3]/modules[1]/module[1]/webElementSetComponentBeans[1]/element-group[1]/textBlocks[1]/text-block[2]/text[1]/text()[1] to &lt;![CDATA[Hail! Hail! Rock &#039;N&#039; Roll]]&gt; 
at /page-map[1]/sections[1]/page-section[1]/areas[1]/area[3]/modules[1]/module[1]/webElementSetComponentBeans[1]/element-group[1]/textBlocks[1]/text-block[2]/text[1]/text()[1]
***********************

Module:[FL01-default]***********************
Expected CDATA section value &#039;http://test.film4.com/reviews/2008/slumdog-millionaire?asdsc#&#039; 
but was &#039;http://test.film4.com/reviews/2008/slumdog-millionaire?as3dsc#&#039; - comparing &lt;![CDATA[http://test.film4.com/reviews/2008/slumdog-millionaire?asdsc#]]&gt; 
at /page-map[1]/sections[1]/page-section[1]/areas[1]/area[3]/modules[1]/module[1]/webElementSetComponentBeans[1]/element-group[2]/links[1]/link[1]/href[1]/text()[1] to &lt;![CDATA[http://test.film4.com/reviews/2008/slumdog-millionaire?as3dsc#]]&gt; 
at /page-map[1]/sections[1]/page-section[1]/areas[1]/area[3]/modules[1]/module[1]/webElementSetComponentBeans[1]/element-group[2]/links[1]/link[1]/href[1]/text()[1]
***********************

Module:[FL01-default]***********************
Expected CDATA section value &#039;Roman Holiday&#039; 
but was &#039;Fear is the Key&#039; - comparing &lt;![CDATA[Roman Holiday]]&gt; 
at /page-map[1]/sections[1]/page-section[1]/areas[1]/area[3]/modules[1]/module[1]/webElementSetComponentBeans[1]/element-group[2]/links[1]/link[2]/linkText[1]/text()[1] to &lt;![CDATA[Fear is the Key]]&gt; 
at /page-map[1]/sections[1]/page-section[1]/areas[1]/area[3]/modules[1]/module[1]/webElementSetComponentBeans[1]/element-group[2]/links[1]/link[2]/linkText[1]/text()[1]
***********************

Module:[FL01-default]***********************
Expected CDATA section value &#039;http://test.film4.com/reviews/1953/roman-holiday&#039; 
but was &#039;http://test.film4.com/reviews/1972/fear-is-the-key&#039; - comparing &lt;![CDATA[http://test.film4.com/reviews/1953/roman-holiday]]&gt; 
at /page-map[1]/sections[1]/page-section[1]/areas[1]/area[3]/modules[1]/module[1]/webElementSetComponentBeans[1]/element-group[2]/links[1]/link[2]/href[1]/text()[1] to &lt;![CDATA[http://test.film4.com/reviews/1972/fear-is-the-key]]&gt; 
at /page-map[1]/sections[1]/page-section[1]/areas[1]/area[3]/modules[1]/module[1]/webElementSetComponentBeans[1]/element-group[2]/links[1]/link[2]/href[1]/text()[1]
***********************

Module:[FL01-default]***********************
Expected CDATA section value &#039;http://test.film4.com/reviews/1953/roman-holiday&#039; 
but was &#039;http://test.film4.com/reviews/1972/fear-is-the-key&#039; - comparing &lt;![CDATA[http://test.film4.com/reviews/1953/roman-holiday]]&gt; 
at /page-map[1]/sections[1]/page-section[1]/areas[1]/area[3]/modules[1]/module[1]/webElementSetComponentBeans[1]/element-group[2]/imageLinks[1]/picture-link[1]/href[1]/text()[1] to &lt;![CDATA[http://test.film4.com/reviews/1972/fear-is-the-key]]&gt; 
at /page-map[1]/sections[1]/page-section[1]/areas[1]/area[3]/modules[1]/module[1]/webElementSetComponentBeans[1]/element-group[2]/imageLinks[1]/picture-link[1]/href[1]/text()[1]
***********************

Module:[FL01-default]***********************
Expected CDATA section value &#039;http://test.film4.com/media/images/Channel4/Film4/1950s/roman-holiday_MED.jpg&#039; 
but was &#039;http://test.film4.com/media/images/Film4/film4-default-image_MED.jpg&#039; - comparing &lt;![CDATA[http://test.film4.com/media/images/Channel4/Film4/1950s/roman-holiday_MED.jpg]]&gt; 
at /page-map[1]/sections[1]/page-section[1]/areas[1]/area[3]/modules[1]/module[1]/webElementSetComponentBeans[1]/element-group[2]/imageLinks[1]/picture-link[1]/src[1]/text()[1] to &lt;![CDATA[http://test.film4.com/media/images/Film4/film4-default-image_MED.jpg]]&gt; 
at /page-map[1]/sections[1]/page-section[1]/areas[1]/area[3]/modules[1]/module[1]/webElementSetComponentBeans[1]/element-group[2]/imageLinks[1]/picture-link[1]/src[1]/text()[1]
***********************

Module:[FL01-default]***********************
Expected CDATA section value &#039;Cheerfully charming romantic comedy in which reporter Gregory Peck falls...&#039; 
but was &#039;synopsis&#039; - comparing &lt;![CDATA[Cheerfully charming romantic comedy in which reporter Gregory Peck falls...]]&gt; 
at /page-map[1]/sections[1]/page-section[1]/areas[1]/area[3]/modules[1]/module[1]/webElementSetComponentBeans[1]/element-group[2]/textBlocks[1]/text-block[1]/text[1]/text()[1] to &lt;![CDATA[synopsis]]&gt; 
at /page-map[1]/sections[1]/page-section[1]/areas[1]/area[3]/modules[1]/module[1]/webElementSetComponentBeans[1]/element-group[2]/textBlocks[1]/text-block[1]/text[1]/text()[1]
***********************

Module:[FL01-default]***********************
Expected CDATA section value &#039;Roman Holiday&#039; 
but was &#039;Fear is the Key&#039; - comparing &lt;![CDATA[Roman Holiday]]&gt; 
at /page-map[1]/sections[1]/page-section[1]/areas[1]/area[3]/modules[1]/module[1]/webElementSetComponentBeans[1]/element-group[2]/textBlocks[1]/text-block[2]/text[1]/text()[1] to &lt;![CDATA[Fear is the Key]]&gt; 
at /page-map[1]/sections[1]/page-section[1]/areas[1]/area[3]/modules[1]/module[1]/webElementSetComponentBeans[1]/element-group[2]/textBlocks[1]/text-block[2]/text[1]/text()[1]
***********************

Module:[FL01-default]***********************
Expected CDATA section value &#039;http://test.film4.com/reviews/2008/slumdog-millionaire?asdsc#&#039; 
but was &#039;http://test.film4.com/reviews/2008/slumdog-millionaire?as3dsc#&#039; - comparing &lt;![CDATA[http://test.film4.com/reviews/2008/slumdog-millionaire?asdsc#]]&gt; 
at /page-map[1]/sections[1]/page-section[1]/areas[1]/area[3]/modules[1]/module[1]/webElementSetComponentBeans[1]/element-group[3]/links[1]/link[1]/href[1]/text()[1] to &lt;![CDATA[http://test.film4.com/reviews/2008/slumdog-millionaire?as3dsc#]]&gt; 
at /page-map[1]/sections[1]/page-section[1]/areas[1]/area[3]/modules[1]/module[1]/webElementSetComponentBeans[1]/element-group[3]/links[1]/link[1]/href[1]/text()[1]
***********************

Module:[FL01-default]***********************
Expected CDATA section value &#039;Local Hero&#039; 
but was &#039;Elizabeth&#039; - comparing &lt;![CDATA[Local Hero]]&gt; 
at /page-map[1]/sections[1]/page-section[1]/areas[1]/area[3]/modules[1]/module[1]/webElementSetComponentBeans[1]/element-group[3]/links[1]/link[2]/linkText[1]/text()[1] to &lt;![CDATA[Elizabeth]]&gt; 
at /page-map[1]/sections[1]/page-section[1]/areas[1]/area[3]/modules[1]/module[1]/webElementSetComponentBeans[1]/element-group[3]/links[1]/link[2]/linkText[1]/text()[1]
***********************

Module:[FL01-default]***********************
Expected CDATA section value &#039;http://test.film4.com/reviews/1983/local-hero&#039; 
but was &#039;http://test.film4.com/reviews/1998/elizabeth&#039; - comparing &lt;![CDATA[http://test.film4.com/reviews/1983/local-hero]]&gt; 
at /page-map[1]/sections[1]/page-section[1]/areas[1]/area[3]/modules[1]/module[1]/webElementSetComponentBeans[1]/element-group[3]/links[1]/link[2]/href[1]/text()[1] to &lt;![CDATA[http://test.film4.com/reviews/1998/elizabeth]]&gt; 
at /page-map[1]/sections[1]/page-section[1]/areas[1]/area[3]/modules[1]/module[1]/webElementSetComponentBeans[1]/element-group[3]/links[1]/link[2]/href[1]/text()[1]
***********************

Module:[FL01-default]***********************
Expected CDATA section value &#039;http://test.film4.com/reviews/1983/local-hero&#039; 
but was &#039;http://test.film4.com/reviews/1998/elizabeth&#039; - comparing &lt;![CDATA[http://test.film4.com/reviews/1983/local-hero]]&gt; 
at /page-map[1]/sections[1]/page-section[1]/areas[1]/area[3]/modules[1]/module[1]/webElementSetComponentBeans[1]/element-group[3]/imageLinks[1]/picture-link[1]/href[1]/text()[1] to &lt;![CDATA[http://test.film4.com/reviews/1998/elizabeth]]&gt; 
at /page-map[1]/sections[1]/page-section[1]/areas[1]/area[3]/modules[1]/module[1]/webElementSetComponentBeans[1]/element-group[3]/imageLinks[1]/picture-link[1]/href[1]/text()[1]
***********************

Module:[FL01-default]***********************
Expected CDATA section value &#039;http://test.film4.com/media/images/Channel4/Film4/1980s/L/local-hero_MED.jpg&#039; 
but was &#039;http://test.film4.com/media/images/Channel4/Film4/1990s/E/elizabeth_MED.jpg&#039; - comparing &lt;![CDATA[http://test.film4.com/media/images/Channel4/Film4/1980s/L/local-hero_MED.jpg]]&gt; 
at /page-map[1]/sections[1]/page-section[1]/areas[1]/area[3]/modules[1]/module[1]/webElementSetComponentBeans[1]/element-group[3]/imageLinks[1]/picture-link[1]/src[1]/text()[1] to &lt;![CDATA[http://test.film4.com/media/images/Channel4/Film4/1990s/E/elizabeth_MED.jpg]]&gt; 
at /page-map[1]/sections[1]/page-section[1]/areas[1]/area[3]/modules[1]/module[1]/webElementSetComponentBeans[1]/element-group[3]/imageLinks[1]/picture-link[1]/src[1]/text()[1]
***********************

Module:[FL01-default]***********************
Expected CDATA section value &#039;The finest of the whimsical Scottish films whose off-beat appeal...&#039; 
but was &#039;The young Elizabeth I takes to the throne and finds her court a hotbed of...&#039; - comparing &lt;![CDATA[The finest of the whimsical Scottish films whose off-beat appeal...]]&gt; 
at /page-map[1]/sections[1]/page-section[1]/areas[1]/area[3]/modules[1]/module[1]/webElementSetComponentBeans[1]/element-group[3]/textBlocks[1]/text-block[1]/text[1]/text()[1] to &lt;![CDATA[The young Elizabeth I takes to the throne and finds her court a hotbed of...]]&gt; 
at /page-map[1]/sections[1]/page-section[1]/areas[1]/area[3]/modules[1]/module[1]/webElementSetComponentBeans[1]/element-group[3]/textBlocks[1]/text-block[1]/text[1]/text()[1]
***********************

Module:[FL01-default]***********************
Expected CDATA section value &#039;Local Hero&#039; 
but was &#039;Elizabeth&#039; - comparing &lt;![CDATA[Local Hero]]&gt; 
at /page-map[1]/sections[1]/page-section[1]/areas[1]/area[3]/modules[1]/module[1]/webElementSetComponentBeans[1]/element-group[3]/textBlocks[1]/text-block[2]/text[1]/text()[1] to &lt;![CDATA[Elizabeth]]&gt; 
at /page-map[1]/sections[1]/page-section[1]/areas[1]/area[3]/modules[1]/module[1]/webElementSetComponentBeans[1]/element-group[3]/textBlocks[1]/text-block[2]/text[1]/text()[1]
***********************

Module:[FL01-default]***********************
Expected CDATA section value &#039;http://test.film4.com/reviews/2008/slumdog-millionaire?asdsc#&#039; 
but was &#039;http://test.film4.com/reviews/2008/slumdog-millionaire?as3dsc#&#039; - comparing &lt;![CDATA[http://test.film4.com/reviews/2008/slumdog-millionaire?asdsc#]]&gt; 
at /page-map[1]/sections[1]/page-section[1]/areas[1]/area[3]/modules[1]/module[1]/webElementSetComponentBeans[1]/element-group[4]/links[1]/link[1]/href[1]/text()[1] to &lt;![CDATA[http://test.film4.com/reviews/2008/slumdog-millionaire?as3dsc#]]&gt; 
at /page-map[1]/sections[1]/page-section[1]/areas[1]/area[3]/modules[1]/module[1]/webElementSetComponentBeans[1]/element-group[4]/links[1]/link[1]/href[1]/text()[1]
***********************

Module:[FL01-default]***********************
Expected CDATA section value &#039;The Last King Of Scotland&#039; 
but was &#039;Mister Lonely&#039; - comparing &lt;![CDATA[The Last King Of Scotland]]&gt; 
at /page-map[1]/sections[1]/page-section[1]/areas[1]/area[3]/modules[1]/module[1]/webElementSetComponentBeans[1]/element-group[4]/links[1]/link[2]/linkText[1]/text()[1] to &lt;![CDATA[Mister Lonely]]&gt; 
at /page-map[1]/sections[1]/page-section[1]/areas[1]/area[3]/modules[1]/module[1]/webElementSetComponentBeans[1]/element-group[4]/links[1]/link[2]/linkText[1]/text()[1]
***********************

Module:[FL01-default]***********************
Expected CDATA section value &#039;http://test.film4.com/reviews/2006/the-last-king-of-scotland&#039; 
but was &#039;http://test.film4.com/reviews/2007/mister-lonely&#039; - comparing &lt;![CDATA[http://test.film4.com/reviews/2006/the-last-king-of-scotland]]&gt; 
at /page-map[1]/sections[1]/page-section[1]/areas[1]/area[3]/modules[1]/module[1]/webElementSetComponentBeans[1]/element-group[4]/links[1]/link[2]/href[1]/text()[1] to &lt;![CDATA[http://test.film4.com/reviews/2007/mister-lonely]]&gt; 
at /page-map[1]/sections[1]/page-section[1]/areas[1]/area[3]/modules[1]/module[1]/webElementSetComponentBeans[1]/element-group[4]/links[1]/link[2]/href[1]/text()[1]
***********************

Module:[FL01-default]***********************
Expected CDATA section value &#039;http://test.film4.com/reviews/2006/the-last-king-of-scotland&#039; 
but was &#039;http://test.film4.com/reviews/2007/mister-lonely&#039; - comparing &lt;![CDATA[http://test.film4.com/reviews/2006/the-last-king-of-scotland]]&gt; 
at /page-map[1]/sections[1]/page-section[1]/areas[1]/area[3]/modules[1]/module[1]/webElementSetComponentBeans[1]/element-group[4]/imageLinks[1]/picture-link[1]/href[1]/text()[1] to &lt;![CDATA[http://test.film4.com/reviews/2007/mister-lonely]]&gt; 
at /page-map[1]/sections[1]/page-section[1]/areas[1]/area[3]/modules[1]/module[1]/webElementSetComponentBeans[1]/element-group[4]/imageLinks[1]/picture-link[1]/href[1]/text()[1]
***********************

Module:[FL01-default]***********************
Expected CDATA section value &#039;http://test.film4.com/media/images/Channel4/Film4/2000s/L/the-last-king-of-scotland_MED.jpg&#039; 
but was &#039;http://test.film4.com/media/images/Channel4/Film4/2000s/M/mister-lonely_MED.jpg&#039; - comparing &lt;![CDATA[http://test.film4.com/media/images/Channel4/Film4/2000s/L/the-last-king-of-scotland_MED.jpg]]&gt; 
at /page-map[1]/sections[1]/page-section[1]/areas[1]/area[3]/modules[1]/module[1]/webElementSetComponentBeans[1]/element-group[4]/imageLinks[1]/picture-link[1]/src[1]/text()[1] to &lt;![CDATA[http://test.film4.com/media/images/Channel4/Film4/2000s/M/mister-lonely_MED.jpg]]&gt; 
at /page-map[1]/sections[1]/page-section[1]/areas[1]/area[3]/modules[1]/module[1]/webElementSetComponentBeans[1]/element-group[4]/imageLinks[1]/picture-link[1]/src[1]/text()[1]
***********************

Module:[FL01-default]***********************
Expected CDATA section value &#039;Forest Whitaker stars in this blistering thriller about Ugandan dictator...&#039; 
but was &#039;A Michael Jackson impersonator leaves Paris with a Marilyn Monroe...&#039; - comparing &lt;![CDATA[Forest Whitaker stars in this blistering thriller about Ugandan dictator...]]&gt; 
at /page-map[1]/sections[1]/page-section[1]/areas[1]/area[3]/modules[1]/module[1]/webElementSetComponentBeans[1]/element-group[4]/textBlocks[1]/text-block[1]/text[1]/text()[1] to &lt;![CDATA[A Michael Jackson impersonator leaves Paris with a Marilyn Monroe...]]&gt; 
at /page-map[1]/sections[1]/page-section[1]/areas[1]/area[3]/modules[1]/module[1]/webElementSetComponentBeans[1]/element-group[4]/textBlocks[1]/text-block[1]/text[1]/text()[1]
***********************

Module:[FL01-default]***********************
Expected CDATA section value &#039;The Last King Of Scotland&#039; 
but was &#039;Mister Lonely&#039; - comparing &lt;![CDATA[The Last King Of Scotland]]&gt; 
at /page-map[1]/sections[1]/page-section[1]/areas[1]/area[3]/modules[1]/module[1]/webElementSetComponentBeans[1]/element-group[4]/textBlocks[1]/text-block[2]/text[1]/text()[1] to &lt;![CDATA[Mister Lonely]]&gt; 
at /page-map[1]/sections[1]/page-section[1]/areas[1]/area[3]/modules[1]/module[1]/webElementSetComponentBeans[1]/element-group[4]/textBlocks[1]/text-block[2]/text[1]/text()[1]
***********************

Module:[FL01-default]***********************
Expected CDATA section value &#039;SceneStealers: Joe Cornish to...&#039; 
but was &#039;Sky customers to enjoy access to...&#039; - comparing &lt;![CDATA[SceneStealers: Joe Cornish to...]]&gt; 
at /page-map[1]/sections[1]/page-section[1]/areas[1]/area[3]/modules[1]/module[1]/webElementSetComponentBeans[1]/element-group[5]/links[1]/link[1]/linkText[1]/text()[1] to &lt;![CDATA[Sky customers to enjoy access to...]]&gt; 
at /page-map[1]/sections[1]/page-section[1]/areas[1]/area[3]/modules[1]/module[1]/webElementSetComponentBeans[1]/element-group[5]/links[1]/link[1]/linkText[1]/text()[1]
***********************

Module:[FL01-default]***********************
Expected CDATA section value &#039;http://film4blog2012.clients.amido.co.uk/?p=704&#039; 
but was &#039;http://film4blog2012.clients.amido.co.uk/?p=1092&#039; - comparing &lt;![CDATA[http://film4blog2012.clients.amido.co.uk/?p=704]]&gt; 
at /page-map[1]/sections[1]/page-section[1]/areas[1]/area[3]/modules[1]/module[1]/webElementSetComponentBeans[1]/element-group[5]/links[1]/link[1]/href[1]/text()[1] to &lt;![CDATA[http://film4blog2012.clients.amido.co.uk/?p=1092]]&gt; 
at /page-map[1]/sections[1]/page-section[1]/areas[1]/area[3]/modules[1]/module[1]/webElementSetComponentBeans[1]/element-group[5]/links[1]/link[1]/href[1]/text()[1]
***********************

Module:[FL01-default]***********************
Expected CDATA section value &#039;http://film4blog2012.clients.amido.co.uk/?p=704&#039; 
but was &#039;http://film4blog2012.clients.amido.co.uk/?p=1092&#039; - comparing &lt;![CDATA[http://film4blog2012.clients.amido.co.uk/?p=704]]&gt; 
at /page-map[1]/sections[1]/page-section[1]/areas[1]/area[3]/modules[1]/module[1]/webElementSetComponentBeans[1]/element-group[5]/imageLinks[1]/picture-link[1]/href[1]/text()[1] to &lt;![CDATA[http://film4blog2012.clients.amido.co.uk/?p=1092]]&gt; 
at /page-map[1]/sections[1]/page-section[1]/areas[1]/area[3]/modules[1]/module[1]/webElementSetComponentBeans[1]/element-group[5]/imageLinks[1]/picture-link[1]/href[1]/text()[1]
***********************

Module:[FL01-default]***********************
Expected CDATA section value &#039;It is a very exciting time for the team...&#039; 
but was &#039;It&#039;s been announced today that a new...&#039; - comparing &lt;![CDATA[It is a very exciting time for the team...]]&gt; 
at /page-map[1]/sections[1]/page-section[1]/areas[1]/area[3]/modules[1]/module[1]/webElementSetComponentBeans[1]/element-group[5]/textBlocks[1]/text-block[1]/text[1]/text()[1] to &lt;![CDATA[It&#039;s been announced today that a new...]]&gt; 
at /page-map[1]/sections[1]/page-section[1]/areas[1]/area[3]/modules[1]/module[1]/webElementSetComponentBeans[1]/element-group[5]/textBlocks[1]/text-block[1]/text[1]/text()[1]
***********************

Module:[FL01-default]***********************
Expected CDATA section value &#039;SceneStealers: Joe Cornish to...&#039; 
but was &#039;Sky customers to enjoy access to...&#039; - comparing &lt;![CDATA[SceneStealers: Joe Cornish to...]]&gt; 
at /page-map[1]/sections[1]/page-section[1]/areas[1]/area[3]/modules[1]/module[1]/webElementSetComponentBeans[1]/element-group[5]/textBlocks[1]/text-block[2]/text[1]/text()[1] to &lt;![CDATA[Sky customers to enjoy access to...]]&gt; 
at /page-map[1]/sections[1]/page-section[1]/areas[1]/area[3]/modules[1]/module[1]/webElementSetComponentBeans[1]/element-group[5]/textBlocks[1]/text-block[2]/text[1]/text()[1]
***********************

Module:[FL01-default]***********************
Expected CDATA section value &#039;The Imposter breaks the £1m box...&#039; 
but was &#039;Highly commended Film4.0 Scene...&#039; - comparing &lt;![CDATA[The Imposter breaks the £1m box...]]&gt; 
at /page-map[1]/sections[1]/page-section[1]/areas[1]/area[3]/modules[1]/module[1]/webElementSetComponentBeans[1]/element-group[6]/links[1]/link[1]/linkText[1]/text()[1] to &lt;![CDATA[Highly commended Film4.0 Scene...]]&gt; 
at /page-map[1]/sections[1]/page-section[1]/areas[1]/area[3]/modules[1]/module[1]/webElementSetComponentBeans[1]/element-group[6]/links[1]/link[1]/linkText[1]/text()[1]
***********************

Module:[FL01-default]***********************
Expected CDATA section value &#039;http://film4blog2012.clients.amido.co.uk/?p=1097&#039; 
but was &#039;http://film4blog2012.clients.amido.co.uk/?p=1037&#039; - comparing &lt;![CDATA[http://film4blog2012.clients.amido.co.uk/?p=1097]]&gt; 
at /page-map[1]/sections[1]/page-section[1]/areas[1]/area[3]/modules[1]/module[1]/webElementSetComponentBeans[1]/element-group[6]/links[1]/link[1]/href[1]/text()[1] to &lt;![CDATA[http://film4blog2012.clients.amido.co.uk/?p=1037]]&gt; 
at /page-map[1]/sections[1]/page-section[1]/areas[1]/area[3]/modules[1]/module[1]/webElementSetComponentBeans[1]/element-group[6]/links[1]/link[1]/href[1]/text()[1]
***********************

Module:[FL01-default]***********************
Expected CDATA section value &#039;http://film4blog2012.clients.amido.co.uk/?p=1097&#039; 
but was &#039;http://film4blog2012.clients.amido.co.uk/?p=1037&#039; - comparing &lt;![CDATA[http://film4blog2012.clients.amido.co.uk/?p=1097]]&gt; 
at /page-map[1]/sections[1]/page-section[1]/areas[1]/area[3]/modules[1]/module[1]/webElementSetComponentBeans[1]/element-group[6]/imageLinks[1]/picture-link[1]/href[1]/text()[1] to &lt;![CDATA[http://film4blog2012.clients.amido.co.uk/?p=1037]]&gt; 
at /page-map[1]/sections[1]/page-section[1]/areas[1]/area[3]/modules[1]/module[1]/webElementSetComponentBeans[1]/element-group[6]/imageLinks[1]/picture-link[1]/href[1]/text()[1]
***********************

Module:[FL01-default]***********************
Expected CDATA section value &#039;The film storms into the all time top ten...&#039; 
but was &#039;Ross Johnston&#039;s take on Shane Meadows...&#039; - comparing &lt;![CDATA[The film storms into the all time top ten...]]&gt; 
at /page-map[1]/sections[1]/page-section[1]/areas[1]/area[3]/modules[1]/module[1]/webElementSetComponentBeans[1]/element-group[6]/textBlocks[1]/text-block[1]/text[1]/text()[1] to &lt;![CDATA[Ross Johnston&#039;s take on Shane Meadows...]]&gt; 
at /page-map[1]/sections[1]/page-section[1]/areas[1]/area[3]/modules[1]/module[1]/webElementSetComponentBeans[1]/element-group[6]/textBlocks[1]/text-block[1]/text[1]/text()[1]
***********************

Module:[FL01-default]***********************
Expected CDATA section value &#039;The Imposter breaks the £1m box...&#039; 
but was &#039;Highly commended Film4.0 Scene...&#039; - comparing &lt;![CDATA[The Imposter breaks the £1m box...]]&gt; 
at /page-map[1]/sections[1]/page-section[1]/areas[1]/area[3]/modules[1]/module[1]/webElementSetComponentBeans[1]/element-group[6]/textBlocks[1]/text-block[2]/text[1]/text()[1] to &lt;![CDATA[Highly commended Film4.0 Scene...]]&gt; 
at /page-map[1]/sections[1]/page-section[1]/areas[1]/area[3]/modules[1]/module[1]/webElementSetComponentBeans[1]/element-group[6]/textBlocks[1]/text-block[2]/text[1]/text()[1]
***********************

Module:[FL01-default]***********************
Expected CDATA section value &#039;Top 25 Comedies&#039; 
but was &#039;Top 50 Horror Films&#039; - comparing &lt;![CDATA[Top 25 Comedies]]&gt; 
at /page-map[1]/sections[1]/page-section[1]/areas[1]/area[3]/modules[1]/module[1]/webElementSetComponentBeans[1]/element-group[7]/links[1]/link[1]/linkText[1]/text()[1] to &lt;![CDATA[Top 50 Horror Films]]&gt; 
at /page-map[1]/sections[1]/page-section[1]/areas[1]/area[3]/modules[1]/module[1]/webElementSetComponentBeans[1]/element-group[7]/links[1]/link[1]/linkText[1]/text()[1]
***********************

Module:[FL01-default]***********************
Expected CDATA section value &#039;http://test.film4.com/special-features/top-100-films/top-25-comedies&#039; 
but was &#039;http://test.film4.com/special-features/top-lists/top-50-horror-films&#039; - comparing &lt;![CDATA[http://test.film4.com/special-features/top-100-films/top-25-comedies]]&gt; 
at /page-map[1]/sections[1]/page-section[1]/areas[1]/area[3]/modules[1]/module[1]/webElementSetComponentBeans[1]/element-group[7]/links[1]/link[1]/href[1]/text()[1] to &lt;![CDATA[http://test.film4.com/special-features/top-lists/top-50-horror-films]]&gt; 
at /page-map[1]/sections[1]/page-section[1]/areas[1]/area[3]/modules[1]/module[1]/webElementSetComponentBeans[1]/element-group[7]/links[1]/link[1]/href[1]/text()[1]
***********************

Module:[FL01-default]***********************
Expected CDATA section value &#039;http://test.film4.com/special-features/top-100-films/top-25-comedies&#039; 
but was &#039;http://test.film4.com/special-features/top-lists/top-50-horror-films&#039; - comparing &lt;![CDATA[http://test.film4.com/special-features/top-100-films/top-25-comedies]]&gt; 
at /page-map[1]/sections[1]/page-section[1]/areas[1]/area[3]/modules[1]/module[1]/webElementSetComponentBeans[1]/element-group[7]/imageLinks[1]/picture-link[1]/href[1]/text()[1] to &lt;![CDATA[http://test.film4.com/special-features/top-lists/top-50-horror-films]]&gt; 
at /page-map[1]/sections[1]/page-section[1]/areas[1]/area[3]/modules[1]/module[1]/webElementSetComponentBeans[1]/element-group[7]/imageLinks[1]/picture-link[1]/href[1]/text()[1]
***********************

Module:[FL01-default]***********************
Expected CDATA section value &#039;http://test.film4.com/media/images/Channel4/Film4/1970s/monty-pythons-life-of-brian%5B1%5D_MED.jpg&#039; 
but was &#039;http://test.film4.com/media/images/Channel4/film4_gti/Team/Geraldine%20Atlee_MED.jpeg&#039; - comparing &lt;![CDATA[http://test.film4.com/media/images/Channel4/Film4/1970s/monty-pythons-life-of-brian%5B1%5D_MED.jpg]]&gt; 
at /page-map[1]/sections[1]/page-section[1]/areas[1]/area[3]/modules[1]/module[1]/webElementSetComponentBeans[1]/element-group[7]/imageLinks[1]/picture-link[1]/src[1]/text()[1] to &lt;![CDATA[http://test.film4.com/media/images/Channel4/film4_gti/Team/Geraldine%20Atlee_MED.jpeg]]&gt; 
at /page-map[1]/sections[1]/page-section[1]/areas[1]/area[3]/modules[1]/module[1]/webElementSetComponentBeans[1]/element-group[7]/imageLinks[1]/picture-link[1]/src[1]/text()[1]
***********************

Module:[FL01-default]***********************
Expected text value &#039;70&#039; 
but was &#039;83&#039; - comparing &lt;height ...&gt;70&lt;/height&gt; 
at /page-map[1]/sections[1]/page-section[1]/areas[1]/area[3]/modules[1]/module[1]/webElementSetComponentBeans[1]/element-group[7]/imageLinks[1]/picture-link[1]/height[1]/text()[1] to &lt;height ...&gt;83&lt;/height&gt; 
at /page-map[1]/sections[1]/page-section[1]/areas[1]/area[3]/modules[1]/module[1]/webElementSetComponentBeans[1]/element-group[7]/imageLinks[1]/picture-link[1]/height[1]/text()[1]
***********************

Module:[FL01-default]***********************
Expected CDATA section value &#039;Chortling, chuckling, giggling, guffawing, tittering, howling, roaring...&#039; 
but was &#039;Dare you journey with Film4.com on a terrifying voyage through the most...&#039; - comparing &lt;![CDATA[Chortling, chuckling, giggling, guffawing, tittering, howling, roaring...]]&gt; 
at /page-map[1]/sections[1]/page-section[1]/areas[1]/area[3]/modules[1]/module[1]/webElementSetComponentBeans[1]/element-group[7]/textBlocks[1]/text-block[1]/text[1]/text()[1] to &lt;![CDATA[Dare you journey with Film4.com on a terrifying voyage through the most...]]&gt; 
at /page-map[1]/sections[1]/page-section[1]/areas[1]/area[3]/modules[1]/module[1]/webElementSetComponentBeans[1]/element-group[7]/textBlocks[1]/text-block[1]/text[1]/text()[1]
***********************

Module:[FL01-default]***********************
Expected CDATA section value &#039;Top 25 Comedies&#039; 
but was &#039;Top 50 Horror Films&#039; - comparing &lt;![CDATA[Top 25 Comedies]]&gt; 
at /page-map[1]/sections[1]/page-section[1]/areas[1]/area[3]/modules[1]/module[1]/webElementSetComponentBeans[1]/element-group[7]/textBlocks[1]/text-block[2]/text[1]/text()[1] to &lt;![CDATA[Top 50 Horror Films]]&gt; 
at /page-map[1]/sections[1]/page-section[1]/areas[1]/area[3]/modules[1]/module[1]/webElementSetComponentBeans[1]/element-group[7]/textBlocks[1]/text-block[2]/text[1]/text()[1]
***********************

Module:[FL01-default]***********************
Expected CDATA section value &#039;Top 50 Horror Films&#039; 
but was &#039;Top 25 Comedies&#039; - comparing &lt;![CDATA[Top 50 Horror Films]]&gt; 
at /page-map[1]/sections[1]/page-section[1]/areas[1]/area[3]/modules[1]/module[1]/webElementSetComponentBeans[1]/element-group[8]/links[1]/link[1]/linkText[1]/text()[1] to &lt;![CDATA[Top 25 Comedies]]&gt; 
at /page-map[1]/sections[1]/page-section[1]/areas[1]/area[3]/modules[1]/module[1]/webElementSetComponentBeans[1]/element-group[8]/links[1]/link[1]/linkText[1]/text()[1]
***********************

Module:[FL01-default]***********************
Expected CDATA section value &#039;http://test.film4.com/special-features/top-lists/top-50-horror-films&#039; 
but was &#039;http://test.film4.com/special-features/top-100-films/top-25-comedies&#039; - comparing &lt;![CDATA[http://test.film4.com/special-features/top-lists/top-50-horror-films]]&gt; 
at /page-map[1]/sections[1]/page-section[1]/areas[1]/area[3]/modules[1]/module[1]/webElementSetComponentBeans[1]/element-group[8]/links[1]/link[1]/href[1]/text()[1] to &lt;![CDATA[http://test.film4.com/special-features/top-100-films/top-25-comedies]]&gt; 
at /page-map[1]/sections[1]/page-section[1]/areas[1]/area[3]/modules[1]/module[1]/webElementSetComponentBeans[1]/element-group[8]/links[1]/link[1]/href[1]/text()[1]
***********************

Module:[FL01-default]***********************
Expected CDATA section value &#039;http://test.film4.com/special-features/top-lists/top-50-horror-films&#039; 
but was &#039;http://test.film4.com/special-features/top-100-films/top-25-comedies&#039; - comparing &lt;![CDATA[http://test.film4.com/special-features/top-lists/top-50-horror-films]]&gt; 
at /page-map[1]/sections[1]/page-section[1]/areas[1]/area[3]/modules[1]/module[1]/webElementSetComponentBeans[1]/element-group[8]/imageLinks[1]/picture-link[1]/href[1]/text()[1] to &lt;![CDATA[http://test.film4.com/special-features/top-100-films/top-25-comedies]]&gt; 
at /page-map[1]/sections[1]/page-section[1]/areas[1]/area[3]/modules[1]/module[1]/webElementSetComponentBeans[1]/element-group[8]/imageLinks[1]/picture-link[1]/href[1]/text()[1]
***********************

Module:[FL01-default]***********************
Expected CDATA section value &#039;http://test.film4.com/media/images/Channel4/film4_gti/Team/Geraldine%20Atlee_MED.jpeg&#039; 
but was &#039;http://test.film4.com/media/images/Channel4/Film4/1970s/monty-pythons-life-of-brian%5B1%5D_MED.jpg&#039; - comparing &lt;![CDATA[http://test.film4.com/media/images/Channel4/film4_gti/Team/Geraldine%20Atlee_MED.jpeg]]&gt; 
at /page-map[1]/sections[1]/page-section[1]/areas[1]/area[3]/modules[1]/module[1]/webElementSetComponentBeans[1]/element-group[8]/imageLinks[1]/picture-link[1]/src[1]/text()[1] to &lt;![CDATA[http://test.film4.com/media/images/Channel4/Film4/1970s/monty-pythons-life-of-brian%5B1%5D_MED.jpg]]&gt; 
at /page-map[1]/sections[1]/page-section[1]/areas[1]/area[3]/modules[1]/module[1]/webElementSetComponentBeans[1]/element-group[8]/imageLinks[1]/picture-link[1]/src[1]/text()[1]
***********************

Module:[FL01-default]***********************
Expected text value &#039;83&#039; 
but was &#039;70&#039; - comparing &lt;height ...&gt;83&lt;/height&gt; 
at /page-map[1]/sections[1]/page-section[1]/areas[1]/area[3]/modules[1]/module[1]/webElementSetComponentBeans[1]/element-group[8]/imageLinks[1]/picture-link[1]/height[1]/text()[1] to &lt;height ...&gt;70&lt;/height&gt; 
at /page-map[1]/sections[1]/page-section[1]/areas[1]/area[3]/modules[1]/module[1]/webElementSetComponentBeans[1]/element-group[8]/imageLinks[1]/picture-link[1]/height[1]/text()[1]
***********************

Module:[FL01-default]***********************
Expected CDATA section value &#039;Dare you journey with Film4.com on a terrifying voyage through the most...&#039; 
but was &#039;Chortling, chuckling, giggling, guffawing, tittering, howling, roaring...&#039; - comparing &lt;![CDATA[Dare you journey with Film4.com on a terrifying voyage through the most...]]&gt; 
at /page-map[1]/sections[1]/page-section[1]/areas[1]/area[3]/modules[1]/module[1]/webElementSetComponentBeans[1]/element-group[8]/textBlocks[1]/text-block[1]/text[1]/text()[1] to &lt;![CDATA[Chortling, chuckling, giggling, guffawing, tittering, howling, roaring...]]&gt; 
at /page-map[1]/sections[1]/page-section[1]/areas[1]/area[3]/modules[1]/module[1]/webElementSetComponentBeans[1]/element-group[8]/textBlocks[1]/text-block[1]/text[1]/text()[1]
***********************

Module:[FL01-default]***********************
Expected CDATA section value &#039;Top 50 Horror Films&#039; 
but was &#039;Top 25 Comedies&#039; - comparing &lt;![CDATA[Top 50 Horror Films]]&gt; 
at /page-map[1]/sections[1]/page-section[1]/areas[1]/area[3]/modules[1]/module[1]/webElementSetComponentBeans[1]/element-group[8]/textBlocks[1]/text-block[2]/text[1]/text()[1] to &lt;![CDATA[Top 25 Comedies]]&gt; 
at /page-map[1]/sections[1]/page-section[1]/areas[1]/area[3]/modules[1]/module[1]/webElementSetComponentBeans[1]/element-group[8]/textBlocks[1]/text-block[2]/text[1]/text()[1]
***********************

Module:[SN02]***********************
Expected CDATA section value &#039;http://test.film4.com/reviews/2008/slumdog-millionaire?asdsc#&#039; 
but was &#039;http://test.film4.com/reviews/2008/slumdog-millionaire?as3dsc#&#039; - comparing &lt;![CDATA[http://test.film4.com/reviews/2008/slumdog-millionaire?asdsc#]]&gt; 
at /page-map[1]/sections[1]/page-section[2]/areas[1]/area[1]/modules[1]/module[4]/webElementSetComponentBeans[1]/element-group[1]/imageLinks[1]/picture-link[1]/href[1]/text()[1] to &lt;![CDATA[http://test.film4.com/reviews/2008/slumdog-millionaire?as3dsc#]]&gt; 
at /page-map[1]/sections[1]/page-section[2]/areas[1]/area[1]/modules[1]/module[4]/webElementSetComponentBeans[1]/element-group[1]/imageLinks[1]/picture-link[1]/href[1]/text()[1]
***********************

Module:[SN02]***********************
Expected CDATA section value &#039;http://test.film4.com/reviews/2008/slumdog-millionaire?asdsc#&#039; 
but was &#039;http://test.film4.com/reviews/2008/slumdog-millionaire?as3dsc#&#039; - comparing &lt;![CDATA[http://test.film4.com/reviews/2008/slumdog-millionaire?asdsc#]]&gt; 
at /page-map[1]/sections[1]/page-section[2]/areas[1]/area[1]/modules[1]/module[4]/webElementSetComponentBeans[1]/element-group[1]/imageLinks[1]/picture-link[2]/href[1]/text()[1] to &lt;![CDATA[http://test.film4.com/reviews/2008/slumdog-millionaire?as3dsc#]]&gt; 
at /page-map[1]/sections[1]/page-section[2]/areas[1]/area[1]/modules[1]/module[4]/webElementSetComponentBeans[1]/element-group[1]/imageLinks[1]/picture-link[2]/href[1]/text()[1]
***********************

Module:[SN02]***********************
Expected CDATA section value &#039;http://test.film4.com/reviews/2008/slumdog-millionaire?asdsc#&#039; 
but was &#039;http://test.film4.com/reviews/2008/slumdog-millionaire?as3dsc#&#039; - comparing &lt;![CDATA[http://test.film4.com/reviews/2008/slumdog-millionaire?asdsc#]]&gt; 
at /page-map[1]/sections[1]/page-section[2]/areas[1]/area[1]/modules[1]/module[4]/webElementSetComponentBeans[1]/element-group[1]/imageLinks[1]/picture-link[3]/href[1]/text()[1] to &lt;![CDATA[http://test.film4.com/reviews/2008/slumdog-millionaire?as3dsc#]]&gt; 
at /page-map[1]/sections[1]/page-section[2]/areas[1]/area[1]/modules[1]/module[4]/webElementSetComponentBeans[1]/element-group[1]/imageLinks[1]/picture-link[3]/href[1]/text()[1]
***********************

Module:[SN02]***********************
Expected CDATA section value &#039;http://test.film4.com/reviews/2008/slumdog-millionaire?asdsc#&#039; 
but was &#039;http://test.film4.com/reviews/2008/slumdog-millionaire?as3dsc#&#039; - comparing &lt;![CDATA[http://test.film4.com/reviews/2008/slumdog-millionaire?asdsc#]]&gt; 
at /page-map[1]/sections[1]/page-section[2]/areas[1]/area[1]/modules[1]/module[4]/webElementSetComponentBeans[1]/element-group[1]/imageLinks[1]/picture-link[4]/href[1]/text()[1] to &lt;![CDATA[http://test.film4.com/reviews/2008/slumdog-millionaire?as3dsc#]]&gt; 
at /page-map[1]/sections[1]/page-section[2]/areas[1]/area[1]/modules[1]/module[4]/webElementSetComponentBeans[1]/element-group[1]/imageLinks[1]/picture-link[4]/href[1]/text()[1]
***********************
">
        <![CDATA[java.lang.AssertionError:
Module:[AI01]***********************
Expected CDATA section value 'http://test.film4.com/reviews/2008/slumdog-millionaire?asdsc#' 
but was 'http://test.film4.com/reviews/2008/slumdog-millionaire?as3dsc#' - comparing <![CDATA[http://test.film4.com/reviews/2008/slumdog-millionaire?asdsc#]]]]>
        <![CDATA[>
at /page-map[1]/sections[1]/page-section[1]/areas[1]/area[1]/modules[1]/module[1]/webElementSetComponentBeans[1]/element-group[1]/links[1]/link[1]/href[1]/text()[1] to <![CDATA[http://test.film4.com/reviews/2008/slumdog-millionaire?as3dsc#]]]]>
        <![CDATA[>
at /page-map[1]/sections[1]/page-section[1]/areas[1]/area[1]/modules[1]/module[1]/webElementSetComponentBeans[1]/element-group[1]/links[1]/link[1]/href[1]/text()[1]
***********************

Module:[AT06]***********************
Expected CDATA section value 'http://test.film4.com/reviews/2008/slumdog-millionaire?asdsc#tab0' 
but was 'http://test.film4.com/reviews/2008/slumdog-millionaire?as3dsc#tab0' - comparing <![CDATA[http://test.film4.com/reviews/2008/slumdog-millionaire?asdsc#tab0]]]]>
        <![CDATA[>
at /page-map[1]/sections[1]/page-section[1]/areas[1]/area[1]/modules[1]/module[3]/webElementSetComponentBeans[1]/element-group[1]/links[1]/link[1]/href[1]/text()[1] to <![CDATA[http://test.film4.com/reviews/2008/slumdog-millionaire?as3dsc#tab0]]]]>
        <![CDATA[>
at /page-map[1]/sections[1]/page-section[1]/areas[1]/area[1]/modules[1]/module[3]/webElementSetComponentBeans[1]/element-group[1]/links[1]/link[1]/href[1]/text()[1]
***********************

Module:[AT06]***********************
Expected CDATA section value 'http://test.film4.com/reviews/2008/slumdog-millionaire?asdsc#cast' 
but was 'http://test.film4.com/reviews/2008/slumdog-millionaire?as3dsc#cast' - comparing <![CDATA[http://test.film4.com/reviews/2008/slumdog-millionaire?asdsc#cast]]]]>
        <![CDATA[>
at /page-map[1]/sections[1]/page-section[1]/areas[1]/area[1]/modules[1]/module[3]/webElementSetComponentBeans[1]/element-group[1]/links[1]/link[2]/href[1]/text()[1] to <![CDATA[http://test.film4.com/reviews/2008/slumdog-millionaire?as3dsc#cast]]]]>
        <![CDATA[>
at /page-map[1]/sections[1]/page-section[1]/areas[1]/area[1]/modules[1]/module[3]/webElementSetComponentBeans[1]/element-group[1]/links[1]/link[2]/href[1]/text()[1]
***********************

Module:[AV07]***********************
Expected CDATA section value 'http://test.film4.com/media/images/Channel4/film/T/trainspotting_xl_03_MED.jpg' 
but was 'http://test.film4.com/media/images/Channel4/film/T/trainspotting_xl_03_LRG.jpg' - comparing <![CDATA[http://test.film4.com/media/images/Channel4/film/T/trainspotting_xl_03_MED.jpg]]]]>
        <![CDATA[>
at /page-map[1]/sections[1]/page-section[1]/areas[1]/area[2]/modules[1]/module[1]/elementGroups[1]/element-group[2]/images[1]/picture[1]/src[1]/text()[1] to <![CDATA[http://test.film4.com/media/images/Channel4/film/T/trainspotting_xl_03_LRG.jpg]]]]>
        <![CDATA[>
at /page-map[1]/sections[1]/page-section[1]/areas[1]/area[2]/modules[1]/module[1]/elementGroups[1]/element-group[2]/images[1]/picture[1]/src[1]/text()[1]
***********************

Module:[FL01-default]***********************
Expected CDATA section value 'http://test.film4.com/reviews/2008/slumdog-millionaire?asdsc#' 
but was 'http://test.film4.com/reviews/2008/slumdog-millionaire?as3dsc#' - comparing <![CDATA[http://test.film4.com/reviews/2008/slumdog-millionaire?asdsc#]]]]>
        <![CDATA[>
at /page-map[1]/sections[1]/page-section[1]/areas[1]/area[3]/modules[1]/module[1]/webElementSetComponentBeans[1]/element-group[1]/links[1]/link[1]/href[1]/text()[1] to <![CDATA[http://test.film4.com/reviews/2008/slumdog-millionaire?as3dsc#]]]]>
        <![CDATA[>
at /page-map[1]/sections[1]/page-section[1]/areas[1]/area[3]/modules[1]/module[1]/webElementSetComponentBeans[1]/element-group[1]/links[1]/link[1]/href[1]/text()[1]
***********************

Module:[FL01-default]***********************
Expected CDATA section value 'Psycho 1998' 
but was 'Hail! Hail! Rock 'N' Roll' - comparing <![CDATA[Psycho 1998]]]]><![CDATA[> 
at /page-map[1]/sections[1]/page-section[1]/areas[1]/area[3]/modules[1]/module[1]/webElementSetComponentBeans[1]/element-group[1]/links[1]/link[2]/linkText[1]/text()[1] to <![CDATA[Hail! Hail! Rock 'N' Roll]]]]>
        <![CDATA[>
at /page-map[1]/sections[1]/page-section[1]/areas[1]/area[3]/modules[1]/module[1]/webElementSetComponentBeans[1]/element-group[1]/links[1]/link[2]/linkText[1]/text()[1]
***********************

Module:[FL01-default]***********************
Expected CDATA section value 'http://test.film4.com/reviews/1998/psycho-1998' 
but was 'http://test.film4.com/reviews/1987/hail-hail-rock-n-roll' - comparing <![CDATA[http://test.film4.com/reviews/1998/psycho-1998]]]]>
        <![CDATA[>
at /page-map[1]/sections[1]/page-section[1]/areas[1]/area[3]/modules[1]/module[1]/webElementSetComponentBeans[1]/element-group[1]/links[1]/link[2]/href[1]/text()[1] to <![CDATA[http://test.film4.com/reviews/1987/hail-hail-rock-n-roll]]]]>
        <![CDATA[>
at /page-map[1]/sections[1]/page-section[1]/areas[1]/area[3]/modules[1]/module[1]/webElementSetComponentBeans[1]/element-group[1]/links[1]/link[2]/href[1]/text()[1]
***********************

Module:[FL01-default]***********************
Expected CDATA section value 'http://test.film4.com/reviews/1998/psycho-1998' 
but was 'http://test.film4.com/reviews/1987/hail-hail-rock-n-roll' - comparing <![CDATA[http://test.film4.com/reviews/1998/psycho-1998]]]]>
        <![CDATA[>
at /page-map[1]/sections[1]/page-section[1]/areas[1]/area[3]/modules[1]/module[1]/webElementSetComponentBeans[1]/element-group[1]/imageLinks[1]/picture-link[1]/href[1]/text()[1] to <![CDATA[http://test.film4.com/reviews/1987/hail-hail-rock-n-roll]]]]>
        <![CDATA[>
at /page-map[1]/sections[1]/page-section[1]/areas[1]/area[3]/modules[1]/module[1]/webElementSetComponentBeans[1]/element-group[1]/imageLinks[1]/picture-link[1]/href[1]/text()[1]
***********************

Module:[FL01-default]***********************
Expected CDATA section value 'http://test.film4.com/media/images/Film4/images/P/psycho-1998-01_MED.jpg' 
but was 'http://test.film4.com/media/images/Film4/film4-default-image_MED.jpg' - comparing <![CDATA[http://test.film4.com/media/images/Film4/images/P/psycho-1998-01_MED.jpg]]]]>
        <![CDATA[>
at /page-map[1]/sections[1]/page-section[1]/areas[1]/area[3]/modules[1]/module[1]/webElementSetComponentBeans[1]/element-group[1]/imageLinks[1]/picture-link[1]/src[1]/text()[1] to <![CDATA[http://test.film4.com/media/images/Film4/film4-default-image_MED.jpg]]]]>
        <![CDATA[>
at /page-map[1]/sections[1]/page-section[1]/areas[1]/area[3]/modules[1]/module[1]/webElementSetComponentBeans[1]/element-group[1]/imageLinks[1]/picture-link[1]/src[1]/text()[1]
***********************

Module:[FL01-default]***********************
Expected text value '53' 
but was '70' - comparing <height ...>53</height> 
at /page-map[1]/sections[1]/page-section[1]/areas[1]/area[3]/modules[1]/module[1]/webElementSetComponentBeans[1]/element-group[1]/imageLinks[1]/picture-link[1]/height[1]/text()[1] to <height ...>70</height> 
at /page-map[1]/sections[1]/page-section[1]/areas[1]/area[3]/modules[1]/module[1]/webElementSetComponentBeans[1]/element-group[1]/imageLinks[1]/picture-link[1]/height[1]/text()[1]
***********************

Module:[FL01-default]***********************
Expected CDATA section value 'How do you improve on cinematic perfection? Not by turning in lacklustre...' 
but was 'synopsis' - comparing <![CDATA[How do you improve on cinematic perfection? Not by turning in lacklustre...]]]]>
        <![CDATA[>
at /page-map[1]/sections[1]/page-section[1]/areas[1]/area[3]/modules[1]/module[1]/webElementSetComponentBeans[1]/element-group[1]/textBlocks[1]/text-block[1]/text[1]/text()[1] to <![CDATA[synopsis]]]]>
        <![CDATA[>
at /page-map[1]/sections[1]/page-section[1]/areas[1]/area[3]/modules[1]/module[1]/webElementSetComponentBeans[1]/element-group[1]/textBlocks[1]/text-block[1]/text[1]/text()[1]
***********************

Module:[FL01-default]***********************
Expected CDATA section value 'Psycho 1998' 
but was 'Hail! Hail! Rock 'N' Roll' - comparing <![CDATA[Psycho 1998]]]]><![CDATA[> 
at /page-map[1]/sections[1]/page-section[1]/areas[1]/area[3]/modules[1]/module[1]/webElementSetComponentBeans[1]/element-group[1]/textBlocks[1]/text-block[2]/text[1]/text()[1] to <![CDATA[Hail! Hail! Rock 'N' Roll]]]]>
        <![CDATA[>
at /page-map[1]/sections[1]/page-section[1]/areas[1]/area[3]/modules[1]/module[1]/webElementSetComponentBeans[1]/element-group[1]/textBlocks[1]/text-block[2]/text[1]/text()[1]
***********************

Module:[FL01-default]***********************
Expected CDATA section value 'http://test.film4.com/reviews/2008/slumdog-millionaire?asdsc#' 
but was 'http://test.film4.com/reviews/2008/slumdog-millionaire?as3dsc#' - comparing <![CDATA[http://test.film4.com/reviews/2008/slumdog-millionaire?asdsc#]]]]>
        <![CDATA[>
at /page-map[1]/sections[1]/page-section[1]/areas[1]/area[3]/modules[1]/module[1]/webElementSetComponentBeans[1]/element-group[2]/links[1]/link[1]/href[1]/text()[1] to <![CDATA[http://test.film4.com/reviews/2008/slumdog-millionaire?as3dsc#]]]]>
        <![CDATA[>
at /page-map[1]/sections[1]/page-section[1]/areas[1]/area[3]/modules[1]/module[1]/webElementSetComponentBeans[1]/element-group[2]/links[1]/link[1]/href[1]/text()[1]
***********************

Module:[FL01-default]***********************
Expected CDATA section value 'Roman Holiday' 
but was 'Fear is the Key' - comparing <![CDATA[Roman Holiday]]]]><![CDATA[> 
at /page-map[1]/sections[1]/page-section[1]/areas[1]/area[3]/modules[1]/module[1]/webElementSetComponentBeans[1]/element-group[2]/links[1]/link[2]/linkText[1]/text()[1] to <![CDATA[Fear is the Key]]]]>
        <![CDATA[>
at /page-map[1]/sections[1]/page-section[1]/areas[1]/area[3]/modules[1]/module[1]/webElementSetComponentBeans[1]/element-group[2]/links[1]/link[2]/linkText[1]/text()[1]
***********************

Module:[FL01-default]***********************
Expected CDATA section value 'http://test.film4.com/reviews/1953/roman-holiday' 
but was 'http://test.film4.com/reviews/1972/fear-is-the-key' - comparing <![CDATA[http://test.film4.com/reviews/1953/roman-holiday]]]]>
        <![CDATA[>
at /page-map[1]/sections[1]/page-section[1]/areas[1]/area[3]/modules[1]/module[1]/webElementSetComponentBeans[1]/element-group[2]/links[1]/link[2]/href[1]/text()[1] to <![CDATA[http://test.film4.com/reviews/1972/fear-is-the-key]]]]>
        <![CDATA[>
at /page-map[1]/sections[1]/page-section[1]/areas[1]/area[3]/modules[1]/module[1]/webElementSetComponentBeans[1]/element-group[2]/links[1]/link[2]/href[1]/text()[1]
***********************

Module:[FL01-default]***********************
Expected CDATA section value 'http://test.film4.com/reviews/1953/roman-holiday' 
but was 'http://test.film4.com/reviews/1972/fear-is-the-key' - comparing <![CDATA[http://test.film4.com/reviews/1953/roman-holiday]]]]>
        <![CDATA[>
at /page-map[1]/sections[1]/page-section[1]/areas[1]/area[3]/modules[1]/module[1]/webElementSetComponentBeans[1]/element-group[2]/imageLinks[1]/picture-link[1]/href[1]/text()[1] to <![CDATA[http://test.film4.com/reviews/1972/fear-is-the-key]]]]>
        <![CDATA[>
at /page-map[1]/sections[1]/page-section[1]/areas[1]/area[3]/modules[1]/module[1]/webElementSetComponentBeans[1]/element-group[2]/imageLinks[1]/picture-link[1]/href[1]/text()[1]
***********************

Module:[FL01-default]***********************
Expected CDATA section value 'http://test.film4.com/media/images/Channel4/Film4/1950s/roman-holiday_MED.jpg' 
but was 'http://test.film4.com/media/images/Film4/film4-default-image_MED.jpg' - comparing <![CDATA[http://test.film4.com/media/images/Channel4/Film4/1950s/roman-holiday_MED.jpg]]]]>
        <![CDATA[>
at /page-map[1]/sections[1]/page-section[1]/areas[1]/area[3]/modules[1]/module[1]/webElementSetComponentBeans[1]/element-group[2]/imageLinks[1]/picture-link[1]/src[1]/text()[1] to <![CDATA[http://test.film4.com/media/images/Film4/film4-default-image_MED.jpg]]]]>
        <![CDATA[>
at /page-map[1]/sections[1]/page-section[1]/areas[1]/area[3]/modules[1]/module[1]/webElementSetComponentBeans[1]/element-group[2]/imageLinks[1]/picture-link[1]/src[1]/text()[1]
***********************

Module:[FL01-default]***********************
Expected CDATA section value 'Cheerfully charming romantic comedy in which reporter Gregory Peck falls...' 
but was 'synopsis' - comparing <![CDATA[Cheerfully charming romantic comedy in which reporter Gregory Peck falls...]]]]>
        <![CDATA[>
at /page-map[1]/sections[1]/page-section[1]/areas[1]/area[3]/modules[1]/module[1]/webElementSetComponentBeans[1]/element-group[2]/textBlocks[1]/text-block[1]/text[1]/text()[1] to <![CDATA[synopsis]]]]>
        <![CDATA[>
at /page-map[1]/sections[1]/page-section[1]/areas[1]/area[3]/modules[1]/module[1]/webElementSetComponentBeans[1]/element-group[2]/textBlocks[1]/text-block[1]/text[1]/text()[1]
***********************

Module:[FL01-default]***********************
Expected CDATA section value 'Roman Holiday' 
but was 'Fear is the Key' - comparing <![CDATA[Roman Holiday]]]]><![CDATA[> 
at /page-map[1]/sections[1]/page-section[1]/areas[1]/area[3]/modules[1]/module[1]/webElementSetComponentBeans[1]/element-group[2]/textBlocks[1]/text-block[2]/text[1]/text()[1] to <![CDATA[Fear is the Key]]]]>
        <![CDATA[>
at /page-map[1]/sections[1]/page-section[1]/areas[1]/area[3]/modules[1]/module[1]/webElementSetComponentBeans[1]/element-group[2]/textBlocks[1]/text-block[2]/text[1]/text()[1]
***********************

Module:[FL01-default]***********************
Expected CDATA section value 'http://test.film4.com/reviews/2008/slumdog-millionaire?asdsc#' 
but was 'http://test.film4.com/reviews/2008/slumdog-millionaire?as3dsc#' - comparing <![CDATA[http://test.film4.com/reviews/2008/slumdog-millionaire?asdsc#]]]]>
        <![CDATA[>
at /page-map[1]/sections[1]/page-section[1]/areas[1]/area[3]/modules[1]/module[1]/webElementSetComponentBeans[1]/element-group[3]/links[1]/link[1]/href[1]/text()[1] to <![CDATA[http://test.film4.com/reviews/2008/slumdog-millionaire?as3dsc#]]]]>
        <![CDATA[>
at /page-map[1]/sections[1]/page-section[1]/areas[1]/area[3]/modules[1]/module[1]/webElementSetComponentBeans[1]/element-group[3]/links[1]/link[1]/href[1]/text()[1]
***********************

Module:[FL01-default]***********************
Expected CDATA section value 'Local Hero' 
but was 'Elizabeth' - comparing <![CDATA[Local Hero]]]]><![CDATA[> 
at /page-map[1]/sections[1]/page-section[1]/areas[1]/area[3]/modules[1]/module[1]/webElementSetComponentBeans[1]/element-group[3]/links[1]/link[2]/linkText[1]/text()[1] to <![CDATA[Elizabeth]]]]>
        <![CDATA[>
at /page-map[1]/sections[1]/page-section[1]/areas[1]/area[3]/modules[1]/module[1]/webElementSetComponentBeans[1]/element-group[3]/links[1]/link[2]/linkText[1]/text()[1]
***********************

Module:[FL01-default]***********************
Expected CDATA section value 'http://test.film4.com/reviews/1983/local-hero' 
but was 'http://test.film4.com/reviews/1998/elizabeth' - comparing <![CDATA[http://test.film4.com/reviews/1983/local-hero]]]]>
        <![CDATA[>
at /page-map[1]/sections[1]/page-section[1]/areas[1]/area[3]/modules[1]/module[1]/webElementSetComponentBeans[1]/element-group[3]/links[1]/link[2]/href[1]/text()[1] to <![CDATA[http://test.film4.com/reviews/1998/elizabeth]]]]>
        <![CDATA[>
at /page-map[1]/sections[1]/page-section[1]/areas[1]/area[3]/modules[1]/module[1]/webElementSetComponentBeans[1]/element-group[3]/links[1]/link[2]/href[1]/text()[1]
***********************

Module:[FL01-default]***********************
Expected CDATA section value 'http://test.film4.com/reviews/1983/local-hero' 
but was 'http://test.film4.com/reviews/1998/elizabeth' - comparing <![CDATA[http://test.film4.com/reviews/1983/local-hero]]]]>
        <![CDATA[>
at /page-map[1]/sections[1]/page-section[1]/areas[1]/area[3]/modules[1]/module[1]/webElementSetComponentBeans[1]/element-group[3]/imageLinks[1]/picture-link[1]/href[1]/text()[1] to <![CDATA[http://test.film4.com/reviews/1998/elizabeth]]]]>
        <![CDATA[>
at /page-map[1]/sections[1]/page-section[1]/areas[1]/area[3]/modules[1]/module[1]/webElementSetComponentBeans[1]/element-group[3]/imageLinks[1]/picture-link[1]/href[1]/text()[1]
***********************

Module:[FL01-default]***********************
Expected CDATA section value 'http://test.film4.com/media/images/Channel4/Film4/1980s/L/local-hero_MED.jpg' 
but was 'http://test.film4.com/media/images/Channel4/Film4/1990s/E/elizabeth_MED.jpg' - comparing <![CDATA[http://test.film4.com/media/images/Channel4/Film4/1980s/L/local-hero_MED.jpg]]]]>
        <![CDATA[>
at /page-map[1]/sections[1]/page-section[1]/areas[1]/area[3]/modules[1]/module[1]/webElementSetComponentBeans[1]/element-group[3]/imageLinks[1]/picture-link[1]/src[1]/text()[1] to <![CDATA[http://test.film4.com/media/images/Channel4/Film4/1990s/E/elizabeth_MED.jpg]]]]>
        <![CDATA[>
at /page-map[1]/sections[1]/page-section[1]/areas[1]/area[3]/modules[1]/module[1]/webElementSetComponentBeans[1]/element-group[3]/imageLinks[1]/picture-link[1]/src[1]/text()[1]
***********************

Module:[FL01-default]***********************
Expected CDATA section value 'The finest of the whimsical Scottish films whose off-beat appeal...' 
but was 'The young Elizabeth I takes to the throne and finds her court a hotbed of...' - comparing <![CDATA[The finest of the whimsical Scottish films whose off-beat appeal...]]]]>
        <![CDATA[>
at /page-map[1]/sections[1]/page-section[1]/areas[1]/area[3]/modules[1]/module[1]/webElementSetComponentBeans[1]/element-group[3]/textBlocks[1]/text-block[1]/text[1]/text()[1] to <![CDATA[The young Elizabeth I takes to the throne and finds her court a hotbed of...]]]]>
        <![CDATA[>
at /page-map[1]/sections[1]/page-section[1]/areas[1]/area[3]/modules[1]/module[1]/webElementSetComponentBeans[1]/element-group[3]/textBlocks[1]/text-block[1]/text[1]/text()[1]
***********************

Module:[FL01-default]***********************
Expected CDATA section value 'Local Hero' 
but was 'Elizabeth' - comparing <![CDATA[Local Hero]]]]><![CDATA[> 
at /page-map[1]/sections[1]/page-section[1]/areas[1]/area[3]/modules[1]/module[1]/webElementSetComponentBeans[1]/element-group[3]/textBlocks[1]/text-block[2]/text[1]/text()[1] to <![CDATA[Elizabeth]]]]>
        <![CDATA[>
at /page-map[1]/sections[1]/page-section[1]/areas[1]/area[3]/modules[1]/module[1]/webElementSetComponentBeans[1]/element-group[3]/textBlocks[1]/text-block[2]/text[1]/text()[1]
***********************

Module:[FL01-default]***********************
Expected CDATA section value 'http://test.film4.com/reviews/2008/slumdog-millionaire?asdsc#' 
but was 'http://test.film4.com/reviews/2008/slumdog-millionaire?as3dsc#' - comparing <![CDATA[http://test.film4.com/reviews/2008/slumdog-millionaire?asdsc#]]]]>
        <![CDATA[>
at /page-map[1]/sections[1]/page-section[1]/areas[1]/area[3]/modules[1]/module[1]/webElementSetComponentBeans[1]/element-group[4]/links[1]/link[1]/href[1]/text()[1] to <![CDATA[http://test.film4.com/reviews/2008/slumdog-millionaire?as3dsc#]]]]>
        <![CDATA[>
at /page-map[1]/sections[1]/page-section[1]/areas[1]/area[3]/modules[1]/module[1]/webElementSetComponentBeans[1]/element-group[4]/links[1]/link[1]/href[1]/text()[1]
***********************

Module:[FL01-default]***********************
Expected CDATA section value 'The Last King Of Scotland' 
but was 'Mister Lonely' - comparing <![CDATA[The Last King Of Scotland]]]]><![CDATA[> 
at /page-map[1]/sections[1]/page-section[1]/areas[1]/area[3]/modules[1]/module[1]/webElementSetComponentBeans[1]/element-group[4]/links[1]/link[2]/linkText[1]/text()[1] to <![CDATA[Mister Lonely]]]]>
        <![CDATA[>
at /page-map[1]/sections[1]/page-section[1]/areas[1]/area[3]/modules[1]/module[1]/webElementSetComponentBeans[1]/element-group[4]/links[1]/link[2]/linkText[1]/text()[1]
***********************

Module:[FL01-default]***********************
Expected CDATA section value 'http://test.film4.com/reviews/2006/the-last-king-of-scotland' 
but was 'http://test.film4.com/reviews/2007/mister-lonely' - comparing <![CDATA[http://test.film4.com/reviews/2006/the-last-king-of-scotland]]]]>
        <![CDATA[>
at /page-map[1]/sections[1]/page-section[1]/areas[1]/area[3]/modules[1]/module[1]/webElementSetComponentBeans[1]/element-group[4]/links[1]/link[2]/href[1]/text()[1] to <![CDATA[http://test.film4.com/reviews/2007/mister-lonely]]]]>
        <![CDATA[>
at /page-map[1]/sections[1]/page-section[1]/areas[1]/area[3]/modules[1]/module[1]/webElementSetComponentBeans[1]/element-group[4]/links[1]/link[2]/href[1]/text()[1]
***********************

Module:[FL01-default]***********************
Expected CDATA section value 'http://test.film4.com/reviews/2006/the-last-king-of-scotland' 
but was 'http://test.film4.com/reviews/2007/mister-lonely' - comparing <![CDATA[http://test.film4.com/reviews/2006/the-last-king-of-scotland]]]]>
        <![CDATA[>
at /page-map[1]/sections[1]/page-section[1]/areas[1]/area[3]/modules[1]/module[1]/webElementSetComponentBeans[1]/element-group[4]/imageLinks[1]/picture-link[1]/href[1]/text()[1] to <![CDATA[http://test.film4.com/reviews/2007/mister-lonely]]]]>
        <![CDATA[>
at /page-map[1]/sections[1]/page-section[1]/areas[1]/area[3]/modules[1]/module[1]/webElementSetComponentBeans[1]/element-group[4]/imageLinks[1]/picture-link[1]/href[1]/text()[1]
***********************

Module:[FL01-default]***********************
Expected CDATA section value 'http://test.film4.com/media/images/Channel4/Film4/2000s/L/the-last-king-of-scotland_MED.jpg' 
but was 'http://test.film4.com/media/images/Channel4/Film4/2000s/M/mister-lonely_MED.jpg' - comparing <![CDATA[http://test.film4.com/media/images/Channel4/Film4/2000s/L/the-last-king-of-scotland_MED.jpg]]]]>
        <![CDATA[>
at /page-map[1]/sections[1]/page-section[1]/areas[1]/area[3]/modules[1]/module[1]/webElementSetComponentBeans[1]/element-group[4]/imageLinks[1]/picture-link[1]/src[1]/text()[1] to <![CDATA[http://test.film4.com/media/images/Channel4/Film4/2000s/M/mister-lonely_MED.jpg]]]]>
        <![CDATA[>
at /page-map[1]/sections[1]/page-section[1]/areas[1]/area[3]/modules[1]/module[1]/webElementSetComponentBeans[1]/element-group[4]/imageLinks[1]/picture-link[1]/src[1]/text()[1]
***********************

Module:[FL01-default]***********************
Expected CDATA section value 'Forest Whitaker stars in this blistering thriller about Ugandan dictator...' 
but was 'A Michael Jackson impersonator leaves Paris with a Marilyn Monroe...' - comparing <![CDATA[Forest Whitaker stars in this blistering thriller about Ugandan dictator...]]]]>
        <![CDATA[>
at /page-map[1]/sections[1]/page-section[1]/areas[1]/area[3]/modules[1]/module[1]/webElementSetComponentBeans[1]/element-group[4]/textBlocks[1]/text-block[1]/text[1]/text()[1] to <![CDATA[A Michael Jackson impersonator leaves Paris with a Marilyn Monroe...]]]]>
        <![CDATA[>
at /page-map[1]/sections[1]/page-section[1]/areas[1]/area[3]/modules[1]/module[1]/webElementSetComponentBeans[1]/element-group[4]/textBlocks[1]/text-block[1]/text[1]/text()[1]
***********************

Module:[FL01-default]***********************
Expected CDATA section value 'The Last King Of Scotland' 
but was 'Mister Lonely' - comparing <![CDATA[The Last King Of Scotland]]]]><![CDATA[> 
at /page-map[1]/sections[1]/page-section[1]/areas[1]/area[3]/modules[1]/module[1]/webElementSetComponentBeans[1]/element-group[4]/textBlocks[1]/text-block[2]/text[1]/text()[1] to <![CDATA[Mister Lonely]]]]>
        <![CDATA[>
at /page-map[1]/sections[1]/page-section[1]/areas[1]/area[3]/modules[1]/module[1]/webElementSetComponentBeans[1]/element-group[4]/textBlocks[1]/text-block[2]/text[1]/text()[1]
***********************

Module:[FL01-default]***********************
Expected CDATA section value 'SceneStealers: Joe Cornish to...' 
but was 'Sky customers to enjoy access to...' - comparing <![CDATA[SceneStealers: Joe Cornish to...]]]]><![CDATA[> 
at /page-map[1]/sections[1]/page-section[1]/areas[1]/area[3]/modules[1]/module[1]/webElementSetComponentBeans[1]/element-group[5]/links[1]/link[1]/linkText[1]/text()[1] to <![CDATA[Sky customers to enjoy access to...]]]]>
        <![CDATA[>
at /page-map[1]/sections[1]/page-section[1]/areas[1]/area[3]/modules[1]/module[1]/webElementSetComponentBeans[1]/element-group[5]/links[1]/link[1]/linkText[1]/text()[1]
***********************

Module:[FL01-default]***********************
Expected CDATA section value 'http://film4blog2012.clients.amido.co.uk/?p=704' 
but was 'http://film4blog2012.clients.amido.co.uk/?p=1092' - comparing <![CDATA[http://film4blog2012.clients.amido.co.uk/?p=704]]]]>
        <![CDATA[>
at /page-map[1]/sections[1]/page-section[1]/areas[1]/area[3]/modules[1]/module[1]/webElementSetComponentBeans[1]/element-group[5]/links[1]/link[1]/href[1]/text()[1] to <![CDATA[http://film4blog2012.clients.amido.co.uk/?p=1092]]]]>
        <![CDATA[>
at /page-map[1]/sections[1]/page-section[1]/areas[1]/area[3]/modules[1]/module[1]/webElementSetComponentBeans[1]/element-group[5]/links[1]/link[1]/href[1]/text()[1]
***********************

Module:[FL01-default]***********************
Expected CDATA section value 'http://film4blog2012.clients.amido.co.uk/?p=704' 
but was 'http://film4blog2012.clients.amido.co.uk/?p=1092' - comparing <![CDATA[http://film4blog2012.clients.amido.co.uk/?p=704]]]]>
        <![CDATA[>
at /page-map[1]/sections[1]/page-section[1]/areas[1]/area[3]/modules[1]/module[1]/webElementSetComponentBeans[1]/element-group[5]/imageLinks[1]/picture-link[1]/href[1]/text()[1] to <![CDATA[http://film4blog2012.clients.amido.co.uk/?p=1092]]]]>
        <![CDATA[>
at /page-map[1]/sections[1]/page-section[1]/areas[1]/area[3]/modules[1]/module[1]/webElementSetComponentBeans[1]/element-group[5]/imageLinks[1]/picture-link[1]/href[1]/text()[1]
***********************

Module:[FL01-default]***********************
Expected CDATA section value 'It is a very exciting time for the team...' 
but was 'It's been announced today that a new...' - comparing <![CDATA[It is a very exciting time for the team...]]]]>
        <![CDATA[>
at /page-map[1]/sections[1]/page-section[1]/areas[1]/area[3]/modules[1]/module[1]/webElementSetComponentBeans[1]/element-group[5]/textBlocks[1]/text-block[1]/text[1]/text()[1] to <![CDATA[It's been announced today that a new...]]]]>
        <![CDATA[>
at /page-map[1]/sections[1]/page-section[1]/areas[1]/area[3]/modules[1]/module[1]/webElementSetComponentBeans[1]/element-group[5]/textBlocks[1]/text-block[1]/text[1]/text()[1]
***********************

Module:[FL01-default]***********************
Expected CDATA section value 'SceneStealers: Joe Cornish to...' 
but was 'Sky customers to enjoy access to...' - comparing <![CDATA[SceneStealers: Joe Cornish to...]]]]><![CDATA[> 
at /page-map[1]/sections[1]/page-section[1]/areas[1]/area[3]/modules[1]/module[1]/webElementSetComponentBeans[1]/element-group[5]/textBlocks[1]/text-block[2]/text[1]/text()[1] to <![CDATA[Sky customers to enjoy access to...]]]]>
        <![CDATA[>
at /page-map[1]/sections[1]/page-section[1]/areas[1]/area[3]/modules[1]/module[1]/webElementSetComponentBeans[1]/element-group[5]/textBlocks[1]/text-block[2]/text[1]/text()[1]
***********************

Module:[FL01-default]***********************
Expected CDATA section value 'The Imposter breaks the £1m box...' 
but was 'Highly commended Film4.0 Scene...' - comparing <![CDATA[The Imposter breaks the £1m box...]]]]><![CDATA[> 
at /page-map[1]/sections[1]/page-section[1]/areas[1]/area[3]/modules[1]/module[1]/webElementSetComponentBeans[1]/element-group[6]/links[1]/link[1]/linkText[1]/text()[1] to <![CDATA[Highly commended Film4.0 Scene...]]]]>
        <![CDATA[>
at /page-map[1]/sections[1]/page-section[1]/areas[1]/area[3]/modules[1]/module[1]/webElementSetComponentBeans[1]/element-group[6]/links[1]/link[1]/linkText[1]/text()[1]
***********************

Module:[FL01-default]***********************
Expected CDATA section value 'http://film4blog2012.clients.amido.co.uk/?p=1097' 
but was 'http://film4blog2012.clients.amido.co.uk/?p=1037' - comparing <![CDATA[http://film4blog2012.clients.amido.co.uk/?p=1097]]]]>
        <![CDATA[>
at /page-map[1]/sections[1]/page-section[1]/areas[1]/area[3]/modules[1]/module[1]/webElementSetComponentBeans[1]/element-group[6]/links[1]/link[1]/href[1]/text()[1] to <![CDATA[http://film4blog2012.clients.amido.co.uk/?p=1037]]]]>
        <![CDATA[>
at /page-map[1]/sections[1]/page-section[1]/areas[1]/area[3]/modules[1]/module[1]/webElementSetComponentBeans[1]/element-group[6]/links[1]/link[1]/href[1]/text()[1]
***********************

Module:[FL01-default]***********************
Expected CDATA section value 'http://film4blog2012.clients.amido.co.uk/?p=1097' 
but was 'http://film4blog2012.clients.amido.co.uk/?p=1037' - comparing <![CDATA[http://film4blog2012.clients.amido.co.uk/?p=1097]]]]>
        <![CDATA[>
at /page-map[1]/sections[1]/page-section[1]/areas[1]/area[3]/modules[1]/module[1]/webElementSetComponentBeans[1]/element-group[6]/imageLinks[1]/picture-link[1]/href[1]/text()[1] to <![CDATA[http://film4blog2012.clients.amido.co.uk/?p=1037]]]]>
        <![CDATA[>
at /page-map[1]/sections[1]/page-section[1]/areas[1]/area[3]/modules[1]/module[1]/webElementSetComponentBeans[1]/element-group[6]/imageLinks[1]/picture-link[1]/href[1]/text()[1]
***********************

Module:[FL01-default]***********************
Expected CDATA section value 'The film storms into the all time top ten...' 
but was 'Ross Johnston's take on Shane Meadows...' - comparing <![CDATA[The film storms into the all time top ten...]]]]>
        <![CDATA[>
at /page-map[1]/sections[1]/page-section[1]/areas[1]/area[3]/modules[1]/module[1]/webElementSetComponentBeans[1]/element-group[6]/textBlocks[1]/text-block[1]/text[1]/text()[1] to <![CDATA[Ross Johnston's take on Shane Meadows...]]]]>
        <![CDATA[>
at /page-map[1]/sections[1]/page-section[1]/areas[1]/area[3]/modules[1]/module[1]/webElementSetComponentBeans[1]/element-group[6]/textBlocks[1]/text-block[1]/text[1]/text()[1]
***********************

Module:[FL01-default]***********************
Expected CDATA section value 'The Imposter breaks the £1m box...' 
but was 'Highly commended Film4.0 Scene...' - comparing <![CDATA[The Imposter breaks the £1m box...]]]]><![CDATA[> 
at /page-map[1]/sections[1]/page-section[1]/areas[1]/area[3]/modules[1]/module[1]/webElementSetComponentBeans[1]/element-group[6]/textBlocks[1]/text-block[2]/text[1]/text()[1] to <![CDATA[Highly commended Film4.0 Scene...]]]]>
        <![CDATA[>
at /page-map[1]/sections[1]/page-section[1]/areas[1]/area[3]/modules[1]/module[1]/webElementSetComponentBeans[1]/element-group[6]/textBlocks[1]/text-block[2]/text[1]/text()[1]
***********************

Module:[FL01-default]***********************
Expected CDATA section value 'Top 25 Comedies' 
but was 'Top 50 Horror Films' - comparing <![CDATA[Top 25 Comedies]]]]><![CDATA[> 
at /page-map[1]/sections[1]/page-section[1]/areas[1]/area[3]/modules[1]/module[1]/webElementSetComponentBeans[1]/element-group[7]/links[1]/link[1]/linkText[1]/text()[1] to <![CDATA[Top 50 Horror Films]]]]>
        <![CDATA[>
at /page-map[1]/sections[1]/page-section[1]/areas[1]/area[3]/modules[1]/module[1]/webElementSetComponentBeans[1]/element-group[7]/links[1]/link[1]/linkText[1]/text()[1]
***********************

Module:[FL01-default]***********************
Expected CDATA section value 'http://test.film4.com/special-features/top-100-films/top-25-comedies' 
but was 'http://test.film4.com/special-features/top-lists/top-50-horror-films' - comparing <![CDATA[http://test.film4.com/special-features/top-100-films/top-25-comedies]]]]>
        <![CDATA[>
at /page-map[1]/sections[1]/page-section[1]/areas[1]/area[3]/modules[1]/module[1]/webElementSetComponentBeans[1]/element-group[7]/links[1]/link[1]/href[1]/text()[1] to <![CDATA[http://test.film4.com/special-features/top-lists/top-50-horror-films]]]]>
        <![CDATA[>
at /page-map[1]/sections[1]/page-section[1]/areas[1]/area[3]/modules[1]/module[1]/webElementSetComponentBeans[1]/element-group[7]/links[1]/link[1]/href[1]/text()[1]
***********************

Module:[FL01-default]***********************
Expected CDATA section value 'http://test.film4.com/special-features/top-100-films/top-25-comedies' 
but was 'http://test.film4.com/special-features/top-lists/top-50-horror-films' - comparing <![CDATA[http://test.film4.com/special-features/top-100-films/top-25-comedies]]]]>
        <![CDATA[>
at /page-map[1]/sections[1]/page-section[1]/areas[1]/area[3]/modules[1]/module[1]/webElementSetComponentBeans[1]/element-group[7]/imageLinks[1]/picture-link[1]/href[1]/text()[1] to <![CDATA[http://test.film4.com/special-features/top-lists/top-50-horror-films]]]]>
        <![CDATA[>
at /page-map[1]/sections[1]/page-section[1]/areas[1]/area[3]/modules[1]/module[1]/webElementSetComponentBeans[1]/element-group[7]/imageLinks[1]/picture-link[1]/href[1]/text()[1]
***********************

Module:[FL01-default]***********************
Expected CDATA section value 'http://test.film4.com/media/images/Channel4/Film4/1970s/monty-pythons-life-of-brian%5B1%5D_MED.jpg' 
but was 'http://test.film4.com/media/images/Channel4/film4_gti/Team/Geraldine%20Atlee_MED.jpeg' - comparing <![CDATA[http://test.film4.com/media/images/Channel4/Film4/1970s/monty-pythons-life-of-brian%5B1%5D_MED.jpg]]]]>
        <![CDATA[>
at /page-map[1]/sections[1]/page-section[1]/areas[1]/area[3]/modules[1]/module[1]/webElementSetComponentBeans[1]/element-group[7]/imageLinks[1]/picture-link[1]/src[1]/text()[1] to <![CDATA[http://test.film4.com/media/images/Channel4/film4_gti/Team/Geraldine%20Atlee_MED.jpeg]]]]>
        <![CDATA[>
at /page-map[1]/sections[1]/page-section[1]/areas[1]/area[3]/modules[1]/module[1]/webElementSetComponentBeans[1]/element-group[7]/imageLinks[1]/picture-link[1]/src[1]/text()[1]
***********************

Module:[FL01-default]***********************
Expected text value '70' 
but was '83' - comparing <height ...>70</height> 
at /page-map[1]/sections[1]/page-section[1]/areas[1]/area[3]/modules[1]/module[1]/webElementSetComponentBeans[1]/element-group[7]/imageLinks[1]/picture-link[1]/height[1]/text()[1] to <height ...>83</height> 
at /page-map[1]/sections[1]/page-section[1]/areas[1]/area[3]/modules[1]/module[1]/webElementSetComponentBeans[1]/element-group[7]/imageLinks[1]/picture-link[1]/height[1]/text()[1]
***********************

Module:[FL01-default]***********************
Expected CDATA section value 'Chortling, chuckling, giggling, guffawing, tittering, howling, roaring...' 
but was 'Dare you journey with Film4.com on a terrifying voyage through the most...' - comparing <![CDATA[Chortling, chuckling, giggling, guffawing, tittering, howling, roaring...]]]]>
        <![CDATA[>
at /page-map[1]/sections[1]/page-section[1]/areas[1]/area[3]/modules[1]/module[1]/webElementSetComponentBeans[1]/element-group[7]/textBlocks[1]/text-block[1]/text[1]/text()[1] to <![CDATA[Dare you journey with Film4.com on a terrifying voyage through the most...]]]]>
        <![CDATA[>
at /page-map[1]/sections[1]/page-section[1]/areas[1]/area[3]/modules[1]/module[1]/webElementSetComponentBeans[1]/element-group[7]/textBlocks[1]/text-block[1]/text[1]/text()[1]
***********************

Module:[FL01-default]***********************
Expected CDATA section value 'Top 25 Comedies' 
but was 'Top 50 Horror Films' - comparing <![CDATA[Top 25 Comedies]]]]><![CDATA[> 
at /page-map[1]/sections[1]/page-section[1]/areas[1]/area[3]/modules[1]/module[1]/webElementSetComponentBeans[1]/element-group[7]/textBlocks[1]/text-block[2]/text[1]/text()[1] to <![CDATA[Top 50 Horror Films]]]]>
        <![CDATA[>
at /page-map[1]/sections[1]/page-section[1]/areas[1]/area[3]/modules[1]/module[1]/webElementSetComponentBeans[1]/element-group[7]/textBlocks[1]/text-block[2]/text[1]/text()[1]
***********************

Module:[FL01-default]***********************
Expected CDATA section value 'Top 50 Horror Films' 
but was 'Top 25 Comedies' - comparing <![CDATA[Top 50 Horror Films]]]]><![CDATA[> 
at /page-map[1]/sections[1]/page-section[1]/areas[1]/area[3]/modules[1]/module[1]/webElementSetComponentBeans[1]/element-group[8]/links[1]/link[1]/linkText[1]/text()[1] to <![CDATA[Top 25 Comedies]]]]>
        <![CDATA[>
at /page-map[1]/sections[1]/page-section[1]/areas[1]/area[3]/modules[1]/module[1]/webElementSetComponentBeans[1]/element-group[8]/links[1]/link[1]/linkText[1]/text()[1]
***********************

Module:[FL01-default]***********************
Expected CDATA section value 'http://test.film4.com/special-features/top-lists/top-50-horror-films' 
but was 'http://test.film4.com/special-features/top-100-films/top-25-comedies' - comparing <![CDATA[http://test.film4.com/special-features/top-lists/top-50-horror-films]]]]>
        <![CDATA[>
at /page-map[1]/sections[1]/page-section[1]/areas[1]/area[3]/modules[1]/module[1]/webElementSetComponentBeans[1]/element-group[8]/links[1]/link[1]/href[1]/text()[1] to <![CDATA[http://test.film4.com/special-features/top-100-films/top-25-comedies]]]]>
        <![CDATA[>
at /page-map[1]/sections[1]/page-section[1]/areas[1]/area[3]/modules[1]/module[1]/webElementSetComponentBeans[1]/element-group[8]/links[1]/link[1]/href[1]/text()[1]
***********************

Module:[FL01-default]***********************
Expected CDATA section value 'http://test.film4.com/special-features/top-lists/top-50-horror-films' 
but was 'http://test.film4.com/special-features/top-100-films/top-25-comedies' - comparing <![CDATA[http://test.film4.com/special-features/top-lists/top-50-horror-films]]]]>
        <![CDATA[>
at /page-map[1]/sections[1]/page-section[1]/areas[1]/area[3]/modules[1]/module[1]/webElementSetComponentBeans[1]/element-group[8]/imageLinks[1]/picture-link[1]/href[1]/text()[1] to <![CDATA[http://test.film4.com/special-features/top-100-films/top-25-comedies]]]]>
        <![CDATA[>
at /page-map[1]/sections[1]/page-section[1]/areas[1]/area[3]/modules[1]/module[1]/webElementSetComponentBeans[1]/element-group[8]/imageLinks[1]/picture-link[1]/href[1]/text()[1]
***********************

Module:[FL01-default]***********************
Expected CDATA section value 'http://test.film4.com/media/images/Channel4/film4_gti/Team/Geraldine%20Atlee_MED.jpeg' 
but was 'http://test.film4.com/media/images/Channel4/Film4/1970s/monty-pythons-life-of-brian%5B1%5D_MED.jpg' - comparing <![CDATA[http://test.film4.com/media/images/Channel4/film4_gti/Team/Geraldine%20Atlee_MED.jpeg]]]]>
        <![CDATA[>
at /page-map[1]/sections[1]/page-section[1]/areas[1]/area[3]/modules[1]/module[1]/webElementSetComponentBeans[1]/element-group[8]/imageLinks[1]/picture-link[1]/src[1]/text()[1] to <![CDATA[http://test.film4.com/media/images/Channel4/Film4/1970s/monty-pythons-life-of-brian%5B1%5D_MED.jpg]]]]>
        <![CDATA[>
at /page-map[1]/sections[1]/page-section[1]/areas[1]/area[3]/modules[1]/module[1]/webElementSetComponentBeans[1]/element-group[8]/imageLinks[1]/picture-link[1]/src[1]/text()[1]
***********************

Module:[FL01-default]***********************
Expected text value '83' 
but was '70' - comparing <height ...>83</height> 
at /page-map[1]/sections[1]/page-section[1]/areas[1]/area[3]/modules[1]/module[1]/webElementSetComponentBeans[1]/element-group[8]/imageLinks[1]/picture-link[1]/height[1]/text()[1] to <height ...>70</height> 
at /page-map[1]/sections[1]/page-section[1]/areas[1]/area[3]/modules[1]/module[1]/webElementSetComponentBeans[1]/element-group[8]/imageLinks[1]/picture-link[1]/height[1]/text()[1]
***********************

Module:[FL01-default]***********************
Expected CDATA section value 'Dare you journey with Film4.com on a terrifying voyage through the most...' 
but was 'Chortling, chuckling, giggling, guffawing, tittering, howling, roaring...' - comparing <![CDATA[Dare you journey with Film4.com on a terrifying voyage through the most...]]]]>
        <![CDATA[>
at /page-map[1]/sections[1]/page-section[1]/areas[1]/area[3]/modules[1]/module[1]/webElementSetComponentBeans[1]/element-group[8]/textBlocks[1]/text-block[1]/text[1]/text()[1] to <![CDATA[Chortling, chuckling, giggling, guffawing, tittering, howling, roaring...]]]]>
        <![CDATA[>
at /page-map[1]/sections[1]/page-section[1]/areas[1]/area[3]/modules[1]/module[1]/webElementSetComponentBeans[1]/element-group[8]/textBlocks[1]/text-block[1]/text[1]/text()[1]
***********************

Module:[FL01-default]***********************
Expected CDATA section value 'Top 50 Horror Films' 
but was 'Top 25 Comedies' - comparing <![CDATA[Top 50 Horror Films]]]]><![CDATA[> 
at /page-map[1]/sections[1]/page-section[1]/areas[1]/area[3]/modules[1]/module[1]/webElementSetComponentBeans[1]/element-group[8]/textBlocks[1]/text-block[2]/text[1]/text()[1] to <![CDATA[Top 25 Comedies]]]]>
        <![CDATA[>
at /page-map[1]/sections[1]/page-section[1]/areas[1]/area[3]/modules[1]/module[1]/webElementSetComponentBeans[1]/element-group[8]/textBlocks[1]/text-block[2]/text[1]/text()[1]
***********************

Module:[SN02]***********************
Expected CDATA section value 'http://test.film4.com/reviews/2008/slumdog-millionaire?asdsc#' 
but was 'http://test.film4.com/reviews/2008/slumdog-millionaire?as3dsc#' - comparing <![CDATA[http://test.film4.com/reviews/2008/slumdog-millionaire?asdsc#]]]]>
        <![CDATA[>
at /page-map[1]/sections[1]/page-section[2]/areas[1]/area[1]/modules[1]/module[4]/webElementSetComponentBeans[1]/element-group[1]/imageLinks[1]/picture-link[1]/href[1]/text()[1] to <![CDATA[http://test.film4.com/reviews/2008/slumdog-millionaire?as3dsc#]]]]>
        <![CDATA[>
at /page-map[1]/sections[1]/page-section[2]/areas[1]/area[1]/modules[1]/module[4]/webElementSetComponentBeans[1]/element-group[1]/imageLinks[1]/picture-link[1]/href[1]/text()[1]
***********************

Module:[SN02]***********************
Expected CDATA section value 'http://test.film4.com/reviews/2008/slumdog-millionaire?asdsc#' 
but was 'http://test.film4.com/reviews/2008/slumdog-millionaire?as3dsc#' - comparing <![CDATA[http://test.film4.com/reviews/2008/slumdog-millionaire?asdsc#]]]]>
        <![CDATA[>
at /page-map[1]/sections[1]/page-section[2]/areas[1]/area[1]/modules[1]/module[4]/webElementSetComponentBeans[1]/element-group[1]/imageLinks[1]/picture-link[2]/href[1]/text()[1] to <![CDATA[http://test.film4.com/reviews/2008/slumdog-millionaire?as3dsc#]]]]>
        <![CDATA[>
at /page-map[1]/sections[1]/page-section[2]/areas[1]/area[1]/modules[1]/module[4]/webElementSetComponentBeans[1]/element-group[1]/imageLinks[1]/picture-link[2]/href[1]/text()[1]
***********************

Module:[SN02]***********************
Expected CDATA section value 'http://test.film4.com/reviews/2008/slumdog-millionaire?asdsc#' 
but was 'http://test.film4.com/reviews/2008/slumdog-millionaire?as3dsc#' - comparing <![CDATA[http://test.film4.com/reviews/2008/slumdog-millionaire?asdsc#]]]]>
        <![CDATA[>
at /page-map[1]/sections[1]/page-section[2]/areas[1]/area[1]/modules[1]/module[4]/webElementSetComponentBeans[1]/element-group[1]/imageLinks[1]/picture-link[3]/href[1]/text()[1] to <![CDATA[http://test.film4.com/reviews/2008/slumdog-millionaire?as3dsc#]]]]>
        <![CDATA[>
at /page-map[1]/sections[1]/page-section[2]/areas[1]/area[1]/modules[1]/module[4]/webElementSetComponentBeans[1]/element-group[1]/imageLinks[1]/picture-link[3]/href[1]/text()[1]
***********************

Module:[SN02]***********************
Expected CDATA section value 'http://test.film4.com/reviews/2008/slumdog-millionaire?asdsc#' 
but was 'http://test.film4.com/reviews/2008/slumdog-millionaire?as3dsc#' - comparing <![CDATA[http://test.film4.com/reviews/2008/slumdog-millionaire?asdsc#]]]]>
        <![CDATA[>
at /page-map[1]/sections[1]/page-section[2]/areas[1]/area[1]/modules[1]/module[4]/webElementSetComponentBeans[1]/element-group[1]/imageLinks[1]/picture-link[4]/href[1]/text()[1] to <![CDATA[http://test.film4.com/reviews/2008/slumdog-millionaire?as3dsc#]]]]>
        <![CDATA[>
at /page-map[1]/sections[1]/page-section[2]/areas[1]/area[1]/modules[1]/module[4]/webElementSetComponentBeans[1]/element-group[1]/imageLinks[1]/picture-link[4]/href[1]/text()[1]
***********************

	at org.testng.Assert.fail(Assert.java:89)
	at com.sharpqa.comparesolution.test.ComparisonTest.testXMLPageObjectMapAgainstExpeted(ComparisonTest.java:54)
	at sun.reflect.NativeMethodAccessorImpl.invoke0(Native Method)
	at sun.reflect.NativeMethodAccessorImpl.invoke(NativeMethodAccessorImpl.java:39)
	at sun.reflect.DelegatingMethodAccessorImpl.invoke(DelegatingMethodAccessorImpl.java:25)
	at java.lang.reflect.Method.invoke(Method.java:597)
	at org.testng.internal.MethodInvocationHelper.invokeMethod(MethodInvocationHelper.java:80)
	at org.testng.internal.InvokeMethodRunnable.runOne(InvokeMethodRunnable.java:46)
	at org.testng.internal.InvokeMethodRunnable.run(InvokeMethodRunnable.java:37)
	at java.util.concurrent.Executors$RunnableAdapter.call(Executors.java:441)
	at java.util.concurrent.FutureTask$Sync.innerRun(FutureTask.java:303)
	at java.util.concurrent.FutureTask.run(FutureTask.java:138)
	at java.util.concurrent.ThreadPoolExecutor$Worker.runTask(ThreadPoolExecutor.java:886)
	at java.util.concurrent.ThreadPoolExecutor$Worker.run(ThreadPoolExecutor.java:908)
	at java.lang.Thread.run(Thread.java:662)
]]>
    </error>
  </testcase>
  <testcase name="createXMLPageObjectMap" time="170.688" classname="com.sharpqa.comparesolution.test.ComparisonTest"/>
  <testcase name="createXMLPageObjectMap" time="81.091" classname="com.sharpqa.comparesolution.test.ComparisonTest"/>
  <testcase name="testXMLPageObjectMapAgainstExpeted" time="0.421" classname="com.sharpqa.comparesolution.test.ComparisonTest">
    <error type="java.lang.AssertionError" message="
Module:[AI01]***********************
Expected CDATA section value &#039;http://test.film4.com/reviews/2012/iron-sky?assdc#&#039; 
but was &#039;http://test.film4.com/reviews/2012/iron-sky?as3asdc#&#039; - comparing &lt;![CDATA[http://test.film4.com/reviews/2012/iron-sky?assdc#]]&gt; 
at /page-map[1]/sections[1]/page-section[1]/areas[1]/area[1]/modules[1]/module[1]/webElementSetComponentBeans[1]/element-group[1]/links[1]/link[1]/href[1]/text()[1] to &lt;![CDATA[http://test.film4.com/reviews/2012/iron-sky?as3asdc#]]&gt; 
at /page-map[1]/sections[1]/page-section[1]/areas[1]/area[1]/modules[1]/module[1]/webElementSetComponentBeans[1]/element-group[1]/links[1]/link[1]/href[1]/text()[1]
***********************

Module:[AT06]***********************
Expected CDATA section value &#039;http://test.film4.com/reviews/2012/iron-sky?assdc#tab0&#039; 
but was &#039;http://test.film4.com/reviews/2012/iron-sky?as3asdc#tab0&#039; - comparing &lt;![CDATA[http://test.film4.com/reviews/2012/iron-sky?assdc#tab0]]&gt; 
at /page-map[1]/sections[1]/page-section[1]/areas[1]/area[1]/modules[1]/module[3]/webElementSetComponentBeans[1]/element-group[1]/links[1]/link[1]/href[1]/text()[1] to &lt;![CDATA[http://test.film4.com/reviews/2012/iron-sky?as3asdc#tab0]]&gt; 
at /page-map[1]/sections[1]/page-section[1]/areas[1]/area[1]/modules[1]/module[3]/webElementSetComponentBeans[1]/element-group[1]/links[1]/link[1]/href[1]/text()[1]
***********************

Module:[AT06]***********************
Expected CDATA section value &#039;http://test.film4.com/reviews/2012/iron-sky?assdc#cast&#039; 
but was &#039;http://test.film4.com/reviews/2012/iron-sky?as3asdc#cast&#039; - comparing &lt;![CDATA[http://test.film4.com/reviews/2012/iron-sky?assdc#cast]]&gt; 
at /page-map[1]/sections[1]/page-section[1]/areas[1]/area[1]/modules[1]/module[3]/webElementSetComponentBeans[1]/element-group[1]/links[1]/link[2]/href[1]/text()[1] to &lt;![CDATA[http://test.film4.com/reviews/2012/iron-sky?as3asdc#cast]]&gt; 
at /page-map[1]/sections[1]/page-section[1]/areas[1]/area[1]/modules[1]/module[3]/webElementSetComponentBeans[1]/element-group[1]/links[1]/link[2]/href[1]/text()[1]
***********************

Module:[FL01-default]***********************
Expected CDATA section value &#039;http://test.film4.com/reviews/2012/iron-sky?assdc#&#039; 
but was &#039;http://test.film4.com/reviews/2012/iron-sky?as3asdc#&#039; - comparing &lt;![CDATA[http://test.film4.com/reviews/2012/iron-sky?assdc#]]&gt; 
at /page-map[1]/sections[1]/page-section[1]/areas[1]/area[2]/modules[1]/module[1]/webElementSetComponentBeans[1]/element-group[1]/links[1]/link[1]/href[1]/text()[1] to &lt;![CDATA[http://test.film4.com/reviews/2012/iron-sky?as3asdc#]]&gt; 
at /page-map[1]/sections[1]/page-section[1]/areas[1]/area[2]/modules[1]/module[1]/webElementSetComponentBeans[1]/element-group[1]/links[1]/link[1]/href[1]/text()[1]
***********************

Module:[FL01-default]***********************
Expected CDATA section value &#039;Big Trees, The&#039; 
but was &#039;Le Boucher&#039; - comparing &lt;![CDATA[Big Trees, The]]&gt; 
at /page-map[1]/sections[1]/page-section[1]/areas[1]/area[2]/modules[1]/module[1]/webElementSetComponentBeans[1]/element-group[1]/links[1]/link[2]/linkText[1]/text()[1] to &lt;![CDATA[Le Boucher]]&gt; 
at /page-map[1]/sections[1]/page-section[1]/areas[1]/area[2]/modules[1]/module[1]/webElementSetComponentBeans[1]/element-group[1]/links[1]/link[2]/linkText[1]/text()[1]
***********************

Module:[FL01-default]***********************
Expected CDATA section value &#039;http://test.film4.com/reviews/1952/big-trees-the&#039; 
but was &#039;http://test.film4.com/reviews/1969/le-boucher&#039; - comparing &lt;![CDATA[http://test.film4.com/reviews/1952/big-trees-the]]&gt; 
at /page-map[1]/sections[1]/page-section[1]/areas[1]/area[2]/modules[1]/module[1]/webElementSetComponentBeans[1]/element-group[1]/links[1]/link[2]/href[1]/text()[1] to &lt;![CDATA[http://test.film4.com/reviews/1969/le-boucher]]&gt; 
at /page-map[1]/sections[1]/page-section[1]/areas[1]/area[2]/modules[1]/module[1]/webElementSetComponentBeans[1]/element-group[1]/links[1]/link[2]/href[1]/text()[1]
***********************

Module:[FL01-default]***********************
Expected CDATA section value &#039;http://test.film4.com/reviews/1952/big-trees-the&#039; 
but was &#039;http://test.film4.com/reviews/1969/le-boucher&#039; - comparing &lt;![CDATA[http://test.film4.com/reviews/1952/big-trees-the]]&gt; 
at /page-map[1]/sections[1]/page-section[1]/areas[1]/area[2]/modules[1]/module[1]/webElementSetComponentBeans[1]/element-group[1]/imageLinks[1]/picture-link[1]/href[1]/text()[1] to &lt;![CDATA[http://test.film4.com/reviews/1969/le-boucher]]&gt; 
at /page-map[1]/sections[1]/page-section[1]/areas[1]/area[2]/modules[1]/module[1]/webElementSetComponentBeans[1]/element-group[1]/imageLinks[1]/picture-link[1]/href[1]/text()[1]
***********************

Module:[FL01-default]***********************
Expected CDATA section value &#039;synopsis&#039; 
but was &#039;Claude Chabrol&#039;s psychological thriller set in small-town France. A...&#039; - comparing &lt;![CDATA[synopsis]]&gt; 
at /page-map[1]/sections[1]/page-section[1]/areas[1]/area[2]/modules[1]/module[1]/webElementSetComponentBeans[1]/element-group[1]/textBlocks[1]/text-block[1]/text[1]/text()[1] to &lt;![CDATA[Claude Chabrol&#039;s psychological thriller set in small-town France. A...]]&gt; 
at /page-map[1]/sections[1]/page-section[1]/areas[1]/area[2]/modules[1]/module[1]/webElementSetComponentBeans[1]/element-group[1]/textBlocks[1]/text-block[1]/text[1]/text()[1]
***********************

Module:[FL01-default]***********************
Expected CDATA section value &#039;Big Trees, The&#039; 
but was &#039;Le Boucher&#039; - comparing &lt;![CDATA[Big Trees, The]]&gt; 
at /page-map[1]/sections[1]/page-section[1]/areas[1]/area[2]/modules[1]/module[1]/webElementSetComponentBeans[1]/element-group[1]/textBlocks[1]/text-block[2]/text[1]/text()[1] to &lt;![CDATA[Le Boucher]]&gt; 
at /page-map[1]/sections[1]/page-section[1]/areas[1]/area[2]/modules[1]/module[1]/webElementSetComponentBeans[1]/element-group[1]/textBlocks[1]/text-block[2]/text[1]/text()[1]
***********************

Module:[FL01-default]***********************
Expected CDATA section value &#039;http://test.film4.com/reviews/2012/iron-sky?assdc#&#039; 
but was &#039;http://test.film4.com/reviews/2012/iron-sky?as3asdc#&#039; - comparing &lt;![CDATA[http://test.film4.com/reviews/2012/iron-sky?assdc#]]&gt; 
at /page-map[1]/sections[1]/page-section[1]/areas[1]/area[2]/modules[1]/module[1]/webElementSetComponentBeans[1]/element-group[2]/links[1]/link[1]/href[1]/text()[1] to &lt;![CDATA[http://test.film4.com/reviews/2012/iron-sky?as3asdc#]]&gt; 
at /page-map[1]/sections[1]/page-section[1]/areas[1]/area[2]/modules[1]/module[1]/webElementSetComponentBeans[1]/element-group[2]/links[1]/link[1]/href[1]/text()[1]
***********************

Module:[FL01-default]***********************
Expected CDATA section value &#039;Baby Face&#039; 
but was &#039;Rush Hour&#039; - comparing &lt;![CDATA[Baby Face]]&gt; 
at /page-map[1]/sections[1]/page-section[1]/areas[1]/area[2]/modules[1]/module[1]/webElementSetComponentBeans[1]/element-group[2]/links[1]/link[2]/linkText[1]/text()[1] to &lt;![CDATA[Rush Hour]]&gt; 
at /page-map[1]/sections[1]/page-section[1]/areas[1]/area[2]/modules[1]/module[1]/webElementSetComponentBeans[1]/element-group[2]/links[1]/link[2]/linkText[1]/text()[1]
***********************

Module:[FL01-default]***********************
Expected CDATA section value &#039;http://test.film4.com/reviews/1933/baby-face&#039; 
but was &#039;http://test.film4.com/reviews/1998/rush-hour&#039; - comparing &lt;![CDATA[http://test.film4.com/reviews/1933/baby-face]]&gt; 
at /page-map[1]/sections[1]/page-section[1]/areas[1]/area[2]/modules[1]/module[1]/webElementSetComponentBeans[1]/element-group[2]/links[1]/link[2]/href[1]/text()[1] to &lt;![CDATA[http://test.film4.com/reviews/1998/rush-hour]]&gt; 
at /page-map[1]/sections[1]/page-section[1]/areas[1]/area[2]/modules[1]/module[1]/webElementSetComponentBeans[1]/element-group[2]/links[1]/link[2]/href[1]/text()[1]
***********************

Module:[FL01-default]***********************
Expected CDATA section value &#039;http://test.film4.com/reviews/1933/baby-face&#039; 
but was &#039;http://test.film4.com/reviews/1998/rush-hour&#039; - comparing &lt;![CDATA[http://test.film4.com/reviews/1933/baby-face]]&gt; 
at /page-map[1]/sections[1]/page-section[1]/areas[1]/area[2]/modules[1]/module[1]/webElementSetComponentBeans[1]/element-group[2]/imageLinks[1]/picture-link[1]/href[1]/text()[1] to &lt;![CDATA[http://test.film4.com/reviews/1998/rush-hour]]&gt; 
at /page-map[1]/sections[1]/page-section[1]/areas[1]/area[2]/modules[1]/module[1]/webElementSetComponentBeans[1]/element-group[2]/imageLinks[1]/picture-link[1]/href[1]/text()[1]
***********************

Module:[FL01-default]***********************
Expected CDATA section value &#039;http://test.film4.com/media/images/Film4/film4-default-image_MED.jpg&#039; 
but was &#039;http://test.film4.com/media/images/Channel4/film/R/rush_hour_2_xl_01--film-A_MED.jpg&#039; - comparing &lt;![CDATA[http://test.film4.com/media/images/Film4/film4-default-image_MED.jpg]]&gt; 
at /page-map[1]/sections[1]/page-section[1]/areas[1]/area[2]/modules[1]/module[1]/webElementSetComponentBeans[1]/element-group[2]/imageLinks[1]/picture-link[1]/src[1]/text()[1] to &lt;![CDATA[http://test.film4.com/media/images/Channel4/film/R/rush_hour_2_xl_01--film-A_MED.jpg]]&gt; 
at /page-map[1]/sections[1]/page-section[1]/areas[1]/area[2]/modules[1]/module[1]/webElementSetComponentBeans[1]/element-group[2]/imageLinks[1]/picture-link[1]/src[1]/text()[1]
***********************

Module:[FL01-default]***********************
Expected text value &#039;70&#039; 
but was &#039;37&#039; - comparing &lt;height ...&gt;70&lt;/height&gt; 
at /page-map[1]/sections[1]/page-section[1]/areas[1]/area[2]/modules[1]/module[1]/webElementSetComponentBeans[1]/element-group[2]/imageLinks[1]/picture-link[1]/height[1]/text()[1] to &lt;height ...&gt;37&lt;/height&gt; 
at /page-map[1]/sections[1]/page-section[1]/areas[1]/area[2]/modules[1]/module[1]/webElementSetComponentBeans[1]/element-group[2]/imageLinks[1]/picture-link[1]/height[1]/text()[1]
***********************

Module:[FL01-default]***********************
Expected CDATA section value &#039;Baby Face&#039; 
but was &#039;Rush Hour&#039; - comparing &lt;![CDATA[Baby Face]]&gt; 
at /page-map[1]/sections[1]/page-section[1]/areas[1]/area[2]/modules[1]/module[1]/webElementSetComponentBeans[1]/element-group[2]/textBlocks[1]/text-block[2]/text[1]/text()[1] to &lt;![CDATA[Rush Hour]]&gt; 
at /page-map[1]/sections[1]/page-section[1]/areas[1]/area[2]/modules[1]/module[1]/webElementSetComponentBeans[1]/element-group[2]/textBlocks[1]/text-block[2]/text[1]/text()[1]
***********************

Module:[FL01-default]***********************
Expected CDATA section value &#039;http://test.film4.com/reviews/2012/iron-sky?assdc#&#039; 
but was &#039;http://test.film4.com/reviews/2012/iron-sky?as3asdc#&#039; - comparing &lt;![CDATA[http://test.film4.com/reviews/2012/iron-sky?assdc#]]&gt; 
at /page-map[1]/sections[1]/page-section[1]/areas[1]/area[2]/modules[1]/module[1]/webElementSetComponentBeans[1]/element-group[3]/links[1]/link[1]/href[1]/text()[1] to &lt;![CDATA[http://test.film4.com/reviews/2012/iron-sky?as3asdc#]]&gt; 
at /page-map[1]/sections[1]/page-section[1]/areas[1]/area[2]/modules[1]/module[1]/webElementSetComponentBeans[1]/element-group[3]/links[1]/link[1]/href[1]/text()[1]
***********************

Module:[FL01-default]***********************
Expected CDATA section value &#039;Wild Flowers&#039; 
but was &#039;Joe Strummer: The Future Is...&#039; - comparing &lt;![CDATA[Wild Flowers]]&gt; 
at /page-map[1]/sections[1]/page-section[1]/areas[1]/area[2]/modules[1]/module[1]/webElementSetComponentBeans[1]/element-group[3]/links[1]/link[2]/linkText[1]/text()[1] to &lt;![CDATA[Joe Strummer: The Future Is...]]&gt; 
at /page-map[1]/sections[1]/page-section[1]/areas[1]/area[2]/modules[1]/module[1]/webElementSetComponentBeans[1]/element-group[3]/links[1]/link[2]/linkText[1]/text()[1]
***********************

Module:[FL01-default]***********************
Expected CDATA section value &#039;http://test.film4.com/reviews/1990/wild-flowers&#039; 
but was &#039;http://test.film4.com/reviews/2007/joe-strummer-the-future-is-unwritten&#039; - comparing &lt;![CDATA[http://test.film4.com/reviews/1990/wild-flowers]]&gt; 
at /page-map[1]/sections[1]/page-section[1]/areas[1]/area[2]/modules[1]/module[1]/webElementSetComponentBeans[1]/element-group[3]/links[1]/link[2]/href[1]/text()[1] to &lt;![CDATA[http://test.film4.com/reviews/2007/joe-strummer-the-future-is-unwritten]]&gt; 
at /page-map[1]/sections[1]/page-section[1]/areas[1]/area[2]/modules[1]/module[1]/webElementSetComponentBeans[1]/element-group[3]/links[1]/link[2]/href[1]/text()[1]
***********************

Module:[FL01-default]***********************
Expected CDATA section value &#039;http://test.film4.com/reviews/1990/wild-flowers&#039; 
but was &#039;http://test.film4.com/reviews/2007/joe-strummer-the-future-is-unwritten&#039; - comparing &lt;![CDATA[http://test.film4.com/reviews/1990/wild-flowers]]&gt; 
at /page-map[1]/sections[1]/page-section[1]/areas[1]/area[2]/modules[1]/module[1]/webElementSetComponentBeans[1]/element-group[3]/imageLinks[1]/picture-link[1]/href[1]/text()[1] to &lt;![CDATA[http://test.film4.com/reviews/2007/joe-strummer-the-future-is-unwritten]]&gt; 
at /page-map[1]/sections[1]/page-section[1]/areas[1]/area[2]/modules[1]/module[1]/webElementSetComponentBeans[1]/element-group[3]/imageLinks[1]/picture-link[1]/href[1]/text()[1]
***********************

Module:[FL01-default]***********************
Expected CDATA section value &#039;http://test.film4.com/media/images/Film4/film4-default-image_MED.jpg&#039; 
but was &#039;http://test.film4.com/media/images/Channel4/Film4/2000s/J/joe-strummer-the-future-is-unwritten_MED.jpg&#039; - comparing &lt;![CDATA[http://test.film4.com/media/images/Film4/film4-default-image_MED.jpg]]&gt; 
at /page-map[1]/sections[1]/page-section[1]/areas[1]/area[2]/modules[1]/module[1]/webElementSetComponentBeans[1]/element-group[3]/imageLinks[1]/picture-link[1]/src[1]/text()[1] to &lt;![CDATA[http://test.film4.com/media/images/Channel4/Film4/2000s/J/joe-strummer-the-future-is-unwritten_MED.jpg]]&gt; 
at /page-map[1]/sections[1]/page-section[1]/areas[1]/area[2]/modules[1]/module[1]/webElementSetComponentBeans[1]/element-group[3]/imageLinks[1]/picture-link[1]/src[1]/text()[1]
***********************

Module:[FL01-default]***********************
Expected CDATA section value &#039;A love story on the West Coast of Scotland in the early 1970s...&#039; 
but was &#039;The life and times of the much-missed Clash...&#039; - comparing &lt;![CDATA[A love story on the West Coast of Scotland in the early 1970s...]]&gt; 
at /page-map[1]/sections[1]/page-section[1]/areas[1]/area[2]/modules[1]/module[1]/webElementSetComponentBeans[1]/element-group[3]/textBlocks[1]/text-block[1]/text[1]/text()[1] to &lt;![CDATA[The life and times of the much-missed Clash...]]&gt; 
at /page-map[1]/sections[1]/page-section[1]/areas[1]/area[2]/modules[1]/module[1]/webElementSetComponentBeans[1]/element-group[3]/textBlocks[1]/text-block[1]/text[1]/text()[1]
***********************

Module:[FL01-default]***********************
Expected CDATA section value &#039;Wild Flowers&#039; 
but was &#039;Joe Strummer: The Future Is...&#039; - comparing &lt;![CDATA[Wild Flowers]]&gt; 
at /page-map[1]/sections[1]/page-section[1]/areas[1]/area[2]/modules[1]/module[1]/webElementSetComponentBeans[1]/element-group[3]/textBlocks[1]/text-block[2]/text[1]/text()[1] to &lt;![CDATA[Joe Strummer: The Future Is...]]&gt; 
at /page-map[1]/sections[1]/page-section[1]/areas[1]/area[2]/modules[1]/module[1]/webElementSetComponentBeans[1]/element-group[3]/textBlocks[1]/text-block[2]/text[1]/text()[1]
***********************

Module:[FL01-default]***********************
Expected CDATA section value &#039;http://test.film4.com/reviews/2012/iron-sky?assdc#&#039; 
but was &#039;http://test.film4.com/reviews/2012/iron-sky?as3asdc#&#039; - comparing &lt;![CDATA[http://test.film4.com/reviews/2012/iron-sky?assdc#]]&gt; 
at /page-map[1]/sections[1]/page-section[1]/areas[1]/area[2]/modules[1]/module[1]/webElementSetComponentBeans[1]/element-group[4]/links[1]/link[1]/href[1]/text()[1] to &lt;![CDATA[http://test.film4.com/reviews/2012/iron-sky?as3asdc#]]&gt; 
at /page-map[1]/sections[1]/page-section[1]/areas[1]/area[2]/modules[1]/module[1]/webElementSetComponentBeans[1]/element-group[4]/links[1]/link[1]/href[1]/text()[1]
***********************

Module:[FL01-default]***********************
Expected CDATA section value &#039;Comrades&#039; 
but was &#039;Birthday Girl&#039; - comparing &lt;![CDATA[Comrades]]&gt; 
at /page-map[1]/sections[1]/page-section[1]/areas[1]/area[2]/modules[1]/module[1]/webElementSetComponentBeans[1]/element-group[4]/links[1]/link[2]/linkText[1]/text()[1] to &lt;![CDATA[Birthday Girl]]&gt; 
at /page-map[1]/sections[1]/page-section[1]/areas[1]/area[2]/modules[1]/module[1]/webElementSetComponentBeans[1]/element-group[4]/links[1]/link[2]/linkText[1]/text()[1]
***********************

Module:[FL01-default]***********************
Expected CDATA section value &#039;http://test.film4.com/reviews/1987/comrades&#039; 
but was &#039;http://test.film4.com/reviews/2001/birthday-girl&#039; - comparing &lt;![CDATA[http://test.film4.com/reviews/1987/comrades]]&gt; 
at /page-map[1]/sections[1]/page-section[1]/areas[1]/area[2]/modules[1]/module[1]/webElementSetComponentBeans[1]/element-group[4]/links[1]/link[2]/href[1]/text()[1] to &lt;![CDATA[http://test.film4.com/reviews/2001/birthday-girl]]&gt; 
at /page-map[1]/sections[1]/page-section[1]/areas[1]/area[2]/modules[1]/module[1]/webElementSetComponentBeans[1]/element-group[4]/links[1]/link[2]/href[1]/text()[1]
***********************

Module:[FL01-default]***********************
Expected CDATA section value &#039;http://test.film4.com/reviews/1987/comrades&#039; 
but was &#039;http://test.film4.com/reviews/2001/birthday-girl&#039; - comparing &lt;![CDATA[http://test.film4.com/reviews/1987/comrades]]&gt; 
at /page-map[1]/sections[1]/page-section[1]/areas[1]/area[2]/modules[1]/module[1]/webElementSetComponentBeans[1]/element-group[4]/imageLinks[1]/picture-link[1]/href[1]/text()[1] to &lt;![CDATA[http://test.film4.com/reviews/2001/birthday-girl]]&gt; 
at /page-map[1]/sections[1]/page-section[1]/areas[1]/area[2]/modules[1]/module[1]/webElementSetComponentBeans[1]/element-group[4]/imageLinks[1]/picture-link[1]/href[1]/text()[1]
***********************

Module:[FL01-default]***********************
Expected CDATA section value &#039;http://test.film4.com/media/images/Channel4/Film4/1980s/C/comrades_MED.jpg&#039; 
but was &#039;http://test.film4.com/media/images/Channel4/Film4/2000s/B/birthday-girl_MED.jpg&#039; - comparing &lt;![CDATA[http://test.film4.com/media/images/Channel4/Film4/1980s/C/comrades_MED.jpg]]&gt; 
at /page-map[1]/sections[1]/page-section[1]/areas[1]/area[2]/modules[1]/module[1]/webElementSetComponentBeans[1]/element-group[4]/imageLinks[1]/picture-link[1]/src[1]/text()[1] to &lt;![CDATA[http://test.film4.com/media/images/Channel4/Film4/2000s/B/birthday-girl_MED.jpg]]&gt; 
at /page-map[1]/sections[1]/page-section[1]/areas[1]/area[2]/modules[1]/module[1]/webElementSetComponentBeans[1]/element-group[4]/imageLinks[1]/picture-link[1]/src[1]/text()[1]
***********************

Module:[FL01-default]***********************
Expected CDATA section value &#039;The tale of the Tolpuddle Martyrs as recounted by the much-missed Bill...&#039; 
but was &#039;Idiosyncratic and savage rib-tickler that boasts Nicole Kidman doing S&amp;M...&#039; - comparing &lt;![CDATA[The tale of the Tolpuddle Martyrs as recounted by the much-missed Bill...]]&gt; 
at /page-map[1]/sections[1]/page-section[1]/areas[1]/area[2]/modules[1]/module[1]/webElementSetComponentBeans[1]/element-group[4]/textBlocks[1]/text-block[1]/text[1]/text()[1] to &lt;![CDATA[Idiosyncratic and savage rib-tickler that boasts Nicole Kidman doing S&amp;M...]]&gt; 
at /page-map[1]/sections[1]/page-section[1]/areas[1]/area[2]/modules[1]/module[1]/webElementSetComponentBeans[1]/element-group[4]/textBlocks[1]/text-block[1]/text[1]/text()[1]
***********************

Module:[FL01-default]***********************
Expected CDATA section value &#039;Comrades&#039; 
but was &#039;Birthday Girl&#039; - comparing &lt;![CDATA[Comrades]]&gt; 
at /page-map[1]/sections[1]/page-section[1]/areas[1]/area[2]/modules[1]/module[1]/webElementSetComponentBeans[1]/element-group[4]/textBlocks[1]/text-block[2]/text[1]/text()[1] to &lt;![CDATA[Birthday Girl]]&gt; 
at /page-map[1]/sections[1]/page-section[1]/areas[1]/area[2]/modules[1]/module[1]/webElementSetComponentBeans[1]/element-group[4]/textBlocks[1]/text-block[2]/text[1]/text()[1]
***********************

Module:[FL01-default]***********************
Expected CDATA section value &#039;Ben Wheatley project announced...&#039; 
but was &#039;Six things I&#039;ve learned on...&#039; - comparing &lt;![CDATA[Ben Wheatley project announced...]]&gt; 
at /page-map[1]/sections[1]/page-section[1]/areas[1]/area[2]/modules[1]/module[1]/webElementSetComponentBeans[1]/element-group[5]/links[1]/link[1]/linkText[1]/text()[1] to &lt;![CDATA[Six things I&#039;ve learned on...]]&gt; 
at /page-map[1]/sections[1]/page-section[1]/areas[1]/area[2]/modules[1]/module[1]/webElementSetComponentBeans[1]/element-group[5]/links[1]/link[1]/linkText[1]/text()[1]
***********************

Module:[FL01-default]***********************
Expected CDATA section value &#039;http://film4blog2012.clients.amido.co.uk/?p=1054&#039; 
but was &#039;http://film4blog2012.clients.amido.co.uk/?p=996&#039; - comparing &lt;![CDATA[http://film4blog2012.clients.amido.co.uk/?p=1054]]&gt; 
at /page-map[1]/sections[1]/page-section[1]/areas[1]/area[2]/modules[1]/module[1]/webElementSetComponentBeans[1]/element-group[5]/links[1]/link[1]/href[1]/text()[1] to &lt;![CDATA[http://film4blog2012.clients.amido.co.uk/?p=996]]&gt; 
at /page-map[1]/sections[1]/page-section[1]/areas[1]/area[2]/modules[1]/module[1]/webElementSetComponentBeans[1]/element-group[5]/links[1]/link[1]/href[1]/text()[1]
***********************

Module:[FL01-default]***********************
Expected CDATA section value &#039;http://film4blog2012.clients.amido.co.uk/?p=1054&#039; 
but was &#039;http://film4blog2012.clients.amido.co.uk/?p=996&#039; - comparing &lt;![CDATA[http://film4blog2012.clients.amido.co.uk/?p=1054]]&gt; 
at /page-map[1]/sections[1]/page-section[1]/areas[1]/area[2]/modules[1]/module[1]/webElementSetComponentBeans[1]/element-group[5]/imageLinks[1]/picture-link[1]/href[1]/text()[1] to &lt;![CDATA[http://film4blog2012.clients.amido.co.uk/?p=996]]&gt; 
at /page-map[1]/sections[1]/page-section[1]/areas[1]/area[2]/modules[1]/module[1]/webElementSetComponentBeans[1]/element-group[5]/imageLinks[1]/picture-link[1]/href[1]/text()[1]
***********************

Module:[FL01-default]***********************
Expected CDATA section value &#039;Film4 is excited to announce Ben...&#039; 
but was &#039;Film4 senior commissioning executive Katherine...&#039; - comparing &lt;![CDATA[Film4 is excited to announce Ben...]]&gt; 
at /page-map[1]/sections[1]/page-section[1]/areas[1]/area[2]/modules[1]/module[1]/webElementSetComponentBeans[1]/element-group[5]/textBlocks[1]/text-block[1]/text[1]/text()[1] to &lt;![CDATA[Film4 senior commissioning executive Katherine...]]&gt; 
at /page-map[1]/sections[1]/page-section[1]/areas[1]/area[2]/modules[1]/module[1]/webElementSetComponentBeans[1]/element-group[5]/textBlocks[1]/text-block[1]/text[1]/text()[1]
***********************

Module:[FL01-default]***********************
Expected CDATA section value &#039;Ben Wheatley project announced...&#039; 
but was &#039;Six things I&#039;ve learned on...&#039; - comparing &lt;![CDATA[Ben Wheatley project announced...]]&gt; 
at /page-map[1]/sections[1]/page-section[1]/areas[1]/area[2]/modules[1]/module[1]/webElementSetComponentBeans[1]/element-group[5]/textBlocks[1]/text-block[2]/text[1]/text()[1] to &lt;![CDATA[Six things I&#039;ve learned on...]]&gt; 
at /page-map[1]/sections[1]/page-section[1]/areas[1]/area[2]/modules[1]/module[1]/webElementSetComponentBeans[1]/element-group[5]/textBlocks[1]/text-block[2]/text[1]/text()[1]
***********************

Module:[FL01-default]***********************
Expected CDATA section value &#039;Film4 Development Exec Jo...&#039; 
but was &#039;Film4.0 Scene Stealers winners...&#039; - comparing &lt;![CDATA[Film4 Development Exec Jo...]]&gt; 
at /page-map[1]/sections[1]/page-section[1]/areas[1]/area[2]/modules[1]/module[1]/webElementSetComponentBeans[1]/element-group[6]/links[1]/link[1]/linkText[1]/text()[1] to &lt;![CDATA[Film4.0 Scene Stealers winners...]]&gt; 
at /page-map[1]/sections[1]/page-section[1]/areas[1]/area[2]/modules[1]/module[1]/webElementSetComponentBeans[1]/element-group[6]/links[1]/link[1]/linkText[1]/text()[1]
***********************

Module:[FL01-default]***********************
Expected CDATA section value &#039;http://film4blog2012.clients.amido.co.uk/?p=263&#039; 
but was &#039;http://film4blog2012.clients.amido.co.uk/?p=1008&#039; - comparing &lt;![CDATA[http://film4blog2012.clients.amido.co.uk/?p=263]]&gt; 
at /page-map[1]/sections[1]/page-section[1]/areas[1]/area[2]/modules[1]/module[1]/webElementSetComponentBeans[1]/element-group[6]/links[1]/link[1]/href[1]/text()[1] to &lt;![CDATA[http://film4blog2012.clients.amido.co.uk/?p=1008]]&gt; 
at /page-map[1]/sections[1]/page-section[1]/areas[1]/area[2]/modules[1]/module[1]/webElementSetComponentBeans[1]/element-group[6]/links[1]/link[1]/href[1]/text()[1]
***********************

Module:[FL01-default]***********************
Expected CDATA section value &#039;http://film4blog2012.clients.amido.co.uk/?p=263&#039; 
but was &#039;http://film4blog2012.clients.amido.co.uk/?p=1008&#039; - comparing &lt;![CDATA[http://film4blog2012.clients.amido.co.uk/?p=263]]&gt; 
at /page-map[1]/sections[1]/page-section[1]/areas[1]/area[2]/modules[1]/module[1]/webElementSetComponentBeans[1]/element-group[6]/imageLinks[1]/picture-link[1]/href[1]/text()[1] to &lt;![CDATA[http://film4blog2012.clients.amido.co.uk/?p=1008]]&gt; 
at /page-map[1]/sections[1]/page-section[1]/areas[1]/area[2]/modules[1]/module[1]/webElementSetComponentBeans[1]/element-group[6]/imageLinks[1]/picture-link[1]/href[1]/text()[1]
***********************

Module:[FL01-default]***********************
Expected CDATA section value &#039;Film4 Development Executive Jo McClellan shares...&#039; 
but was &#039;The Brothers Lynch on their journey from...&#039; - comparing &lt;![CDATA[Film4 Development Executive Jo McClellan shares...]]&gt; 
at /page-map[1]/sections[1]/page-section[1]/areas[1]/area[2]/modules[1]/module[1]/webElementSetComponentBeans[1]/element-group[6]/textBlocks[1]/text-block[1]/text[1]/text()[1] to &lt;![CDATA[The Brothers Lynch on their journey from...]]&gt; 
at /page-map[1]/sections[1]/page-section[1]/areas[1]/area[2]/modules[1]/module[1]/webElementSetComponentBeans[1]/element-group[6]/textBlocks[1]/text-block[1]/text[1]/text()[1]
***********************

Module:[FL01-default]***********************
Expected CDATA section value &#039;Film4 Development Exec Jo...&#039; 
but was &#039;Film4.0 Scene Stealers winners...&#039; - comparing &lt;![CDATA[Film4 Development Exec Jo...]]&gt; 
at /page-map[1]/sections[1]/page-section[1]/areas[1]/area[2]/modules[1]/module[1]/webElementSetComponentBeans[1]/element-group[6]/textBlocks[1]/text-block[2]/text[1]/text()[1] to &lt;![CDATA[Film4.0 Scene Stealers winners...]]&gt; 
at /page-map[1]/sections[1]/page-section[1]/areas[1]/area[2]/modules[1]/module[1]/webElementSetComponentBeans[1]/element-group[6]/textBlocks[1]/text-block[2]/text[1]/text()[1]
***********************

Module:[FL01-default]***********************
Expected CDATA section value &#039;Top 25 Comedies&#039; 
but was &#039;Top 50 Horror Films&#039; - comparing &lt;![CDATA[Top 25 Comedies]]&gt; 
at /page-map[1]/sections[1]/page-section[1]/areas[1]/area[2]/modules[1]/module[1]/webElementSetComponentBeans[1]/element-group[7]/links[1]/link[1]/linkText[1]/text()[1] to &lt;![CDATA[Top 50 Horror Films]]&gt; 
at /page-map[1]/sections[1]/page-section[1]/areas[1]/area[2]/modules[1]/module[1]/webElementSetComponentBeans[1]/element-group[7]/links[1]/link[1]/linkText[1]/text()[1]
***********************

Module:[FL01-default]***********************
Expected CDATA section value &#039;http://test.film4.com/special-features/top-100-films/top-25-comedies&#039; 
but was &#039;http://test.film4.com/special-features/top-lists/top-50-horror-films&#039; - comparing &lt;![CDATA[http://test.film4.com/special-features/top-100-films/top-25-comedies]]&gt; 
at /page-map[1]/sections[1]/page-section[1]/areas[1]/area[2]/modules[1]/module[1]/webElementSetComponentBeans[1]/element-group[7]/links[1]/link[1]/href[1]/text()[1] to &lt;![CDATA[http://test.film4.com/special-features/top-lists/top-50-horror-films]]&gt; 
at /page-map[1]/sections[1]/page-section[1]/areas[1]/area[2]/modules[1]/module[1]/webElementSetComponentBeans[1]/element-group[7]/links[1]/link[1]/href[1]/text()[1]
***********************

Module:[FL01-default]***********************
Expected CDATA section value &#039;http://test.film4.com/special-features/top-100-films/top-25-comedies&#039; 
but was &#039;http://test.film4.com/special-features/top-lists/top-50-horror-films&#039; - comparing &lt;![CDATA[http://test.film4.com/special-features/top-100-films/top-25-comedies]]&gt; 
at /page-map[1]/sections[1]/page-section[1]/areas[1]/area[2]/modules[1]/module[1]/webElementSetComponentBeans[1]/element-group[7]/imageLinks[1]/picture-link[1]/href[1]/text()[1] to &lt;![CDATA[http://test.film4.com/special-features/top-lists/top-50-horror-films]]&gt; 
at /page-map[1]/sections[1]/page-section[1]/areas[1]/area[2]/modules[1]/module[1]/webElementSetComponentBeans[1]/element-group[7]/imageLinks[1]/picture-link[1]/href[1]/text()[1]
***********************

Module:[FL01-default]***********************
Expected CDATA section value &#039;http://test.film4.com/media/images/Channel4/Film4/1970s/monty-pythons-life-of-brian%5B1%5D_MED.jpg&#039; 
but was &#039;http://test.film4.com/media/images/Channel4/film4_gti/Team/Geraldine%20Atlee_MED.jpeg&#039; - comparing &lt;![CDATA[http://test.film4.com/media/images/Channel4/Film4/1970s/monty-pythons-life-of-brian%5B1%5D_MED.jpg]]&gt; 
at /page-map[1]/sections[1]/page-section[1]/areas[1]/area[2]/modules[1]/module[1]/webElementSetComponentBeans[1]/element-group[7]/imageLinks[1]/picture-link[1]/src[1]/text()[1] to &lt;![CDATA[http://test.film4.com/media/images/Channel4/film4_gti/Team/Geraldine%20Atlee_MED.jpeg]]&gt; 
at /page-map[1]/sections[1]/page-section[1]/areas[1]/area[2]/modules[1]/module[1]/webElementSetComponentBeans[1]/element-group[7]/imageLinks[1]/picture-link[1]/src[1]/text()[1]
***********************

Module:[FL01-default]***********************
Expected text value &#039;70&#039; 
but was &#039;83&#039; - comparing &lt;height ...&gt;70&lt;/height&gt; 
at /page-map[1]/sections[1]/page-section[1]/areas[1]/area[2]/modules[1]/module[1]/webElementSetComponentBeans[1]/element-group[7]/imageLinks[1]/picture-link[1]/height[1]/text()[1] to &lt;height ...&gt;83&lt;/height&gt; 
at /page-map[1]/sections[1]/page-section[1]/areas[1]/area[2]/modules[1]/module[1]/webElementSetComponentBeans[1]/element-group[7]/imageLinks[1]/picture-link[1]/height[1]/text()[1]
***********************

Module:[FL01-default]***********************
Expected CDATA section value &#039;Chortling, chuckling, giggling, guffawing, tittering, howling, roaring...&#039; 
but was &#039;Dare you journey with Film4.com on a terrifying voyage through the most...&#039; - comparing &lt;![CDATA[Chortling, chuckling, giggling, guffawing, tittering, howling, roaring...]]&gt; 
at /page-map[1]/sections[1]/page-section[1]/areas[1]/area[2]/modules[1]/module[1]/webElementSetComponentBeans[1]/element-group[7]/textBlocks[1]/text-block[1]/text[1]/text()[1] to &lt;![CDATA[Dare you journey with Film4.com on a terrifying voyage through the most...]]&gt; 
at /page-map[1]/sections[1]/page-section[1]/areas[1]/area[2]/modules[1]/module[1]/webElementSetComponentBeans[1]/element-group[7]/textBlocks[1]/text-block[1]/text[1]/text()[1]
***********************

Module:[FL01-default]***********************
Expected CDATA section value &#039;Top 25 Comedies&#039; 
but was &#039;Top 50 Horror Films&#039; - comparing &lt;![CDATA[Top 25 Comedies]]&gt; 
at /page-map[1]/sections[1]/page-section[1]/areas[1]/area[2]/modules[1]/module[1]/webElementSetComponentBeans[1]/element-group[7]/textBlocks[1]/text-block[2]/text[1]/text()[1] to &lt;![CDATA[Top 50 Horror Films]]&gt; 
at /page-map[1]/sections[1]/page-section[1]/areas[1]/area[2]/modules[1]/module[1]/webElementSetComponentBeans[1]/element-group[7]/textBlocks[1]/text-block[2]/text[1]/text()[1]
***********************

Module:[FL01-default]***********************
Expected CDATA section value &#039;Top 50 Horror Films&#039; 
but was &#039;Top 25 Comedies&#039; - comparing &lt;![CDATA[Top 50 Horror Films]]&gt; 
at /page-map[1]/sections[1]/page-section[1]/areas[1]/area[2]/modules[1]/module[1]/webElementSetComponentBeans[1]/element-group[8]/links[1]/link[1]/linkText[1]/text()[1] to &lt;![CDATA[Top 25 Comedies]]&gt; 
at /page-map[1]/sections[1]/page-section[1]/areas[1]/area[2]/modules[1]/module[1]/webElementSetComponentBeans[1]/element-group[8]/links[1]/link[1]/linkText[1]/text()[1]
***********************

Module:[FL01-default]***********************
Expected CDATA section value &#039;http://test.film4.com/special-features/top-lists/top-50-horror-films&#039; 
but was &#039;http://test.film4.com/special-features/top-100-films/top-25-comedies&#039; - comparing &lt;![CDATA[http://test.film4.com/special-features/top-lists/top-50-horror-films]]&gt; 
at /page-map[1]/sections[1]/page-section[1]/areas[1]/area[2]/modules[1]/module[1]/webElementSetComponentBeans[1]/element-group[8]/links[1]/link[1]/href[1]/text()[1] to &lt;![CDATA[http://test.film4.com/special-features/top-100-films/top-25-comedies]]&gt; 
at /page-map[1]/sections[1]/page-section[1]/areas[1]/area[2]/modules[1]/module[1]/webElementSetComponentBeans[1]/element-group[8]/links[1]/link[1]/href[1]/text()[1]
***********************

Module:[FL01-default]***********************
Expected CDATA section value &#039;http://test.film4.com/special-features/top-lists/top-50-horror-films&#039; 
but was &#039;http://test.film4.com/special-features/top-100-films/top-25-comedies&#039; - comparing &lt;![CDATA[http://test.film4.com/special-features/top-lists/top-50-horror-films]]&gt; 
at /page-map[1]/sections[1]/page-section[1]/areas[1]/area[2]/modules[1]/module[1]/webElementSetComponentBeans[1]/element-group[8]/imageLinks[1]/picture-link[1]/href[1]/text()[1] to &lt;![CDATA[http://test.film4.com/special-features/top-100-films/top-25-comedies]]&gt; 
at /page-map[1]/sections[1]/page-section[1]/areas[1]/area[2]/modules[1]/module[1]/webElementSetComponentBeans[1]/element-group[8]/imageLinks[1]/picture-link[1]/href[1]/text()[1]
***********************

Module:[FL01-default]***********************
Expected CDATA section value &#039;http://test.film4.com/media/images/Channel4/film4_gti/Team/Geraldine%20Atlee_MED.jpeg&#039; 
but was &#039;http://test.film4.com/media/images/Channel4/Film4/1970s/monty-pythons-life-of-brian%5B1%5D_MED.jpg&#039; - comparing &lt;![CDATA[http://test.film4.com/media/images/Channel4/film4_gti/Team/Geraldine%20Atlee_MED.jpeg]]&gt; 
at /page-map[1]/sections[1]/page-section[1]/areas[1]/area[2]/modules[1]/module[1]/webElementSetComponentBeans[1]/element-group[8]/imageLinks[1]/picture-link[1]/src[1]/text()[1] to &lt;![CDATA[http://test.film4.com/media/images/Channel4/Film4/1970s/monty-pythons-life-of-brian%5B1%5D_MED.jpg]]&gt; 
at /page-map[1]/sections[1]/page-section[1]/areas[1]/area[2]/modules[1]/module[1]/webElementSetComponentBeans[1]/element-group[8]/imageLinks[1]/picture-link[1]/src[1]/text()[1]
***********************

Module:[FL01-default]***********************
Expected text value &#039;83&#039; 
but was &#039;70&#039; - comparing &lt;height ...&gt;83&lt;/height&gt; 
at /page-map[1]/sections[1]/page-section[1]/areas[1]/area[2]/modules[1]/module[1]/webElementSetComponentBeans[1]/element-group[8]/imageLinks[1]/picture-link[1]/height[1]/text()[1] to &lt;height ...&gt;70&lt;/height&gt; 
at /page-map[1]/sections[1]/page-section[1]/areas[1]/area[2]/modules[1]/module[1]/webElementSetComponentBeans[1]/element-group[8]/imageLinks[1]/picture-link[1]/height[1]/text()[1]
***********************

Module:[FL01-default]***********************
Expected CDATA section value &#039;Dare you journey with Film4.com on a terrifying voyage through the most...&#039; 
but was &#039;Chortling, chuckling, giggling, guffawing, tittering, howling, roaring...&#039; - comparing &lt;![CDATA[Dare you journey with Film4.com on a terrifying voyage through the most...]]&gt; 
at /page-map[1]/sections[1]/page-section[1]/areas[1]/area[2]/modules[1]/module[1]/webElementSetComponentBeans[1]/element-group[8]/textBlocks[1]/text-block[1]/text[1]/text()[1] to &lt;![CDATA[Chortling, chuckling, giggling, guffawing, tittering, howling, roaring...]]&gt; 
at /page-map[1]/sections[1]/page-section[1]/areas[1]/area[2]/modules[1]/module[1]/webElementSetComponentBeans[1]/element-group[8]/textBlocks[1]/text-block[1]/text[1]/text()[1]
***********************

Module:[FL01-default]***********************
Expected CDATA section value &#039;Top 50 Horror Films&#039; 
but was &#039;Top 25 Comedies&#039; - comparing &lt;![CDATA[Top 50 Horror Films]]&gt; 
at /page-map[1]/sections[1]/page-section[1]/areas[1]/area[2]/modules[1]/module[1]/webElementSetComponentBeans[1]/element-group[8]/textBlocks[1]/text-block[2]/text[1]/text()[1] to &lt;![CDATA[Top 25 Comedies]]&gt; 
at /page-map[1]/sections[1]/page-section[1]/areas[1]/area[2]/modules[1]/module[1]/webElementSetComponentBeans[1]/element-group[8]/textBlocks[1]/text-block[2]/text[1]/text()[1]
***********************

Module:[FL01-carousel]***********************
Expected CDATA section value &#039;http://test.film4.com/reviews/2012/iron-sky?assdc#&#039; 
but was &#039;http://test.film4.com/reviews/2012/iron-sky?as3asdc#&#039; - comparing &lt;![CDATA[http://test.film4.com/reviews/2012/iron-sky?assdc#]]&gt; 
at /page-map[1]/sections[1]/page-section[2]/areas[1]/area[1]/modules[1]/module[2]/webElementSetComponentBeans[1]/element-group[1]/links[1]/link[1]/href[1]/text()[1] to &lt;![CDATA[http://test.film4.com/reviews/2012/iron-sky?as3asdc#]]&gt; 
at /page-map[1]/sections[1]/page-section[2]/areas[1]/area[1]/modules[1]/module[2]/webElementSetComponentBeans[1]/element-group[1]/links[1]/link[1]/href[1]/text()[1]
***********************

Module:[SN02]***********************
Expected CDATA section value &#039;http://test.film4.com/reviews/2012/iron-sky?assdc#&#039; 
but was &#039;http://test.film4.com/reviews/2012/iron-sky?as3asdc#&#039; - comparing &lt;![CDATA[http://test.film4.com/reviews/2012/iron-sky?assdc#]]&gt; 
at /page-map[1]/sections[1]/page-section[2]/areas[1]/area[1]/modules[1]/module[4]/webElementSetComponentBeans[1]/element-group[1]/imageLinks[1]/picture-link[1]/href[1]/text()[1] to &lt;![CDATA[http://test.film4.com/reviews/2012/iron-sky?as3asdc#]]&gt; 
at /page-map[1]/sections[1]/page-section[2]/areas[1]/area[1]/modules[1]/module[4]/webElementSetComponentBeans[1]/element-group[1]/imageLinks[1]/picture-link[1]/href[1]/text()[1]
***********************

Module:[SN02]***********************
Expected CDATA section value &#039;http://test.film4.com/reviews/2012/iron-sky?assdc#&#039; 
but was &#039;http://test.film4.com/reviews/2012/iron-sky?as3asdc#&#039; - comparing &lt;![CDATA[http://test.film4.com/reviews/2012/iron-sky?assdc#]]&gt; 
at /page-map[1]/sections[1]/page-section[2]/areas[1]/area[1]/modules[1]/module[4]/webElementSetComponentBeans[1]/element-group[1]/imageLinks[1]/picture-link[2]/href[1]/text()[1] to &lt;![CDATA[http://test.film4.com/reviews/2012/iron-sky?as3asdc#]]&gt; 
at /page-map[1]/sections[1]/page-section[2]/areas[1]/area[1]/modules[1]/module[4]/webElementSetComponentBeans[1]/element-group[1]/imageLinks[1]/picture-link[2]/href[1]/text()[1]
***********************

Module:[SN02]***********************
Expected CDATA section value &#039;http://test.film4.com/reviews/2012/iron-sky?assdc#&#039; 
but was &#039;http://test.film4.com/reviews/2012/iron-sky?as3asdc#&#039; - comparing &lt;![CDATA[http://test.film4.com/reviews/2012/iron-sky?assdc#]]&gt; 
at /page-map[1]/sections[1]/page-section[2]/areas[1]/area[1]/modules[1]/module[4]/webElementSetComponentBeans[1]/element-group[1]/imageLinks[1]/picture-link[3]/href[1]/text()[1] to &lt;![CDATA[http://test.film4.com/reviews/2012/iron-sky?as3asdc#]]&gt; 
at /page-map[1]/sections[1]/page-section[2]/areas[1]/area[1]/modules[1]/module[4]/webElementSetComponentBeans[1]/element-group[1]/imageLinks[1]/picture-link[3]/href[1]/text()[1]
***********************

Module:[SN02]***********************
Expected CDATA section value &#039;http://test.film4.com/reviews/2012/iron-sky?assdc#&#039; 
but was &#039;http://test.film4.com/reviews/2012/iron-sky?as3asdc#&#039; - comparing &lt;![CDATA[http://test.film4.com/reviews/2012/iron-sky?assdc#]]&gt; 
at /page-map[1]/sections[1]/page-section[2]/areas[1]/area[1]/modules[1]/module[4]/webElementSetComponentBeans[1]/element-group[1]/imageLinks[1]/picture-link[4]/href[1]/text()[1] to &lt;![CDATA[http://test.film4.com/reviews/2012/iron-sky?as3asdc#]]&gt; 
at /page-map[1]/sections[1]/page-section[2]/areas[1]/area[1]/modules[1]/module[4]/webElementSetComponentBeans[1]/element-group[1]/imageLinks[1]/picture-link[4]/href[1]/text()[1]
***********************
">
        <![CDATA[java.lang.AssertionError:
Module:[AI01]***********************
Expected CDATA section value 'http://test.film4.com/reviews/2012/iron-sky?assdc#' 
but was 'http://test.film4.com/reviews/2012/iron-sky?as3asdc#' - comparing <![CDATA[http://test.film4.com/reviews/2012/iron-sky?assdc#]]]]>
        <![CDATA[>
at /page-map[1]/sections[1]/page-section[1]/areas[1]/area[1]/modules[1]/module[1]/webElementSetComponentBeans[1]/element-group[1]/links[1]/link[1]/href[1]/text()[1] to <![CDATA[http://test.film4.com/reviews/2012/iron-sky?as3asdc#]]]]>
        <![CDATA[>
at /page-map[1]/sections[1]/page-section[1]/areas[1]/area[1]/modules[1]/module[1]/webElementSetComponentBeans[1]/element-group[1]/links[1]/link[1]/href[1]/text()[1]
***********************

Module:[AT06]***********************
Expected CDATA section value 'http://test.film4.com/reviews/2012/iron-sky?assdc#tab0' 
but was 'http://test.film4.com/reviews/2012/iron-sky?as3asdc#tab0' - comparing <![CDATA[http://test.film4.com/reviews/2012/iron-sky?assdc#tab0]]]]>
        <![CDATA[>
at /page-map[1]/sections[1]/page-section[1]/areas[1]/area[1]/modules[1]/module[3]/webElementSetComponentBeans[1]/element-group[1]/links[1]/link[1]/href[1]/text()[1] to <![CDATA[http://test.film4.com/reviews/2012/iron-sky?as3asdc#tab0]]]]>
        <![CDATA[>
at /page-map[1]/sections[1]/page-section[1]/areas[1]/area[1]/modules[1]/module[3]/webElementSetComponentBeans[1]/element-group[1]/links[1]/link[1]/href[1]/text()[1]
***********************

Module:[AT06]***********************
Expected CDATA section value 'http://test.film4.com/reviews/2012/iron-sky?assdc#cast' 
but was 'http://test.film4.com/reviews/2012/iron-sky?as3asdc#cast' - comparing <![CDATA[http://test.film4.com/reviews/2012/iron-sky?assdc#cast]]]]>
        <![CDATA[>
at /page-map[1]/sections[1]/page-section[1]/areas[1]/area[1]/modules[1]/module[3]/webElementSetComponentBeans[1]/element-group[1]/links[1]/link[2]/href[1]/text()[1] to <![CDATA[http://test.film4.com/reviews/2012/iron-sky?as3asdc#cast]]]]>
        <![CDATA[>
at /page-map[1]/sections[1]/page-section[1]/areas[1]/area[1]/modules[1]/module[3]/webElementSetComponentBeans[1]/element-group[1]/links[1]/link[2]/href[1]/text()[1]
***********************

Module:[FL01-default]***********************
Expected CDATA section value 'http://test.film4.com/reviews/2012/iron-sky?assdc#' 
but was 'http://test.film4.com/reviews/2012/iron-sky?as3asdc#' - comparing <![CDATA[http://test.film4.com/reviews/2012/iron-sky?assdc#]]]]>
        <![CDATA[>
at /page-map[1]/sections[1]/page-section[1]/areas[1]/area[2]/modules[1]/module[1]/webElementSetComponentBeans[1]/element-group[1]/links[1]/link[1]/href[1]/text()[1] to <![CDATA[http://test.film4.com/reviews/2012/iron-sky?as3asdc#]]]]>
        <![CDATA[>
at /page-map[1]/sections[1]/page-section[1]/areas[1]/area[2]/modules[1]/module[1]/webElementSetComponentBeans[1]/element-group[1]/links[1]/link[1]/href[1]/text()[1]
***********************

Module:[FL01-default]***********************
Expected CDATA section value 'Big Trees, The' 
but was 'Le Boucher' - comparing <![CDATA[Big Trees, The]]]]><![CDATA[> 
at /page-map[1]/sections[1]/page-section[1]/areas[1]/area[2]/modules[1]/module[1]/webElementSetComponentBeans[1]/element-group[1]/links[1]/link[2]/linkText[1]/text()[1] to <![CDATA[Le Boucher]]]]>
        <![CDATA[>
at /page-map[1]/sections[1]/page-section[1]/areas[1]/area[2]/modules[1]/module[1]/webElementSetComponentBeans[1]/element-group[1]/links[1]/link[2]/linkText[1]/text()[1]
***********************

Module:[FL01-default]***********************
Expected CDATA section value 'http://test.film4.com/reviews/1952/big-trees-the' 
but was 'http://test.film4.com/reviews/1969/le-boucher' - comparing <![CDATA[http://test.film4.com/reviews/1952/big-trees-the]]]]>
        <![CDATA[>
at /page-map[1]/sections[1]/page-section[1]/areas[1]/area[2]/modules[1]/module[1]/webElementSetComponentBeans[1]/element-group[1]/links[1]/link[2]/href[1]/text()[1] to <![CDATA[http://test.film4.com/reviews/1969/le-boucher]]]]>
        <![CDATA[>
at /page-map[1]/sections[1]/page-section[1]/areas[1]/area[2]/modules[1]/module[1]/webElementSetComponentBeans[1]/element-group[1]/links[1]/link[2]/href[1]/text()[1]
***********************

Module:[FL01-default]***********************
Expected CDATA section value 'http://test.film4.com/reviews/1952/big-trees-the' 
but was 'http://test.film4.com/reviews/1969/le-boucher' - comparing <![CDATA[http://test.film4.com/reviews/1952/big-trees-the]]]]>
        <![CDATA[>
at /page-map[1]/sections[1]/page-section[1]/areas[1]/area[2]/modules[1]/module[1]/webElementSetComponentBeans[1]/element-group[1]/imageLinks[1]/picture-link[1]/href[1]/text()[1] to <![CDATA[http://test.film4.com/reviews/1969/le-boucher]]]]>
        <![CDATA[>
at /page-map[1]/sections[1]/page-section[1]/areas[1]/area[2]/modules[1]/module[1]/webElementSetComponentBeans[1]/element-group[1]/imageLinks[1]/picture-link[1]/href[1]/text()[1]
***********************

Module:[FL01-default]***********************
Expected CDATA section value 'synopsis' 
but was 'Claude Chabrol's psychological thriller set in small-town France. A...' - comparing <![CDATA[synopsis]]]]>
        <![CDATA[>
at /page-map[1]/sections[1]/page-section[1]/areas[1]/area[2]/modules[1]/module[1]/webElementSetComponentBeans[1]/element-group[1]/textBlocks[1]/text-block[1]/text[1]/text()[1] to <![CDATA[Claude Chabrol's psychological thriller set in small-town France. A...]]]]>
        <![CDATA[>
at /page-map[1]/sections[1]/page-section[1]/areas[1]/area[2]/modules[1]/module[1]/webElementSetComponentBeans[1]/element-group[1]/textBlocks[1]/text-block[1]/text[1]/text()[1]
***********************

Module:[FL01-default]***********************
Expected CDATA section value 'Big Trees, The' 
but was 'Le Boucher' - comparing <![CDATA[Big Trees, The]]]]><![CDATA[> 
at /page-map[1]/sections[1]/page-section[1]/areas[1]/area[2]/modules[1]/module[1]/webElementSetComponentBeans[1]/element-group[1]/textBlocks[1]/text-block[2]/text[1]/text()[1] to <![CDATA[Le Boucher]]]]>
        <![CDATA[>
at /page-map[1]/sections[1]/page-section[1]/areas[1]/area[2]/modules[1]/module[1]/webElementSetComponentBeans[1]/element-group[1]/textBlocks[1]/text-block[2]/text[1]/text()[1]
***********************

Module:[FL01-default]***********************
Expected CDATA section value 'http://test.film4.com/reviews/2012/iron-sky?assdc#' 
but was 'http://test.film4.com/reviews/2012/iron-sky?as3asdc#' - comparing <![CDATA[http://test.film4.com/reviews/2012/iron-sky?assdc#]]]]>
        <![CDATA[>
at /page-map[1]/sections[1]/page-section[1]/areas[1]/area[2]/modules[1]/module[1]/webElementSetComponentBeans[1]/element-group[2]/links[1]/link[1]/href[1]/text()[1] to <![CDATA[http://test.film4.com/reviews/2012/iron-sky?as3asdc#]]]]>
        <![CDATA[>
at /page-map[1]/sections[1]/page-section[1]/areas[1]/area[2]/modules[1]/module[1]/webElementSetComponentBeans[1]/element-group[2]/links[1]/link[1]/href[1]/text()[1]
***********************

Module:[FL01-default]***********************
Expected CDATA section value 'Baby Face' 
but was 'Rush Hour' - comparing <![CDATA[Baby Face]]]]><![CDATA[> 
at /page-map[1]/sections[1]/page-section[1]/areas[1]/area[2]/modules[1]/module[1]/webElementSetComponentBeans[1]/element-group[2]/links[1]/link[2]/linkText[1]/text()[1] to <![CDATA[Rush Hour]]]]>
        <![CDATA[>
at /page-map[1]/sections[1]/page-section[1]/areas[1]/area[2]/modules[1]/module[1]/webElementSetComponentBeans[1]/element-group[2]/links[1]/link[2]/linkText[1]/text()[1]
***********************

Module:[FL01-default]***********************
Expected CDATA section value 'http://test.film4.com/reviews/1933/baby-face' 
but was 'http://test.film4.com/reviews/1998/rush-hour' - comparing <![CDATA[http://test.film4.com/reviews/1933/baby-face]]]]>
        <![CDATA[>
at /page-map[1]/sections[1]/page-section[1]/areas[1]/area[2]/modules[1]/module[1]/webElementSetComponentBeans[1]/element-group[2]/links[1]/link[2]/href[1]/text()[1] to <![CDATA[http://test.film4.com/reviews/1998/rush-hour]]]]>
        <![CDATA[>
at /page-map[1]/sections[1]/page-section[1]/areas[1]/area[2]/modules[1]/module[1]/webElementSetComponentBeans[1]/element-group[2]/links[1]/link[2]/href[1]/text()[1]
***********************

Module:[FL01-default]***********************
Expected CDATA section value 'http://test.film4.com/reviews/1933/baby-face' 
but was 'http://test.film4.com/reviews/1998/rush-hour' - comparing <![CDATA[http://test.film4.com/reviews/1933/baby-face]]]]>
        <![CDATA[>
at /page-map[1]/sections[1]/page-section[1]/areas[1]/area[2]/modules[1]/module[1]/webElementSetComponentBeans[1]/element-group[2]/imageLinks[1]/picture-link[1]/href[1]/text()[1] to <![CDATA[http://test.film4.com/reviews/1998/rush-hour]]]]>
        <![CDATA[>
at /page-map[1]/sections[1]/page-section[1]/areas[1]/area[2]/modules[1]/module[1]/webElementSetComponentBeans[1]/element-group[2]/imageLinks[1]/picture-link[1]/href[1]/text()[1]
***********************

Module:[FL01-default]***********************
Expected CDATA section value 'http://test.film4.com/media/images/Film4/film4-default-image_MED.jpg' 
but was 'http://test.film4.com/media/images/Channel4/film/R/rush_hour_2_xl_01--film-A_MED.jpg' - comparing <![CDATA[http://test.film4.com/media/images/Film4/film4-default-image_MED.jpg]]]]>
        <![CDATA[>
at /page-map[1]/sections[1]/page-section[1]/areas[1]/area[2]/modules[1]/module[1]/webElementSetComponentBeans[1]/element-group[2]/imageLinks[1]/picture-link[1]/src[1]/text()[1] to <![CDATA[http://test.film4.com/media/images/Channel4/film/R/rush_hour_2_xl_01--film-A_MED.jpg]]]]>
        <![CDATA[>
at /page-map[1]/sections[1]/page-section[1]/areas[1]/area[2]/modules[1]/module[1]/webElementSetComponentBeans[1]/element-group[2]/imageLinks[1]/picture-link[1]/src[1]/text()[1]
***********************

Module:[FL01-default]***********************
Expected text value '70' 
but was '37' - comparing <height ...>70</height> 
at /page-map[1]/sections[1]/page-section[1]/areas[1]/area[2]/modules[1]/module[1]/webElementSetComponentBeans[1]/element-group[2]/imageLinks[1]/picture-link[1]/height[1]/text()[1] to <height ...>37</height> 
at /page-map[1]/sections[1]/page-section[1]/areas[1]/area[2]/modules[1]/module[1]/webElementSetComponentBeans[1]/element-group[2]/imageLinks[1]/picture-link[1]/height[1]/text()[1]
***********************

Module:[FL01-default]***********************
Expected CDATA section value 'Baby Face' 
but was 'Rush Hour' - comparing <![CDATA[Baby Face]]]]><![CDATA[> 
at /page-map[1]/sections[1]/page-section[1]/areas[1]/area[2]/modules[1]/module[1]/webElementSetComponentBeans[1]/element-group[2]/textBlocks[1]/text-block[2]/text[1]/text()[1] to <![CDATA[Rush Hour]]]]>
        <![CDATA[>
at /page-map[1]/sections[1]/page-section[1]/areas[1]/area[2]/modules[1]/module[1]/webElementSetComponentBeans[1]/element-group[2]/textBlocks[1]/text-block[2]/text[1]/text()[1]
***********************

Module:[FL01-default]***********************
Expected CDATA section value 'http://test.film4.com/reviews/2012/iron-sky?assdc#' 
but was 'http://test.film4.com/reviews/2012/iron-sky?as3asdc#' - comparing <![CDATA[http://test.film4.com/reviews/2012/iron-sky?assdc#]]]]>
        <![CDATA[>
at /page-map[1]/sections[1]/page-section[1]/areas[1]/area[2]/modules[1]/module[1]/webElementSetComponentBeans[1]/element-group[3]/links[1]/link[1]/href[1]/text()[1] to <![CDATA[http://test.film4.com/reviews/2012/iron-sky?as3asdc#]]]]>
        <![CDATA[>
at /page-map[1]/sections[1]/page-section[1]/areas[1]/area[2]/modules[1]/module[1]/webElementSetComponentBeans[1]/element-group[3]/links[1]/link[1]/href[1]/text()[1]
***********************

Module:[FL01-default]***********************
Expected CDATA section value 'Wild Flowers' 
but was 'Joe Strummer: The Future Is...' - comparing <![CDATA[Wild Flowers]]]]><![CDATA[> 
at /page-map[1]/sections[1]/page-section[1]/areas[1]/area[2]/modules[1]/module[1]/webElementSetComponentBeans[1]/element-group[3]/links[1]/link[2]/linkText[1]/text()[1] to <![CDATA[Joe Strummer: The Future Is...]]]]>
        <![CDATA[>
at /page-map[1]/sections[1]/page-section[1]/areas[1]/area[2]/modules[1]/module[1]/webElementSetComponentBeans[1]/element-group[3]/links[1]/link[2]/linkText[1]/text()[1]
***********************

Module:[FL01-default]***********************
Expected CDATA section value 'http://test.film4.com/reviews/1990/wild-flowers' 
but was 'http://test.film4.com/reviews/2007/joe-strummer-the-future-is-unwritten' - comparing <![CDATA[http://test.film4.com/reviews/1990/wild-flowers]]]]>
        <![CDATA[>
at /page-map[1]/sections[1]/page-section[1]/areas[1]/area[2]/modules[1]/module[1]/webElementSetComponentBeans[1]/element-group[3]/links[1]/link[2]/href[1]/text()[1] to <![CDATA[http://test.film4.com/reviews/2007/joe-strummer-the-future-is-unwritten]]]]>
        <![CDATA[>
at /page-map[1]/sections[1]/page-section[1]/areas[1]/area[2]/modules[1]/module[1]/webElementSetComponentBeans[1]/element-group[3]/links[1]/link[2]/href[1]/text()[1]
***********************

Module:[FL01-default]***********************
Expected CDATA section value 'http://test.film4.com/reviews/1990/wild-flowers' 
but was 'http://test.film4.com/reviews/2007/joe-strummer-the-future-is-unwritten' - comparing <![CDATA[http://test.film4.com/reviews/1990/wild-flowers]]]]>
        <![CDATA[>
at /page-map[1]/sections[1]/page-section[1]/areas[1]/area[2]/modules[1]/module[1]/webElementSetComponentBeans[1]/element-group[3]/imageLinks[1]/picture-link[1]/href[1]/text()[1] to <![CDATA[http://test.film4.com/reviews/2007/joe-strummer-the-future-is-unwritten]]]]>
        <![CDATA[>
at /page-map[1]/sections[1]/page-section[1]/areas[1]/area[2]/modules[1]/module[1]/webElementSetComponentBeans[1]/element-group[3]/imageLinks[1]/picture-link[1]/href[1]/text()[1]
***********************

Module:[FL01-default]***********************
Expected CDATA section value 'http://test.film4.com/media/images/Film4/film4-default-image_MED.jpg' 
but was 'http://test.film4.com/media/images/Channel4/Film4/2000s/J/joe-strummer-the-future-is-unwritten_MED.jpg' - comparing <![CDATA[http://test.film4.com/media/images/Film4/film4-default-image_MED.jpg]]]]>
        <![CDATA[>
at /page-map[1]/sections[1]/page-section[1]/areas[1]/area[2]/modules[1]/module[1]/webElementSetComponentBeans[1]/element-group[3]/imageLinks[1]/picture-link[1]/src[1]/text()[1] to <![CDATA[http://test.film4.com/media/images/Channel4/Film4/2000s/J/joe-strummer-the-future-is-unwritten_MED.jpg]]]]>
        <![CDATA[>
at /page-map[1]/sections[1]/page-section[1]/areas[1]/area[2]/modules[1]/module[1]/webElementSetComponentBeans[1]/element-group[3]/imageLinks[1]/picture-link[1]/src[1]/text()[1]
***********************

Module:[FL01-default]***********************
Expected CDATA section value 'A love story on the West Coast of Scotland in the early 1970s...' 
but was 'The life and times of the much-missed Clash...' - comparing <![CDATA[A love story on the West Coast of Scotland in the early 1970s...]]]]>
        <![CDATA[>
at /page-map[1]/sections[1]/page-section[1]/areas[1]/area[2]/modules[1]/module[1]/webElementSetComponentBeans[1]/element-group[3]/textBlocks[1]/text-block[1]/text[1]/text()[1] to <![CDATA[The life and times of the much-missed Clash...]]]]>
        <![CDATA[>
at /page-map[1]/sections[1]/page-section[1]/areas[1]/area[2]/modules[1]/module[1]/webElementSetComponentBeans[1]/element-group[3]/textBlocks[1]/text-block[1]/text[1]/text()[1]
***********************

Module:[FL01-default]***********************
Expected CDATA section value 'Wild Flowers' 
but was 'Joe Strummer: The Future Is...' - comparing <![CDATA[Wild Flowers]]]]><![CDATA[> 
at /page-map[1]/sections[1]/page-section[1]/areas[1]/area[2]/modules[1]/module[1]/webElementSetComponentBeans[1]/element-group[3]/textBlocks[1]/text-block[2]/text[1]/text()[1] to <![CDATA[Joe Strummer: The Future Is...]]]]>
        <![CDATA[>
at /page-map[1]/sections[1]/page-section[1]/areas[1]/area[2]/modules[1]/module[1]/webElementSetComponentBeans[1]/element-group[3]/textBlocks[1]/text-block[2]/text[1]/text()[1]
***********************

Module:[FL01-default]***********************
Expected CDATA section value 'http://test.film4.com/reviews/2012/iron-sky?assdc#' 
but was 'http://test.film4.com/reviews/2012/iron-sky?as3asdc#' - comparing <![CDATA[http://test.film4.com/reviews/2012/iron-sky?assdc#]]]]>
        <![CDATA[>
at /page-map[1]/sections[1]/page-section[1]/areas[1]/area[2]/modules[1]/module[1]/webElementSetComponentBeans[1]/element-group[4]/links[1]/link[1]/href[1]/text()[1] to <![CDATA[http://test.film4.com/reviews/2012/iron-sky?as3asdc#]]]]>
        <![CDATA[>
at /page-map[1]/sections[1]/page-section[1]/areas[1]/area[2]/modules[1]/module[1]/webElementSetComponentBeans[1]/element-group[4]/links[1]/link[1]/href[1]/text()[1]
***********************

Module:[FL01-default]***********************
Expected CDATA section value 'Comrades' 
but was 'Birthday Girl' - comparing <![CDATA[Comrades]]]]><![CDATA[> 
at /page-map[1]/sections[1]/page-section[1]/areas[1]/area[2]/modules[1]/module[1]/webElementSetComponentBeans[1]/element-group[4]/links[1]/link[2]/linkText[1]/text()[1] to <![CDATA[Birthday Girl]]]]>
        <![CDATA[>
at /page-map[1]/sections[1]/page-section[1]/areas[1]/area[2]/modules[1]/module[1]/webElementSetComponentBeans[1]/element-group[4]/links[1]/link[2]/linkText[1]/text()[1]
***********************

Module:[FL01-default]***********************
Expected CDATA section value 'http://test.film4.com/reviews/1987/comrades' 
but was 'http://test.film4.com/reviews/2001/birthday-girl' - comparing <![CDATA[http://test.film4.com/reviews/1987/comrades]]]]>
        <![CDATA[>
at /page-map[1]/sections[1]/page-section[1]/areas[1]/area[2]/modules[1]/module[1]/webElementSetComponentBeans[1]/element-group[4]/links[1]/link[2]/href[1]/text()[1] to <![CDATA[http://test.film4.com/reviews/2001/birthday-girl]]]]>
        <![CDATA[>
at /page-map[1]/sections[1]/page-section[1]/areas[1]/area[2]/modules[1]/module[1]/webElementSetComponentBeans[1]/element-group[4]/links[1]/link[2]/href[1]/text()[1]
***********************

Module:[FL01-default]***********************
Expected CDATA section value 'http://test.film4.com/reviews/1987/comrades' 
but was 'http://test.film4.com/reviews/2001/birthday-girl' - comparing <![CDATA[http://test.film4.com/reviews/1987/comrades]]]]>
        <![CDATA[>
at /page-map[1]/sections[1]/page-section[1]/areas[1]/area[2]/modules[1]/module[1]/webElementSetComponentBeans[1]/element-group[4]/imageLinks[1]/picture-link[1]/href[1]/text()[1] to <![CDATA[http://test.film4.com/reviews/2001/birthday-girl]]]]>
        <![CDATA[>
at /page-map[1]/sections[1]/page-section[1]/areas[1]/area[2]/modules[1]/module[1]/webElementSetComponentBeans[1]/element-group[4]/imageLinks[1]/picture-link[1]/href[1]/text()[1]
***********************

Module:[FL01-default]***********************
Expected CDATA section value 'http://test.film4.com/media/images/Channel4/Film4/1980s/C/comrades_MED.jpg' 
but was 'http://test.film4.com/media/images/Channel4/Film4/2000s/B/birthday-girl_MED.jpg' - comparing <![CDATA[http://test.film4.com/media/images/Channel4/Film4/1980s/C/comrades_MED.jpg]]]]>
        <![CDATA[>
at /page-map[1]/sections[1]/page-section[1]/areas[1]/area[2]/modules[1]/module[1]/webElementSetComponentBeans[1]/element-group[4]/imageLinks[1]/picture-link[1]/src[1]/text()[1] to <![CDATA[http://test.film4.com/media/images/Channel4/Film4/2000s/B/birthday-girl_MED.jpg]]]]>
        <![CDATA[>
at /page-map[1]/sections[1]/page-section[1]/areas[1]/area[2]/modules[1]/module[1]/webElementSetComponentBeans[1]/element-group[4]/imageLinks[1]/picture-link[1]/src[1]/text()[1]
***********************

Module:[FL01-default]***********************
Expected CDATA section value 'The tale of the Tolpuddle Martyrs as recounted by the much-missed Bill...' 
but was 'Idiosyncratic and savage rib-tickler that boasts Nicole Kidman doing S&M...' - comparing <![CDATA[The tale of the Tolpuddle Martyrs as recounted by the much-missed Bill...]]]]>
        <![CDATA[>
at /page-map[1]/sections[1]/page-section[1]/areas[1]/area[2]/modules[1]/module[1]/webElementSetComponentBeans[1]/element-group[4]/textBlocks[1]/text-block[1]/text[1]/text()[1] to <![CDATA[Idiosyncratic and savage rib-tickler that boasts Nicole Kidman doing S&M...]]]]>
        <![CDATA[>
at /page-map[1]/sections[1]/page-section[1]/areas[1]/area[2]/modules[1]/module[1]/webElementSetComponentBeans[1]/element-group[4]/textBlocks[1]/text-block[1]/text[1]/text()[1]
***********************

Module:[FL01-default]***********************
Expected CDATA section value 'Comrades' 
but was 'Birthday Girl' - comparing <![CDATA[Comrades]]]]><![CDATA[> 
at /page-map[1]/sections[1]/page-section[1]/areas[1]/area[2]/modules[1]/module[1]/webElementSetComponentBeans[1]/element-group[4]/textBlocks[1]/text-block[2]/text[1]/text()[1] to <![CDATA[Birthday Girl]]]]>
        <![CDATA[>
at /page-map[1]/sections[1]/page-section[1]/areas[1]/area[2]/modules[1]/module[1]/webElementSetComponentBeans[1]/element-group[4]/textBlocks[1]/text-block[2]/text[1]/text()[1]
***********************

Module:[FL01-default]***********************
Expected CDATA section value 'Ben Wheatley project announced...' 
but was 'Six things I've learned on...' - comparing <![CDATA[Ben Wheatley project announced...]]]]><![CDATA[> 
at /page-map[1]/sections[1]/page-section[1]/areas[1]/area[2]/modules[1]/module[1]/webElementSetComponentBeans[1]/element-group[5]/links[1]/link[1]/linkText[1]/text()[1] to <![CDATA[Six things I've learned on...]]]]>
        <![CDATA[>
at /page-map[1]/sections[1]/page-section[1]/areas[1]/area[2]/modules[1]/module[1]/webElementSetComponentBeans[1]/element-group[5]/links[1]/link[1]/linkText[1]/text()[1]
***********************

Module:[FL01-default]***********************
Expected CDATA section value 'http://film4blog2012.clients.amido.co.uk/?p=1054' 
but was 'http://film4blog2012.clients.amido.co.uk/?p=996' - comparing <![CDATA[http://film4blog2012.clients.amido.co.uk/?p=1054]]]]>
        <![CDATA[>
at /page-map[1]/sections[1]/page-section[1]/areas[1]/area[2]/modules[1]/module[1]/webElementSetComponentBeans[1]/element-group[5]/links[1]/link[1]/href[1]/text()[1] to <![CDATA[http://film4blog2012.clients.amido.co.uk/?p=996]]]]>
        <![CDATA[>
at /page-map[1]/sections[1]/page-section[1]/areas[1]/area[2]/modules[1]/module[1]/webElementSetComponentBeans[1]/element-group[5]/links[1]/link[1]/href[1]/text()[1]
***********************

Module:[FL01-default]***********************
Expected CDATA section value 'http://film4blog2012.clients.amido.co.uk/?p=1054' 
but was 'http://film4blog2012.clients.amido.co.uk/?p=996' - comparing <![CDATA[http://film4blog2012.clients.amido.co.uk/?p=1054]]]]>
        <![CDATA[>
at /page-map[1]/sections[1]/page-section[1]/areas[1]/area[2]/modules[1]/module[1]/webElementSetComponentBeans[1]/element-group[5]/imageLinks[1]/picture-link[1]/href[1]/text()[1] to <![CDATA[http://film4blog2012.clients.amido.co.uk/?p=996]]]]>
        <![CDATA[>
at /page-map[1]/sections[1]/page-section[1]/areas[1]/area[2]/modules[1]/module[1]/webElementSetComponentBeans[1]/element-group[5]/imageLinks[1]/picture-link[1]/href[1]/text()[1]
***********************

Module:[FL01-default]***********************
Expected CDATA section value 'Film4 is excited to announce Ben...' 
but was 'Film4 senior commissioning executive Katherine...' - comparing <![CDATA[Film4 is excited to announce Ben...]]]]>
        <![CDATA[>
at /page-map[1]/sections[1]/page-section[1]/areas[1]/area[2]/modules[1]/module[1]/webElementSetComponentBeans[1]/element-group[5]/textBlocks[1]/text-block[1]/text[1]/text()[1] to <![CDATA[Film4 senior commissioning executive Katherine...]]]]>
        <![CDATA[>
at /page-map[1]/sections[1]/page-section[1]/areas[1]/area[2]/modules[1]/module[1]/webElementSetComponentBeans[1]/element-group[5]/textBlocks[1]/text-block[1]/text[1]/text()[1]
***********************

Module:[FL01-default]***********************
Expected CDATA section value 'Ben Wheatley project announced...' 
but was 'Six things I've learned on...' - comparing <![CDATA[Ben Wheatley project announced...]]]]><![CDATA[> 
at /page-map[1]/sections[1]/page-section[1]/areas[1]/area[2]/modules[1]/module[1]/webElementSetComponentBeans[1]/element-group[5]/textBlocks[1]/text-block[2]/text[1]/text()[1] to <![CDATA[Six things I've learned on...]]]]>
        <![CDATA[>
at /page-map[1]/sections[1]/page-section[1]/areas[1]/area[2]/modules[1]/module[1]/webElementSetComponentBeans[1]/element-group[5]/textBlocks[1]/text-block[2]/text[1]/text()[1]
***********************

Module:[FL01-default]***********************
Expected CDATA section value 'Film4 Development Exec Jo...' 
but was 'Film4.0 Scene Stealers winners...' - comparing <![CDATA[Film4 Development Exec Jo...]]]]><![CDATA[> 
at /page-map[1]/sections[1]/page-section[1]/areas[1]/area[2]/modules[1]/module[1]/webElementSetComponentBeans[1]/element-group[6]/links[1]/link[1]/linkText[1]/text()[1] to <![CDATA[Film4.0 Scene Stealers winners...]]]]>
        <![CDATA[>
at /page-map[1]/sections[1]/page-section[1]/areas[1]/area[2]/modules[1]/module[1]/webElementSetComponentBeans[1]/element-group[6]/links[1]/link[1]/linkText[1]/text()[1]
***********************

Module:[FL01-default]***********************
Expected CDATA section value 'http://film4blog2012.clients.amido.co.uk/?p=263' 
but was 'http://film4blog2012.clients.amido.co.uk/?p=1008' - comparing <![CDATA[http://film4blog2012.clients.amido.co.uk/?p=263]]]]>
        <![CDATA[>
at /page-map[1]/sections[1]/page-section[1]/areas[1]/area[2]/modules[1]/module[1]/webElementSetComponentBeans[1]/element-group[6]/links[1]/link[1]/href[1]/text()[1] to <![CDATA[http://film4blog2012.clients.amido.co.uk/?p=1008]]]]>
        <![CDATA[>
at /page-map[1]/sections[1]/page-section[1]/areas[1]/area[2]/modules[1]/module[1]/webElementSetComponentBeans[1]/element-group[6]/links[1]/link[1]/href[1]/text()[1]
***********************

Module:[FL01-default]***********************
Expected CDATA section value 'http://film4blog2012.clients.amido.co.uk/?p=263' 
but was 'http://film4blog2012.clients.amido.co.uk/?p=1008' - comparing <![CDATA[http://film4blog2012.clients.amido.co.uk/?p=263]]]]>
        <![CDATA[>
at /page-map[1]/sections[1]/page-section[1]/areas[1]/area[2]/modules[1]/module[1]/webElementSetComponentBeans[1]/element-group[6]/imageLinks[1]/picture-link[1]/href[1]/text()[1] to <![CDATA[http://film4blog2012.clients.amido.co.uk/?p=1008]]]]>
        <![CDATA[>
at /page-map[1]/sections[1]/page-section[1]/areas[1]/area[2]/modules[1]/module[1]/webElementSetComponentBeans[1]/element-group[6]/imageLinks[1]/picture-link[1]/href[1]/text()[1]
***********************

Module:[FL01-default]***********************
Expected CDATA section value 'Film4 Development Executive Jo McClellan shares...' 
but was 'The Brothers Lynch on their journey from...' - comparing <![CDATA[Film4 Development Executive Jo McClellan shares...]]]]>
        <![CDATA[>
at /page-map[1]/sections[1]/page-section[1]/areas[1]/area[2]/modules[1]/module[1]/webElementSetComponentBeans[1]/element-group[6]/textBlocks[1]/text-block[1]/text[1]/text()[1] to <![CDATA[The Brothers Lynch on their journey from...]]]]>
        <![CDATA[>
at /page-map[1]/sections[1]/page-section[1]/areas[1]/area[2]/modules[1]/module[1]/webElementSetComponentBeans[1]/element-group[6]/textBlocks[1]/text-block[1]/text[1]/text()[1]
***********************

Module:[FL01-default]***********************
Expected CDATA section value 'Film4 Development Exec Jo...' 
but was 'Film4.0 Scene Stealers winners...' - comparing <![CDATA[Film4 Development Exec Jo...]]]]><![CDATA[> 
at /page-map[1]/sections[1]/page-section[1]/areas[1]/area[2]/modules[1]/module[1]/webElementSetComponentBeans[1]/element-group[6]/textBlocks[1]/text-block[2]/text[1]/text()[1] to <![CDATA[Film4.0 Scene Stealers winners...]]]]>
        <![CDATA[>
at /page-map[1]/sections[1]/page-section[1]/areas[1]/area[2]/modules[1]/module[1]/webElementSetComponentBeans[1]/element-group[6]/textBlocks[1]/text-block[2]/text[1]/text()[1]
***********************

Module:[FL01-default]***********************
Expected CDATA section value 'Top 25 Comedies' 
but was 'Top 50 Horror Films' - comparing <![CDATA[Top 25 Comedies]]]]><![CDATA[> 
at /page-map[1]/sections[1]/page-section[1]/areas[1]/area[2]/modules[1]/module[1]/webElementSetComponentBeans[1]/element-group[7]/links[1]/link[1]/linkText[1]/text()[1] to <![CDATA[Top 50 Horror Films]]]]>
        <![CDATA[>
at /page-map[1]/sections[1]/page-section[1]/areas[1]/area[2]/modules[1]/module[1]/webElementSetComponentBeans[1]/element-group[7]/links[1]/link[1]/linkText[1]/text()[1]
***********************

Module:[FL01-default]***********************
Expected CDATA section value 'http://test.film4.com/special-features/top-100-films/top-25-comedies' 
but was 'http://test.film4.com/special-features/top-lists/top-50-horror-films' - comparing <![CDATA[http://test.film4.com/special-features/top-100-films/top-25-comedies]]]]>
        <![CDATA[>
at /page-map[1]/sections[1]/page-section[1]/areas[1]/area[2]/modules[1]/module[1]/webElementSetComponentBeans[1]/element-group[7]/links[1]/link[1]/href[1]/text()[1] to <![CDATA[http://test.film4.com/special-features/top-lists/top-50-horror-films]]]]>
        <![CDATA[>
at /page-map[1]/sections[1]/page-section[1]/areas[1]/area[2]/modules[1]/module[1]/webElementSetComponentBeans[1]/element-group[7]/links[1]/link[1]/href[1]/text()[1]
***********************

Module:[FL01-default]***********************
Expected CDATA section value 'http://test.film4.com/special-features/top-100-films/top-25-comedies' 
but was 'http://test.film4.com/special-features/top-lists/top-50-horror-films' - comparing <![CDATA[http://test.film4.com/special-features/top-100-films/top-25-comedies]]]]>
        <![CDATA[>
at /page-map[1]/sections[1]/page-section[1]/areas[1]/area[2]/modules[1]/module[1]/webElementSetComponentBeans[1]/element-group[7]/imageLinks[1]/picture-link[1]/href[1]/text()[1] to <![CDATA[http://test.film4.com/special-features/top-lists/top-50-horror-films]]]]>
        <![CDATA[>
at /page-map[1]/sections[1]/page-section[1]/areas[1]/area[2]/modules[1]/module[1]/webElementSetComponentBeans[1]/element-group[7]/imageLinks[1]/picture-link[1]/href[1]/text()[1]
***********************

Module:[FL01-default]***********************
Expected CDATA section value 'http://test.film4.com/media/images/Channel4/Film4/1970s/monty-pythons-life-of-brian%5B1%5D_MED.jpg' 
but was 'http://test.film4.com/media/images/Channel4/film4_gti/Team/Geraldine%20Atlee_MED.jpeg' - comparing <![CDATA[http://test.film4.com/media/images/Channel4/Film4/1970s/monty-pythons-life-of-brian%5B1%5D_MED.jpg]]]]>
        <![CDATA[>
at /page-map[1]/sections[1]/page-section[1]/areas[1]/area[2]/modules[1]/module[1]/webElementSetComponentBeans[1]/element-group[7]/imageLinks[1]/picture-link[1]/src[1]/text()[1] to <![CDATA[http://test.film4.com/media/images/Channel4/film4_gti/Team/Geraldine%20Atlee_MED.jpeg]]]]>
        <![CDATA[>
at /page-map[1]/sections[1]/page-section[1]/areas[1]/area[2]/modules[1]/module[1]/webElementSetComponentBeans[1]/element-group[7]/imageLinks[1]/picture-link[1]/src[1]/text()[1]
***********************

Module:[FL01-default]***********************
Expected text value '70' 
but was '83' - comparing <height ...>70</height> 
at /page-map[1]/sections[1]/page-section[1]/areas[1]/area[2]/modules[1]/module[1]/webElementSetComponentBeans[1]/element-group[7]/imageLinks[1]/picture-link[1]/height[1]/text()[1] to <height ...>83</height> 
at /page-map[1]/sections[1]/page-section[1]/areas[1]/area[2]/modules[1]/module[1]/webElementSetComponentBeans[1]/element-group[7]/imageLinks[1]/picture-link[1]/height[1]/text()[1]
***********************

Module:[FL01-default]***********************
Expected CDATA section value 'Chortling, chuckling, giggling, guffawing, tittering, howling, roaring...' 
but was 'Dare you journey with Film4.com on a terrifying voyage through the most...' - comparing <![CDATA[Chortling, chuckling, giggling, guffawing, tittering, howling, roaring...]]]]>
        <![CDATA[>
at /page-map[1]/sections[1]/page-section[1]/areas[1]/area[2]/modules[1]/module[1]/webElementSetComponentBeans[1]/element-group[7]/textBlocks[1]/text-block[1]/text[1]/text()[1] to <![CDATA[Dare you journey with Film4.com on a terrifying voyage through the most...]]]]>
        <![CDATA[>
at /page-map[1]/sections[1]/page-section[1]/areas[1]/area[2]/modules[1]/module[1]/webElementSetComponentBeans[1]/element-group[7]/textBlocks[1]/text-block[1]/text[1]/text()[1]
***********************

Module:[FL01-default]***********************
Expected CDATA section value 'Top 25 Comedies' 
but was 'Top 50 Horror Films' - comparing <![CDATA[Top 25 Comedies]]]]><![CDATA[> 
at /page-map[1]/sections[1]/page-section[1]/areas[1]/area[2]/modules[1]/module[1]/webElementSetComponentBeans[1]/element-group[7]/textBlocks[1]/text-block[2]/text[1]/text()[1] to <![CDATA[Top 50 Horror Films]]]]>
        <![CDATA[>
at /page-map[1]/sections[1]/page-section[1]/areas[1]/area[2]/modules[1]/module[1]/webElementSetComponentBeans[1]/element-group[7]/textBlocks[1]/text-block[2]/text[1]/text()[1]
***********************

Module:[FL01-default]***********************
Expected CDATA section value 'Top 50 Horror Films' 
but was 'Top 25 Comedies' - comparing <![CDATA[Top 50 Horror Films]]]]><![CDATA[> 
at /page-map[1]/sections[1]/page-section[1]/areas[1]/area[2]/modules[1]/module[1]/webElementSetComponentBeans[1]/element-group[8]/links[1]/link[1]/linkText[1]/text()[1] to <![CDATA[Top 25 Comedies]]]]>
        <![CDATA[>
at /page-map[1]/sections[1]/page-section[1]/areas[1]/area[2]/modules[1]/module[1]/webElementSetComponentBeans[1]/element-group[8]/links[1]/link[1]/linkText[1]/text()[1]
***********************

Module:[FL01-default]***********************
Expected CDATA section value 'http://test.film4.com/special-features/top-lists/top-50-horror-films' 
but was 'http://test.film4.com/special-features/top-100-films/top-25-comedies' - comparing <![CDATA[http://test.film4.com/special-features/top-lists/top-50-horror-films]]]]>
        <![CDATA[>
at /page-map[1]/sections[1]/page-section[1]/areas[1]/area[2]/modules[1]/module[1]/webElementSetComponentBeans[1]/element-group[8]/links[1]/link[1]/href[1]/text()[1] to <![CDATA[http://test.film4.com/special-features/top-100-films/top-25-comedies]]]]>
        <![CDATA[>
at /page-map[1]/sections[1]/page-section[1]/areas[1]/area[2]/modules[1]/module[1]/webElementSetComponentBeans[1]/element-group[8]/links[1]/link[1]/href[1]/text()[1]
***********************

Module:[FL01-default]***********************
Expected CDATA section value 'http://test.film4.com/special-features/top-lists/top-50-horror-films' 
but was 'http://test.film4.com/special-features/top-100-films/top-25-comedies' - comparing <![CDATA[http://test.film4.com/special-features/top-lists/top-50-horror-films]]]]>
        <![CDATA[>
at /page-map[1]/sections[1]/page-section[1]/areas[1]/area[2]/modules[1]/module[1]/webElementSetComponentBeans[1]/element-group[8]/imageLinks[1]/picture-link[1]/href[1]/text()[1] to <![CDATA[http://test.film4.com/special-features/top-100-films/top-25-comedies]]]]>
        <![CDATA[>
at /page-map[1]/sections[1]/page-section[1]/areas[1]/area[2]/modules[1]/module[1]/webElementSetComponentBeans[1]/element-group[8]/imageLinks[1]/picture-link[1]/href[1]/text()[1]
***********************

Module:[FL01-default]***********************
Expected CDATA section value 'http://test.film4.com/media/images/Channel4/film4_gti/Team/Geraldine%20Atlee_MED.jpeg' 
but was 'http://test.film4.com/media/images/Channel4/Film4/1970s/monty-pythons-life-of-brian%5B1%5D_MED.jpg' - comparing <![CDATA[http://test.film4.com/media/images/Channel4/film4_gti/Team/Geraldine%20Atlee_MED.jpeg]]]]>
        <![CDATA[>
at /page-map[1]/sections[1]/page-section[1]/areas[1]/area[2]/modules[1]/module[1]/webElementSetComponentBeans[1]/element-group[8]/imageLinks[1]/picture-link[1]/src[1]/text()[1] to <![CDATA[http://test.film4.com/media/images/Channel4/Film4/1970s/monty-pythons-life-of-brian%5B1%5D_MED.jpg]]]]>
        <![CDATA[>
at /page-map[1]/sections[1]/page-section[1]/areas[1]/area[2]/modules[1]/module[1]/webElementSetComponentBeans[1]/element-group[8]/imageLinks[1]/picture-link[1]/src[1]/text()[1]
***********************

Module:[FL01-default]***********************
Expected text value '83' 
but was '70' - comparing <height ...>83</height> 
at /page-map[1]/sections[1]/page-section[1]/areas[1]/area[2]/modules[1]/module[1]/webElementSetComponentBeans[1]/element-group[8]/imageLinks[1]/picture-link[1]/height[1]/text()[1] to <height ...>70</height> 
at /page-map[1]/sections[1]/page-section[1]/areas[1]/area[2]/modules[1]/module[1]/webElementSetComponentBeans[1]/element-group[8]/imageLinks[1]/picture-link[1]/height[1]/text()[1]
***********************

Module:[FL01-default]***********************
Expected CDATA section value 'Dare you journey with Film4.com on a terrifying voyage through the most...' 
but was 'Chortling, chuckling, giggling, guffawing, tittering, howling, roaring...' - comparing <![CDATA[Dare you journey with Film4.com on a terrifying voyage through the most...]]]]>
        <![CDATA[>
at /page-map[1]/sections[1]/page-section[1]/areas[1]/area[2]/modules[1]/module[1]/webElementSetComponentBeans[1]/element-group[8]/textBlocks[1]/text-block[1]/text[1]/text()[1] to <![CDATA[Chortling, chuckling, giggling, guffawing, tittering, howling, roaring...]]]]>
        <![CDATA[>
at /page-map[1]/sections[1]/page-section[1]/areas[1]/area[2]/modules[1]/module[1]/webElementSetComponentBeans[1]/element-group[8]/textBlocks[1]/text-block[1]/text[1]/text()[1]
***********************

Module:[FL01-default]***********************
Expected CDATA section value 'Top 50 Horror Films' 
but was 'Top 25 Comedies' - comparing <![CDATA[Top 50 Horror Films]]]]><![CDATA[> 
at /page-map[1]/sections[1]/page-section[1]/areas[1]/area[2]/modules[1]/module[1]/webElementSetComponentBeans[1]/element-group[8]/textBlocks[1]/text-block[2]/text[1]/text()[1] to <![CDATA[Top 25 Comedies]]]]>
        <![CDATA[>
at /page-map[1]/sections[1]/page-section[1]/areas[1]/area[2]/modules[1]/module[1]/webElementSetComponentBeans[1]/element-group[8]/textBlocks[1]/text-block[2]/text[1]/text()[1]
***********************

Module:[FL01-carousel]***********************
Expected CDATA section value 'http://test.film4.com/reviews/2012/iron-sky?assdc#' 
but was 'http://test.film4.com/reviews/2012/iron-sky?as3asdc#' - comparing <![CDATA[http://test.film4.com/reviews/2012/iron-sky?assdc#]]]]>
        <![CDATA[>
at /page-map[1]/sections[1]/page-section[2]/areas[1]/area[1]/modules[1]/module[2]/webElementSetComponentBeans[1]/element-group[1]/links[1]/link[1]/href[1]/text()[1] to <![CDATA[http://test.film4.com/reviews/2012/iron-sky?as3asdc#]]]]>
        <![CDATA[>
at /page-map[1]/sections[1]/page-section[2]/areas[1]/area[1]/modules[1]/module[2]/webElementSetComponentBeans[1]/element-group[1]/links[1]/link[1]/href[1]/text()[1]
***********************

Module:[SN02]***********************
Expected CDATA section value 'http://test.film4.com/reviews/2012/iron-sky?assdc#' 
but was 'http://test.film4.com/reviews/2012/iron-sky?as3asdc#' - comparing <![CDATA[http://test.film4.com/reviews/2012/iron-sky?assdc#]]]]>
        <![CDATA[>
at /page-map[1]/sections[1]/page-section[2]/areas[1]/area[1]/modules[1]/module[4]/webElementSetComponentBeans[1]/element-group[1]/imageLinks[1]/picture-link[1]/href[1]/text()[1] to <![CDATA[http://test.film4.com/reviews/2012/iron-sky?as3asdc#]]]]>
        <![CDATA[>
at /page-map[1]/sections[1]/page-section[2]/areas[1]/area[1]/modules[1]/module[4]/webElementSetComponentBeans[1]/element-group[1]/imageLinks[1]/picture-link[1]/href[1]/text()[1]
***********************

Module:[SN02]***********************
Expected CDATA section value 'http://test.film4.com/reviews/2012/iron-sky?assdc#' 
but was 'http://test.film4.com/reviews/2012/iron-sky?as3asdc#' - comparing <![CDATA[http://test.film4.com/reviews/2012/iron-sky?assdc#]]]]>
        <![CDATA[>
at /page-map[1]/sections[1]/page-section[2]/areas[1]/area[1]/modules[1]/module[4]/webElementSetComponentBeans[1]/element-group[1]/imageLinks[1]/picture-link[2]/href[1]/text()[1] to <![CDATA[http://test.film4.com/reviews/2012/iron-sky?as3asdc#]]]]>
        <![CDATA[>
at /page-map[1]/sections[1]/page-section[2]/areas[1]/area[1]/modules[1]/module[4]/webElementSetComponentBeans[1]/element-group[1]/imageLinks[1]/picture-link[2]/href[1]/text()[1]
***********************

Module:[SN02]***********************
Expected CDATA section value 'http://test.film4.com/reviews/2012/iron-sky?assdc#' 
but was 'http://test.film4.com/reviews/2012/iron-sky?as3asdc#' - comparing <![CDATA[http://test.film4.com/reviews/2012/iron-sky?assdc#]]]]>
        <![CDATA[>
at /page-map[1]/sections[1]/page-section[2]/areas[1]/area[1]/modules[1]/module[4]/webElementSetComponentBeans[1]/element-group[1]/imageLinks[1]/picture-link[3]/href[1]/text()[1] to <![CDATA[http://test.film4.com/reviews/2012/iron-sky?as3asdc#]]]]>
        <![CDATA[>
at /page-map[1]/sections[1]/page-section[2]/areas[1]/area[1]/modules[1]/module[4]/webElementSetComponentBeans[1]/element-group[1]/imageLinks[1]/picture-link[3]/href[1]/text()[1]
***********************

Module:[SN02]***********************
Expected CDATA section value 'http://test.film4.com/reviews/2012/iron-sky?assdc#' 
but was 'http://test.film4.com/reviews/2012/iron-sky?as3asdc#' - comparing <![CDATA[http://test.film4.com/reviews/2012/iron-sky?assdc#]]]]>
        <![CDATA[>
at /page-map[1]/sections[1]/page-section[2]/areas[1]/area[1]/modules[1]/module[4]/webElementSetComponentBeans[1]/element-group[1]/imageLinks[1]/picture-link[4]/href[1]/text()[1] to <![CDATA[http://test.film4.com/reviews/2012/iron-sky?as3asdc#]]]]>
        <![CDATA[>
at /page-map[1]/sections[1]/page-section[2]/areas[1]/area[1]/modules[1]/module[4]/webElementSetComponentBeans[1]/element-group[1]/imageLinks[1]/picture-link[4]/href[1]/text()[1]
***********************

	at org.testng.Assert.fail(Assert.java:89)
	at com.sharpqa.comparesolution.test.ComparisonTest.testXMLPageObjectMapAgainstExpeted(ComparisonTest.java:54)
	at sun.reflect.NativeMethodAccessorImpl.invoke0(Native Method)
	at sun.reflect.NativeMethodAccessorImpl.invoke(NativeMethodAccessorImpl.java:39)
	at sun.reflect.DelegatingMethodAccessorImpl.invoke(DelegatingMethodAccessorImpl.java:25)
	at java.lang.reflect.Method.invoke(Method.java:597)
	at org.testng.internal.MethodInvocationHelper.invokeMethod(MethodInvocationHelper.java:80)
	at org.testng.internal.InvokeMethodRunnable.runOne(InvokeMethodRunnable.java:46)
	at org.testng.internal.InvokeMethodRunnable.run(InvokeMethodRunnable.java:37)
	at java.util.concurrent.Executors$RunnableAdapter.call(Executors.java:441)
	at java.util.concurrent.FutureTask$Sync.innerRun(FutureTask.java:303)
	at java.util.concurrent.FutureTask.run(FutureTask.java:138)
	at java.util.concurrent.ThreadPoolExecutor$Worker.runTask(ThreadPoolExecutor.java:886)
	at java.util.concurrent.ThreadPoolExecutor$Worker.run(ThreadPoolExecutor.java:908)
	at java.lang.Thread.run(Thread.java:662)
]]>
    </error>
  </testcase>
  <testcase name="testXMLPageObjectMapAgainstExpeted" time="0.074" classname="com.sharpqa.comparesolution.test.ComparisonTest">
    <error type="java.lang.AssertionError" message="
Module:[AI01]***********************
Expected CDATA section value &#039;http://test.film4.com/reviews/2009/district-13-ultimatum?assd#&#039; 
but was &#039;http://test.film4.com/reviews/2009/district-13-ultimatum?ass3d#&#039; - comparing &lt;![CDATA[http://test.film4.com/reviews/2009/district-13-ultimatum?assd#]]&gt; 
at /page-map[1]/sections[1]/page-section[1]/areas[1]/area[1]/modules[1]/module[1]/webElementSetComponentBeans[1]/element-group[1]/links[1]/link[1]/href[1]/text()[1] to &lt;![CDATA[http://test.film4.com/reviews/2009/district-13-ultimatum?ass3d#]]&gt; 
at /page-map[1]/sections[1]/page-section[1]/areas[1]/area[1]/modules[1]/module[1]/webElementSetComponentBeans[1]/element-group[1]/links[1]/link[1]/href[1]/text()[1]
***********************

Module:[AT06]***********************
Expected CDATA section value &#039;http://test.film4.com/reviews/2009/district-13-ultimatum?assd#tab0&#039; 
but was &#039;http://test.film4.com/reviews/2009/district-13-ultimatum?ass3d#tab0&#039; - comparing &lt;![CDATA[http://test.film4.com/reviews/2009/district-13-ultimatum?assd#tab0]]&gt; 
at /page-map[1]/sections[1]/page-section[1]/areas[1]/area[1]/modules[1]/module[3]/webElementSetComponentBeans[1]/element-group[1]/links[1]/link[1]/href[1]/text()[1] to &lt;![CDATA[http://test.film4.com/reviews/2009/district-13-ultimatum?ass3d#tab0]]&gt; 
at /page-map[1]/sections[1]/page-section[1]/areas[1]/area[1]/modules[1]/module[3]/webElementSetComponentBeans[1]/element-group[1]/links[1]/link[1]/href[1]/text()[1]
***********************

Module:[AT06]***********************
Expected CDATA section value &#039;http://test.film4.com/reviews/2009/district-13-ultimatum?assd#cast&#039; 
but was &#039;http://test.film4.com/reviews/2009/district-13-ultimatum?ass3d#cast&#039; - comparing &lt;![CDATA[http://test.film4.com/reviews/2009/district-13-ultimatum?assd#cast]]&gt; 
at /page-map[1]/sections[1]/page-section[1]/areas[1]/area[1]/modules[1]/module[3]/webElementSetComponentBeans[1]/element-group[1]/links[1]/link[2]/href[1]/text()[1] to &lt;![CDATA[http://test.film4.com/reviews/2009/district-13-ultimatum?ass3d#cast]]&gt; 
at /page-map[1]/sections[1]/page-section[1]/areas[1]/area[1]/modules[1]/module[3]/webElementSetComponentBeans[1]/element-group[1]/links[1]/link[2]/href[1]/text()[1]
***********************

Module:[SN02]***********************
Expected CDATA section value &#039;http://test.film4.com/reviews/2009/district-13-ultimatum?assd#&#039; 
but was &#039;http://test.film4.com/reviews/2009/district-13-ultimatum?ass3d#&#039; - comparing &lt;![CDATA[http://test.film4.com/reviews/2009/district-13-ultimatum?assd#]]&gt; 
at /page-map[1]/sections[1]/page-section[2]/areas[1]/area[1]/modules[1]/module[3]/webElementSetComponentBeans[1]/element-group[1]/imageLinks[1]/picture-link[1]/href[1]/text()[1] to &lt;![CDATA[http://test.film4.com/reviews/2009/district-13-ultimatum?ass3d#]]&gt; 
at /page-map[1]/sections[1]/page-section[2]/areas[1]/area[1]/modules[1]/module[3]/webElementSetComponentBeans[1]/element-group[1]/imageLinks[1]/picture-link[1]/href[1]/text()[1]
***********************

Module:[SN02]***********************
Expected CDATA section value &#039;http://test.film4.com/reviews/2009/district-13-ultimatum?assd#&#039; 
but was &#039;http://test.film4.com/reviews/2009/district-13-ultimatum?ass3d#&#039; - comparing &lt;![CDATA[http://test.film4.com/reviews/2009/district-13-ultimatum?assd#]]&gt; 
at /page-map[1]/sections[1]/page-section[2]/areas[1]/area[1]/modules[1]/module[3]/webElementSetComponentBeans[1]/element-group[1]/imageLinks[1]/picture-link[2]/href[1]/text()[1] to &lt;![CDATA[http://test.film4.com/reviews/2009/district-13-ultimatum?ass3d#]]&gt; 
at /page-map[1]/sections[1]/page-section[2]/areas[1]/area[1]/modules[1]/module[3]/webElementSetComponentBeans[1]/element-group[1]/imageLinks[1]/picture-link[2]/href[1]/text()[1]
***********************

Module:[SN02]***********************
Expected CDATA section value &#039;http://test.film4.com/reviews/2009/district-13-ultimatum?assd#&#039; 
but was &#039;http://test.film4.com/reviews/2009/district-13-ultimatum?ass3d#&#039; - comparing &lt;![CDATA[http://test.film4.com/reviews/2009/district-13-ultimatum?assd#]]&gt; 
at /page-map[1]/sections[1]/page-section[2]/areas[1]/area[1]/modules[1]/module[3]/webElementSetComponentBeans[1]/element-group[1]/imageLinks[1]/picture-link[3]/href[1]/text()[1] to &lt;![CDATA[http://test.film4.com/reviews/2009/district-13-ultimatum?ass3d#]]&gt; 
at /page-map[1]/sections[1]/page-section[2]/areas[1]/area[1]/modules[1]/module[3]/webElementSetComponentBeans[1]/element-group[1]/imageLinks[1]/picture-link[3]/href[1]/text()[1]
***********************

Module:[SN02]***********************
Expected CDATA section value &#039;http://test.film4.com/reviews/2009/district-13-ultimatum?assd#&#039; 
but was &#039;http://test.film4.com/reviews/2009/district-13-ultimatum?ass3d#&#039; - comparing &lt;![CDATA[http://test.film4.com/reviews/2009/district-13-ultimatum?assd#]]&gt; 
at /page-map[1]/sections[1]/page-section[2]/areas[1]/area[1]/modules[1]/module[3]/webElementSetComponentBeans[1]/element-group[1]/imageLinks[1]/picture-link[4]/href[1]/text()[1] to &lt;![CDATA[http://test.film4.com/reviews/2009/district-13-ultimatum?ass3d#]]&gt; 
at /page-map[1]/sections[1]/page-section[2]/areas[1]/area[1]/modules[1]/module[3]/webElementSetComponentBeans[1]/element-group[1]/imageLinks[1]/picture-link[4]/href[1]/text()[1]
***********************
">
        <![CDATA[java.lang.AssertionError:
Module:[AI01]***********************
Expected CDATA section value 'http://test.film4.com/reviews/2009/district-13-ultimatum?assd#' 
but was 'http://test.film4.com/reviews/2009/district-13-ultimatum?ass3d#' - comparing <![CDATA[http://test.film4.com/reviews/2009/district-13-ultimatum?assd#]]]]>
        <![CDATA[>
at /page-map[1]/sections[1]/page-section[1]/areas[1]/area[1]/modules[1]/module[1]/webElementSetComponentBeans[1]/element-group[1]/links[1]/link[1]/href[1]/text()[1] to <![CDATA[http://test.film4.com/reviews/2009/district-13-ultimatum?ass3d#]]]]>
        <![CDATA[>
at /page-map[1]/sections[1]/page-section[1]/areas[1]/area[1]/modules[1]/module[1]/webElementSetComponentBeans[1]/element-group[1]/links[1]/link[1]/href[1]/text()[1]
***********************

Module:[AT06]***********************
Expected CDATA section value 'http://test.film4.com/reviews/2009/district-13-ultimatum?assd#tab0' 
but was 'http://test.film4.com/reviews/2009/district-13-ultimatum?ass3d#tab0' - comparing <![CDATA[http://test.film4.com/reviews/2009/district-13-ultimatum?assd#tab0]]]]>
        <![CDATA[>
at /page-map[1]/sections[1]/page-section[1]/areas[1]/area[1]/modules[1]/module[3]/webElementSetComponentBeans[1]/element-group[1]/links[1]/link[1]/href[1]/text()[1] to <![CDATA[http://test.film4.com/reviews/2009/district-13-ultimatum?ass3d#tab0]]]]>
        <![CDATA[>
at /page-map[1]/sections[1]/page-section[1]/areas[1]/area[1]/modules[1]/module[3]/webElementSetComponentBeans[1]/element-group[1]/links[1]/link[1]/href[1]/text()[1]
***********************

Module:[AT06]***********************
Expected CDATA section value 'http://test.film4.com/reviews/2009/district-13-ultimatum?assd#cast' 
but was 'http://test.film4.com/reviews/2009/district-13-ultimatum?ass3d#cast' - comparing <![CDATA[http://test.film4.com/reviews/2009/district-13-ultimatum?assd#cast]]]]>
        <![CDATA[>
at /page-map[1]/sections[1]/page-section[1]/areas[1]/area[1]/modules[1]/module[3]/webElementSetComponentBeans[1]/element-group[1]/links[1]/link[2]/href[1]/text()[1] to <![CDATA[http://test.film4.com/reviews/2009/district-13-ultimatum?ass3d#cast]]]]>
        <![CDATA[>
at /page-map[1]/sections[1]/page-section[1]/areas[1]/area[1]/modules[1]/module[3]/webElementSetComponentBeans[1]/element-group[1]/links[1]/link[2]/href[1]/text()[1]
***********************

Module:[SN02]***********************
Expected CDATA section value 'http://test.film4.com/reviews/2009/district-13-ultimatum?assd#' 
but was 'http://test.film4.com/reviews/2009/district-13-ultimatum?ass3d#' - comparing <![CDATA[http://test.film4.com/reviews/2009/district-13-ultimatum?assd#]]]]>
        <![CDATA[>
at /page-map[1]/sections[1]/page-section[2]/areas[1]/area[1]/modules[1]/module[3]/webElementSetComponentBeans[1]/element-group[1]/imageLinks[1]/picture-link[1]/href[1]/text()[1] to <![CDATA[http://test.film4.com/reviews/2009/district-13-ultimatum?ass3d#]]]]>
        <![CDATA[>
at /page-map[1]/sections[1]/page-section[2]/areas[1]/area[1]/modules[1]/module[3]/webElementSetComponentBeans[1]/element-group[1]/imageLinks[1]/picture-link[1]/href[1]/text()[1]
***********************

Module:[SN02]***********************
Expected CDATA section value 'http://test.film4.com/reviews/2009/district-13-ultimatum?assd#' 
but was 'http://test.film4.com/reviews/2009/district-13-ultimatum?ass3d#' - comparing <![CDATA[http://test.film4.com/reviews/2009/district-13-ultimatum?assd#]]]]>
        <![CDATA[>
at /page-map[1]/sections[1]/page-section[2]/areas[1]/area[1]/modules[1]/module[3]/webElementSetComponentBeans[1]/element-group[1]/imageLinks[1]/picture-link[2]/href[1]/text()[1] to <![CDATA[http://test.film4.com/reviews/2009/district-13-ultimatum?ass3d#]]]]>
        <![CDATA[>
at /page-map[1]/sections[1]/page-section[2]/areas[1]/area[1]/modules[1]/module[3]/webElementSetComponentBeans[1]/element-group[1]/imageLinks[1]/picture-link[2]/href[1]/text()[1]
***********************

Module:[SN02]***********************
Expected CDATA section value 'http://test.film4.com/reviews/2009/district-13-ultimatum?assd#' 
but was 'http://test.film4.com/reviews/2009/district-13-ultimatum?ass3d#' - comparing <![CDATA[http://test.film4.com/reviews/2009/district-13-ultimatum?assd#]]]]>
        <![CDATA[>
at /page-map[1]/sections[1]/page-section[2]/areas[1]/area[1]/modules[1]/module[3]/webElementSetComponentBeans[1]/element-group[1]/imageLinks[1]/picture-link[3]/href[1]/text()[1] to <![CDATA[http://test.film4.com/reviews/2009/district-13-ultimatum?ass3d#]]]]>
        <![CDATA[>
at /page-map[1]/sections[1]/page-section[2]/areas[1]/area[1]/modules[1]/module[3]/webElementSetComponentBeans[1]/element-group[1]/imageLinks[1]/picture-link[3]/href[1]/text()[1]
***********************

Module:[SN02]***********************
Expected CDATA section value 'http://test.film4.com/reviews/2009/district-13-ultimatum?assd#' 
but was 'http://test.film4.com/reviews/2009/district-13-ultimatum?ass3d#' - comparing <![CDATA[http://test.film4.com/reviews/2009/district-13-ultimatum?assd#]]]]>
        <![CDATA[>
at /page-map[1]/sections[1]/page-section[2]/areas[1]/area[1]/modules[1]/module[3]/webElementSetComponentBeans[1]/element-group[1]/imageLinks[1]/picture-link[4]/href[1]/text()[1] to <![CDATA[http://test.film4.com/reviews/2009/district-13-ultimatum?ass3d#]]]]>
        <![CDATA[>
at /page-map[1]/sections[1]/page-section[2]/areas[1]/area[1]/modules[1]/module[3]/webElementSetComponentBeans[1]/element-group[1]/imageLinks[1]/picture-link[4]/href[1]/text()[1]
***********************

	at org.testng.Assert.fail(Assert.java:89)
	at com.sharpqa.comparesolution.test.ComparisonTest.testXMLPageObjectMapAgainstExpeted(ComparisonTest.java:54)
	at sun.reflect.NativeMethodAccessorImpl.invoke0(Native Method)
	at sun.reflect.NativeMethodAccessorImpl.invoke(NativeMethodAccessorImpl.java:39)
	at sun.reflect.DelegatingMethodAccessorImpl.invoke(DelegatingMethodAccessorImpl.java:25)
	at java.lang.reflect.Method.invoke(Method.java:597)
	at org.testng.internal.MethodInvocationHelper.invokeMethod(MethodInvocationHelper.java:80)
	at org.testng.internal.InvokeMethodRunnable.runOne(InvokeMethodRunnable.java:46)
	at org.testng.internal.InvokeMethodRunnable.run(InvokeMethodRunnable.java:37)
	at java.util.concurrent.Executors$RunnableAdapter.call(Executors.java:441)
	at java.util.concurrent.FutureTask$Sync.innerRun(FutureTask.java:303)
	at java.util.concurrent.FutureTask.run(FutureTask.java:138)
	at java.util.concurrent.ThreadPoolExecutor$Worker.runTask(ThreadPoolExecutor.java:886)
	at java.util.concurrent.ThreadPoolExecutor$Worker.run(ThreadPoolExecutor.java:908)
	at java.lang.Thread.run(Thread.java:662)
]]>
    </error>
  </testcase>
  <testcase name="createXMLPageObjectMap" time="93.407" classname="com.sharpqa.comparesolution.test.ComparisonTest"/>
  <testcase name="createXMLPageObjectMap" time="144.004" classname="com.sharpqa.comparesolution.test.ComparisonTest"/>
  <testcase name="createXMLPageObjectMap" time="172.071" classname="com.sharpqa.comparesolution.test.ComparisonTest"/>
  <testcase name="testXMLPageObjectMapAgainstExpeted" time="0.140" classname="com.sharpqa.comparesolution.test.ComparisonTest">
    <error type="java.lang.AssertionError" message="
Module:[]***********************
Expected presence of child nodes to be &#039;false&#039; 
but was &#039;true&#039; - comparing &lt;sections...&gt; 
at /page-map[1]/sections[1] to &lt;sections...&gt; 
at /page-map[1]/sections[1]
***********************
">
        <![CDATA[java.lang.AssertionError:
Module:[]***********************
Expected presence of child nodes to be 'false' 
but was 'true' - comparing <sections...> 
at /page-map[1]/sections[1] to <sections...> 
at /page-map[1]/sections[1]
***********************

	at org.testng.Assert.fail(Assert.java:89)
	at com.sharpqa.comparesolution.test.ComparisonTest.testXMLPageObjectMapAgainstExpeted(ComparisonTest.java:54)
	at sun.reflect.NativeMethodAccessorImpl.invoke0(Native Method)
	at sun.reflect.NativeMethodAccessorImpl.invoke(NativeMethodAccessorImpl.java:39)
	at sun.reflect.DelegatingMethodAccessorImpl.invoke(DelegatingMethodAccessorImpl.java:25)
	at java.lang.reflect.Method.invoke(Method.java:597)
	at org.testng.internal.MethodInvocationHelper.invokeMethod(MethodInvocationHelper.java:80)
	at org.testng.internal.InvokeMethodRunnable.runOne(InvokeMethodRunnable.java:46)
	at org.testng.internal.InvokeMethodRunnable.run(InvokeMethodRunnable.java:37)
	at java.util.concurrent.Executors$RunnableAdapter.call(Executors.java:441)
	at java.util.concurrent.FutureTask$Sync.innerRun(FutureTask.java:303)
	at java.util.concurrent.FutureTask.run(FutureTask.java:138)
	at java.util.concurrent.ThreadPoolExecutor$Worker.runTask(ThreadPoolExecutor.java:886)
	at java.util.concurrent.ThreadPoolExecutor$Worker.run(ThreadPoolExecutor.java:908)
	at java.lang.Thread.run(Thread.java:662)
]]>
    </error>
  </testcase>
  <testcase name="testXMLPageObjectMapAgainstExpeted" time="0.129" classname="com.sharpqa.comparesolution.test.ComparisonTest">
    <error type="java.lang.AssertionError" message="
Module:[SN02]***********************
Expected CDATA section value &#039;http://test.film4.com/film4-productions?assdc#&#039; 
but was &#039;http://test.film4.com/film4-productions?as3sdc#&#039; - comparing &lt;![CDATA[http://test.film4.com/film4-productions?assdc#]]&gt; 
at /page-map[1]/sections[1]/page-section[2]/areas[1]/area[1]/modules[1]/module[2]/webElementSetComponentBeans[1]/element-group[1]/imageLinks[1]/picture-link[1]/href[1]/text()[1] to &lt;![CDATA[http://test.film4.com/film4-productions?as3sdc#]]&gt; 
at /page-map[1]/sections[1]/page-section[2]/areas[1]/area[1]/modules[1]/module[2]/webElementSetComponentBeans[1]/element-group[1]/imageLinks[1]/picture-link[1]/href[1]/text()[1]
***********************

Module:[SN02]***********************
Expected CDATA section value &#039;http://test.film4.com/film4-productions?assdc#&#039; 
but was &#039;http://test.film4.com/film4-productions?as3sdc#&#039; - comparing &lt;![CDATA[http://test.film4.com/film4-productions?assdc#]]&gt; 
at /page-map[1]/sections[1]/page-section[2]/areas[1]/area[1]/modules[1]/module[2]/webElementSetComponentBeans[1]/element-group[1]/imageLinks[1]/picture-link[2]/href[1]/text()[1] to &lt;![CDATA[http://test.film4.com/film4-productions?as3sdc#]]&gt; 
at /page-map[1]/sections[1]/page-section[2]/areas[1]/area[1]/modules[1]/module[2]/webElementSetComponentBeans[1]/element-group[1]/imageLinks[1]/picture-link[2]/href[1]/text()[1]
***********************

Module:[SN02]***********************
Expected CDATA section value &#039;http://test.film4.com/film4-productions?assdc#&#039; 
but was &#039;http://test.film4.com/film4-productions?as3sdc#&#039; - comparing &lt;![CDATA[http://test.film4.com/film4-productions?assdc#]]&gt; 
at /page-map[1]/sections[1]/page-section[2]/areas[1]/area[1]/modules[1]/module[2]/webElementSetComponentBeans[1]/element-group[1]/imageLinks[1]/picture-link[3]/href[1]/text()[1] to &lt;![CDATA[http://test.film4.com/film4-productions?as3sdc#]]&gt; 
at /page-map[1]/sections[1]/page-section[2]/areas[1]/area[1]/modules[1]/module[2]/webElementSetComponentBeans[1]/element-group[1]/imageLinks[1]/picture-link[3]/href[1]/text()[1]
***********************

Module:[SN02]***********************
Expected CDATA section value &#039;http://test.film4.com/film4-productions?assdc#&#039; 
but was &#039;http://test.film4.com/film4-productions?as3sdc#&#039; - comparing &lt;![CDATA[http://test.film4.com/film4-productions?assdc#]]&gt; 
at /page-map[1]/sections[1]/page-section[2]/areas[1]/area[1]/modules[1]/module[2]/webElementSetComponentBeans[1]/element-group[1]/imageLinks[1]/picture-link[4]/href[1]/text()[1] to &lt;![CDATA[http://test.film4.com/film4-productions?as3sdc#]]&gt; 
at /page-map[1]/sections[1]/page-section[2]/areas[1]/area[1]/modules[1]/module[2]/webElementSetComponentBeans[1]/element-group[1]/imageLinks[1]/picture-link[4]/href[1]/text()[1]
***********************
">
        <![CDATA[java.lang.AssertionError:
Module:[SN02]***********************
Expected CDATA section value 'http://test.film4.com/film4-productions?assdc#' 
but was 'http://test.film4.com/film4-productions?as3sdc#' - comparing <![CDATA[http://test.film4.com/film4-productions?assdc#]]]]>
        <![CDATA[>
at /page-map[1]/sections[1]/page-section[2]/areas[1]/area[1]/modules[1]/module[2]/webElementSetComponentBeans[1]/element-group[1]/imageLinks[1]/picture-link[1]/href[1]/text()[1] to <![CDATA[http://test.film4.com/film4-productions?as3sdc#]]]]>
        <![CDATA[>
at /page-map[1]/sections[1]/page-section[2]/areas[1]/area[1]/modules[1]/module[2]/webElementSetComponentBeans[1]/element-group[1]/imageLinks[1]/picture-link[1]/href[1]/text()[1]
***********************

Module:[SN02]***********************
Expected CDATA section value 'http://test.film4.com/film4-productions?assdc#' 
but was 'http://test.film4.com/film4-productions?as3sdc#' - comparing <![CDATA[http://test.film4.com/film4-productions?assdc#]]]]>
        <![CDATA[>
at /page-map[1]/sections[1]/page-section[2]/areas[1]/area[1]/modules[1]/module[2]/webElementSetComponentBeans[1]/element-group[1]/imageLinks[1]/picture-link[2]/href[1]/text()[1] to <![CDATA[http://test.film4.com/film4-productions?as3sdc#]]]]>
        <![CDATA[>
at /page-map[1]/sections[1]/page-section[2]/areas[1]/area[1]/modules[1]/module[2]/webElementSetComponentBeans[1]/element-group[1]/imageLinks[1]/picture-link[2]/href[1]/text()[1]
***********************

Module:[SN02]***********************
Expected CDATA section value 'http://test.film4.com/film4-productions?assdc#' 
but was 'http://test.film4.com/film4-productions?as3sdc#' - comparing <![CDATA[http://test.film4.com/film4-productions?assdc#]]]]>
        <![CDATA[>
at /page-map[1]/sections[1]/page-section[2]/areas[1]/area[1]/modules[1]/module[2]/webElementSetComponentBeans[1]/element-group[1]/imageLinks[1]/picture-link[3]/href[1]/text()[1] to <![CDATA[http://test.film4.com/film4-productions?as3sdc#]]]]>
        <![CDATA[>
at /page-map[1]/sections[1]/page-section[2]/areas[1]/area[1]/modules[1]/module[2]/webElementSetComponentBeans[1]/element-group[1]/imageLinks[1]/picture-link[3]/href[1]/text()[1]
***********************

Module:[SN02]***********************
Expected CDATA section value 'http://test.film4.com/film4-productions?assdc#' 
but was 'http://test.film4.com/film4-productions?as3sdc#' - comparing <![CDATA[http://test.film4.com/film4-productions?assdc#]]]]>
        <![CDATA[>
at /page-map[1]/sections[1]/page-section[2]/areas[1]/area[1]/modules[1]/module[2]/webElementSetComponentBeans[1]/element-group[1]/imageLinks[1]/picture-link[4]/href[1]/text()[1] to <![CDATA[http://test.film4.com/film4-productions?as3sdc#]]]]>
        <![CDATA[>
at /page-map[1]/sections[1]/page-section[2]/areas[1]/area[1]/modules[1]/module[2]/webElementSetComponentBeans[1]/element-group[1]/imageLinks[1]/picture-link[4]/href[1]/text()[1]
***********************

	at org.testng.Assert.fail(Assert.java:89)
	at com.sharpqa.comparesolution.test.ComparisonTest.testXMLPageObjectMapAgainstExpeted(ComparisonTest.java:54)
	at sun.reflect.NativeMethodAccessorImpl.invoke0(Native Method)
	at sun.reflect.NativeMethodAccessorImpl.invoke(NativeMethodAccessorImpl.java:39)
	at sun.reflect.DelegatingMethodAccessorImpl.invoke(DelegatingMethodAccessorImpl.java:25)
	at java.lang.reflect.Method.invoke(Method.java:597)
	at org.testng.internal.MethodInvocationHelper.invokeMethod(MethodInvocationHelper.java:80)
	at org.testng.internal.InvokeMethodRunnable.runOne(InvokeMethodRunnable.java:46)
	at org.testng.internal.InvokeMethodRunnable.run(InvokeMethodRunnable.java:37)
	at java.util.concurrent.Executors$RunnableAdapter.call(Executors.java:441)
	at java.util.concurrent.FutureTask$Sync.innerRun(FutureTask.java:303)
	at java.util.concurrent.FutureTask.run(FutureTask.java:138)
	at java.util.concurrent.ThreadPoolExecutor$Worker.runTask(ThreadPoolExecutor.java:886)
	at java.util.concurrent.ThreadPoolExecutor$Worker.run(ThreadPoolExecutor.java:908)
	at java.lang.Thread.run(Thread.java:662)
]]>
    </error>
  </testcase>
  <testcase name="testXMLPageObjectMapAgainstExpeted" time="0.111" classname="com.sharpqa.comparesolution.test.ComparisonTest">
    <error type="java.lang.AssertionError" message="
Module:[SN02]***********************
Expected CDATA section value &#039;http://test.film4.com/special-features/5-minute-guides#&#039; 
but was &#039;http://test.film4.com/special-features/5-minute-guides?ad3#&#039; - comparing &lt;![CDATA[http://test.film4.com/special-features/5-minute-guides#]]&gt; 
at /page-map[1]/sections[1]/page-section[2]/areas[1]/area[1]/modules[1]/module[3]/webElementSetComponentBeans[1]/element-group[1]/imageLinks[1]/picture-link[1]/href[1]/text()[1] to &lt;![CDATA[http://test.film4.com/special-features/5-minute-guides?ad3#]]&gt; 
at /page-map[1]/sections[1]/page-section[2]/areas[1]/area[1]/modules[1]/module[3]/webElementSetComponentBeans[1]/element-group[1]/imageLinks[1]/picture-link[1]/href[1]/text()[1]
***********************

Module:[SN02]***********************
Expected CDATA section value &#039;http://test.film4.com/special-features/5-minute-guides#&#039; 
but was &#039;http://test.film4.com/special-features/5-minute-guides?ad3#&#039; - comparing &lt;![CDATA[http://test.film4.com/special-features/5-minute-guides#]]&gt; 
at /page-map[1]/sections[1]/page-section[2]/areas[1]/area[1]/modules[1]/module[3]/webElementSetComponentBeans[1]/element-group[1]/imageLinks[1]/picture-link[2]/href[1]/text()[1] to &lt;![CDATA[http://test.film4.com/special-features/5-minute-guides?ad3#]]&gt; 
at /page-map[1]/sections[1]/page-section[2]/areas[1]/area[1]/modules[1]/module[3]/webElementSetComponentBeans[1]/element-group[1]/imageLinks[1]/picture-link[2]/href[1]/text()[1]
***********************

Module:[SN02]***********************
Expected CDATA section value &#039;http://test.film4.com/special-features/5-minute-guides#&#039; 
but was &#039;http://test.film4.com/special-features/5-minute-guides?ad3#&#039; - comparing &lt;![CDATA[http://test.film4.com/special-features/5-minute-guides#]]&gt; 
at /page-map[1]/sections[1]/page-section[2]/areas[1]/area[1]/modules[1]/module[3]/webElementSetComponentBeans[1]/element-group[1]/imageLinks[1]/picture-link[3]/href[1]/text()[1] to &lt;![CDATA[http://test.film4.com/special-features/5-minute-guides?ad3#]]&gt; 
at /page-map[1]/sections[1]/page-section[2]/areas[1]/area[1]/modules[1]/module[3]/webElementSetComponentBeans[1]/element-group[1]/imageLinks[1]/picture-link[3]/href[1]/text()[1]
***********************

Module:[SN02]***********************
Expected CDATA section value &#039;http://test.film4.com/special-features/5-minute-guides#&#039; 
but was &#039;http://test.film4.com/special-features/5-minute-guides?ad3#&#039; - comparing &lt;![CDATA[http://test.film4.com/special-features/5-minute-guides#]]&gt; 
at /page-map[1]/sections[1]/page-section[2]/areas[1]/area[1]/modules[1]/module[3]/webElementSetComponentBeans[1]/element-group[1]/imageLinks[1]/picture-link[4]/href[1]/text()[1] to &lt;![CDATA[http://test.film4.com/special-features/5-minute-guides?ad3#]]&gt; 
at /page-map[1]/sections[1]/page-section[2]/areas[1]/area[1]/modules[1]/module[3]/webElementSetComponentBeans[1]/element-group[1]/imageLinks[1]/picture-link[4]/href[1]/text()[1]
***********************
">
        <![CDATA[java.lang.AssertionError:
Module:[SN02]***********************
Expected CDATA section value 'http://test.film4.com/special-features/5-minute-guides#' 
but was 'http://test.film4.com/special-features/5-minute-guides?ad3#' - comparing <![CDATA[http://test.film4.com/special-features/5-minute-guides#]]]]>
        <![CDATA[>
at /page-map[1]/sections[1]/page-section[2]/areas[1]/area[1]/modules[1]/module[3]/webElementSetComponentBeans[1]/element-group[1]/imageLinks[1]/picture-link[1]/href[1]/text()[1] to <![CDATA[http://test.film4.com/special-features/5-minute-guides?ad3#]]]]>
        <![CDATA[>
at /page-map[1]/sections[1]/page-section[2]/areas[1]/area[1]/modules[1]/module[3]/webElementSetComponentBeans[1]/element-group[1]/imageLinks[1]/picture-link[1]/href[1]/text()[1]
***********************

Module:[SN02]***********************
Expected CDATA section value 'http://test.film4.com/special-features/5-minute-guides#' 
but was 'http://test.film4.com/special-features/5-minute-guides?ad3#' - comparing <![CDATA[http://test.film4.com/special-features/5-minute-guides#]]]]>
        <![CDATA[>
at /page-map[1]/sections[1]/page-section[2]/areas[1]/area[1]/modules[1]/module[3]/webElementSetComponentBeans[1]/element-group[1]/imageLinks[1]/picture-link[2]/href[1]/text()[1] to <![CDATA[http://test.film4.com/special-features/5-minute-guides?ad3#]]]]>
        <![CDATA[>
at /page-map[1]/sections[1]/page-section[2]/areas[1]/area[1]/modules[1]/module[3]/webElementSetComponentBeans[1]/element-group[1]/imageLinks[1]/picture-link[2]/href[1]/text()[1]
***********************

Module:[SN02]***********************
Expected CDATA section value 'http://test.film4.com/special-features/5-minute-guides#' 
but was 'http://test.film4.com/special-features/5-minute-guides?ad3#' - comparing <![CDATA[http://test.film4.com/special-features/5-minute-guides#]]]]>
        <![CDATA[>
at /page-map[1]/sections[1]/page-section[2]/areas[1]/area[1]/modules[1]/module[3]/webElementSetComponentBeans[1]/element-group[1]/imageLinks[1]/picture-link[3]/href[1]/text()[1] to <![CDATA[http://test.film4.com/special-features/5-minute-guides?ad3#]]]]>
        <![CDATA[>
at /page-map[1]/sections[1]/page-section[2]/areas[1]/area[1]/modules[1]/module[3]/webElementSetComponentBeans[1]/element-group[1]/imageLinks[1]/picture-link[3]/href[1]/text()[1]
***********************

Module:[SN02]***********************
Expected CDATA section value 'http://test.film4.com/special-features/5-minute-guides#' 
but was 'http://test.film4.com/special-features/5-minute-guides?ad3#' - comparing <![CDATA[http://test.film4.com/special-features/5-minute-guides#]]]]>
        <![CDATA[>
at /page-map[1]/sections[1]/page-section[2]/areas[1]/area[1]/modules[1]/module[3]/webElementSetComponentBeans[1]/element-group[1]/imageLinks[1]/picture-link[4]/href[1]/text()[1] to <![CDATA[http://test.film4.com/special-features/5-minute-guides?ad3#]]]]>
        <![CDATA[>
at /page-map[1]/sections[1]/page-section[2]/areas[1]/area[1]/modules[1]/module[3]/webElementSetComponentBeans[1]/element-group[1]/imageLinks[1]/picture-link[4]/href[1]/text()[1]
***********************

	at org.testng.Assert.fail(Assert.java:89)
	at com.sharpqa.comparesolution.test.ComparisonTest.testXMLPageObjectMapAgainstExpeted(ComparisonTest.java:54)
	at sun.reflect.NativeMethodAccessorImpl.invoke0(Native Method)
	at sun.reflect.NativeMethodAccessorImpl.invoke(NativeMethodAccessorImpl.java:39)
	at sun.reflect.DelegatingMethodAccessorImpl.invoke(DelegatingMethodAccessorImpl.java:25)
	at java.lang.reflect.Method.invoke(Method.java:597)
	at org.testng.internal.MethodInvocationHelper.invokeMethod(MethodInvocationHelper.java:80)
	at org.testng.internal.InvokeMethodRunnable.runOne(InvokeMethodRunnable.java:46)
	at org.testng.internal.InvokeMethodRunnable.run(InvokeMethodRunnable.java:37)
	at java.util.concurrent.Executors$RunnableAdapter.call(Executors.java:441)
	at java.util.concurrent.FutureTask$Sync.innerRun(FutureTask.java:303)
	at java.util.concurrent.FutureTask.run(FutureTask.java:138)
	at java.util.concurrent.ThreadPoolExecutor$Worker.runTask(ThreadPoolExecutor.java:886)
	at java.util.concurrent.ThreadPoolExecutor$Worker.run(ThreadPoolExecutor.java:908)
	at java.lang.Thread.run(Thread.java:662)
]]>
    </error>
  </testcase>
  <testcase name="testXMLPageObjectMapAgainstExpeted" time="0.347" classname="com.sharpqa.comparesolution.test.ComparisonTest">
    <error type="java.lang.AssertionError" message="
Module:[FL01-grid]***********************
Expected CDATA section value &#039;http://test.film4.com/landing-grids-lefttop#&#039; 
but was &#039;http://test.film4.com/landing-grids-lefttop?a3da#&#039; - comparing &lt;![CDATA[http://test.film4.com/landing-grids-lefttop#]]&gt; 
at /page-map[1]/sections[1]/page-section[1]/areas[1]/area[1]/modules[1]/module[1]/webElementSetComponentBeans[1]/element-group[2]/links[1]/link[1]/href[1]/text()[1] to &lt;![CDATA[http://test.film4.com/landing-grids-lefttop?a3da#]]&gt; 
at /page-map[1]/sections[1]/page-section[1]/areas[1]/area[1]/modules[1]/module[1]/webElementSetComponentBeans[1]/element-group[2]/links[1]/link[1]/href[1]/text()[1]
***********************

Module:[FL01-grid]***********************
Expected CDATA section value &#039;http://test.film4.com/landing-grids-lefttop#&#039; 
but was &#039;http://test.film4.com/landing-grids-lefttop?a3da#&#039; - comparing &lt;![CDATA[http://test.film4.com/landing-grids-lefttop#]]&gt; 
at /page-map[1]/sections[1]/page-section[1]/areas[1]/area[1]/modules[1]/module[1]/webElementSetComponentBeans[1]/element-group[3]/links[1]/link[1]/href[1]/text()[1] to &lt;![CDATA[http://test.film4.com/landing-grids-lefttop?a3da#]]&gt; 
at /page-map[1]/sections[1]/page-section[1]/areas[1]/area[1]/modules[1]/module[1]/webElementSetComponentBeans[1]/element-group[3]/links[1]/link[1]/href[1]/text()[1]
***********************

Module:[FL01-grid]***********************
Expected CDATA section value &#039;http://test.film4.com/landing-grids-lefttop#&#039; 
but was &#039;http://test.film4.com/landing-grids-lefttop?a3da#&#039; - comparing &lt;![CDATA[http://test.film4.com/landing-grids-lefttop#]]&gt; 
at /page-map[1]/sections[1]/page-section[1]/areas[1]/area[1]/modules[1]/module[1]/webElementSetComponentBeans[1]/element-group[4]/links[1]/link[1]/href[1]/text()[1] to &lt;![CDATA[http://test.film4.com/landing-grids-lefttop?a3da#]]&gt; 
at /page-map[1]/sections[1]/page-section[1]/areas[1]/area[1]/modules[1]/module[1]/webElementSetComponentBeans[1]/element-group[4]/links[1]/link[1]/href[1]/text()[1]
***********************

Module:[FL01-grid]***********************
Expected CDATA section value &#039;http://test.film4.com/landing-grids-lefttop#&#039; 
but was &#039;http://test.film4.com/landing-grids-lefttop?a3da#&#039; - comparing &lt;![CDATA[http://test.film4.com/landing-grids-lefttop#]]&gt; 
at /page-map[1]/sections[1]/page-section[1]/areas[1]/area[1]/modules[1]/module[2]/webElementSetComponentBeans[1]/element-group[1]/links[1]/link[1]/href[1]/text()[1] to &lt;![CDATA[http://test.film4.com/landing-grids-lefttop?a3da#]]&gt; 
at /page-map[1]/sections[1]/page-section[1]/areas[1]/area[1]/modules[1]/module[2]/webElementSetComponentBeans[1]/element-group[1]/links[1]/link[1]/href[1]/text()[1]
***********************

Module:[FL01-grid]***********************
Expected CDATA section value &#039;http://test.film4.com/landing-grids-lefttop#&#039; 
but was &#039;http://test.film4.com/landing-grids-lefttop?a3da#&#039; - comparing &lt;![CDATA[http://test.film4.com/landing-grids-lefttop#]]&gt; 
at /page-map[1]/sections[1]/page-section[1]/areas[1]/area[1]/modules[1]/module[2]/webElementSetComponentBeans[1]/element-group[2]/links[1]/link[1]/href[1]/text()[1] to &lt;![CDATA[http://test.film4.com/landing-grids-lefttop?a3da#]]&gt; 
at /page-map[1]/sections[1]/page-section[1]/areas[1]/area[1]/modules[1]/module[2]/webElementSetComponentBeans[1]/element-group[2]/links[1]/link[1]/href[1]/text()[1]
***********************

Module:[FL01-grid]***********************
Expected CDATA section value &#039;http://test.film4.com/landing-grids-lefttop#&#039; 
but was &#039;http://test.film4.com/landing-grids-lefttop?a3da#&#039; - comparing &lt;![CDATA[http://test.film4.com/landing-grids-lefttop#]]&gt; 
at /page-map[1]/sections[1]/page-section[1]/areas[1]/area[1]/modules[1]/module[2]/webElementSetComponentBeans[1]/element-group[3]/links[1]/link[1]/href[1]/text()[1] to &lt;![CDATA[http://test.film4.com/landing-grids-lefttop?a3da#]]&gt; 
at /page-map[1]/sections[1]/page-section[1]/areas[1]/area[1]/modules[1]/module[2]/webElementSetComponentBeans[1]/element-group[3]/links[1]/link[1]/href[1]/text()[1]
***********************

Module:[FL01-grid]***********************
Expected CDATA section value &#039;http://test.film4.com/landing-grids-lefttop#&#039; 
but was &#039;http://test.film4.com/landing-grids-lefttop?a3da#&#039; - comparing &lt;![CDATA[http://test.film4.com/landing-grids-lefttop#]]&gt; 
at /page-map[1]/sections[1]/page-section[1]/areas[1]/area[1]/modules[1]/module[2]/webElementSetComponentBeans[1]/element-group[4]/links[1]/link[1]/href[1]/text()[1] to &lt;![CDATA[http://test.film4.com/landing-grids-lefttop?a3da#]]&gt; 
at /page-map[1]/sections[1]/page-section[1]/areas[1]/area[1]/modules[1]/module[2]/webElementSetComponentBeans[1]/element-group[4]/links[1]/link[1]/href[1]/text()[1]
***********************

Module:[FL01-grid]***********************
Expected CDATA section value &#039;http://test.film4.com/landing-grids-lefttop#&#039; 
but was &#039;http://test.film4.com/landing-grids-lefttop?a3da#&#039; - comparing &lt;![CDATA[http://test.film4.com/landing-grids-lefttop#]]&gt; 
at /page-map[1]/sections[1]/page-section[1]/areas[1]/area[1]/modules[1]/module[3]/webElementSetComponentBeans[1]/element-group[2]/links[1]/link[1]/href[1]/text()[1] to &lt;![CDATA[http://test.film4.com/landing-grids-lefttop?a3da#]]&gt; 
at /page-map[1]/sections[1]/page-section[1]/areas[1]/area[1]/modules[1]/module[3]/webElementSetComponentBeans[1]/element-group[2]/links[1]/link[1]/href[1]/text()[1]
***********************

Module:[FL01-grid]***********************
Expected CDATA section value &#039;http://test.film4.com/landing-grids-lefttop#&#039; 
but was &#039;http://test.film4.com/landing-grids-lefttop?a3da#&#039; - comparing &lt;![CDATA[http://test.film4.com/landing-grids-lefttop#]]&gt; 
at /page-map[1]/sections[1]/page-section[1]/areas[1]/area[1]/modules[1]/module[3]/webElementSetComponentBeans[1]/element-group[3]/links[1]/link[1]/href[1]/text()[1] to &lt;![CDATA[http://test.film4.com/landing-grids-lefttop?a3da#]]&gt; 
at /page-map[1]/sections[1]/page-section[1]/areas[1]/area[1]/modules[1]/module[3]/webElementSetComponentBeans[1]/element-group[3]/links[1]/link[1]/href[1]/text()[1]
***********************

Module:[FL01-grid]***********************
Expected CDATA section value &#039;http://test.film4.com/landing-grids-lefttop#&#039; 
but was &#039;http://test.film4.com/landing-grids-lefttop?a3da#&#039; - comparing &lt;![CDATA[http://test.film4.com/landing-grids-lefttop#]]&gt; 
at /page-map[1]/sections[1]/page-section[1]/areas[1]/area[1]/modules[1]/module[3]/webElementSetComponentBeans[1]/element-group[4]/links[1]/link[1]/href[1]/text()[1] to &lt;![CDATA[http://test.film4.com/landing-grids-lefttop?a3da#]]&gt; 
at /page-map[1]/sections[1]/page-section[1]/areas[1]/area[1]/modules[1]/module[3]/webElementSetComponentBeans[1]/element-group[4]/links[1]/link[1]/href[1]/text()[1]
***********************

Module:[FL01-grid]***********************
Expected CDATA section value &#039;http://test.film4.com/landing-grids-lefttop#&#039; 
but was &#039;http://test.film4.com/landing-grids-lefttop?a3da#&#039; - comparing &lt;![CDATA[http://test.film4.com/landing-grids-lefttop#]]&gt; 
at /page-map[1]/sections[1]/page-section[1]/areas[1]/area[1]/modules[1]/module[4]/webElementSetComponentBeans[1]/element-group[1]/links[1]/link[1]/href[1]/text()[1] to &lt;![CDATA[http://test.film4.com/landing-grids-lefttop?a3da#]]&gt; 
at /page-map[1]/sections[1]/page-section[1]/areas[1]/area[1]/modules[1]/module[4]/webElementSetComponentBeans[1]/element-group[1]/links[1]/link[1]/href[1]/text()[1]
***********************

Module:[FL01-grid]***********************
Expected CDATA section value &#039;http://test.film4.com/landing-grids-lefttop#&#039; 
but was &#039;http://test.film4.com/landing-grids-lefttop?a3da#&#039; - comparing &lt;![CDATA[http://test.film4.com/landing-grids-lefttop#]]&gt; 
at /page-map[1]/sections[1]/page-section[1]/areas[1]/area[1]/modules[1]/module[4]/webElementSetComponentBeans[1]/element-group[2]/links[1]/link[1]/href[1]/text()[1] to &lt;![CDATA[http://test.film4.com/landing-grids-lefttop?a3da#]]&gt; 
at /page-map[1]/sections[1]/page-section[1]/areas[1]/area[1]/modules[1]/module[4]/webElementSetComponentBeans[1]/element-group[2]/links[1]/link[1]/href[1]/text()[1]
***********************

Module:[FL01-grid]***********************
Expected CDATA section value &#039;http://test.film4.com/landing-grids-lefttop#&#039; 
but was &#039;http://test.film4.com/landing-grids-lefttop?a3da#&#039; - comparing &lt;![CDATA[http://test.film4.com/landing-grids-lefttop#]]&gt; 
at /page-map[1]/sections[1]/page-section[1]/areas[1]/area[1]/modules[1]/module[4]/webElementSetComponentBeans[1]/element-group[3]/links[1]/link[1]/href[1]/text()[1] to &lt;![CDATA[http://test.film4.com/landing-grids-lefttop?a3da#]]&gt; 
at /page-map[1]/sections[1]/page-section[1]/areas[1]/area[1]/modules[1]/module[4]/webElementSetComponentBeans[1]/element-group[3]/links[1]/link[1]/href[1]/text()[1]
***********************

Module:[FL01-grid]***********************
Expected CDATA section value &#039;http://test.film4.com/landing-grids-lefttop#&#039; 
but was &#039;http://test.film4.com/landing-grids-lefttop?a3da#&#039; - comparing &lt;![CDATA[http://test.film4.com/landing-grids-lefttop#]]&gt; 
at /page-map[1]/sections[1]/page-section[1]/areas[1]/area[1]/modules[1]/module[4]/webElementSetComponentBeans[1]/element-group[4]/links[1]/link[1]/href[1]/text()[1] to &lt;![CDATA[http://test.film4.com/landing-grids-lefttop?a3da#]]&gt; 
at /page-map[1]/sections[1]/page-section[1]/areas[1]/area[1]/modules[1]/module[4]/webElementSetComponentBeans[1]/element-group[4]/links[1]/link[1]/href[1]/text()[1]
***********************

Module:[SN02]***********************
Expected CDATA section value &#039;http://test.film4.com/landing-grids-lefttop#&#039; 
but was &#039;http://test.film4.com/landing-grids-lefttop?a3da#&#039; - comparing &lt;![CDATA[http://test.film4.com/landing-grids-lefttop#]]&gt; 
at /page-map[1]/sections[1]/page-section[2]/areas[1]/area[1]/modules[1]/module[3]/webElementSetComponentBeans[1]/element-group[1]/imageLinks[1]/picture-link[1]/href[1]/text()[1] to &lt;![CDATA[http://test.film4.com/landing-grids-lefttop?a3da#]]&gt; 
at /page-map[1]/sections[1]/page-section[2]/areas[1]/area[1]/modules[1]/module[3]/webElementSetComponentBeans[1]/element-group[1]/imageLinks[1]/picture-link[1]/href[1]/text()[1]
***********************

Module:[SN02]***********************
Expected CDATA section value &#039;http://test.film4.com/landing-grids-lefttop#&#039; 
but was &#039;http://test.film4.com/landing-grids-lefttop?a3da#&#039; - comparing &lt;![CDATA[http://test.film4.com/landing-grids-lefttop#]]&gt; 
at /page-map[1]/sections[1]/page-section[2]/areas[1]/area[1]/modules[1]/module[3]/webElementSetComponentBeans[1]/element-group[1]/imageLinks[1]/picture-link[2]/href[1]/text()[1] to &lt;![CDATA[http://test.film4.com/landing-grids-lefttop?a3da#]]&gt; 
at /page-map[1]/sections[1]/page-section[2]/areas[1]/area[1]/modules[1]/module[3]/webElementSetComponentBeans[1]/element-group[1]/imageLinks[1]/picture-link[2]/href[1]/text()[1]
***********************

Module:[SN02]***********************
Expected CDATA section value &#039;http://test.film4.com/landing-grids-lefttop#&#039; 
but was &#039;http://test.film4.com/landing-grids-lefttop?a3da#&#039; - comparing &lt;![CDATA[http://test.film4.com/landing-grids-lefttop#]]&gt; 
at /page-map[1]/sections[1]/page-section[2]/areas[1]/area[1]/modules[1]/module[3]/webElementSetComponentBeans[1]/element-group[1]/imageLinks[1]/picture-link[3]/href[1]/text()[1] to &lt;![CDATA[http://test.film4.com/landing-grids-lefttop?a3da#]]&gt; 
at /page-map[1]/sections[1]/page-section[2]/areas[1]/area[1]/modules[1]/module[3]/webElementSetComponentBeans[1]/element-group[1]/imageLinks[1]/picture-link[3]/href[1]/text()[1]
***********************

Module:[SN02]***********************
Expected CDATA section value &#039;http://test.film4.com/landing-grids-lefttop#&#039; 
but was &#039;http://test.film4.com/landing-grids-lefttop?a3da#&#039; - comparing &lt;![CDATA[http://test.film4.com/landing-grids-lefttop#]]&gt; 
at /page-map[1]/sections[1]/page-section[2]/areas[1]/area[1]/modules[1]/module[3]/webElementSetComponentBeans[1]/element-group[1]/imageLinks[1]/picture-link[4]/href[1]/text()[1] to &lt;![CDATA[http://test.film4.com/landing-grids-lefttop?a3da#]]&gt; 
at /page-map[1]/sections[1]/page-section[2]/areas[1]/area[1]/modules[1]/module[3]/webElementSetComponentBeans[1]/element-group[1]/imageLinks[1]/picture-link[4]/href[1]/text()[1]
***********************
">
        <![CDATA[java.lang.AssertionError:
Module:[FL01-grid]***********************
Expected CDATA section value 'http://test.film4.com/landing-grids-lefttop#' 
but was 'http://test.film4.com/landing-grids-lefttop?a3da#' - comparing <![CDATA[http://test.film4.com/landing-grids-lefttop#]]]]>
        <![CDATA[>
at /page-map[1]/sections[1]/page-section[1]/areas[1]/area[1]/modules[1]/module[1]/webElementSetComponentBeans[1]/element-group[2]/links[1]/link[1]/href[1]/text()[1] to <![CDATA[http://test.film4.com/landing-grids-lefttop?a3da#]]]]>
        <![CDATA[>
at /page-map[1]/sections[1]/page-section[1]/areas[1]/area[1]/modules[1]/module[1]/webElementSetComponentBeans[1]/element-group[2]/links[1]/link[1]/href[1]/text()[1]
***********************

Module:[FL01-grid]***********************
Expected CDATA section value 'http://test.film4.com/landing-grids-lefttop#' 
but was 'http://test.film4.com/landing-grids-lefttop?a3da#' - comparing <![CDATA[http://test.film4.com/landing-grids-lefttop#]]]]>
        <![CDATA[>
at /page-map[1]/sections[1]/page-section[1]/areas[1]/area[1]/modules[1]/module[1]/webElementSetComponentBeans[1]/element-group[3]/links[1]/link[1]/href[1]/text()[1] to <![CDATA[http://test.film4.com/landing-grids-lefttop?a3da#]]]]>
        <![CDATA[>
at /page-map[1]/sections[1]/page-section[1]/areas[1]/area[1]/modules[1]/module[1]/webElementSetComponentBeans[1]/element-group[3]/links[1]/link[1]/href[1]/text()[1]
***********************

Module:[FL01-grid]***********************
Expected CDATA section value 'http://test.film4.com/landing-grids-lefttop#' 
but was 'http://test.film4.com/landing-grids-lefttop?a3da#' - comparing <![CDATA[http://test.film4.com/landing-grids-lefttop#]]]]>
        <![CDATA[>
at /page-map[1]/sections[1]/page-section[1]/areas[1]/area[1]/modules[1]/module[1]/webElementSetComponentBeans[1]/element-group[4]/links[1]/link[1]/href[1]/text()[1] to <![CDATA[http://test.film4.com/landing-grids-lefttop?a3da#]]]]>
        <![CDATA[>
at /page-map[1]/sections[1]/page-section[1]/areas[1]/area[1]/modules[1]/module[1]/webElementSetComponentBeans[1]/element-group[4]/links[1]/link[1]/href[1]/text()[1]
***********************

Module:[FL01-grid]***********************
Expected CDATA section value 'http://test.film4.com/landing-grids-lefttop#' 
but was 'http://test.film4.com/landing-grids-lefttop?a3da#' - comparing <![CDATA[http://test.film4.com/landing-grids-lefttop#]]]]>
        <![CDATA[>
at /page-map[1]/sections[1]/page-section[1]/areas[1]/area[1]/modules[1]/module[2]/webElementSetComponentBeans[1]/element-group[1]/links[1]/link[1]/href[1]/text()[1] to <![CDATA[http://test.film4.com/landing-grids-lefttop?a3da#]]]]>
        <![CDATA[>
at /page-map[1]/sections[1]/page-section[1]/areas[1]/area[1]/modules[1]/module[2]/webElementSetComponentBeans[1]/element-group[1]/links[1]/link[1]/href[1]/text()[1]
***********************

Module:[FL01-grid]***********************
Expected CDATA section value 'http://test.film4.com/landing-grids-lefttop#' 
but was 'http://test.film4.com/landing-grids-lefttop?a3da#' - comparing <![CDATA[http://test.film4.com/landing-grids-lefttop#]]]]>
        <![CDATA[>
at /page-map[1]/sections[1]/page-section[1]/areas[1]/area[1]/modules[1]/module[2]/webElementSetComponentBeans[1]/element-group[2]/links[1]/link[1]/href[1]/text()[1] to <![CDATA[http://test.film4.com/landing-grids-lefttop?a3da#]]]]>
        <![CDATA[>
at /page-map[1]/sections[1]/page-section[1]/areas[1]/area[1]/modules[1]/module[2]/webElementSetComponentBeans[1]/element-group[2]/links[1]/link[1]/href[1]/text()[1]
***********************

Module:[FL01-grid]***********************
Expected CDATA section value 'http://test.film4.com/landing-grids-lefttop#' 
but was 'http://test.film4.com/landing-grids-lefttop?a3da#' - comparing <![CDATA[http://test.film4.com/landing-grids-lefttop#]]]]>
        <![CDATA[>
at /page-map[1]/sections[1]/page-section[1]/areas[1]/area[1]/modules[1]/module[2]/webElementSetComponentBeans[1]/element-group[3]/links[1]/link[1]/href[1]/text()[1] to <![CDATA[http://test.film4.com/landing-grids-lefttop?a3da#]]]]>
        <![CDATA[>
at /page-map[1]/sections[1]/page-section[1]/areas[1]/area[1]/modules[1]/module[2]/webElementSetComponentBeans[1]/element-group[3]/links[1]/link[1]/href[1]/text()[1]
***********************

Module:[FL01-grid]***********************
Expected CDATA section value 'http://test.film4.com/landing-grids-lefttop#' 
but was 'http://test.film4.com/landing-grids-lefttop?a3da#' - comparing <![CDATA[http://test.film4.com/landing-grids-lefttop#]]]]>
        <![CDATA[>
at /page-map[1]/sections[1]/page-section[1]/areas[1]/area[1]/modules[1]/module[2]/webElementSetComponentBeans[1]/element-group[4]/links[1]/link[1]/href[1]/text()[1] to <![CDATA[http://test.film4.com/landing-grids-lefttop?a3da#]]]]>
        <![CDATA[>
at /page-map[1]/sections[1]/page-section[1]/areas[1]/area[1]/modules[1]/module[2]/webElementSetComponentBeans[1]/element-group[4]/links[1]/link[1]/href[1]/text()[1]
***********************

Module:[FL01-grid]***********************
Expected CDATA section value 'http://test.film4.com/landing-grids-lefttop#' 
but was 'http://test.film4.com/landing-grids-lefttop?a3da#' - comparing <![CDATA[http://test.film4.com/landing-grids-lefttop#]]]]>
        <![CDATA[>
at /page-map[1]/sections[1]/page-section[1]/areas[1]/area[1]/modules[1]/module[3]/webElementSetComponentBeans[1]/element-group[2]/links[1]/link[1]/href[1]/text()[1] to <![CDATA[http://test.film4.com/landing-grids-lefttop?a3da#]]]]>
        <![CDATA[>
at /page-map[1]/sections[1]/page-section[1]/areas[1]/area[1]/modules[1]/module[3]/webElementSetComponentBeans[1]/element-group[2]/links[1]/link[1]/href[1]/text()[1]
***********************

Module:[FL01-grid]***********************
Expected CDATA section value 'http://test.film4.com/landing-grids-lefttop#' 
but was 'http://test.film4.com/landing-grids-lefttop?a3da#' - comparing <![CDATA[http://test.film4.com/landing-grids-lefttop#]]]]>
        <![CDATA[>
at /page-map[1]/sections[1]/page-section[1]/areas[1]/area[1]/modules[1]/module[3]/webElementSetComponentBeans[1]/element-group[3]/links[1]/link[1]/href[1]/text()[1] to <![CDATA[http://test.film4.com/landing-grids-lefttop?a3da#]]]]>
        <![CDATA[>
at /page-map[1]/sections[1]/page-section[1]/areas[1]/area[1]/modules[1]/module[3]/webElementSetComponentBeans[1]/element-group[3]/links[1]/link[1]/href[1]/text()[1]
***********************

Module:[FL01-grid]***********************
Expected CDATA section value 'http://test.film4.com/landing-grids-lefttop#' 
but was 'http://test.film4.com/landing-grids-lefttop?a3da#' - comparing <![CDATA[http://test.film4.com/landing-grids-lefttop#]]]]>
        <![CDATA[>
at /page-map[1]/sections[1]/page-section[1]/areas[1]/area[1]/modules[1]/module[3]/webElementSetComponentBeans[1]/element-group[4]/links[1]/link[1]/href[1]/text()[1] to <![CDATA[http://test.film4.com/landing-grids-lefttop?a3da#]]]]>
        <![CDATA[>
at /page-map[1]/sections[1]/page-section[1]/areas[1]/area[1]/modules[1]/module[3]/webElementSetComponentBeans[1]/element-group[4]/links[1]/link[1]/href[1]/text()[1]
***********************

Module:[FL01-grid]***********************
Expected CDATA section value 'http://test.film4.com/landing-grids-lefttop#' 
but was 'http://test.film4.com/landing-grids-lefttop?a3da#' - comparing <![CDATA[http://test.film4.com/landing-grids-lefttop#]]]]>
        <![CDATA[>
at /page-map[1]/sections[1]/page-section[1]/areas[1]/area[1]/modules[1]/module[4]/webElementSetComponentBeans[1]/element-group[1]/links[1]/link[1]/href[1]/text()[1] to <![CDATA[http://test.film4.com/landing-grids-lefttop?a3da#]]]]>
        <![CDATA[>
at /page-map[1]/sections[1]/page-section[1]/areas[1]/area[1]/modules[1]/module[4]/webElementSetComponentBeans[1]/element-group[1]/links[1]/link[1]/href[1]/text()[1]
***********************

Module:[FL01-grid]***********************
Expected CDATA section value 'http://test.film4.com/landing-grids-lefttop#' 
but was 'http://test.film4.com/landing-grids-lefttop?a3da#' - comparing <![CDATA[http://test.film4.com/landing-grids-lefttop#]]]]>
        <![CDATA[>
at /page-map[1]/sections[1]/page-section[1]/areas[1]/area[1]/modules[1]/module[4]/webElementSetComponentBeans[1]/element-group[2]/links[1]/link[1]/href[1]/text()[1] to <![CDATA[http://test.film4.com/landing-grids-lefttop?a3da#]]]]>
        <![CDATA[>
at /page-map[1]/sections[1]/page-section[1]/areas[1]/area[1]/modules[1]/module[4]/webElementSetComponentBeans[1]/element-group[2]/links[1]/link[1]/href[1]/text()[1]
***********************

Module:[FL01-grid]***********************
Expected CDATA section value 'http://test.film4.com/landing-grids-lefttop#' 
but was 'http://test.film4.com/landing-grids-lefttop?a3da#' - comparing <![CDATA[http://test.film4.com/landing-grids-lefttop#]]]]>
        <![CDATA[>
at /page-map[1]/sections[1]/page-section[1]/areas[1]/area[1]/modules[1]/module[4]/webElementSetComponentBeans[1]/element-group[3]/links[1]/link[1]/href[1]/text()[1] to <![CDATA[http://test.film4.com/landing-grids-lefttop?a3da#]]]]>
        <![CDATA[>
at /page-map[1]/sections[1]/page-section[1]/areas[1]/area[1]/modules[1]/module[4]/webElementSetComponentBeans[1]/element-group[3]/links[1]/link[1]/href[1]/text()[1]
***********************

Module:[FL01-grid]***********************
Expected CDATA section value 'http://test.film4.com/landing-grids-lefttop#' 
but was 'http://test.film4.com/landing-grids-lefttop?a3da#' - comparing <![CDATA[http://test.film4.com/landing-grids-lefttop#]]]]>
        <![CDATA[>
at /page-map[1]/sections[1]/page-section[1]/areas[1]/area[1]/modules[1]/module[4]/webElementSetComponentBeans[1]/element-group[4]/links[1]/link[1]/href[1]/text()[1] to <![CDATA[http://test.film4.com/landing-grids-lefttop?a3da#]]]]>
        <![CDATA[>
at /page-map[1]/sections[1]/page-section[1]/areas[1]/area[1]/modules[1]/module[4]/webElementSetComponentBeans[1]/element-group[4]/links[1]/link[1]/href[1]/text()[1]
***********************

Module:[SN02]***********************
Expected CDATA section value 'http://test.film4.com/landing-grids-lefttop#' 
but was 'http://test.film4.com/landing-grids-lefttop?a3da#' - comparing <![CDATA[http://test.film4.com/landing-grids-lefttop#]]]]>
        <![CDATA[>
at /page-map[1]/sections[1]/page-section[2]/areas[1]/area[1]/modules[1]/module[3]/webElementSetComponentBeans[1]/element-group[1]/imageLinks[1]/picture-link[1]/href[1]/text()[1] to <![CDATA[http://test.film4.com/landing-grids-lefttop?a3da#]]]]>
        <![CDATA[>
at /page-map[1]/sections[1]/page-section[2]/areas[1]/area[1]/modules[1]/module[3]/webElementSetComponentBeans[1]/element-group[1]/imageLinks[1]/picture-link[1]/href[1]/text()[1]
***********************

Module:[SN02]***********************
Expected CDATA section value 'http://test.film4.com/landing-grids-lefttop#' 
but was 'http://test.film4.com/landing-grids-lefttop?a3da#' - comparing <![CDATA[http://test.film4.com/landing-grids-lefttop#]]]]>
        <![CDATA[>
at /page-map[1]/sections[1]/page-section[2]/areas[1]/area[1]/modules[1]/module[3]/webElementSetComponentBeans[1]/element-group[1]/imageLinks[1]/picture-link[2]/href[1]/text()[1] to <![CDATA[http://test.film4.com/landing-grids-lefttop?a3da#]]]]>
        <![CDATA[>
at /page-map[1]/sections[1]/page-section[2]/areas[1]/area[1]/modules[1]/module[3]/webElementSetComponentBeans[1]/element-group[1]/imageLinks[1]/picture-link[2]/href[1]/text()[1]
***********************

Module:[SN02]***********************
Expected CDATA section value 'http://test.film4.com/landing-grids-lefttop#' 
but was 'http://test.film4.com/landing-grids-lefttop?a3da#' - comparing <![CDATA[http://test.film4.com/landing-grids-lefttop#]]]]>
        <![CDATA[>
at /page-map[1]/sections[1]/page-section[2]/areas[1]/area[1]/modules[1]/module[3]/webElementSetComponentBeans[1]/element-group[1]/imageLinks[1]/picture-link[3]/href[1]/text()[1] to <![CDATA[http://test.film4.com/landing-grids-lefttop?a3da#]]]]>
        <![CDATA[>
at /page-map[1]/sections[1]/page-section[2]/areas[1]/area[1]/modules[1]/module[3]/webElementSetComponentBeans[1]/element-group[1]/imageLinks[1]/picture-link[3]/href[1]/text()[1]
***********************

Module:[SN02]***********************
Expected CDATA section value 'http://test.film4.com/landing-grids-lefttop#' 
but was 'http://test.film4.com/landing-grids-lefttop?a3da#' - comparing <![CDATA[http://test.film4.com/landing-grids-lefttop#]]]]>
        <![CDATA[>
at /page-map[1]/sections[1]/page-section[2]/areas[1]/area[1]/modules[1]/module[3]/webElementSetComponentBeans[1]/element-group[1]/imageLinks[1]/picture-link[4]/href[1]/text()[1] to <![CDATA[http://test.film4.com/landing-grids-lefttop?a3da#]]]]>
        <![CDATA[>
at /page-map[1]/sections[1]/page-section[2]/areas[1]/area[1]/modules[1]/module[3]/webElementSetComponentBeans[1]/element-group[1]/imageLinks[1]/picture-link[4]/href[1]/text()[1]
***********************

	at org.testng.Assert.fail(Assert.java:89)
	at com.sharpqa.comparesolution.test.ComparisonTest.testXMLPageObjectMapAgainstExpeted(ComparisonTest.java:54)
	at sun.reflect.NativeMethodAccessorImpl.invoke0(Native Method)
	at sun.reflect.NativeMethodAccessorImpl.invoke(NativeMethodAccessorImpl.java:39)
	at sun.reflect.DelegatingMethodAccessorImpl.invoke(DelegatingMethodAccessorImpl.java:25)
	at java.lang.reflect.Method.invoke(Method.java:597)
	at org.testng.internal.MethodInvocationHelper.invokeMethod(MethodInvocationHelper.java:80)
	at org.testng.internal.InvokeMethodRunnable.runOne(InvokeMethodRunnable.java:46)
	at org.testng.internal.InvokeMethodRunnable.run(InvokeMethodRunnable.java:37)
	at java.util.concurrent.Executors$RunnableAdapter.call(Executors.java:441)
	at java.util.concurrent.FutureTask$Sync.innerRun(FutureTask.java:303)
	at java.util.concurrent.FutureTask.run(FutureTask.java:138)
	at java.util.concurrent.ThreadPoolExecutor$Worker.runTask(ThreadPoolExecutor.java:886)
	at java.util.concurrent.ThreadPoolExecutor$Worker.run(ThreadPoolExecutor.java:908)
	at java.lang.Thread.run(Thread.java:662)
]]>
    </error>
  </testcase>
  <testcase name="testXMLPageObjectMapAgainstExpeted" time="0.079" classname="com.sharpqa.comparesolution.test.ComparisonTest">
    <error type="java.lang.AssertionError" message="
Module:[AI01]***********************
Expected CDATA section value &#039;http://test.film4.com/reviews/2010/the-last-exorcism?asdc#&#039; 
but was &#039;http://test.film4.com/reviews/2010/the-last-exorcism?aas3dc#&#039; - comparing &lt;![CDATA[http://test.film4.com/reviews/2010/the-last-exorcism?asdc#]]&gt; 
at /page-map[1]/sections[1]/page-section[1]/areas[1]/area[1]/modules[1]/module[1]/webElementSetComponentBeans[1]/element-group[1]/links[1]/link[1]/href[1]/text()[1] to &lt;![CDATA[http://test.film4.com/reviews/2010/the-last-exorcism?aas3dc#]]&gt; 
at /page-map[1]/sections[1]/page-section[1]/areas[1]/area[1]/modules[1]/module[1]/webElementSetComponentBeans[1]/element-group[1]/links[1]/link[1]/href[1]/text()[1]
***********************

Module:[AT06]***********************
Expected CDATA section value &#039;http://test.film4.com/reviews/2010/the-last-exorcism?asdc#tab0&#039; 
but was &#039;http://test.film4.com/reviews/2010/the-last-exorcism?aas3dc#tab0&#039; - comparing &lt;![CDATA[http://test.film4.com/reviews/2010/the-last-exorcism?asdc#tab0]]&gt; 
at /page-map[1]/sections[1]/page-section[1]/areas[1]/area[1]/modules[1]/module[3]/webElementSetComponentBeans[1]/element-group[1]/links[1]/link[1]/href[1]/text()[1] to &lt;![CDATA[http://test.film4.com/reviews/2010/the-last-exorcism?aas3dc#tab0]]&gt; 
at /page-map[1]/sections[1]/page-section[1]/areas[1]/area[1]/modules[1]/module[3]/webElementSetComponentBeans[1]/element-group[1]/links[1]/link[1]/href[1]/text()[1]
***********************

Module:[AT06]***********************
Expected CDATA section value &#039;http://test.film4.com/reviews/2010/the-last-exorcism?asdc#cast&#039; 
but was &#039;http://test.film4.com/reviews/2010/the-last-exorcism?aas3dc#cast&#039; - comparing &lt;![CDATA[http://test.film4.com/reviews/2010/the-last-exorcism?asdc#cast]]&gt; 
at /page-map[1]/sections[1]/page-section[1]/areas[1]/area[1]/modules[1]/module[3]/webElementSetComponentBeans[1]/element-group[1]/links[1]/link[2]/href[1]/text()[1] to &lt;![CDATA[http://test.film4.com/reviews/2010/the-last-exorcism?aas3dc#cast]]&gt; 
at /page-map[1]/sections[1]/page-section[1]/areas[1]/area[1]/modules[1]/module[3]/webElementSetComponentBeans[1]/element-group[1]/links[1]/link[2]/href[1]/text()[1]
***********************

Module:[SN02]***********************
Expected CDATA section value &#039;http://test.film4.com/reviews/2010/the-last-exorcism?asdc#&#039; 
but was &#039;http://test.film4.com/reviews/2010/the-last-exorcism?aas3dc#&#039; - comparing &lt;![CDATA[http://test.film4.com/reviews/2010/the-last-exorcism?asdc#]]&gt; 
at /page-map[1]/sections[1]/page-section[2]/areas[1]/area[1]/modules[1]/module[3]/webElementSetComponentBeans[1]/element-group[1]/imageLinks[1]/picture-link[1]/href[1]/text()[1] to &lt;![CDATA[http://test.film4.com/reviews/2010/the-last-exorcism?aas3dc#]]&gt; 
at /page-map[1]/sections[1]/page-section[2]/areas[1]/area[1]/modules[1]/module[3]/webElementSetComponentBeans[1]/element-group[1]/imageLinks[1]/picture-link[1]/href[1]/text()[1]
***********************

Module:[SN02]***********************
Expected CDATA section value &#039;http://test.film4.com/reviews/2010/the-last-exorcism?asdc#&#039; 
but was &#039;http://test.film4.com/reviews/2010/the-last-exorcism?aas3dc#&#039; - comparing &lt;![CDATA[http://test.film4.com/reviews/2010/the-last-exorcism?asdc#]]&gt; 
at /page-map[1]/sections[1]/page-section[2]/areas[1]/area[1]/modules[1]/module[3]/webElementSetComponentBeans[1]/element-group[1]/imageLinks[1]/picture-link[2]/href[1]/text()[1] to &lt;![CDATA[http://test.film4.com/reviews/2010/the-last-exorcism?aas3dc#]]&gt; 
at /page-map[1]/sections[1]/page-section[2]/areas[1]/area[1]/modules[1]/module[3]/webElementSetComponentBeans[1]/element-group[1]/imageLinks[1]/picture-link[2]/href[1]/text()[1]
***********************

Module:[SN02]***********************
Expected CDATA section value &#039;http://test.film4.com/reviews/2010/the-last-exorcism?asdc#&#039; 
but was &#039;http://test.film4.com/reviews/2010/the-last-exorcism?aas3dc#&#039; - comparing &lt;![CDATA[http://test.film4.com/reviews/2010/the-last-exorcism?asdc#]]&gt; 
at /page-map[1]/sections[1]/page-section[2]/areas[1]/area[1]/modules[1]/module[3]/webElementSetComponentBeans[1]/element-group[1]/imageLinks[1]/picture-link[3]/href[1]/text()[1] to &lt;![CDATA[http://test.film4.com/reviews/2010/the-last-exorcism?aas3dc#]]&gt; 
at /page-map[1]/sections[1]/page-section[2]/areas[1]/area[1]/modules[1]/module[3]/webElementSetComponentBeans[1]/element-group[1]/imageLinks[1]/picture-link[3]/href[1]/text()[1]
***********************

Module:[SN02]***********************
Expected CDATA section value &#039;http://test.film4.com/reviews/2010/the-last-exorcism?asdc#&#039; 
but was &#039;http://test.film4.com/reviews/2010/the-last-exorcism?aas3dc#&#039; - comparing &lt;![CDATA[http://test.film4.com/reviews/2010/the-last-exorcism?asdc#]]&gt; 
at /page-map[1]/sections[1]/page-section[2]/areas[1]/area[1]/modules[1]/module[3]/webElementSetComponentBeans[1]/element-group[1]/imageLinks[1]/picture-link[4]/href[1]/text()[1] to &lt;![CDATA[http://test.film4.com/reviews/2010/the-last-exorcism?aas3dc#]]&gt; 
at /page-map[1]/sections[1]/page-section[2]/areas[1]/area[1]/modules[1]/module[3]/webElementSetComponentBeans[1]/element-group[1]/imageLinks[1]/picture-link[4]/href[1]/text()[1]
***********************
">
        <![CDATA[java.lang.AssertionError:
Module:[AI01]***********************
Expected CDATA section value 'http://test.film4.com/reviews/2010/the-last-exorcism?asdc#' 
but was 'http://test.film4.com/reviews/2010/the-last-exorcism?aas3dc#' - comparing <![CDATA[http://test.film4.com/reviews/2010/the-last-exorcism?asdc#]]]]>
        <![CDATA[>
at /page-map[1]/sections[1]/page-section[1]/areas[1]/area[1]/modules[1]/module[1]/webElementSetComponentBeans[1]/element-group[1]/links[1]/link[1]/href[1]/text()[1] to <![CDATA[http://test.film4.com/reviews/2010/the-last-exorcism?aas3dc#]]]]>
        <![CDATA[>
at /page-map[1]/sections[1]/page-section[1]/areas[1]/area[1]/modules[1]/module[1]/webElementSetComponentBeans[1]/element-group[1]/links[1]/link[1]/href[1]/text()[1]
***********************

Module:[AT06]***********************
Expected CDATA section value 'http://test.film4.com/reviews/2010/the-last-exorcism?asdc#tab0' 
but was 'http://test.film4.com/reviews/2010/the-last-exorcism?aas3dc#tab0' - comparing <![CDATA[http://test.film4.com/reviews/2010/the-last-exorcism?asdc#tab0]]]]>
        <![CDATA[>
at /page-map[1]/sections[1]/page-section[1]/areas[1]/area[1]/modules[1]/module[3]/webElementSetComponentBeans[1]/element-group[1]/links[1]/link[1]/href[1]/text()[1] to <![CDATA[http://test.film4.com/reviews/2010/the-last-exorcism?aas3dc#tab0]]]]>
        <![CDATA[>
at /page-map[1]/sections[1]/page-section[1]/areas[1]/area[1]/modules[1]/module[3]/webElementSetComponentBeans[1]/element-group[1]/links[1]/link[1]/href[1]/text()[1]
***********************

Module:[AT06]***********************
Expected CDATA section value 'http://test.film4.com/reviews/2010/the-last-exorcism?asdc#cast' 
but was 'http://test.film4.com/reviews/2010/the-last-exorcism?aas3dc#cast' - comparing <![CDATA[http://test.film4.com/reviews/2010/the-last-exorcism?asdc#cast]]]]>
        <![CDATA[>
at /page-map[1]/sections[1]/page-section[1]/areas[1]/area[1]/modules[1]/module[3]/webElementSetComponentBeans[1]/element-group[1]/links[1]/link[2]/href[1]/text()[1] to <![CDATA[http://test.film4.com/reviews/2010/the-last-exorcism?aas3dc#cast]]]]>
        <![CDATA[>
at /page-map[1]/sections[1]/page-section[1]/areas[1]/area[1]/modules[1]/module[3]/webElementSetComponentBeans[1]/element-group[1]/links[1]/link[2]/href[1]/text()[1]
***********************

Module:[SN02]***********************
Expected CDATA section value 'http://test.film4.com/reviews/2010/the-last-exorcism?asdc#' 
but was 'http://test.film4.com/reviews/2010/the-last-exorcism?aas3dc#' - comparing <![CDATA[http://test.film4.com/reviews/2010/the-last-exorcism?asdc#]]]]>
        <![CDATA[>
at /page-map[1]/sections[1]/page-section[2]/areas[1]/area[1]/modules[1]/module[3]/webElementSetComponentBeans[1]/element-group[1]/imageLinks[1]/picture-link[1]/href[1]/text()[1] to <![CDATA[http://test.film4.com/reviews/2010/the-last-exorcism?aas3dc#]]]]>
        <![CDATA[>
at /page-map[1]/sections[1]/page-section[2]/areas[1]/area[1]/modules[1]/module[3]/webElementSetComponentBeans[1]/element-group[1]/imageLinks[1]/picture-link[1]/href[1]/text()[1]
***********************

Module:[SN02]***********************
Expected CDATA section value 'http://test.film4.com/reviews/2010/the-last-exorcism?asdc#' 
but was 'http://test.film4.com/reviews/2010/the-last-exorcism?aas3dc#' - comparing <![CDATA[http://test.film4.com/reviews/2010/the-last-exorcism?asdc#]]]]>
        <![CDATA[>
at /page-map[1]/sections[1]/page-section[2]/areas[1]/area[1]/modules[1]/module[3]/webElementSetComponentBeans[1]/element-group[1]/imageLinks[1]/picture-link[2]/href[1]/text()[1] to <![CDATA[http://test.film4.com/reviews/2010/the-last-exorcism?aas3dc#]]]]>
        <![CDATA[>
at /page-map[1]/sections[1]/page-section[2]/areas[1]/area[1]/modules[1]/module[3]/webElementSetComponentBeans[1]/element-group[1]/imageLinks[1]/picture-link[2]/href[1]/text()[1]
***********************

Module:[SN02]***********************
Expected CDATA section value 'http://test.film4.com/reviews/2010/the-last-exorcism?asdc#' 
but was 'http://test.film4.com/reviews/2010/the-last-exorcism?aas3dc#' - comparing <![CDATA[http://test.film4.com/reviews/2010/the-last-exorcism?asdc#]]]]>
        <![CDATA[>
at /page-map[1]/sections[1]/page-section[2]/areas[1]/area[1]/modules[1]/module[3]/webElementSetComponentBeans[1]/element-group[1]/imageLinks[1]/picture-link[3]/href[1]/text()[1] to <![CDATA[http://test.film4.com/reviews/2010/the-last-exorcism?aas3dc#]]]]>
        <![CDATA[>
at /page-map[1]/sections[1]/page-section[2]/areas[1]/area[1]/modules[1]/module[3]/webElementSetComponentBeans[1]/element-group[1]/imageLinks[1]/picture-link[3]/href[1]/text()[1]
***********************

Module:[SN02]***********************
Expected CDATA section value 'http://test.film4.com/reviews/2010/the-last-exorcism?asdc#' 
but was 'http://test.film4.com/reviews/2010/the-last-exorcism?aas3dc#' - comparing <![CDATA[http://test.film4.com/reviews/2010/the-last-exorcism?asdc#]]]]>
        <![CDATA[>
at /page-map[1]/sections[1]/page-section[2]/areas[1]/area[1]/modules[1]/module[3]/webElementSetComponentBeans[1]/element-group[1]/imageLinks[1]/picture-link[4]/href[1]/text()[1] to <![CDATA[http://test.film4.com/reviews/2010/the-last-exorcism?aas3dc#]]]]>
        <![CDATA[>
at /page-map[1]/sections[1]/page-section[2]/areas[1]/area[1]/modules[1]/module[3]/webElementSetComponentBeans[1]/element-group[1]/imageLinks[1]/picture-link[4]/href[1]/text()[1]
***********************

	at org.testng.Assert.fail(Assert.java:89)
	at com.sharpqa.comparesolution.test.ComparisonTest.testXMLPageObjectMapAgainstExpeted(ComparisonTest.java:54)
	at sun.reflect.NativeMethodAccessorImpl.invoke0(Native Method)
	at sun.reflect.NativeMethodAccessorImpl.invoke(NativeMethodAccessorImpl.java:39)
	at sun.reflect.DelegatingMethodAccessorImpl.invoke(DelegatingMethodAccessorImpl.java:25)
	at java.lang.reflect.Method.invoke(Method.java:597)
	at org.testng.internal.MethodInvocationHelper.invokeMethod(MethodInvocationHelper.java:80)
	at org.testng.internal.InvokeMethodRunnable.runOne(InvokeMethodRunnable.java:46)
	at org.testng.internal.InvokeMethodRunnable.run(InvokeMethodRunnable.java:37)
	at java.util.concurrent.Executors$RunnableAdapter.call(Executors.java:441)
	at java.util.concurrent.FutureTask$Sync.innerRun(FutureTask.java:303)
	at java.util.concurrent.FutureTask.run(FutureTask.java:138)
	at java.util.concurrent.ThreadPoolExecutor$Worker.runTask(ThreadPoolExecutor.java:886)
	at java.util.concurrent.ThreadPoolExecutor$Worker.run(ThreadPoolExecutor.java:908)
	at java.lang.Thread.run(Thread.java:662)
]]>
    </error>
  </testcase>
  <testcase name="createXMLPageObjectMap" time="66.412" classname="com.sharpqa.comparesolution.test.ComparisonTest"/>
  <testcase name="testXMLPageObjectMapAgainstExpeted" time="1.692" classname="com.sharpqa.comparesolution.test.ComparisonTest">
    <error type="java.lang.AssertionError" message="
Module:[FF01]***********************
Expected CDATA section value &#039;On Film4&#039; 
but was &#039;What&#039;s on Film4&#039; - comparing &lt;![CDATA[On Film4]]&gt; 
at /page-map[1]/sections[1]/page-section[1]/areas[1]/area[1]/modules[1]/module[1]/elementGroups[1]/element-group[1]/links[1]/link[1]/linkText[1]/text()[1] to &lt;![CDATA[What&#039;s on Film4]]&gt; 
at /page-map[1]/sections[1]/page-section[1]/areas[1]/area[1]/modules[1]/module[1]/elementGroups[1]/element-group[1]/links[1]/link[1]/linkText[1]/text()[1]
***********************

Module:[FF01]***********************
Expected CDATA section value &#039;What&#039;s On Film4&#039; 
but was &#039;What&#039;s on Film4&#039; - comparing &lt;![CDATA[What&#039;s On Film4]]&gt; 
at /page-map[1]/sections[1]/page-section[1]/areas[1]/area[1]/modules[1]/module[1]/elementGroups[1]/element-group[1]/textBlocks[1]/text-block[1]/text[1]/text()[1] to &lt;![CDATA[What&#039;s on Film4]]&gt; 
at /page-map[1]/sections[1]/page-section[1]/areas[1]/area[1]/modules[1]/module[1]/elementGroups[1]/element-group[1]/textBlocks[1]/text-block[1]/text[1]/text()[1]
***********************

Module:[FF01]***********************
Expected CDATA section value &#039;http://test.film4.com/?epg-date=2012-11-14&amp;module-id=300452670&#039; 
but was &#039;http://test.film4.com/?epg-date=2012-11-15&amp;module-id=300452670&#039; - comparing &lt;![CDATA[http://test.film4.com/?epg-date=2012-11-14&amp;module-id=300452670]]&gt; 
at /page-map[1]/sections[1]/page-section[1]/areas[1]/area[1]/modules[1]/module[1]/elementGroups[1]/element-group[2]/links[1]/link[1]/href[1]/text()[1] to &lt;![CDATA[http://test.film4.com/?epg-date=2012-11-15&amp;module-id=300452670]]&gt; 
at /page-map[1]/sections[1]/page-section[1]/areas[1]/area[1]/modules[1]/module[1]/elementGroups[1]/element-group[2]/links[1]/link[1]/href[1]/text()[1]
***********************

Module:[FF01]***********************
Expected CDATA section value &#039;http://test.film4.com/?epg-date=2012-11-15&amp;module-id=300452670&#039; 
but was &#039;http://test.film4.com/?epg-date=2012-11-16&amp;module-id=300452670&#039; - comparing &lt;![CDATA[http://test.film4.com/?epg-date=2012-11-15&amp;module-id=300452670]]&gt; 
at /page-map[1]/sections[1]/page-section[1]/areas[1]/area[1]/modules[1]/module[1]/elementGroups[1]/element-group[2]/links[1]/link[2]/href[1]/text()[1] to &lt;![CDATA[http://test.film4.com/?epg-date=2012-11-16&amp;module-id=300452670]]&gt; 
at /page-map[1]/sections[1]/page-section[1]/areas[1]/area[1]/modules[1]/module[1]/elementGroups[1]/element-group[2]/links[1]/link[2]/href[1]/text()[1]
***********************

Module:[FF01]***********************
Expected CDATA section value &#039;http://test.film4.com/#&#039; 
but was &#039;http://test.film4.com/?sdea#&#039; - comparing &lt;![CDATA[http://test.film4.com/#]]&gt; 
at /page-map[1]/sections[1]/page-section[1]/areas[1]/area[1]/modules[1]/module[1]/webElementSetComponentBeans[1]/element-group[1]/links[1]/link[1]/href[1]/text()[1] to &lt;![CDATA[http://test.film4.com/?sdea#]]&gt; 
at /page-map[1]/sections[1]/page-section[1]/areas[1]/area[1]/modules[1]/module[1]/webElementSetComponentBeans[1]/element-group[1]/links[1]/link[1]/href[1]/text()[1]
***********************

Module:[FF01]***********************
Expected CDATA section value &#039;Night at the Museum 2&#039; 
but was &#039;Volcano&#039; - comparing &lt;![CDATA[Night at the Museum 2]]&gt; 
at /page-map[1]/sections[1]/page-section[1]/areas[1]/area[1]/modules[1]/module[1]/webElementSetComponentBeans[1]/element-group[1]/links[1]/link[2]/linkText[1]/text()[1] to &lt;![CDATA[Volcano]]&gt; 
at /page-map[1]/sections[1]/page-section[1]/areas[1]/area[1]/modules[1]/module[1]/webElementSetComponentBeans[1]/element-group[1]/links[1]/link[2]/linkText[1]/text()[1]
***********************

Module:[FF01]***********************
Expected CDATA section value &#039;http://test.film4.com/reviews/2009/night-at-the-museum-2&#039; 
but was &#039;http://test.film4.com/reviews/1997/volcano&#039; - comparing &lt;![CDATA[http://test.film4.com/reviews/2009/night-at-the-museum-2]]&gt; 
at /page-map[1]/sections[1]/page-section[1]/areas[1]/area[1]/modules[1]/module[1]/webElementSetComponentBeans[1]/element-group[1]/links[1]/link[2]/href[1]/text()[1] to &lt;![CDATA[http://test.film4.com/reviews/1997/volcano]]&gt; 
at /page-map[1]/sections[1]/page-section[1]/areas[1]/area[1]/modules[1]/module[1]/webElementSetComponentBeans[1]/element-group[1]/links[1]/link[2]/href[1]/text()[1]
***********************

Module:[FF01]***********************
Expected CDATA section value &#039;http://test.film4.com/reviews/2009/night-at-the-museum-2&#039; 
but was &#039;http://test.film4.com/reviews/1997/volcano&#039; - comparing &lt;![CDATA[http://test.film4.com/reviews/2009/night-at-the-museum-2]]&gt; 
at /page-map[1]/sections[1]/page-section[1]/areas[1]/area[1]/modules[1]/module[1]/webElementSetComponentBeans[1]/element-group[1]/imageLinks[1]/picture-link[1]/href[1]/text()[1] to &lt;![CDATA[http://test.film4.com/reviews/1997/volcano]]&gt; 
at /page-map[1]/sections[1]/page-section[1]/areas[1]/area[1]/modules[1]/module[1]/webElementSetComponentBeans[1]/element-group[1]/imageLinks[1]/picture-link[1]/href[1]/text()[1]
***********************

Module:[FF01]***********************
Expected CDATA section value &#039;http://test.film4.com/media/images/Film4/images/film/night-at-the-museum-battle-of-the-smithsonian-2009/night-at-the-museum-2-2009-01_MED.jpg&#039; 
but was &#039;http://test.film4.com/media/images/Film4/images/V/volcano-1997-01_MED.jpg&#039; - comparing &lt;![CDATA[http://test.film4.com/media/images/Film4/images/film/night-at-the-museum-battle-of-the-smithsonian-2009/night-at-the-museum-2-2009-01_MED.jpg]]&gt; 
at /page-map[1]/sections[1]/page-section[1]/areas[1]/area[1]/modules[1]/module[1]/webElementSetComponentBeans[1]/element-group[1]/imageLinks[1]/picture-link[1]/src[1]/text()[1] to &lt;![CDATA[http://test.film4.com/media/images/Film4/images/V/volcano-1997-01_MED.jpg]]&gt; 
at /page-map[1]/sections[1]/page-section[1]/areas[1]/area[1]/modules[1]/module[1]/webElementSetComponentBeans[1]/element-group[1]/imageLinks[1]/picture-link[1]/src[1]/text()[1]
***********************

Module:[FF01]***********************
Expected text value &#039;101&#039; 
but was &#039;76&#039; - comparing &lt;height ...&gt;101&lt;/height&gt; 
at /page-map[1]/sections[1]/page-section[1]/areas[1]/area[1]/modules[1]/module[1]/webElementSetComponentBeans[1]/element-group[1]/imageLinks[1]/picture-link[1]/height[1]/text()[1] to &lt;height ...&gt;76&lt;/height&gt; 
at /page-map[1]/sections[1]/page-section[1]/areas[1]/area[1]/modules[1]/module[1]/webElementSetComponentBeans[1]/element-group[1]/imageLinks[1]/picture-link[1]/height[1]/text()[1]
***********************

Module:[FF01]***********************
Expected CDATA section value &#039;Night at the Museum 2&#039; 
but was &#039;Volcano&#039; - comparing &lt;![CDATA[Night at the Museum 2]]&gt; 
at /page-map[1]/sections[1]/page-section[1]/areas[1]/area[1]/modules[1]/module[1]/webElementSetComponentBeans[1]/element-group[1]/textBlocks[1]/text-block[1]/text[1]/text()[1] to &lt;![CDATA[Volcano]]&gt; 
at /page-map[1]/sections[1]/page-section[1]/areas[1]/area[1]/modules[1]/module[1]/webElementSetComponentBeans[1]/element-group[1]/textBlocks[1]/text-block[1]/text[1]/text()[1]
***********************

Module:[FF01]***********************
Expected CDATA section value &#039;6:55pm&#039; 
but was &#039;7:05pm&#039; - comparing &lt;![CDATA[6:55pm]]&gt; 
at /page-map[1]/sections[1]/page-section[1]/areas[1]/area[1]/modules[1]/module[1]/webElementSetComponentBeans[1]/element-group[1]/textBlocks[1]/text-block[2]/text[1]/text()[1] to &lt;![CDATA[7:05pm]]&gt; 
at /page-map[1]/sections[1]/page-section[1]/areas[1]/area[1]/modules[1]/module[1]/webElementSetComponentBeans[1]/element-group[1]/textBlocks[1]/text-block[2]/text[1]/text()[1]
***********************

Module:[FF01]***********************
Expected number of child nodes &#039;2&#039; 
but was &#039;3&#039; - comparing &lt;links...&gt; 
at /page-map[1]/sections[1]/page-section[1]/areas[1]/area[1]/modules[1]/module[1]/webElementSetComponentBeans[1]/element-group[2]/links[1] to &lt;links...&gt; 
at /page-map[1]/sections[1]/page-section[1]/areas[1]/area[1]/modules[1]/module[1]/webElementSetComponentBeans[1]/element-group[2]/links[1]
***********************

Module:[FF01]***********************
Expected CDATA section value &#039;http://test.film4.com/#&#039; 
but was &#039;http://test.film4.com/?sdea#&#039; - comparing &lt;![CDATA[http://test.film4.com/#]]&gt; 
at /page-map[1]/sections[1]/page-section[1]/areas[1]/area[1]/modules[1]/module[1]/webElementSetComponentBeans[1]/element-group[2]/links[1]/link[1]/href[1]/text()[1] to &lt;![CDATA[http://test.film4.com/?sdea#]]&gt; 
at /page-map[1]/sections[1]/page-section[1]/areas[1]/area[1]/modules[1]/module[1]/webElementSetComponentBeans[1]/element-group[2]/links[1]/link[1]/href[1]/text()[1]
***********************

Module:[FF01]***********************
Expected CDATA section value &#039;Once Upon a Time in the Midlands&#039; 
but was &#039;Brassed Off&#039; - comparing &lt;![CDATA[Once Upon a Time in the Midlands]]&gt; 
at /page-map[1]/sections[1]/page-section[1]/areas[1]/area[1]/modules[1]/module[1]/webElementSetComponentBeans[1]/element-group[2]/links[1]/link[2]/linkText[1]/text()[1] to &lt;![CDATA[Brassed Off]]&gt; 
at /page-map[1]/sections[1]/page-section[1]/areas[1]/area[1]/modules[1]/module[1]/webElementSetComponentBeans[1]/element-group[2]/links[1]/link[2]/linkText[1]/text()[1]
***********************

Module:[FF01]***********************
Expected CDATA section value &#039;http://test.film4.com/reviews/2002/once-upon-a-time-in-the-midlands&#039; 
but was &#039;http://test.film4.com/reviews/1996/brassed-off&#039; - comparing &lt;![CDATA[http://test.film4.com/reviews/2002/once-upon-a-time-in-the-midlands]]&gt; 
at /page-map[1]/sections[1]/page-section[1]/areas[1]/area[1]/modules[1]/module[1]/webElementSetComponentBeans[1]/element-group[2]/links[1]/link[2]/href[1]/text()[1] to &lt;![CDATA[http://test.film4.com/reviews/1996/brassed-off]]&gt; 
at /page-map[1]/sections[1]/page-section[1]/areas[1]/area[1]/modules[1]/module[1]/webElementSetComponentBeans[1]/element-group[2]/links[1]/link[2]/href[1]/text()[1]
***********************

Module:[unknown]***********************
Expected presence of child node &#039;null&#039; 
but was &#039;link&#039; - comparing  at null to &lt;link...&gt; 
at /page-map[1]/sections[1]/page-section[1]/areas[1]/area[1]/modules[1]/module[1]/webElementSetComponentBeans[1]/element-group[2]/links[1]/link[3]
***********************

Module:[FF01]***********************
Expected CDATA section value &#039;http://test.film4.com/reviews/2002/once-upon-a-time-in-the-midlands&#039; 
but was &#039;http://test.film4.com/reviews/1996/brassed-off&#039; - comparing &lt;![CDATA[http://test.film4.com/reviews/2002/once-upon-a-time-in-the-midlands]]&gt; 
at /page-map[1]/sections[1]/page-section[1]/areas[1]/area[1]/modules[1]/module[1]/webElementSetComponentBeans[1]/element-group[2]/imageLinks[1]/picture-link[1]/href[1]/text()[1] to &lt;![CDATA[http://test.film4.com/reviews/1996/brassed-off]]&gt; 
at /page-map[1]/sections[1]/page-section[1]/areas[1]/area[1]/modules[1]/module[1]/webElementSetComponentBeans[1]/element-group[2]/imageLinks[1]/picture-link[1]/href[1]/text()[1]
***********************

Module:[FF01]***********************
Expected CDATA section value &#039;http://test.film4.com/media/images/Channel4/Film4/2000s/O/once-upon-a-time-in-the-midlands_MED.jpg&#039; 
but was &#039;http://test.film4.com/media/images/Channel4/Film4/1990s/B/brassed-off_MED.jpg&#039; - comparing &lt;![CDATA[http://test.film4.com/media/images/Channel4/Film4/2000s/O/once-upon-a-time-in-the-midlands_MED.jpg]]&gt; 
at /page-map[1]/sections[1]/page-section[1]/areas[1]/area[1]/modules[1]/module[1]/webElementSetComponentBeans[1]/element-group[2]/imageLinks[1]/picture-link[1]/src[1]/text()[1] to &lt;![CDATA[http://test.film4.com/media/images/Channel4/Film4/1990s/B/brassed-off_MED.jpg]]&gt; 
at /page-map[1]/sections[1]/page-section[1]/areas[1]/area[1]/modules[1]/module[1]/webElementSetComponentBeans[1]/element-group[2]/imageLinks[1]/picture-link[1]/src[1]/text()[1]
***********************

Module:[FF01]***********************
Expected number of child nodes &#039;8&#039; 
but was &#039;9&#039; - comparing &lt;textBlocks...&gt; 
at /page-map[1]/sections[1]/page-section[1]/areas[1]/area[1]/modules[1]/module[1]/webElementSetComponentBeans[1]/element-group[2]/textBlocks[1] to &lt;textBlocks...&gt; 
at /page-map[1]/sections[1]/page-section[1]/areas[1]/area[1]/modules[1]/module[1]/webElementSetComponentBeans[1]/element-group[2]/textBlocks[1]
***********************

Module:[FF01]***********************
Expected CDATA section value &#039;Once Upon a Time in the Midlands&#039; 
but was &#039;Brassed Off&#039; - comparing &lt;![CDATA[Once Upon a Time in the Midlands]]&gt; 
at /page-map[1]/sections[1]/page-section[1]/areas[1]/area[1]/modules[1]/module[1]/webElementSetComponentBeans[1]/element-group[2]/textBlocks[1]/text-block[1]/text[1]/text()[1] to &lt;![CDATA[Brassed Off]]&gt; 
at /page-map[1]/sections[1]/page-section[1]/areas[1]/area[1]/modules[1]/module[1]/webElementSetComponentBeans[1]/element-group[2]/textBlocks[1]/text-block[1]/text[1]/text()[1]
***********************

Module:[FF01]***********************
Expected CDATA section value &#039;channel-logos film4&#039; 
but was &#039;rent&#039; - comparing &lt;![CDATA[channel-logos film4]]&gt; 
at /page-map[1]/sections[1]/page-section[1]/areas[1]/area[1]/modules[1]/module[1]/webElementSetComponentBeans[1]/element-group[2]/textBlocks[1]/text-block[7]/text[1]/text()[1] to &lt;![CDATA[rent]]&gt; 
at /page-map[1]/sections[1]/page-section[1]/areas[1]/area[1]/modules[1]/module[1]/webElementSetComponentBeans[1]/element-group[2]/textBlocks[1]/text-block[7]/text[1]/text()[1]
***********************

Module:[FF01]***********************
Expected CDATA section value &#039;film4-productions&#039; 
but was &#039;channel-logos film4&#039; - comparing &lt;![CDATA[film4-productions]]&gt; 
at /page-map[1]/sections[1]/page-section[1]/areas[1]/area[1]/modules[1]/module[1]/webElementSetComponentBeans[1]/element-group[2]/textBlocks[1]/text-block[8]/text[1]/text()[1] to &lt;![CDATA[channel-logos film4]]&gt; 
at /page-map[1]/sections[1]/page-section[1]/areas[1]/area[1]/modules[1]/module[1]/webElementSetComponentBeans[1]/element-group[2]/textBlocks[1]/text-block[8]/text[1]/text()[1]
***********************

Module:[unknown]***********************
Expected presence of child node &#039;null&#039; 
but was &#039;text-block&#039; - comparing  at null to &lt;text-block...&gt; 
at /page-map[1]/sections[1]/page-section[1]/areas[1]/area[1]/modules[1]/module[1]/webElementSetComponentBeans[1]/element-group[2]/textBlocks[1]/text-block[9]
***********************

Module:[FF01]***********************
Expected number of child nodes &#039;3&#039; 
but was &#039;2&#039; - comparing &lt;links...&gt; 
at /page-map[1]/sections[1]/page-section[1]/areas[1]/area[1]/modules[1]/module[1]/webElementSetComponentBeans[1]/element-group[3]/links[1] to &lt;links...&gt; 
at /page-map[1]/sections[1]/page-section[1]/areas[1]/area[1]/modules[1]/module[1]/webElementSetComponentBeans[1]/element-group[3]/links[1]
***********************

Module:[FF01]***********************
Expected CDATA section value &#039;http://test.film4.com/#&#039; 
but was &#039;http://test.film4.com/?sdea#&#039; - comparing &lt;![CDATA[http://test.film4.com/#]]&gt; 
at /page-map[1]/sections[1]/page-section[1]/areas[1]/area[1]/modules[1]/module[1]/webElementSetComponentBeans[1]/element-group[3]/links[1]/link[1]/href[1]/text()[1] to &lt;![CDATA[http://test.film4.com/?sdea#]]&gt; 
at /page-map[1]/sections[1]/page-section[1]/areas[1]/area[1]/modules[1]/module[1]/webElementSetComponentBeans[1]/element-group[3]/links[1]/link[1]/href[1]/text()[1]
***********************

Module:[FF01]***********************
Expected CDATA section value &#039;The Scouting Book for Boys&#039; 
but was &#039;Weekend&#039; - comparing &lt;![CDATA[The Scouting Book for Boys]]&gt; 
at /page-map[1]/sections[1]/page-section[1]/areas[1]/area[1]/modules[1]/module[1]/webElementSetComponentBeans[1]/element-group[3]/links[1]/link[2]/linkText[1]/text()[1] to &lt;![CDATA[Weekend]]&gt; 
at /page-map[1]/sections[1]/page-section[1]/areas[1]/area[1]/modules[1]/module[1]/webElementSetComponentBeans[1]/element-group[3]/links[1]/link[2]/linkText[1]/text()[1]
***********************

Module:[FF01]***********************
Expected CDATA section value &#039;http://test.film4.com/reviews/2009/the-scouting-book-for-boys&#039; 
but was &#039;http://test.film4.com/reviews/2011/weekend&#039; - comparing &lt;![CDATA[http://test.film4.com/reviews/2009/the-scouting-book-for-boys]]&gt; 
at /page-map[1]/sections[1]/page-section[1]/areas[1]/area[1]/modules[1]/module[1]/webElementSetComponentBeans[1]/element-group[3]/links[1]/link[2]/href[1]/text()[1] to &lt;![CDATA[http://test.film4.com/reviews/2011/weekend]]&gt; 
at /page-map[1]/sections[1]/page-section[1]/areas[1]/area[1]/modules[1]/module[1]/webElementSetComponentBeans[1]/element-group[3]/links[1]/link[2]/href[1]/text()[1]
***********************

Module:[FF01]***********************
Expected presence of child nodes to be &#039;false&#039; 
but was &#039;true&#039; - comparing &lt;linkText...&gt; 
at /page-map[1]/sections[1]/page-section[1]/areas[1]/area[1]/modules[1]/module[1]/webElementSetComponentBeans[1]/element-group[3]/links[1]/link[3]/linkText[1] to &lt;linkText...&gt; 
at /page-map[1]/sections[1]/page-section[1]/areas[1]/area[1]/modules[1]/module[1]/webElementSetComponentBeans[1]/element-group[3]/links[1]/link[2]/linkText[1]
***********************

Module:[FF01]***********************
Expected CDATA section value &#039;http://film4od.film4.com/Basket.Handler?action=add&amp;supplierReference=EP-00000783-01&amp;offerId=11368&#039; 
but was &#039;http://test.film4.com/reviews/2011/weekend&#039; - comparing &lt;![CDATA[http://film4od.film4.com/Basket.Handler?action=add&amp;supplierReference=EP-00000783-01&amp;offerId=11368]]&gt; 
at /page-map[1]/sections[1]/page-section[1]/areas[1]/area[1]/modules[1]/module[1]/webElementSetComponentBeans[1]/element-group[3]/links[1]/link[3]/href[1]/text()[1] to &lt;![CDATA[http://test.film4.com/reviews/2011/weekend]]&gt; 
at /page-map[1]/sections[1]/page-section[1]/areas[1]/area[1]/modules[1]/module[1]/webElementSetComponentBeans[1]/element-group[3]/links[1]/link[2]/href[1]/text()[1]
***********************

Module:[FF01]***********************
Expected sequence of child nodes &#039;2&#039; 
but was &#039;1&#039; - comparing &lt;link...&gt; 
at /page-map[1]/sections[1]/page-section[1]/areas[1]/area[1]/modules[1]/module[1]/webElementSetComponentBeans[1]/element-group[3]/links[1]/link[3] to &lt;link...&gt; 
at /page-map[1]/sections[1]/page-section[1]/areas[1]/area[1]/modules[1]/module[1]/webElementSetComponentBeans[1]/element-group[3]/links[1]/link[2]
***********************

Module:[FF01]***********************
Expected CDATA section value &#039;http://test.film4.com/reviews/2009/the-scouting-book-for-boys&#039; 
but was &#039;http://test.film4.com/reviews/2011/weekend&#039; - comparing &lt;![CDATA[http://test.film4.com/reviews/2009/the-scouting-book-for-boys]]&gt; 
at /page-map[1]/sections[1]/page-section[1]/areas[1]/area[1]/modules[1]/module[1]/webElementSetComponentBeans[1]/element-group[3]/imageLinks[1]/picture-link[1]/href[1]/text()[1] to &lt;![CDATA[http://test.film4.com/reviews/2011/weekend]]&gt; 
at /page-map[1]/sections[1]/page-section[1]/areas[1]/area[1]/modules[1]/module[1]/webElementSetComponentBeans[1]/element-group[3]/imageLinks[1]/picture-link[1]/href[1]/text()[1]
***********************

Module:[FF01]***********************
Expected CDATA section value &#039;http://test.film4.com/media/images/Channel4/Film4/2000s/S/the-scouting-book-for-boys_MED.jpg&#039; 
but was &#039;http://test.film4.com/media/images/Channel4/Film4/2010s/W/weekend_MED.jpg&#039; - comparing &lt;![CDATA[http://test.film4.com/media/images/Channel4/Film4/2000s/S/the-scouting-book-for-boys_MED.jpg]]&gt; 
at /page-map[1]/sections[1]/page-section[1]/areas[1]/area[1]/modules[1]/module[1]/webElementSetComponentBeans[1]/element-group[3]/imageLinks[1]/picture-link[1]/src[1]/text()[1] to &lt;![CDATA[http://test.film4.com/media/images/Channel4/Film4/2010s/W/weekend_MED.jpg]]&gt; 
at /page-map[1]/sections[1]/page-section[1]/areas[1]/area[1]/modules[1]/module[1]/webElementSetComponentBeans[1]/element-group[3]/imageLinks[1]/picture-link[1]/src[1]/text()[1]
***********************

Module:[FF01]***********************
Expected number of child nodes &#039;10&#039; 
but was &#039;8&#039; - comparing &lt;textBlocks...&gt; 
at /page-map[1]/sections[1]/page-section[1]/areas[1]/area[1]/modules[1]/module[1]/webElementSetComponentBeans[1]/element-group[3]/textBlocks[1] to &lt;textBlocks...&gt; 
at /page-map[1]/sections[1]/page-section[1]/areas[1]/area[1]/modules[1]/module[1]/webElementSetComponentBeans[1]/element-group[3]/textBlocks[1]
***********************

Module:[FF01]***********************
Expected CDATA section value &#039;The Scouting Book for Boys&#039; 
but was &#039;Weekend&#039; - comparing &lt;![CDATA[The Scouting Book for Boys]]&gt; 
at /page-map[1]/sections[1]/page-section[1]/areas[1]/area[1]/modules[1]/module[1]/webElementSetComponentBeans[1]/element-group[3]/textBlocks[1]/text-block[1]/text[1]/text()[1] to &lt;![CDATA[Weekend]]&gt; 
at /page-map[1]/sections[1]/page-section[1]/areas[1]/area[1]/modules[1]/module[1]/webElementSetComponentBeans[1]/element-group[3]/textBlocks[1]/text-block[1]/text[1]/text()[1]
***********************

Module:[FF01]***********************
Expected CDATA section value &#039;11:05pm&#039; 
but was &#039;11:10pm&#039; - comparing &lt;![CDATA[11:05pm]]&gt; 
at /page-map[1]/sections[1]/page-section[1]/areas[1]/area[1]/modules[1]/module[1]/webElementSetComponentBeans[1]/element-group[3]/textBlocks[1]/text-block[2]/text[1]/text()[1] to &lt;![CDATA[11:10pm]]&gt; 
at /page-map[1]/sections[1]/page-section[1]/areas[1]/area[1]/modules[1]/module[1]/webElementSetComponentBeans[1]/element-group[3]/textBlocks[1]/text-block[2]/text[1]/text()[1]
***********************

Module:[FF01]***********************
Expected CDATA section value &#039;rent&#039; 
but was &#039;channel-logos film4&#039; - comparing &lt;![CDATA[rent]]&gt; 
at /page-map[1]/sections[1]/page-section[1]/areas[1]/area[1]/modules[1]/module[1]/webElementSetComponentBeans[1]/element-group[3]/textBlocks[1]/text-block[8]/text[1]/text()[1] to &lt;![CDATA[channel-logos film4]]&gt; 
at /page-map[1]/sections[1]/page-section[1]/areas[1]/area[1]/modules[1]/module[1]/webElementSetComponentBeans[1]/element-group[3]/textBlocks[1]/text-block[8]/text[1]/text()[1]
***********************

Module:[FF01]***********************
Expected sequence of child nodes &#039;8&#039; 
but was &#039;7&#039; - comparing &lt;text-block...&gt; 
at /page-map[1]/sections[1]/page-section[1]/areas[1]/area[1]/modules[1]/module[1]/webElementSetComponentBeans[1]/element-group[3]/textBlocks[1]/text-block[9] to &lt;text-block...&gt; 
at /page-map[1]/sections[1]/page-section[1]/areas[1]/area[1]/modules[1]/module[1]/webElementSetComponentBeans[1]/element-group[3]/textBlocks[1]/text-block[8]
***********************

Module:[FF01]***********************
Expected CDATA section value &#039;film4-productions&#039; 
but was &#039;channel-logos film4&#039; - comparing &lt;![CDATA[film4-productions]]&gt; 
at /page-map[1]/sections[1]/page-section[1]/areas[1]/area[1]/modules[1]/module[1]/webElementSetComponentBeans[1]/element-group[3]/textBlocks[1]/text-block[10]/text[1]/text()[1] to &lt;![CDATA[channel-logos film4]]&gt; 
at /page-map[1]/sections[1]/page-section[1]/areas[1]/area[1]/modules[1]/module[1]/webElementSetComponentBeans[1]/element-group[3]/textBlocks[1]/text-block[8]/text[1]/text()[1]
***********************

Module:[FF01]***********************
Expected sequence of child nodes &#039;9&#039; 
but was &#039;7&#039; - comparing &lt;text-block...&gt; 
at /page-map[1]/sections[1]/page-section[1]/areas[1]/area[1]/modules[1]/module[1]/webElementSetComponentBeans[1]/element-group[3]/textBlocks[1]/text-block[10] to &lt;text-block...&gt; 
at /page-map[1]/sections[1]/page-section[1]/areas[1]/area[1]/modules[1]/module[1]/webElementSetComponentBeans[1]/element-group[3]/textBlocks[1]/text-block[8]
***********************

Module:[FL01-default]***********************
Expected CDATA section value &#039;http://test.film4.com/#&#039; 
but was &#039;http://test.film4.com/?sdea#&#039; - comparing &lt;![CDATA[http://test.film4.com/#]]&gt; 
at /page-map[1]/sections[1]/page-section[1]/areas[1]/area[2]/modules[1]/module[1]/webElementSetComponentBeans[1]/element-group[1]/links[1]/link[1]/href[1]/text()[1] to &lt;![CDATA[http://test.film4.com/?sdea#]]&gt; 
at /page-map[1]/sections[1]/page-section[1]/areas[1]/area[2]/modules[1]/module[1]/webElementSetComponentBeans[1]/element-group[1]/links[1]/link[1]/href[1]/text()[1]
***********************

Module:[FL01-default]***********************
Expected CDATA section value &#039;http://test.film4.com/#&#039; 
but was &#039;http://test.film4.com/?sdea#&#039; - comparing &lt;![CDATA[http://test.film4.com/#]]&gt; 
at /page-map[1]/sections[1]/page-section[1]/areas[1]/area[2]/modules[1]/module[1]/webElementSetComponentBeans[1]/element-group[2]/links[1]/link[1]/href[1]/text()[1] to &lt;![CDATA[http://test.film4.com/?sdea#]]&gt; 
at /page-map[1]/sections[1]/page-section[1]/areas[1]/area[2]/modules[1]/module[1]/webElementSetComponentBeans[1]/element-group[2]/links[1]/link[1]/href[1]/text()[1]
***********************

Module:[FL01-default]***********************
Expected CDATA section value &#039;Submarine updates&#039; 
but was &#039;The Bank Job&#039; - comparing &lt;![CDATA[Submarine updates]]&gt; 
at /page-map[1]/sections[1]/page-section[1]/areas[1]/area[2]/modules[1]/module[1]/webElementSetComponentBeans[1]/element-group[2]/links[1]/link[2]/linkText[1]/text()[1] to &lt;![CDATA[The Bank Job]]&gt; 
at /page-map[1]/sections[1]/page-section[1]/areas[1]/area[2]/modules[1]/module[1]/webElementSetComponentBeans[1]/element-group[2]/links[1]/link[2]/linkText[1]/text()[1]
***********************

Module:[FL01-default]***********************
Expected CDATA section value &#039;http://test.film4.com/reviews/2010/submarine&#039; 
but was &#039;http://test.film4.com/reviews/2008/the-bank-job&#039; - comparing &lt;![CDATA[http://test.film4.com/reviews/2010/submarine]]&gt; 
at /page-map[1]/sections[1]/page-section[1]/areas[1]/area[2]/modules[1]/module[1]/webElementSetComponentBeans[1]/element-group[2]/links[1]/link[2]/href[1]/text()[1] to &lt;![CDATA[http://test.film4.com/reviews/2008/the-bank-job]]&gt; 
at /page-map[1]/sections[1]/page-section[1]/areas[1]/area[2]/modules[1]/module[1]/webElementSetComponentBeans[1]/element-group[2]/links[1]/link[2]/href[1]/text()[1]
***********************

Module:[FL01-default]***********************
Expected CDATA section value &#039;http://test.film4.com/reviews/2010/submarine&#039; 
but was &#039;http://test.film4.com/reviews/2008/the-bank-job&#039; - comparing &lt;![CDATA[http://test.film4.com/reviews/2010/submarine]]&gt; 
at /page-map[1]/sections[1]/page-section[1]/areas[1]/area[2]/modules[1]/module[1]/webElementSetComponentBeans[1]/element-group[2]/imageLinks[1]/picture-link[1]/href[1]/text()[1] to &lt;![CDATA[http://test.film4.com/reviews/2008/the-bank-job]]&gt; 
at /page-map[1]/sections[1]/page-section[1]/areas[1]/area[2]/modules[1]/module[1]/webElementSetComponentBeans[1]/element-group[2]/imageLinks[1]/picture-link[1]/href[1]/text()[1]
***********************

Module:[FL01-default]***********************
Expected CDATA section value &#039;http://test.film4.com/media/images/Channel4/Film4/2010s/S/submarine_MED.jpg&#039; 
but was &#039;http://test.film4.com/media/images/Channel4/Film4/2000s/B/the-bank-job_MED.jpg&#039; - comparing &lt;![CDATA[http://test.film4.com/media/images/Channel4/Film4/2010s/S/submarine_MED.jpg]]&gt; 
at /page-map[1]/sections[1]/page-section[1]/areas[1]/area[2]/modules[1]/module[1]/webElementSetComponentBeans[1]/element-group[2]/imageLinks[1]/picture-link[1]/src[1]/text()[1] to &lt;![CDATA[http://test.film4.com/media/images/Channel4/Film4/2000s/B/the-bank-job_MED.jpg]]&gt; 
at /page-map[1]/sections[1]/page-section[1]/areas[1]/area[2]/modules[1]/module[1]/webElementSetComponentBeans[1]/element-group[2]/imageLinks[1]/picture-link[1]/src[1]/text()[1]
***********************

Module:[FL01-default]***********************
Expected number of child nodes &#039;2&#039; 
but was &#039;4&#039; - comparing &lt;textBlocks...&gt; 
at /page-map[1]/sections[1]/page-section[1]/areas[1]/area[2]/modules[1]/module[1]/webElementSetComponentBeans[1]/element-group[2]/textBlocks[1] to &lt;textBlocks...&gt; 
at /page-map[1]/sections[1]/page-section[1]/areas[1]/area[2]/modules[1]/module[1]/webElementSetComponentBeans[1]/element-group[2]/textBlocks[1]
***********************

Module:[FL01-default]***********************
Expected text value &#039;h3&#039; 
but was &#039;p&#039; - comparing &lt;tag ...&gt;h3&lt;/tag&gt; 
at /page-map[1]/sections[1]/page-section[1]/areas[1]/area[2]/modules[1]/module[1]/webElementSetComponentBeans[1]/element-group[2]/textBlocks[1]/text-block[2]/tag[1]/text()[1] to &lt;tag ...&gt;p&lt;/tag&gt; 
at /page-map[1]/sections[1]/page-section[1]/areas[1]/area[2]/modules[1]/module[1]/webElementSetComponentBeans[1]/element-group[2]/textBlocks[1]/text-block[2]/tag[1]/text()[1]
***********************

Module:[FL01-default]***********************
Expected CDATA section value &#039;Submarine updates&#039; 
but was &#039;On Film4: 16 Nov 9:0PM&#039; - comparing &lt;![CDATA[Submarine updates]]&gt; 
at /page-map[1]/sections[1]/page-section[1]/areas[1]/area[2]/modules[1]/module[1]/webElementSetComponentBeans[1]/element-group[2]/textBlocks[1]/text-block[2]/text[1]/text()[1] to &lt;![CDATA[On Film4: 16 Nov 9:0PM]]&gt; 
at /page-map[1]/sections[1]/page-section[1]/areas[1]/area[2]/modules[1]/module[1]/webElementSetComponentBeans[1]/element-group[2]/textBlocks[1]/text-block[2]/text[1]/text()[1]
***********************

Module:[unknown]***********************
Expected presence of child node &#039;null&#039; 
but was &#039;text-block&#039; - comparing  at null to &lt;text-block...&gt; 
at /page-map[1]/sections[1]/page-section[1]/areas[1]/area[2]/modules[1]/module[1]/webElementSetComponentBeans[1]/element-group[2]/textBlocks[1]/text-block[3]
***********************

Module:[unknown]***********************
Expected presence of child node &#039;null&#039; 
but was &#039;text-block&#039; - comparing  at null to &lt;text-block...&gt; 
at /page-map[1]/sections[1]/page-section[1]/areas[1]/area[2]/modules[1]/module[1]/webElementSetComponentBeans[1]/element-group[2]/textBlocks[1]/text-block[4]
***********************

Module:[FL01-default]***********************
Expected CDATA section value &#039;http://test.film4.com/#&#039; 
but was &#039;http://test.film4.com/?sdea#&#039; - comparing &lt;![CDATA[http://test.film4.com/#]]&gt; 
at /page-map[1]/sections[1]/page-section[1]/areas[1]/area[2]/modules[1]/module[1]/webElementSetComponentBeans[1]/element-group[3]/links[1]/link[1]/href[1]/text()[1] to &lt;![CDATA[http://test.film4.com/?sdea#]]&gt; 
at /page-map[1]/sections[1]/page-section[1]/areas[1]/area[2]/modules[1]/module[1]/webElementSetComponentBeans[1]/element-group[3]/links[1]/link[1]/href[1]/text()[1]
***********************

Module:[FL01-productions]***********************
Expected CDATA section value &#039;http://test.film4.com/#&#039; 
but was &#039;http://test.film4.com/?sdea#&#039; - comparing &lt;![CDATA[http://test.film4.com/#]]&gt; 
at /page-map[1]/sections[1]/page-section[1]/areas[1]/area[2]/modules[1]/module[2]/webElementSetComponentBeans[1]/element-group[3]/links[1]/link[1]/href[1]/text()[1] to &lt;![CDATA[http://test.film4.com/?sdea#]]&gt; 
at /page-map[1]/sections[1]/page-section[1]/areas[1]/area[2]/modules[1]/module[2]/webElementSetComponentBeans[1]/element-group[3]/links[1]/link[1]/href[1]/text()[1]
***********************

Module:[]***********************
Expected number of child nodes &#039;7&#039; 
but was &#039;6&#039; - comparing &lt;modules...&gt; 
at /page-map[1]/sections[1]/page-section[2]/areas[1]/area[1]/modules[1] to &lt;modules...&gt; 
at /page-map[1]/sections[1]/page-section[2]/areas[1]/area[1]/modules[1]
***********************

Module:[]***********************
Expected number of child nodes &#039;2&#039; 
but was &#039;3&#039; - comparing &lt;module...&gt; 
at /page-map[1]/sections[1]/page-section[2]/areas[1]/area[1]/modules[1]/module[7] to &lt;module...&gt; 
at /page-map[1]/sections[1]/page-section[2]/areas[1]/area[1]/modules[1]/module[6]
***********************

Module:[FL01-carousel]***********************
Expected text value &#039;FL01-carousel&#039; 
but was &#039;FL01-special-feature&#039; - comparing &lt;name ...&gt;FL01-carousel&lt;/name&gt; 
at /page-map[1]/sections[1]/page-section[2]/areas[1]/area[1]/modules[1]/module[7]/name[1]/text()[1] to &lt;name ...&gt;FL01-special-feature&lt;/name&gt; 
at /page-map[1]/sections[1]/page-section[2]/areas[1]/area[1]/modules[1]/module[6]/name[1]/text()[1]
***********************

Module:[FL01-carousel]***********************
Expected CDATA section value &#039;Recommendations&#039; 
but was &#039;Link To Blogs&#039; - comparing &lt;![CDATA[Recommendations]]&gt; 
at /page-map[1]/sections[1]/page-section[2]/areas[1]/area[1]/modules[1]/module[7]/elementGroups[1]/element-group[1]/textBlocks[1]/text-block[1]/text[1]/text()[1] to &lt;![CDATA[Link To Blogs]]&gt; 
at /page-map[1]/sections[1]/page-section[2]/areas[1]/area[1]/modules[1]/module[6]/elementGroups[1]/element-group[1]/textBlocks[1]/text-block[1]/text[1]/text()[1]
***********************

Module:[unknown]***********************
Expected presence of child node &#039;null&#039; 
but was &#039;webElementSetComponentBeans&#039; - comparing  at null to &lt;webElementSetComponentBeans...&gt; 
at /page-map[1]/sections[1]/page-section[2]/areas[1]/area[1]/modules[1]/module[6]/webElementSetComponentBeans[1]
***********************

Module:[]***********************
Expected sequence of child nodes &#039;6&#039; 
but was &#039;5&#039; - comparing &lt;module...&gt; 
at /page-map[1]/sections[1]/page-section[2]/areas[1]/area[1]/modules[1]/module[7] to &lt;module...&gt; 
at /page-map[1]/sections[1]/page-section[2]/areas[1]/area[1]/modules[1]/module[6]
***********************
">
        <![CDATA[java.lang.AssertionError:
Module:[FF01]***********************
Expected CDATA section value 'On Film4' 
but was 'What's on Film4' - comparing <![CDATA[On Film4]]]]><![CDATA[> 
at /page-map[1]/sections[1]/page-section[1]/areas[1]/area[1]/modules[1]/module[1]/elementGroups[1]/element-group[1]/links[1]/link[1]/linkText[1]/text()[1] to <![CDATA[What's on Film4]]]]>
        <![CDATA[>
at /page-map[1]/sections[1]/page-section[1]/areas[1]/area[1]/modules[1]/module[1]/elementGroups[1]/element-group[1]/links[1]/link[1]/linkText[1]/text()[1]
***********************

Module:[FF01]***********************
Expected CDATA section value 'What's On Film4' 
but was 'What's on Film4' - comparing <![CDATA[What's On Film4]]]]><![CDATA[> 
at /page-map[1]/sections[1]/page-section[1]/areas[1]/area[1]/modules[1]/module[1]/elementGroups[1]/element-group[1]/textBlocks[1]/text-block[1]/text[1]/text()[1] to <![CDATA[What's on Film4]]]]>
        <![CDATA[>
at /page-map[1]/sections[1]/page-section[1]/areas[1]/area[1]/modules[1]/module[1]/elementGroups[1]/element-group[1]/textBlocks[1]/text-block[1]/text[1]/text()[1]
***********************

Module:[FF01]***********************
Expected CDATA section value 'http://test.film4.com/?epg-date=2012-11-14&module-id=300452670' 
but was 'http://test.film4.com/?epg-date=2012-11-15&module-id=300452670' - comparing <![CDATA[http://test.film4.com/?epg-date=2012-11-14&module-id=300452670]]]]>
        <![CDATA[>
at /page-map[1]/sections[1]/page-section[1]/areas[1]/area[1]/modules[1]/module[1]/elementGroups[1]/element-group[2]/links[1]/link[1]/href[1]/text()[1] to <![CDATA[http://test.film4.com/?epg-date=2012-11-15&module-id=300452670]]]]>
        <![CDATA[>
at /page-map[1]/sections[1]/page-section[1]/areas[1]/area[1]/modules[1]/module[1]/elementGroups[1]/element-group[2]/links[1]/link[1]/href[1]/text()[1]
***********************

Module:[FF01]***********************
Expected CDATA section value 'http://test.film4.com/?epg-date=2012-11-15&module-id=300452670' 
but was 'http://test.film4.com/?epg-date=2012-11-16&module-id=300452670' - comparing <![CDATA[http://test.film4.com/?epg-date=2012-11-15&module-id=300452670]]]]>
        <![CDATA[>
at /page-map[1]/sections[1]/page-section[1]/areas[1]/area[1]/modules[1]/module[1]/elementGroups[1]/element-group[2]/links[1]/link[2]/href[1]/text()[1] to <![CDATA[http://test.film4.com/?epg-date=2012-11-16&module-id=300452670]]]]>
        <![CDATA[>
at /page-map[1]/sections[1]/page-section[1]/areas[1]/area[1]/modules[1]/module[1]/elementGroups[1]/element-group[2]/links[1]/link[2]/href[1]/text()[1]
***********************

Module:[FF01]***********************
Expected CDATA section value 'http://test.film4.com/#' 
but was 'http://test.film4.com/?sdea#' - comparing <![CDATA[http://test.film4.com/#]]]]><![CDATA[> 
at /page-map[1]/sections[1]/page-section[1]/areas[1]/area[1]/modules[1]/module[1]/webElementSetComponentBeans[1]/element-group[1]/links[1]/link[1]/href[1]/text()[1] to <![CDATA[http://test.film4.com/?sdea#]]]]>
        <![CDATA[>
at /page-map[1]/sections[1]/page-section[1]/areas[1]/area[1]/modules[1]/module[1]/webElementSetComponentBeans[1]/element-group[1]/links[1]/link[1]/href[1]/text()[1]
***********************

Module:[FF01]***********************
Expected CDATA section value 'Night at the Museum 2' 
but was 'Volcano' - comparing <![CDATA[Night at the Museum 2]]]]><![CDATA[> 
at /page-map[1]/sections[1]/page-section[1]/areas[1]/area[1]/modules[1]/module[1]/webElementSetComponentBeans[1]/element-group[1]/links[1]/link[2]/linkText[1]/text()[1] to <![CDATA[Volcano]]]]>
        <![CDATA[>
at /page-map[1]/sections[1]/page-section[1]/areas[1]/area[1]/modules[1]/module[1]/webElementSetComponentBeans[1]/element-group[1]/links[1]/link[2]/linkText[1]/text()[1]
***********************

Module:[FF01]***********************
Expected CDATA section value 'http://test.film4.com/reviews/2009/night-at-the-museum-2' 
but was 'http://test.film4.com/reviews/1997/volcano' - comparing <![CDATA[http://test.film4.com/reviews/2009/night-at-the-museum-2]]]]>
        <![CDATA[>
at /page-map[1]/sections[1]/page-section[1]/areas[1]/area[1]/modules[1]/module[1]/webElementSetComponentBeans[1]/element-group[1]/links[1]/link[2]/href[1]/text()[1] to <![CDATA[http://test.film4.com/reviews/1997/volcano]]]]>
        <![CDATA[>
at /page-map[1]/sections[1]/page-section[1]/areas[1]/area[1]/modules[1]/module[1]/webElementSetComponentBeans[1]/element-group[1]/links[1]/link[2]/href[1]/text()[1]
***********************

Module:[FF01]***********************
Expected CDATA section value 'http://test.film4.com/reviews/2009/night-at-the-museum-2' 
but was 'http://test.film4.com/reviews/1997/volcano' - comparing <![CDATA[http://test.film4.com/reviews/2009/night-at-the-museum-2]]]]>
        <![CDATA[>
at /page-map[1]/sections[1]/page-section[1]/areas[1]/area[1]/modules[1]/module[1]/webElementSetComponentBeans[1]/element-group[1]/imageLinks[1]/picture-link[1]/href[1]/text()[1] to <![CDATA[http://test.film4.com/reviews/1997/volcano]]]]>
        <![CDATA[>
at /page-map[1]/sections[1]/page-section[1]/areas[1]/area[1]/modules[1]/module[1]/webElementSetComponentBeans[1]/element-group[1]/imageLinks[1]/picture-link[1]/href[1]/text()[1]
***********************

Module:[FF01]***********************
Expected CDATA section value 'http://test.film4.com/media/images/Film4/images/film/night-at-the-museum-battle-of-the-smithsonian-2009/night-at-the-museum-2-2009-01_MED.jpg' 
but was 'http://test.film4.com/media/images/Film4/images/V/volcano-1997-01_MED.jpg' - comparing <![CDATA[http://test.film4.com/media/images/Film4/images/film/night-at-the-museum-battle-of-the-smithsonian-2009/night-at-the-museum-2-2009-01_MED.jpg]]]]>
        <![CDATA[>
at /page-map[1]/sections[1]/page-section[1]/areas[1]/area[1]/modules[1]/module[1]/webElementSetComponentBeans[1]/element-group[1]/imageLinks[1]/picture-link[1]/src[1]/text()[1] to <![CDATA[http://test.film4.com/media/images/Film4/images/V/volcano-1997-01_MED.jpg]]]]>
        <![CDATA[>
at /page-map[1]/sections[1]/page-section[1]/areas[1]/area[1]/modules[1]/module[1]/webElementSetComponentBeans[1]/element-group[1]/imageLinks[1]/picture-link[1]/src[1]/text()[1]
***********************

Module:[FF01]***********************
Expected text value '101' 
but was '76' - comparing <height ...>101</height> 
at /page-map[1]/sections[1]/page-section[1]/areas[1]/area[1]/modules[1]/module[1]/webElementSetComponentBeans[1]/element-group[1]/imageLinks[1]/picture-link[1]/height[1]/text()[1] to <height ...>76</height> 
at /page-map[1]/sections[1]/page-section[1]/areas[1]/area[1]/modules[1]/module[1]/webElementSetComponentBeans[1]/element-group[1]/imageLinks[1]/picture-link[1]/height[1]/text()[1]
***********************

Module:[FF01]***********************
Expected CDATA section value 'Night at the Museum 2' 
but was 'Volcano' - comparing <![CDATA[Night at the Museum 2]]]]><![CDATA[> 
at /page-map[1]/sections[1]/page-section[1]/areas[1]/area[1]/modules[1]/module[1]/webElementSetComponentBeans[1]/element-group[1]/textBlocks[1]/text-block[1]/text[1]/text()[1] to <![CDATA[Volcano]]]]>
        <![CDATA[>
at /page-map[1]/sections[1]/page-section[1]/areas[1]/area[1]/modules[1]/module[1]/webElementSetComponentBeans[1]/element-group[1]/textBlocks[1]/text-block[1]/text[1]/text()[1]
***********************

Module:[FF01]***********************
Expected CDATA section value '6:55pm' 
but was '7:05pm' - comparing <![CDATA[6:55pm]]]]><![CDATA[> 
at /page-map[1]/sections[1]/page-section[1]/areas[1]/area[1]/modules[1]/module[1]/webElementSetComponentBeans[1]/element-group[1]/textBlocks[1]/text-block[2]/text[1]/text()[1] to <![CDATA[7:05pm]]]]>
        <![CDATA[>
at /page-map[1]/sections[1]/page-section[1]/areas[1]/area[1]/modules[1]/module[1]/webElementSetComponentBeans[1]/element-group[1]/textBlocks[1]/text-block[2]/text[1]/text()[1]
***********************

Module:[FF01]***********************
Expected number of child nodes '2' 
but was '3' - comparing <links...> 
at /page-map[1]/sections[1]/page-section[1]/areas[1]/area[1]/modules[1]/module[1]/webElementSetComponentBeans[1]/element-group[2]/links[1] to <links...> 
at /page-map[1]/sections[1]/page-section[1]/areas[1]/area[1]/modules[1]/module[1]/webElementSetComponentBeans[1]/element-group[2]/links[1]
***********************

Module:[FF01]***********************
Expected CDATA section value 'http://test.film4.com/#' 
but was 'http://test.film4.com/?sdea#' - comparing <![CDATA[http://test.film4.com/#]]]]><![CDATA[> 
at /page-map[1]/sections[1]/page-section[1]/areas[1]/area[1]/modules[1]/module[1]/webElementSetComponentBeans[1]/element-group[2]/links[1]/link[1]/href[1]/text()[1] to <![CDATA[http://test.film4.com/?sdea#]]]]>
        <![CDATA[>
at /page-map[1]/sections[1]/page-section[1]/areas[1]/area[1]/modules[1]/module[1]/webElementSetComponentBeans[1]/element-group[2]/links[1]/link[1]/href[1]/text()[1]
***********************

Module:[FF01]***********************
Expected CDATA section value 'Once Upon a Time in the Midlands' 
but was 'Brassed Off' - comparing <![CDATA[Once Upon a Time in the Midlands]]]]><![CDATA[> 
at /page-map[1]/sections[1]/page-section[1]/areas[1]/area[1]/modules[1]/module[1]/webElementSetComponentBeans[1]/element-group[2]/links[1]/link[2]/linkText[1]/text()[1] to <![CDATA[Brassed Off]]]]>
        <![CDATA[>
at /page-map[1]/sections[1]/page-section[1]/areas[1]/area[1]/modules[1]/module[1]/webElementSetComponentBeans[1]/element-group[2]/links[1]/link[2]/linkText[1]/text()[1]
***********************

Module:[FF01]***********************
Expected CDATA section value 'http://test.film4.com/reviews/2002/once-upon-a-time-in-the-midlands' 
but was 'http://test.film4.com/reviews/1996/brassed-off' - comparing <![CDATA[http://test.film4.com/reviews/2002/once-upon-a-time-in-the-midlands]]]]>
        <![CDATA[>
at /page-map[1]/sections[1]/page-section[1]/areas[1]/area[1]/modules[1]/module[1]/webElementSetComponentBeans[1]/element-group[2]/links[1]/link[2]/href[1]/text()[1] to <![CDATA[http://test.film4.com/reviews/1996/brassed-off]]]]>
        <![CDATA[>
at /page-map[1]/sections[1]/page-section[1]/areas[1]/area[1]/modules[1]/module[1]/webElementSetComponentBeans[1]/element-group[2]/links[1]/link[2]/href[1]/text()[1]
***********************

Module:[unknown]***********************
Expected presence of child node 'null' 
but was 'link' - comparing  at null to <link...> 
at /page-map[1]/sections[1]/page-section[1]/areas[1]/area[1]/modules[1]/module[1]/webElementSetComponentBeans[1]/element-group[2]/links[1]/link[3]
***********************

Module:[FF01]***********************
Expected CDATA section value 'http://test.film4.com/reviews/2002/once-upon-a-time-in-the-midlands' 
but was 'http://test.film4.com/reviews/1996/brassed-off' - comparing <![CDATA[http://test.film4.com/reviews/2002/once-upon-a-time-in-the-midlands]]]]>
        <![CDATA[>
at /page-map[1]/sections[1]/page-section[1]/areas[1]/area[1]/modules[1]/module[1]/webElementSetComponentBeans[1]/element-group[2]/imageLinks[1]/picture-link[1]/href[1]/text()[1] to <![CDATA[http://test.film4.com/reviews/1996/brassed-off]]]]>
        <![CDATA[>
at /page-map[1]/sections[1]/page-section[1]/areas[1]/area[1]/modules[1]/module[1]/webElementSetComponentBeans[1]/element-group[2]/imageLinks[1]/picture-link[1]/href[1]/text()[1]
***********************

Module:[FF01]***********************
Expected CDATA section value 'http://test.film4.com/media/images/Channel4/Film4/2000s/O/once-upon-a-time-in-the-midlands_MED.jpg' 
but was 'http://test.film4.com/media/images/Channel4/Film4/1990s/B/brassed-off_MED.jpg' - comparing <![CDATA[http://test.film4.com/media/images/Channel4/Film4/2000s/O/once-upon-a-time-in-the-midlands_MED.jpg]]]]>
        <![CDATA[>
at /page-map[1]/sections[1]/page-section[1]/areas[1]/area[1]/modules[1]/module[1]/webElementSetComponentBeans[1]/element-group[2]/imageLinks[1]/picture-link[1]/src[1]/text()[1] to <![CDATA[http://test.film4.com/media/images/Channel4/Film4/1990s/B/brassed-off_MED.jpg]]]]>
        <![CDATA[>
at /page-map[1]/sections[1]/page-section[1]/areas[1]/area[1]/modules[1]/module[1]/webElementSetComponentBeans[1]/element-group[2]/imageLinks[1]/picture-link[1]/src[1]/text()[1]
***********************

Module:[FF01]***********************
Expected number of child nodes '8' 
but was '9' - comparing <textBlocks...> 
at /page-map[1]/sections[1]/page-section[1]/areas[1]/area[1]/modules[1]/module[1]/webElementSetComponentBeans[1]/element-group[2]/textBlocks[1] to <textBlocks...> 
at /page-map[1]/sections[1]/page-section[1]/areas[1]/area[1]/modules[1]/module[1]/webElementSetComponentBeans[1]/element-group[2]/textBlocks[1]
***********************

Module:[FF01]***********************
Expected CDATA section value 'Once Upon a Time in the Midlands' 
but was 'Brassed Off' - comparing <![CDATA[Once Upon a Time in the Midlands]]]]><![CDATA[> 
at /page-map[1]/sections[1]/page-section[1]/areas[1]/area[1]/modules[1]/module[1]/webElementSetComponentBeans[1]/element-group[2]/textBlocks[1]/text-block[1]/text[1]/text()[1] to <![CDATA[Brassed Off]]]]>
        <![CDATA[>
at /page-map[1]/sections[1]/page-section[1]/areas[1]/area[1]/modules[1]/module[1]/webElementSetComponentBeans[1]/element-group[2]/textBlocks[1]/text-block[1]/text[1]/text()[1]
***********************

Module:[FF01]***********************
Expected CDATA section value 'channel-logos film4' 
but was 'rent' - comparing <![CDATA[channel-logos film4]]]]><![CDATA[> 
at /page-map[1]/sections[1]/page-section[1]/areas[1]/area[1]/modules[1]/module[1]/webElementSetComponentBeans[1]/element-group[2]/textBlocks[1]/text-block[7]/text[1]/text()[1] to <![CDATA[rent]]]]>
        <![CDATA[>
at /page-map[1]/sections[1]/page-section[1]/areas[1]/area[1]/modules[1]/module[1]/webElementSetComponentBeans[1]/element-group[2]/textBlocks[1]/text-block[7]/text[1]/text()[1]
***********************

Module:[FF01]***********************
Expected CDATA section value 'film4-productions' 
but was 'channel-logos film4' - comparing <![CDATA[film4-productions]]]]><![CDATA[> 
at /page-map[1]/sections[1]/page-section[1]/areas[1]/area[1]/modules[1]/module[1]/webElementSetComponentBeans[1]/element-group[2]/textBlocks[1]/text-block[8]/text[1]/text()[1] to <![CDATA[channel-logos film4]]]]>
        <![CDATA[>
at /page-map[1]/sections[1]/page-section[1]/areas[1]/area[1]/modules[1]/module[1]/webElementSetComponentBeans[1]/element-group[2]/textBlocks[1]/text-block[8]/text[1]/text()[1]
***********************

Module:[unknown]***********************
Expected presence of child node 'null' 
but was 'text-block' - comparing  at null to <text-block...> 
at /page-map[1]/sections[1]/page-section[1]/areas[1]/area[1]/modules[1]/module[1]/webElementSetComponentBeans[1]/element-group[2]/textBlocks[1]/text-block[9]
***********************

Module:[FF01]***********************
Expected number of child nodes '3' 
but was '2' - comparing <links...> 
at /page-map[1]/sections[1]/page-section[1]/areas[1]/area[1]/modules[1]/module[1]/webElementSetComponentBeans[1]/element-group[3]/links[1] to <links...> 
at /page-map[1]/sections[1]/page-section[1]/areas[1]/area[1]/modules[1]/module[1]/webElementSetComponentBeans[1]/element-group[3]/links[1]
***********************

Module:[FF01]***********************
Expected CDATA section value 'http://test.film4.com/#' 
but was 'http://test.film4.com/?sdea#' - comparing <![CDATA[http://test.film4.com/#]]]]><![CDATA[> 
at /page-map[1]/sections[1]/page-section[1]/areas[1]/area[1]/modules[1]/module[1]/webElementSetComponentBeans[1]/element-group[3]/links[1]/link[1]/href[1]/text()[1] to <![CDATA[http://test.film4.com/?sdea#]]]]>
        <![CDATA[>
at /page-map[1]/sections[1]/page-section[1]/areas[1]/area[1]/modules[1]/module[1]/webElementSetComponentBeans[1]/element-group[3]/links[1]/link[1]/href[1]/text()[1]
***********************

Module:[FF01]***********************
Expected CDATA section value 'The Scouting Book for Boys' 
but was 'Weekend' - comparing <![CDATA[The Scouting Book for Boys]]]]><![CDATA[> 
at /page-map[1]/sections[1]/page-section[1]/areas[1]/area[1]/modules[1]/module[1]/webElementSetComponentBeans[1]/element-group[3]/links[1]/link[2]/linkText[1]/text()[1] to <![CDATA[Weekend]]]]>
        <![CDATA[>
at /page-map[1]/sections[1]/page-section[1]/areas[1]/area[1]/modules[1]/module[1]/webElementSetComponentBeans[1]/element-group[3]/links[1]/link[2]/linkText[1]/text()[1]
***********************

Module:[FF01]***********************
Expected CDATA section value 'http://test.film4.com/reviews/2009/the-scouting-book-for-boys' 
but was 'http://test.film4.com/reviews/2011/weekend' - comparing <![CDATA[http://test.film4.com/reviews/2009/the-scouting-book-for-boys]]]]>
        <![CDATA[>
at /page-map[1]/sections[1]/page-section[1]/areas[1]/area[1]/modules[1]/module[1]/webElementSetComponentBeans[1]/element-group[3]/links[1]/link[2]/href[1]/text()[1] to <![CDATA[http://test.film4.com/reviews/2011/weekend]]]]>
        <![CDATA[>
at /page-map[1]/sections[1]/page-section[1]/areas[1]/area[1]/modules[1]/module[1]/webElementSetComponentBeans[1]/element-group[3]/links[1]/link[2]/href[1]/text()[1]
***********************

Module:[FF01]***********************
Expected presence of child nodes to be 'false' 
but was 'true' - comparing <linkText...> 
at /page-map[1]/sections[1]/page-section[1]/areas[1]/area[1]/modules[1]/module[1]/webElementSetComponentBeans[1]/element-group[3]/links[1]/link[3]/linkText[1] to <linkText...> 
at /page-map[1]/sections[1]/page-section[1]/areas[1]/area[1]/modules[1]/module[1]/webElementSetComponentBeans[1]/element-group[3]/links[1]/link[2]/linkText[1]
***********************

Module:[FF01]***********************
Expected CDATA section value 'http://film4od.film4.com/Basket.Handler?action=add&supplierReference=EP-00000783-01&offerId=11368' 
but was 'http://test.film4.com/reviews/2011/weekend' - comparing <![CDATA[http://film4od.film4.com/Basket.Handler?action=add&supplierReference=EP-00000783-01&offerId=11368]]]]>
        <![CDATA[>
at /page-map[1]/sections[1]/page-section[1]/areas[1]/area[1]/modules[1]/module[1]/webElementSetComponentBeans[1]/element-group[3]/links[1]/link[3]/href[1]/text()[1] to <![CDATA[http://test.film4.com/reviews/2011/weekend]]]]>
        <![CDATA[>
at /page-map[1]/sections[1]/page-section[1]/areas[1]/area[1]/modules[1]/module[1]/webElementSetComponentBeans[1]/element-group[3]/links[1]/link[2]/href[1]/text()[1]
***********************

Module:[FF01]***********************
Expected sequence of child nodes '2' 
but was '1' - comparing <link...> 
at /page-map[1]/sections[1]/page-section[1]/areas[1]/area[1]/modules[1]/module[1]/webElementSetComponentBeans[1]/element-group[3]/links[1]/link[3] to <link...> 
at /page-map[1]/sections[1]/page-section[1]/areas[1]/area[1]/modules[1]/module[1]/webElementSetComponentBeans[1]/element-group[3]/links[1]/link[2]
***********************

Module:[FF01]***********************
Expected CDATA section value 'http://test.film4.com/reviews/2009/the-scouting-book-for-boys' 
but was 'http://test.film4.com/reviews/2011/weekend' - comparing <![CDATA[http://test.film4.com/reviews/2009/the-scouting-book-for-boys]]]]>
        <![CDATA[>
at /page-map[1]/sections[1]/page-section[1]/areas[1]/area[1]/modules[1]/module[1]/webElementSetComponentBeans[1]/element-group[3]/imageLinks[1]/picture-link[1]/href[1]/text()[1] to <![CDATA[http://test.film4.com/reviews/2011/weekend]]]]>
        <![CDATA[>
at /page-map[1]/sections[1]/page-section[1]/areas[1]/area[1]/modules[1]/module[1]/webElementSetComponentBeans[1]/element-group[3]/imageLinks[1]/picture-link[1]/href[1]/text()[1]
***********************

Module:[FF01]***********************
Expected CDATA section value 'http://test.film4.com/media/images/Channel4/Film4/2000s/S/the-scouting-book-for-boys_MED.jpg' 
but was 'http://test.film4.com/media/images/Channel4/Film4/2010s/W/weekend_MED.jpg' - comparing <![CDATA[http://test.film4.com/media/images/Channel4/Film4/2000s/S/the-scouting-book-for-boys_MED.jpg]]]]>
        <![CDATA[>
at /page-map[1]/sections[1]/page-section[1]/areas[1]/area[1]/modules[1]/module[1]/webElementSetComponentBeans[1]/element-group[3]/imageLinks[1]/picture-link[1]/src[1]/text()[1] to <![CDATA[http://test.film4.com/media/images/Channel4/Film4/2010s/W/weekend_MED.jpg]]]]>
        <![CDATA[>
at /page-map[1]/sections[1]/page-section[1]/areas[1]/area[1]/modules[1]/module[1]/webElementSetComponentBeans[1]/element-group[3]/imageLinks[1]/picture-link[1]/src[1]/text()[1]
***********************

Module:[FF01]***********************
Expected number of child nodes '10' 
but was '8' - comparing <textBlocks...> 
at /page-map[1]/sections[1]/page-section[1]/areas[1]/area[1]/modules[1]/module[1]/webElementSetComponentBeans[1]/element-group[3]/textBlocks[1] to <textBlocks...> 
at /page-map[1]/sections[1]/page-section[1]/areas[1]/area[1]/modules[1]/module[1]/webElementSetComponentBeans[1]/element-group[3]/textBlocks[1]
***********************

Module:[FF01]***********************
Expected CDATA section value 'The Scouting Book for Boys' 
but was 'Weekend' - comparing <![CDATA[The Scouting Book for Boys]]]]><![CDATA[> 
at /page-map[1]/sections[1]/page-section[1]/areas[1]/area[1]/modules[1]/module[1]/webElementSetComponentBeans[1]/element-group[3]/textBlocks[1]/text-block[1]/text[1]/text()[1] to <![CDATA[Weekend]]]]>
        <![CDATA[>
at /page-map[1]/sections[1]/page-section[1]/areas[1]/area[1]/modules[1]/module[1]/webElementSetComponentBeans[1]/element-group[3]/textBlocks[1]/text-block[1]/text[1]/text()[1]
***********************

Module:[FF01]***********************
Expected CDATA section value '11:05pm' 
but was '11:10pm' - comparing <![CDATA[11:05pm]]]]><![CDATA[> 
at /page-map[1]/sections[1]/page-section[1]/areas[1]/area[1]/modules[1]/module[1]/webElementSetComponentBeans[1]/element-group[3]/textBlocks[1]/text-block[2]/text[1]/text()[1] to <![CDATA[11:10pm]]]]>
        <![CDATA[>
at /page-map[1]/sections[1]/page-section[1]/areas[1]/area[1]/modules[1]/module[1]/webElementSetComponentBeans[1]/element-group[3]/textBlocks[1]/text-block[2]/text[1]/text()[1]
***********************

Module:[FF01]***********************
Expected CDATA section value 'rent' 
but was 'channel-logos film4' - comparing <![CDATA[rent]]]]><![CDATA[> 
at /page-map[1]/sections[1]/page-section[1]/areas[1]/area[1]/modules[1]/module[1]/webElementSetComponentBeans[1]/element-group[3]/textBlocks[1]/text-block[8]/text[1]/text()[1] to <![CDATA[channel-logos film4]]]]>
        <![CDATA[>
at /page-map[1]/sections[1]/page-section[1]/areas[1]/area[1]/modules[1]/module[1]/webElementSetComponentBeans[1]/element-group[3]/textBlocks[1]/text-block[8]/text[1]/text()[1]
***********************

Module:[FF01]***********************
Expected sequence of child nodes '8' 
but was '7' - comparing <text-block...> 
at /page-map[1]/sections[1]/page-section[1]/areas[1]/area[1]/modules[1]/module[1]/webElementSetComponentBeans[1]/element-group[3]/textBlocks[1]/text-block[9] to <text-block...> 
at /page-map[1]/sections[1]/page-section[1]/areas[1]/area[1]/modules[1]/module[1]/webElementSetComponentBeans[1]/element-group[3]/textBlocks[1]/text-block[8]
***********************

Module:[FF01]***********************
Expected CDATA section value 'film4-productions' 
but was 'channel-logos film4' - comparing <![CDATA[film4-productions]]]]><![CDATA[> 
at /page-map[1]/sections[1]/page-section[1]/areas[1]/area[1]/modules[1]/module[1]/webElementSetComponentBeans[1]/element-group[3]/textBlocks[1]/text-block[10]/text[1]/text()[1] to <![CDATA[channel-logos film4]]]]>
        <![CDATA[>
at /page-map[1]/sections[1]/page-section[1]/areas[1]/area[1]/modules[1]/module[1]/webElementSetComponentBeans[1]/element-group[3]/textBlocks[1]/text-block[8]/text[1]/text()[1]
***********************

Module:[FF01]***********************
Expected sequence of child nodes '9' 
but was '7' - comparing <text-block...> 
at /page-map[1]/sections[1]/page-section[1]/areas[1]/area[1]/modules[1]/module[1]/webElementSetComponentBeans[1]/element-group[3]/textBlocks[1]/text-block[10] to <text-block...> 
at /page-map[1]/sections[1]/page-section[1]/areas[1]/area[1]/modules[1]/module[1]/webElementSetComponentBeans[1]/element-group[3]/textBlocks[1]/text-block[8]
***********************

Module:[FL01-default]***********************
Expected CDATA section value 'http://test.film4.com/#' 
but was 'http://test.film4.com/?sdea#' - comparing <![CDATA[http://test.film4.com/#]]]]><![CDATA[> 
at /page-map[1]/sections[1]/page-section[1]/areas[1]/area[2]/modules[1]/module[1]/webElementSetComponentBeans[1]/element-group[1]/links[1]/link[1]/href[1]/text()[1] to <![CDATA[http://test.film4.com/?sdea#]]]]>
        <![CDATA[>
at /page-map[1]/sections[1]/page-section[1]/areas[1]/area[2]/modules[1]/module[1]/webElementSetComponentBeans[1]/element-group[1]/links[1]/link[1]/href[1]/text()[1]
***********************

Module:[FL01-default]***********************
Expected CDATA section value 'http://test.film4.com/#' 
but was 'http://test.film4.com/?sdea#' - comparing <![CDATA[http://test.film4.com/#]]]]><![CDATA[> 
at /page-map[1]/sections[1]/page-section[1]/areas[1]/area[2]/modules[1]/module[1]/webElementSetComponentBeans[1]/element-group[2]/links[1]/link[1]/href[1]/text()[1] to <![CDATA[http://test.film4.com/?sdea#]]]]>
        <![CDATA[>
at /page-map[1]/sections[1]/page-section[1]/areas[1]/area[2]/modules[1]/module[1]/webElementSetComponentBeans[1]/element-group[2]/links[1]/link[1]/href[1]/text()[1]
***********************

Module:[FL01-default]***********************
Expected CDATA section value 'Submarine updates' 
but was 'The Bank Job' - comparing <![CDATA[Submarine updates]]]]><![CDATA[> 
at /page-map[1]/sections[1]/page-section[1]/areas[1]/area[2]/modules[1]/module[1]/webElementSetComponentBeans[1]/element-group[2]/links[1]/link[2]/linkText[1]/text()[1] to <![CDATA[The Bank Job]]]]>
        <![CDATA[>
at /page-map[1]/sections[1]/page-section[1]/areas[1]/area[2]/modules[1]/module[1]/webElementSetComponentBeans[1]/element-group[2]/links[1]/link[2]/linkText[1]/text()[1]
***********************

Module:[FL01-default]***********************
Expected CDATA section value 'http://test.film4.com/reviews/2010/submarine' 
but was 'http://test.film4.com/reviews/2008/the-bank-job' - comparing <![CDATA[http://test.film4.com/reviews/2010/submarine]]]]>
        <![CDATA[>
at /page-map[1]/sections[1]/page-section[1]/areas[1]/area[2]/modules[1]/module[1]/webElementSetComponentBeans[1]/element-group[2]/links[1]/link[2]/href[1]/text()[1] to <![CDATA[http://test.film4.com/reviews/2008/the-bank-job]]]]>
        <![CDATA[>
at /page-map[1]/sections[1]/page-section[1]/areas[1]/area[2]/modules[1]/module[1]/webElementSetComponentBeans[1]/element-group[2]/links[1]/link[2]/href[1]/text()[1]
***********************

Module:[FL01-default]***********************
Expected CDATA section value 'http://test.film4.com/reviews/2010/submarine' 
but was 'http://test.film4.com/reviews/2008/the-bank-job' - comparing <![CDATA[http://test.film4.com/reviews/2010/submarine]]]]>
        <![CDATA[>
at /page-map[1]/sections[1]/page-section[1]/areas[1]/area[2]/modules[1]/module[1]/webElementSetComponentBeans[1]/element-group[2]/imageLinks[1]/picture-link[1]/href[1]/text()[1] to <![CDATA[http://test.film4.com/reviews/2008/the-bank-job]]]]>
        <![CDATA[>
at /page-map[1]/sections[1]/page-section[1]/areas[1]/area[2]/modules[1]/module[1]/webElementSetComponentBeans[1]/element-group[2]/imageLinks[1]/picture-link[1]/href[1]/text()[1]
***********************

Module:[FL01-default]***********************
Expected CDATA section value 'http://test.film4.com/media/images/Channel4/Film4/2010s/S/submarine_MED.jpg' 
but was 'http://test.film4.com/media/images/Channel4/Film4/2000s/B/the-bank-job_MED.jpg' - comparing <![CDATA[http://test.film4.com/media/images/Channel4/Film4/2010s/S/submarine_MED.jpg]]]]>
        <![CDATA[>
at /page-map[1]/sections[1]/page-section[1]/areas[1]/area[2]/modules[1]/module[1]/webElementSetComponentBeans[1]/element-group[2]/imageLinks[1]/picture-link[1]/src[1]/text()[1] to <![CDATA[http://test.film4.com/media/images/Channel4/Film4/2000s/B/the-bank-job_MED.jpg]]]]>
        <![CDATA[>
at /page-map[1]/sections[1]/page-section[1]/areas[1]/area[2]/modules[1]/module[1]/webElementSetComponentBeans[1]/element-group[2]/imageLinks[1]/picture-link[1]/src[1]/text()[1]
***********************

Module:[FL01-default]***********************
Expected number of child nodes '2' 
but was '4' - comparing <textBlocks...> 
at /page-map[1]/sections[1]/page-section[1]/areas[1]/area[2]/modules[1]/module[1]/webElementSetComponentBeans[1]/element-group[2]/textBlocks[1] to <textBlocks...> 
at /page-map[1]/sections[1]/page-section[1]/areas[1]/area[2]/modules[1]/module[1]/webElementSetComponentBeans[1]/element-group[2]/textBlocks[1]
***********************

Module:[FL01-default]***********************
Expected text value 'h3' 
but was 'p' - comparing <tag ...>h3</tag> 
at /page-map[1]/sections[1]/page-section[1]/areas[1]/area[2]/modules[1]/module[1]/webElementSetComponentBeans[1]/element-group[2]/textBlocks[1]/text-block[2]/tag[1]/text()[1] to <tag ...>p</tag> 
at /page-map[1]/sections[1]/page-section[1]/areas[1]/area[2]/modules[1]/module[1]/webElementSetComponentBeans[1]/element-group[2]/textBlocks[1]/text-block[2]/tag[1]/text()[1]
***********************

Module:[FL01-default]***********************
Expected CDATA section value 'Submarine updates' 
but was 'On Film4: 16 Nov 9:0PM' - comparing <![CDATA[Submarine updates]]]]><![CDATA[> 
at /page-map[1]/sections[1]/page-section[1]/areas[1]/area[2]/modules[1]/module[1]/webElementSetComponentBeans[1]/element-group[2]/textBlocks[1]/text-block[2]/text[1]/text()[1] to <![CDATA[On Film4: 16 Nov 9:0PM]]]]>
        <![CDATA[>
at /page-map[1]/sections[1]/page-section[1]/areas[1]/area[2]/modules[1]/module[1]/webElementSetComponentBeans[1]/element-group[2]/textBlocks[1]/text-block[2]/text[1]/text()[1]
***********************

Module:[unknown]***********************
Expected presence of child node 'null' 
but was 'text-block' - comparing  at null to <text-block...> 
at /page-map[1]/sections[1]/page-section[1]/areas[1]/area[2]/modules[1]/module[1]/webElementSetComponentBeans[1]/element-group[2]/textBlocks[1]/text-block[3]
***********************

Module:[unknown]***********************
Expected presence of child node 'null' 
but was 'text-block' - comparing  at null to <text-block...> 
at /page-map[1]/sections[1]/page-section[1]/areas[1]/area[2]/modules[1]/module[1]/webElementSetComponentBeans[1]/element-group[2]/textBlocks[1]/text-block[4]
***********************

Module:[FL01-default]***********************
Expected CDATA section value 'http://test.film4.com/#' 
but was 'http://test.film4.com/?sdea#' - comparing <![CDATA[http://test.film4.com/#]]]]><![CDATA[> 
at /page-map[1]/sections[1]/page-section[1]/areas[1]/area[2]/modules[1]/module[1]/webElementSetComponentBeans[1]/element-group[3]/links[1]/link[1]/href[1]/text()[1] to <![CDATA[http://test.film4.com/?sdea#]]]]>
        <![CDATA[>
at /page-map[1]/sections[1]/page-section[1]/areas[1]/area[2]/modules[1]/module[1]/webElementSetComponentBeans[1]/element-group[3]/links[1]/link[1]/href[1]/text()[1]
***********************

Module:[FL01-productions]***********************
Expected CDATA section value 'http://test.film4.com/#' 
but was 'http://test.film4.com/?sdea#' - comparing <![CDATA[http://test.film4.com/#]]]]><![CDATA[> 
at /page-map[1]/sections[1]/page-section[1]/areas[1]/area[2]/modules[1]/module[2]/webElementSetComponentBeans[1]/element-group[3]/links[1]/link[1]/href[1]/text()[1] to <![CDATA[http://test.film4.com/?sdea#]]]]>
        <![CDATA[>
at /page-map[1]/sections[1]/page-section[1]/areas[1]/area[2]/modules[1]/module[2]/webElementSetComponentBeans[1]/element-group[3]/links[1]/link[1]/href[1]/text()[1]
***********************

Module:[]***********************
Expected number of child nodes '7' 
but was '6' - comparing <modules...> 
at /page-map[1]/sections[1]/page-section[2]/areas[1]/area[1]/modules[1] to <modules...> 
at /page-map[1]/sections[1]/page-section[2]/areas[1]/area[1]/modules[1]
***********************

Module:[]***********************
Expected number of child nodes '2' 
but was '3' - comparing <module...> 
at /page-map[1]/sections[1]/page-section[2]/areas[1]/area[1]/modules[1]/module[7] to <module...> 
at /page-map[1]/sections[1]/page-section[2]/areas[1]/area[1]/modules[1]/module[6]
***********************

Module:[FL01-carousel]***********************
Expected text value 'FL01-carousel' 
but was 'FL01-special-feature' - comparing <name ...>FL01-carousel</name> 
at /page-map[1]/sections[1]/page-section[2]/areas[1]/area[1]/modules[1]/module[7]/name[1]/text()[1] to <name ...>FL01-special-feature</name> 
at /page-map[1]/sections[1]/page-section[2]/areas[1]/area[1]/modules[1]/module[6]/name[1]/text()[1]
***********************

Module:[FL01-carousel]***********************
Expected CDATA section value 'Recommendations' 
but was 'Link To Blogs' - comparing <![CDATA[Recommendations]]]]><![CDATA[> 
at /page-map[1]/sections[1]/page-section[2]/areas[1]/area[1]/modules[1]/module[7]/elementGroups[1]/element-group[1]/textBlocks[1]/text-block[1]/text[1]/text()[1] to <![CDATA[Link To Blogs]]]]>
        <![CDATA[>
at /page-map[1]/sections[1]/page-section[2]/areas[1]/area[1]/modules[1]/module[6]/elementGroups[1]/element-group[1]/textBlocks[1]/text-block[1]/text[1]/text()[1]
***********************

Module:[unknown]***********************
Expected presence of child node 'null' 
but was 'webElementSetComponentBeans' - comparing  at null to <webElementSetComponentBeans...> 
at /page-map[1]/sections[1]/page-section[2]/areas[1]/area[1]/modules[1]/module[6]/webElementSetComponentBeans[1]
***********************

Module:[]***********************
Expected sequence of child nodes '6' 
but was '5' - comparing <module...> 
at /page-map[1]/sections[1]/page-section[2]/areas[1]/area[1]/modules[1]/module[7] to <module...> 
at /page-map[1]/sections[1]/page-section[2]/areas[1]/area[1]/modules[1]/module[6]
***********************

	at org.testng.Assert.fail(Assert.java:89)
	at com.sharpqa.comparesolution.test.ComparisonTest.testXMLPageObjectMapAgainstExpeted(ComparisonTest.java:54)
	at sun.reflect.NativeMethodAccessorImpl.invoke0(Native Method)
	at sun.reflect.NativeMethodAccessorImpl.invoke(NativeMethodAccessorImpl.java:39)
	at sun.reflect.DelegatingMethodAccessorImpl.invoke(DelegatingMethodAccessorImpl.java:25)
	at java.lang.reflect.Method.invoke(Method.java:597)
	at org.testng.internal.MethodInvocationHelper.invokeMethod(MethodInvocationHelper.java:80)
	at org.testng.internal.InvokeMethodRunnable.runOne(InvokeMethodRunnable.java:46)
	at org.testng.internal.InvokeMethodRunnable.run(InvokeMethodRunnable.java:37)
	at java.util.concurrent.Executors$RunnableAdapter.call(Executors.java:441)
	at java.util.concurrent.FutureTask$Sync.innerRun(FutureTask.java:303)
	at java.util.concurrent.FutureTask.run(FutureTask.java:138)
	at java.util.concurrent.ThreadPoolExecutor$Worker.runTask(ThreadPoolExecutor.java:886)
	at java.util.concurrent.ThreadPoolExecutor$Worker.run(ThreadPoolExecutor.java:908)
	at java.lang.Thread.run(Thread.java:662)
]]>
    </error>
  </testcase>
  <testcase name="testXMLPageObjectMapAgainstExpeted" time="11.822" classname="com.sharpqa.comparesolution.test.ComparisonTest">
    <error type="java.lang.AssertionError" message="
Module:[FL01-grid]***********************
Expected CDATA section value &#039;http://test.film4.com/landing-grids-leftmiddle2#&#039; 
but was &#039;http://test.film4.com/landing-grids-leftmiddle2?a3d#&#039; - comparing &lt;![CDATA[http://test.film4.com/landing-grids-leftmiddle2#]]&gt; 
at /page-map[1]/sections[1]/page-section[1]/areas[1]/area[1]/modules[1]/module[1]/webElementSetComponentBeans[1]/element-group[2]/links[1]/link[1]/href[1]/text()[1] to &lt;![CDATA[http://test.film4.com/landing-grids-leftmiddle2?a3d#]]&gt; 
at /page-map[1]/sections[1]/page-section[1]/areas[1]/area[1]/modules[1]/module[1]/webElementSetComponentBeans[1]/element-group[2]/links[1]/link[1]/href[1]/text()[1]
***********************

Module:[FL01-grid]***********************
Expected CDATA section value &#039;http://test.film4.com/landing-grids-leftmiddle2#&#039; 
but was &#039;http://test.film4.com/landing-grids-leftmiddle2?a3d#&#039; - comparing &lt;![CDATA[http://test.film4.com/landing-grids-leftmiddle2#]]&gt; 
at /page-map[1]/sections[1]/page-section[1]/areas[1]/area[1]/modules[1]/module[1]/webElementSetComponentBeans[1]/element-group[3]/links[1]/link[1]/href[1]/text()[1] to &lt;![CDATA[http://test.film4.com/landing-grids-leftmiddle2?a3d#]]&gt; 
at /page-map[1]/sections[1]/page-section[1]/areas[1]/area[1]/modules[1]/module[1]/webElementSetComponentBeans[1]/element-group[3]/links[1]/link[1]/href[1]/text()[1]
***********************

Module:[FL01-grid]***********************
Expected CDATA section value &#039;http://test.film4.com/landing-grids-leftmiddle2#&#039; 
but was &#039;http://test.film4.com/landing-grids-leftmiddle2?a3d#&#039; - comparing &lt;![CDATA[http://test.film4.com/landing-grids-leftmiddle2#]]&gt; 
at /page-map[1]/sections[1]/page-section[1]/areas[1]/area[1]/modules[1]/module[1]/webElementSetComponentBeans[1]/element-group[4]/links[1]/link[1]/href[1]/text()[1] to &lt;![CDATA[http://test.film4.com/landing-grids-leftmiddle2?a3d#]]&gt; 
at /page-map[1]/sections[1]/page-section[1]/areas[1]/area[1]/modules[1]/module[1]/webElementSetComponentBeans[1]/element-group[4]/links[1]/link[1]/href[1]/text()[1]
***********************

Module:[FL01-grid]***********************
Expected CDATA section value &#039;http://test.film4.com/landing-grids-leftmiddle2#&#039; 
but was &#039;http://test.film4.com/landing-grids-leftmiddle2?a3d#&#039; - comparing &lt;![CDATA[http://test.film4.com/landing-grids-leftmiddle2#]]&gt; 
at /page-map[1]/sections[1]/page-section[1]/areas[1]/area[1]/modules[1]/module[2]/webElementSetComponentBeans[1]/element-group[2]/links[1]/link[1]/href[1]/text()[1] to &lt;![CDATA[http://test.film4.com/landing-grids-leftmiddle2?a3d#]]&gt; 
at /page-map[1]/sections[1]/page-section[1]/areas[1]/area[1]/modules[1]/module[2]/webElementSetComponentBeans[1]/element-group[2]/links[1]/link[1]/href[1]/text()[1]
***********************

Module:[FL01-grid]***********************
Expected CDATA section value &#039;http://test.film4.com/landing-grids-leftmiddle2#&#039; 
but was &#039;http://test.film4.com/landing-grids-leftmiddle2?a3d#&#039; - comparing &lt;![CDATA[http://test.film4.com/landing-grids-leftmiddle2#]]&gt; 
at /page-map[1]/sections[1]/page-section[1]/areas[1]/area[1]/modules[1]/module[2]/webElementSetComponentBeans[1]/element-group[3]/links[1]/link[1]/href[1]/text()[1] to &lt;![CDATA[http://test.film4.com/landing-grids-leftmiddle2?a3d#]]&gt; 
at /page-map[1]/sections[1]/page-section[1]/areas[1]/area[1]/modules[1]/module[2]/webElementSetComponentBeans[1]/element-group[3]/links[1]/link[1]/href[1]/text()[1]
***********************

Module:[FL01-grid]***********************
Expected CDATA section value &#039;http://test.film4.com/landing-grids-leftmiddle2#&#039; 
but was &#039;http://test.film4.com/landing-grids-leftmiddle2?a3d#&#039; - comparing &lt;![CDATA[http://test.film4.com/landing-grids-leftmiddle2#]]&gt; 
at /page-map[1]/sections[1]/page-section[1]/areas[1]/area[1]/modules[1]/module[2]/webElementSetComponentBeans[1]/element-group[4]/links[1]/link[1]/href[1]/text()[1] to &lt;![CDATA[http://test.film4.com/landing-grids-leftmiddle2?a3d#]]&gt; 
at /page-map[1]/sections[1]/page-section[1]/areas[1]/area[1]/modules[1]/module[2]/webElementSetComponentBeans[1]/element-group[4]/links[1]/link[1]/href[1]/text()[1]
***********************

Module:[SN02]***********************
Expected CDATA section value &#039;http://test.film4.com/landing-grids-leftmiddle2#&#039; 
but was &#039;http://test.film4.com/landing-grids-leftmiddle2?a3d#&#039; - comparing &lt;![CDATA[http://test.film4.com/landing-grids-leftmiddle2#]]&gt; 
at /page-map[1]/sections[1]/page-section[2]/areas[1]/area[1]/modules[1]/module[3]/webElementSetComponentBeans[1]/element-group[1]/imageLinks[1]/picture-link[1]/href[1]/text()[1] to &lt;![CDATA[http://test.film4.com/landing-grids-leftmiddle2?a3d#]]&gt; 
at /page-map[1]/sections[1]/page-section[2]/areas[1]/area[1]/modules[1]/module[3]/webElementSetComponentBeans[1]/element-group[1]/imageLinks[1]/picture-link[1]/href[1]/text()[1]
***********************

Module:[SN02]***********************
Expected CDATA section value &#039;http://test.film4.com/landing-grids-leftmiddle2#&#039; 
but was &#039;http://test.film4.com/landing-grids-leftmiddle2?a3d#&#039; - comparing &lt;![CDATA[http://test.film4.com/landing-grids-leftmiddle2#]]&gt; 
at /page-map[1]/sections[1]/page-section[2]/areas[1]/area[1]/modules[1]/module[3]/webElementSetComponentBeans[1]/element-group[1]/imageLinks[1]/picture-link[2]/href[1]/text()[1] to &lt;![CDATA[http://test.film4.com/landing-grids-leftmiddle2?a3d#]]&gt; 
at /page-map[1]/sections[1]/page-section[2]/areas[1]/area[1]/modules[1]/module[3]/webElementSetComponentBeans[1]/element-group[1]/imageLinks[1]/picture-link[2]/href[1]/text()[1]
***********************

Module:[SN02]***********************
Expected CDATA section value &#039;http://test.film4.com/landing-grids-leftmiddle2#&#039; 
but was &#039;http://test.film4.com/landing-grids-leftmiddle2?a3d#&#039; - comparing &lt;![CDATA[http://test.film4.com/landing-grids-leftmiddle2#]]&gt; 
at /page-map[1]/sections[1]/page-section[2]/areas[1]/area[1]/modules[1]/module[3]/webElementSetComponentBeans[1]/element-group[1]/imageLinks[1]/picture-link[3]/href[1]/text()[1] to &lt;![CDATA[http://test.film4.com/landing-grids-leftmiddle2?a3d#]]&gt; 
at /page-map[1]/sections[1]/page-section[2]/areas[1]/area[1]/modules[1]/module[3]/webElementSetComponentBeans[1]/element-group[1]/imageLinks[1]/picture-link[3]/href[1]/text()[1]
***********************

Module:[SN02]***********************
Expected CDATA section value &#039;http://test.film4.com/landing-grids-leftmiddle2#&#039; 
but was &#039;http://test.film4.com/landing-grids-leftmiddle2?a3d#&#039; - comparing &lt;![CDATA[http://test.film4.com/landing-grids-leftmiddle2#]]&gt; 
at /page-map[1]/sections[1]/page-section[2]/areas[1]/area[1]/modules[1]/module[3]/webElementSetComponentBeans[1]/element-group[1]/imageLinks[1]/picture-link[4]/href[1]/text()[1] to &lt;![CDATA[http://test.film4.com/landing-grids-leftmiddle2?a3d#]]&gt; 
at /page-map[1]/sections[1]/page-section[2]/areas[1]/area[1]/modules[1]/module[3]/webElementSetComponentBeans[1]/element-group[1]/imageLinks[1]/picture-link[4]/href[1]/text()[1]
***********************
">
        <![CDATA[java.lang.AssertionError:
Module:[FL01-grid]***********************
Expected CDATA section value 'http://test.film4.com/landing-grids-leftmiddle2#' 
but was 'http://test.film4.com/landing-grids-leftmiddle2?a3d#' - comparing <![CDATA[http://test.film4.com/landing-grids-leftmiddle2#]]]]>
        <![CDATA[>
at /page-map[1]/sections[1]/page-section[1]/areas[1]/area[1]/modules[1]/module[1]/webElementSetComponentBeans[1]/element-group[2]/links[1]/link[1]/href[1]/text()[1] to <![CDATA[http://test.film4.com/landing-grids-leftmiddle2?a3d#]]]]>
        <![CDATA[>
at /page-map[1]/sections[1]/page-section[1]/areas[1]/area[1]/modules[1]/module[1]/webElementSetComponentBeans[1]/element-group[2]/links[1]/link[1]/href[1]/text()[1]
***********************

Module:[FL01-grid]***********************
Expected CDATA section value 'http://test.film4.com/landing-grids-leftmiddle2#' 
but was 'http://test.film4.com/landing-grids-leftmiddle2?a3d#' - comparing <![CDATA[http://test.film4.com/landing-grids-leftmiddle2#]]]]>
        <![CDATA[>
at /page-map[1]/sections[1]/page-section[1]/areas[1]/area[1]/modules[1]/module[1]/webElementSetComponentBeans[1]/element-group[3]/links[1]/link[1]/href[1]/text()[1] to <![CDATA[http://test.film4.com/landing-grids-leftmiddle2?a3d#]]]]>
        <![CDATA[>
at /page-map[1]/sections[1]/page-section[1]/areas[1]/area[1]/modules[1]/module[1]/webElementSetComponentBeans[1]/element-group[3]/links[1]/link[1]/href[1]/text()[1]
***********************

Module:[FL01-grid]***********************
Expected CDATA section value 'http://test.film4.com/landing-grids-leftmiddle2#' 
but was 'http://test.film4.com/landing-grids-leftmiddle2?a3d#' - comparing <![CDATA[http://test.film4.com/landing-grids-leftmiddle2#]]]]>
        <![CDATA[>
at /page-map[1]/sections[1]/page-section[1]/areas[1]/area[1]/modules[1]/module[1]/webElementSetComponentBeans[1]/element-group[4]/links[1]/link[1]/href[1]/text()[1] to <![CDATA[http://test.film4.com/landing-grids-leftmiddle2?a3d#]]]]>
        <![CDATA[>
at /page-map[1]/sections[1]/page-section[1]/areas[1]/area[1]/modules[1]/module[1]/webElementSetComponentBeans[1]/element-group[4]/links[1]/link[1]/href[1]/text()[1]
***********************

Module:[FL01-grid]***********************
Expected CDATA section value 'http://test.film4.com/landing-grids-leftmiddle2#' 
but was 'http://test.film4.com/landing-grids-leftmiddle2?a3d#' - comparing <![CDATA[http://test.film4.com/landing-grids-leftmiddle2#]]]]>
        <![CDATA[>
at /page-map[1]/sections[1]/page-section[1]/areas[1]/area[1]/modules[1]/module[2]/webElementSetComponentBeans[1]/element-group[2]/links[1]/link[1]/href[1]/text()[1] to <![CDATA[http://test.film4.com/landing-grids-leftmiddle2?a3d#]]]]>
        <![CDATA[>
at /page-map[1]/sections[1]/page-section[1]/areas[1]/area[1]/modules[1]/module[2]/webElementSetComponentBeans[1]/element-group[2]/links[1]/link[1]/href[1]/text()[1]
***********************

Module:[FL01-grid]***********************
Expected CDATA section value 'http://test.film4.com/landing-grids-leftmiddle2#' 
but was 'http://test.film4.com/landing-grids-leftmiddle2?a3d#' - comparing <![CDATA[http://test.film4.com/landing-grids-leftmiddle2#]]]]>
        <![CDATA[>
at /page-map[1]/sections[1]/page-section[1]/areas[1]/area[1]/modules[1]/module[2]/webElementSetComponentBeans[1]/element-group[3]/links[1]/link[1]/href[1]/text()[1] to <![CDATA[http://test.film4.com/landing-grids-leftmiddle2?a3d#]]]]>
        <![CDATA[>
at /page-map[1]/sections[1]/page-section[1]/areas[1]/area[1]/modules[1]/module[2]/webElementSetComponentBeans[1]/element-group[3]/links[1]/link[1]/href[1]/text()[1]
***********************

Module:[FL01-grid]***********************
Expected CDATA section value 'http://test.film4.com/landing-grids-leftmiddle2#' 
but was 'http://test.film4.com/landing-grids-leftmiddle2?a3d#' - comparing <![CDATA[http://test.film4.com/landing-grids-leftmiddle2#]]]]>
        <![CDATA[>
at /page-map[1]/sections[1]/page-section[1]/areas[1]/area[1]/modules[1]/module[2]/webElementSetComponentBeans[1]/element-group[4]/links[1]/link[1]/href[1]/text()[1] to <![CDATA[http://test.film4.com/landing-grids-leftmiddle2?a3d#]]]]>
        <![CDATA[>
at /page-map[1]/sections[1]/page-section[1]/areas[1]/area[1]/modules[1]/module[2]/webElementSetComponentBeans[1]/element-group[4]/links[1]/link[1]/href[1]/text()[1]
***********************

Module:[SN02]***********************
Expected CDATA section value 'http://test.film4.com/landing-grids-leftmiddle2#' 
but was 'http://test.film4.com/landing-grids-leftmiddle2?a3d#' - comparing <![CDATA[http://test.film4.com/landing-grids-leftmiddle2#]]]]>
        <![CDATA[>
at /page-map[1]/sections[1]/page-section[2]/areas[1]/area[1]/modules[1]/module[3]/webElementSetComponentBeans[1]/element-group[1]/imageLinks[1]/picture-link[1]/href[1]/text()[1] to <![CDATA[http://test.film4.com/landing-grids-leftmiddle2?a3d#]]]]>
        <![CDATA[>
at /page-map[1]/sections[1]/page-section[2]/areas[1]/area[1]/modules[1]/module[3]/webElementSetComponentBeans[1]/element-group[1]/imageLinks[1]/picture-link[1]/href[1]/text()[1]
***********************

Module:[SN02]***********************
Expected CDATA section value 'http://test.film4.com/landing-grids-leftmiddle2#' 
but was 'http://test.film4.com/landing-grids-leftmiddle2?a3d#' - comparing <![CDATA[http://test.film4.com/landing-grids-leftmiddle2#]]]]>
        <![CDATA[>
at /page-map[1]/sections[1]/page-section[2]/areas[1]/area[1]/modules[1]/module[3]/webElementSetComponentBeans[1]/element-group[1]/imageLinks[1]/picture-link[2]/href[1]/text()[1] to <![CDATA[http://test.film4.com/landing-grids-leftmiddle2?a3d#]]]]>
        <![CDATA[>
at /page-map[1]/sections[1]/page-section[2]/areas[1]/area[1]/modules[1]/module[3]/webElementSetComponentBeans[1]/element-group[1]/imageLinks[1]/picture-link[2]/href[1]/text()[1]
***********************

Module:[SN02]***********************
Expected CDATA section value 'http://test.film4.com/landing-grids-leftmiddle2#' 
but was 'http://test.film4.com/landing-grids-leftmiddle2?a3d#' - comparing <![CDATA[http://test.film4.com/landing-grids-leftmiddle2#]]]]>
        <![CDATA[>
at /page-map[1]/sections[1]/page-section[2]/areas[1]/area[1]/modules[1]/module[3]/webElementSetComponentBeans[1]/element-group[1]/imageLinks[1]/picture-link[3]/href[1]/text()[1] to <![CDATA[http://test.film4.com/landing-grids-leftmiddle2?a3d#]]]]>
        <![CDATA[>
at /page-map[1]/sections[1]/page-section[2]/areas[1]/area[1]/modules[1]/module[3]/webElementSetComponentBeans[1]/element-group[1]/imageLinks[1]/picture-link[3]/href[1]/text()[1]
***********************

Module:[SN02]***********************
Expected CDATA section value 'http://test.film4.com/landing-grids-leftmiddle2#' 
but was 'http://test.film4.com/landing-grids-leftmiddle2?a3d#' - comparing <![CDATA[http://test.film4.com/landing-grids-leftmiddle2#]]]]>
        <![CDATA[>
at /page-map[1]/sections[1]/page-section[2]/areas[1]/area[1]/modules[1]/module[3]/webElementSetComponentBeans[1]/element-group[1]/imageLinks[1]/picture-link[4]/href[1]/text()[1] to <![CDATA[http://test.film4.com/landing-grids-leftmiddle2?a3d#]]]]>
        <![CDATA[>
at /page-map[1]/sections[1]/page-section[2]/areas[1]/area[1]/modules[1]/module[3]/webElementSetComponentBeans[1]/element-group[1]/imageLinks[1]/picture-link[4]/href[1]/text()[1]
***********************

	at org.testng.Assert.fail(Assert.java:89)
	at com.sharpqa.comparesolution.test.ComparisonTest.testXMLPageObjectMapAgainstExpeted(ComparisonTest.java:54)
	at sun.reflect.NativeMethodAccessorImpl.invoke0(Native Method)
	at sun.reflect.NativeMethodAccessorImpl.invoke(NativeMethodAccessorImpl.java:39)
	at sun.reflect.DelegatingMethodAccessorImpl.invoke(DelegatingMethodAccessorImpl.java:25)
	at java.lang.reflect.Method.invoke(Method.java:597)
	at org.testng.internal.MethodInvocationHelper.invokeMethod(MethodInvocationHelper.java:80)
	at org.testng.internal.InvokeMethodRunnable.runOne(InvokeMethodRunnable.java:46)
	at org.testng.internal.InvokeMethodRunnable.run(InvokeMethodRunnable.java:37)
	at java.util.concurrent.Executors$RunnableAdapter.call(Executors.java:441)
	at java.util.concurrent.FutureTask$Sync.innerRun(FutureTask.java:303)
	at java.util.concurrent.FutureTask.run(FutureTask.java:138)
	at java.util.concurrent.ThreadPoolExecutor$Worker.runTask(ThreadPoolExecutor.java:886)
	at java.util.concurrent.ThreadPoolExecutor$Worker.run(ThreadPoolExecutor.java:908)
	at java.lang.Thread.run(Thread.java:662)
]]>
    </error>
  </testcase>
  <testcase name="createXMLPageObjectMap" time="52.137" classname="com.sharpqa.comparesolution.test.ComparisonTest"/>
  <testcase name="testXMLPageObjectMapAgainstExpeted" time="0.398" classname="com.sharpqa.comparesolution.test.ComparisonTest">
    <error type="java.lang.AssertionError" message="
Module:[AI01]***********************
Expected CDATA section value &#039;http://test.film4.com/reviews/2012/total-recall?li#&#039; 
but was &#039;http://test.film4.com/reviews/2012/total-recall?la3i#&#039; - comparing &lt;![CDATA[http://test.film4.com/reviews/2012/total-recall?li#]]&gt; 
at /page-map[1]/sections[1]/page-section[1]/areas[1]/area[1]/modules[1]/module[1]/webElementSetComponentBeans[1]/element-group[1]/links[1]/link[1]/href[1]/text()[1] to &lt;![CDATA[http://test.film4.com/reviews/2012/total-recall?la3i#]]&gt; 
at /page-map[1]/sections[1]/page-section[1]/areas[1]/area[1]/modules[1]/module[1]/webElementSetComponentBeans[1]/element-group[1]/links[1]/link[1]/href[1]/text()[1]
***********************

Module:[AT06]***********************
Expected CDATA section value &#039;http://test.film4.com/reviews/2012/total-recall?li#tab0&#039; 
but was &#039;http://test.film4.com/reviews/2012/total-recall?la3i#tab0&#039; - comparing &lt;![CDATA[http://test.film4.com/reviews/2012/total-recall?li#tab0]]&gt; 
at /page-map[1]/sections[1]/page-section[1]/areas[1]/area[1]/modules[1]/module[3]/webElementSetComponentBeans[1]/element-group[1]/links[1]/link[1]/href[1]/text()[1] to &lt;![CDATA[http://test.film4.com/reviews/2012/total-recall?la3i#tab0]]&gt; 
at /page-map[1]/sections[1]/page-section[1]/areas[1]/area[1]/modules[1]/module[3]/webElementSetComponentBeans[1]/element-group[1]/links[1]/link[1]/href[1]/text()[1]
***********************

Module:[AT06]***********************
Expected CDATA section value &#039;http://test.film4.com/reviews/2012/total-recall?li#cast&#039; 
but was &#039;http://test.film4.com/reviews/2012/total-recall?la3i#cast&#039; - comparing &lt;![CDATA[http://test.film4.com/reviews/2012/total-recall?li#cast]]&gt; 
at /page-map[1]/sections[1]/page-section[1]/areas[1]/area[1]/modules[1]/module[3]/webElementSetComponentBeans[1]/element-group[1]/links[1]/link[2]/href[1]/text()[1] to &lt;![CDATA[http://test.film4.com/reviews/2012/total-recall?la3i#cast]]&gt; 
at /page-map[1]/sections[1]/page-section[1]/areas[1]/area[1]/modules[1]/module[3]/webElementSetComponentBeans[1]/element-group[1]/links[1]/link[2]/href[1]/text()[1]
***********************

Module:[GA20]***********************
Expected CDATA section value &#039;http://test.film4.com/media/images/Channel4/film4_gti/hero/613X345_4_MED.jpg&#039; 
but was &#039;http://test.film4.com/media/images/Channel4/film4_gti/hero/613X345_4_LRG.jpg&#039; - comparing &lt;![CDATA[http://test.film4.com/media/images/Channel4/film4_gti/hero/613X345_4_MED.jpg]]&gt; 
at /page-map[1]/sections[1]/page-section[1]/areas[1]/area[2]/modules[1]/module[1]/elementGroups[1]/element-group[2]/images[1]/picture[1]/src[1]/text()[1] to &lt;![CDATA[http://test.film4.com/media/images/Channel4/film4_gti/hero/613X345_4_LRG.jpg]]&gt; 
at /page-map[1]/sections[1]/page-section[1]/areas[1]/area[2]/modules[1]/module[1]/elementGroups[1]/element-group[2]/images[1]/picture[1]/src[1]/text()[1]
***********************

Module:[GA20]***********************
Expected CDATA section value &#039;http://test.film4.com/media/images/Channel4/film4_gti/hero/613X345_4_SML.jpg&#039; 
but was &#039;http://test.film4.com/media/images/Channel4/film4_gti/hero/613X345_4_LRG.jpg&#039; - comparing &lt;![CDATA[http://test.film4.com/media/images/Channel4/film4_gti/hero/613X345_4_SML.jpg]]&gt; 
at /page-map[1]/sections[1]/page-section[1]/areas[1]/area[2]/modules[1]/module[1]/elementGroups[1]/element-group[3]/images[1]/picture[1]/src[1]/text()[1] to &lt;![CDATA[http://test.film4.com/media/images/Channel4/film4_gti/hero/613X345_4_LRG.jpg]]&gt; 
at /page-map[1]/sections[1]/page-section[1]/areas[1]/area[2]/modules[1]/module[1]/elementGroups[1]/element-group[3]/images[1]/picture[1]/src[1]/text()[1]
***********************

Module:[GA20]***********************
Expected text value &#039;200&#039; 
but was &#039;1024&#039; - comparing &lt;width ...&gt;200&lt;/width&gt; 
at /page-map[1]/sections[1]/page-section[1]/areas[1]/area[2]/modules[1]/module[1]/elementGroups[1]/element-group[3]/images[1]/picture[1]/width[1]/text()[1] to &lt;width ...&gt;1024&lt;/width&gt; 
at /page-map[1]/sections[1]/page-section[1]/areas[1]/area[2]/modules[1]/module[1]/elementGroups[1]/element-group[3]/images[1]/picture[1]/width[1]/text()[1]
***********************

Module:[GA20]***********************
Expected text value &#039;113&#039; 
but was &#039;576&#039; - comparing &lt;height ...&gt;113&lt;/height&gt; 
at /page-map[1]/sections[1]/page-section[1]/areas[1]/area[2]/modules[1]/module[1]/elementGroups[1]/element-group[3]/images[1]/picture[1]/height[1]/text()[1] to &lt;height ...&gt;576&lt;/height&gt; 
at /page-map[1]/sections[1]/page-section[1]/areas[1]/area[2]/modules[1]/module[1]/elementGroups[1]/element-group[3]/images[1]/picture[1]/height[1]/text()[1]
***********************

Module:[GA20]***********************
Expected CDATA section value &#039;http://test.film4.com/media/images/Channel4/film4_gti/carousel/952x485_3_SML.jpg&#039; 
but was &#039;http://test.film4.com/media/images/Channel4/film4_gti/carousel/952x485_3_LRG.jpg&#039; - comparing &lt;![CDATA[http://test.film4.com/media/images/Channel4/film4_gti/carousel/952x485_3_SML.jpg]]&gt; 
at /page-map[1]/sections[1]/page-section[1]/areas[1]/area[2]/modules[1]/module[1]/elementGroups[1]/element-group[3]/images[1]/picture[2]/src[1]/text()[1] to &lt;![CDATA[http://test.film4.com/media/images/Channel4/film4_gti/carousel/952x485_3_LRG.jpg]]&gt; 
at /page-map[1]/sections[1]/page-section[1]/areas[1]/area[2]/modules[1]/module[1]/elementGroups[1]/element-group[3]/images[1]/picture[2]/src[1]/text()[1]
***********************

Module:[GA20]***********************
Expected text value &#039;200&#039; 
but was &#039;1024&#039; - comparing &lt;width ...&gt;200&lt;/width&gt; 
at /page-map[1]/sections[1]/page-section[1]/areas[1]/area[2]/modules[1]/module[1]/elementGroups[1]/element-group[3]/images[1]/picture[2]/width[1]/text()[1] to &lt;width ...&gt;1024&lt;/width&gt; 
at /page-map[1]/sections[1]/page-section[1]/areas[1]/area[2]/modules[1]/module[1]/elementGroups[1]/element-group[3]/images[1]/picture[2]/width[1]/text()[1]
***********************

Module:[GA20]***********************
Expected text value &#039;102&#039; 
but was &#039;522&#039; - comparing &lt;height ...&gt;102&lt;/height&gt; 
at /page-map[1]/sections[1]/page-section[1]/areas[1]/area[2]/modules[1]/module[1]/elementGroups[1]/element-group[3]/images[1]/picture[2]/height[1]/text()[1] to &lt;height ...&gt;522&lt;/height&gt; 
at /page-map[1]/sections[1]/page-section[1]/areas[1]/area[2]/modules[1]/module[1]/elementGroups[1]/element-group[3]/images[1]/picture[2]/height[1]/text()[1]
***********************

Module:[GA20]***********************
Expected CDATA section value &#039;http://test.film4.com/media/images/Channel4/film4_gti/carousel/952x485_2_SML.jpg&#039; 
but was &#039;http://test.film4.com/media/images/Channel4/film4_gti/carousel/952x485_2_LRG.jpg&#039; - comparing &lt;![CDATA[http://test.film4.com/media/images/Channel4/film4_gti/carousel/952x485_2_SML.jpg]]&gt; 
at /page-map[1]/sections[1]/page-section[1]/areas[1]/area[2]/modules[1]/module[1]/elementGroups[1]/element-group[3]/images[1]/picture[3]/src[1]/text()[1] to &lt;![CDATA[http://test.film4.com/media/images/Channel4/film4_gti/carousel/952x485_2_LRG.jpg]]&gt; 
at /page-map[1]/sections[1]/page-section[1]/areas[1]/area[2]/modules[1]/module[1]/elementGroups[1]/element-group[3]/images[1]/picture[3]/src[1]/text()[1]
***********************

Module:[GA20]***********************
Expected text value &#039;200&#039; 
but was &#039;1024&#039; - comparing &lt;width ...&gt;200&lt;/width&gt; 
at /page-map[1]/sections[1]/page-section[1]/areas[1]/area[2]/modules[1]/module[1]/elementGroups[1]/element-group[3]/images[1]/picture[3]/width[1]/text()[1] to &lt;width ...&gt;1024&lt;/width&gt; 
at /page-map[1]/sections[1]/page-section[1]/areas[1]/area[2]/modules[1]/module[1]/elementGroups[1]/element-group[3]/images[1]/picture[3]/width[1]/text()[1]
***********************

Module:[GA20]***********************
Expected text value &#039;102&#039; 
but was &#039;522&#039; - comparing &lt;height ...&gt;102&lt;/height&gt; 
at /page-map[1]/sections[1]/page-section[1]/areas[1]/area[2]/modules[1]/module[1]/elementGroups[1]/element-group[3]/images[1]/picture[3]/height[1]/text()[1] to &lt;height ...&gt;522&lt;/height&gt; 
at /page-map[1]/sections[1]/page-section[1]/areas[1]/area[2]/modules[1]/module[1]/elementGroups[1]/element-group[3]/images[1]/picture[3]/height[1]/text()[1]
***********************

Module:[GA20]***********************
Expected CDATA section value &#039;http://test.film4.com/media/images/Channel4/film4_gti/carousel/952x485_1_SML.jpg&#039; 
but was &#039;http://test.film4.com/media/images/Channel4/film4_gti/carousel/952x485_1_LRG.jpg&#039; - comparing &lt;![CDATA[http://test.film4.com/media/images/Channel4/film4_gti/carousel/952x485_1_SML.jpg]]&gt; 
at /page-map[1]/sections[1]/page-section[1]/areas[1]/area[2]/modules[1]/module[1]/elementGroups[1]/element-group[3]/images[1]/picture[4]/src[1]/text()[1] to &lt;![CDATA[http://test.film4.com/media/images/Channel4/film4_gti/carousel/952x485_1_LRG.jpg]]&gt; 
at /page-map[1]/sections[1]/page-section[1]/areas[1]/area[2]/modules[1]/module[1]/elementGroups[1]/element-group[3]/images[1]/picture[4]/src[1]/text()[1]
***********************

Module:[GA20]***********************
Expected text value &#039;200&#039; 
but was &#039;1024&#039; - comparing &lt;width ...&gt;200&lt;/width&gt; 
at /page-map[1]/sections[1]/page-section[1]/areas[1]/area[2]/modules[1]/module[1]/elementGroups[1]/element-group[3]/images[1]/picture[4]/width[1]/text()[1] to &lt;width ...&gt;1024&lt;/width&gt; 
at /page-map[1]/sections[1]/page-section[1]/areas[1]/area[2]/modules[1]/module[1]/elementGroups[1]/element-group[3]/images[1]/picture[4]/width[1]/text()[1]
***********************

Module:[GA20]***********************
Expected text value &#039;102&#039; 
but was &#039;522&#039; - comparing &lt;height ...&gt;102&lt;/height&gt; 
at /page-map[1]/sections[1]/page-section[1]/areas[1]/area[2]/modules[1]/module[1]/elementGroups[1]/element-group[3]/images[1]/picture[4]/height[1]/text()[1] to &lt;height ...&gt;522&lt;/height&gt; 
at /page-map[1]/sections[1]/page-section[1]/areas[1]/area[2]/modules[1]/module[1]/elementGroups[1]/element-group[3]/images[1]/picture[4]/height[1]/text()[1]
***********************

Module:[GA20]***********************
Expected CDATA section value &#039;http://test.film4.com/media/images/Channel4/film4_gti/carousel/952x485_5_SML.jpg&#039; 
but was &#039;http://test.film4.com/media/images/Channel4/film4_gti/carousel/952x485_5_LRG.jpg&#039; - comparing &lt;![CDATA[http://test.film4.com/media/images/Channel4/film4_gti/carousel/952x485_5_SML.jpg]]&gt; 
at /page-map[1]/sections[1]/page-section[1]/areas[1]/area[2]/modules[1]/module[1]/elementGroups[1]/element-group[3]/images[1]/picture[5]/src[1]/text()[1] to &lt;![CDATA[http://test.film4.com/media/images/Channel4/film4_gti/carousel/952x485_5_LRG.jpg]]&gt; 
at /page-map[1]/sections[1]/page-section[1]/areas[1]/area[2]/modules[1]/module[1]/elementGroups[1]/element-group[3]/images[1]/picture[5]/src[1]/text()[1]
***********************

Module:[GA20]***********************
Expected text value &#039;200&#039; 
but was &#039;1024&#039; - comparing &lt;width ...&gt;200&lt;/width&gt; 
at /page-map[1]/sections[1]/page-section[1]/areas[1]/area[2]/modules[1]/module[1]/elementGroups[1]/element-group[3]/images[1]/picture[5]/width[1]/text()[1] to &lt;width ...&gt;1024&lt;/width&gt; 
at /page-map[1]/sections[1]/page-section[1]/areas[1]/area[2]/modules[1]/module[1]/elementGroups[1]/element-group[3]/images[1]/picture[5]/width[1]/text()[1]
***********************

Module:[GA20]***********************
Expected text value &#039;102&#039; 
but was &#039;522&#039; - comparing &lt;height ...&gt;102&lt;/height&gt; 
at /page-map[1]/sections[1]/page-section[1]/areas[1]/area[2]/modules[1]/module[1]/elementGroups[1]/element-group[3]/images[1]/picture[5]/height[1]/text()[1] to &lt;height ...&gt;522&lt;/height&gt; 
at /page-map[1]/sections[1]/page-section[1]/areas[1]/area[2]/modules[1]/module[1]/elementGroups[1]/element-group[3]/images[1]/picture[5]/height[1]/text()[1]
***********************

Module:[GA20]***********************
Expected CDATA section value &#039;http://test.film4.com/media/images/Channel4/film4_gti/carousel/952x485_6_SML.jpg&#039; 
but was &#039;http://test.film4.com/media/images/Channel4/film4_gti/carousel/952x485_6_LRG.jpg&#039; - comparing &lt;![CDATA[http://test.film4.com/media/images/Channel4/film4_gti/carousel/952x485_6_SML.jpg]]&gt; 
at /page-map[1]/sections[1]/page-section[1]/areas[1]/area[2]/modules[1]/module[1]/elementGroups[1]/element-group[3]/images[1]/picture[6]/src[1]/text()[1] to &lt;![CDATA[http://test.film4.com/media/images/Channel4/film4_gti/carousel/952x485_6_LRG.jpg]]&gt; 
at /page-map[1]/sections[1]/page-section[1]/areas[1]/area[2]/modules[1]/module[1]/elementGroups[1]/element-group[3]/images[1]/picture[6]/src[1]/text()[1]
***********************

Module:[GA20]***********************
Expected text value &#039;200&#039; 
but was &#039;1024&#039; - comparing &lt;width ...&gt;200&lt;/width&gt; 
at /page-map[1]/sections[1]/page-section[1]/areas[1]/area[2]/modules[1]/module[1]/elementGroups[1]/element-group[3]/images[1]/picture[6]/width[1]/text()[1] to &lt;width ...&gt;1024&lt;/width&gt; 
at /page-map[1]/sections[1]/page-section[1]/areas[1]/area[2]/modules[1]/module[1]/elementGroups[1]/element-group[3]/images[1]/picture[6]/width[1]/text()[1]
***********************

Module:[GA20]***********************
Expected text value &#039;102&#039; 
but was &#039;522&#039; - comparing &lt;height ...&gt;102&lt;/height&gt; 
at /page-map[1]/sections[1]/page-section[1]/areas[1]/area[2]/modules[1]/module[1]/elementGroups[1]/element-group[3]/images[1]/picture[6]/height[1]/text()[1] to &lt;height ...&gt;522&lt;/height&gt; 
at /page-map[1]/sections[1]/page-section[1]/areas[1]/area[2]/modules[1]/module[1]/elementGroups[1]/element-group[3]/images[1]/picture[6]/height[1]/text()[1]
***********************

Module:[GA20]***********************
Expected CDATA section value &#039;http://test.film4.com/media/images/Channel4/film4_gti/carousel/952x485_7_SML.jpg&#039; 
but was &#039;http://test.film4.com/media/images/Channel4/film4_gti/carousel/952x485_7_LRG.jpg&#039; - comparing &lt;![CDATA[http://test.film4.com/media/images/Channel4/film4_gti/carousel/952x485_7_SML.jpg]]&gt; 
at /page-map[1]/sections[1]/page-section[1]/areas[1]/area[2]/modules[1]/module[1]/elementGroups[1]/element-group[3]/images[1]/picture[7]/src[1]/text()[1] to &lt;![CDATA[http://test.film4.com/media/images/Channel4/film4_gti/carousel/952x485_7_LRG.jpg]]&gt; 
at /page-map[1]/sections[1]/page-section[1]/areas[1]/area[2]/modules[1]/module[1]/elementGroups[1]/element-group[3]/images[1]/picture[7]/src[1]/text()[1]
***********************

Module:[GA20]***********************
Expected text value &#039;200&#039; 
but was &#039;1024&#039; - comparing &lt;width ...&gt;200&lt;/width&gt; 
at /page-map[1]/sections[1]/page-section[1]/areas[1]/area[2]/modules[1]/module[1]/elementGroups[1]/element-group[3]/images[1]/picture[7]/width[1]/text()[1] to &lt;width ...&gt;1024&lt;/width&gt; 
at /page-map[1]/sections[1]/page-section[1]/areas[1]/area[2]/modules[1]/module[1]/elementGroups[1]/element-group[3]/images[1]/picture[7]/width[1]/text()[1]
***********************

Module:[GA20]***********************
Expected text value &#039;102&#039; 
but was &#039;522&#039; - comparing &lt;height ...&gt;102&lt;/height&gt; 
at /page-map[1]/sections[1]/page-section[1]/areas[1]/area[2]/modules[1]/module[1]/elementGroups[1]/element-group[3]/images[1]/picture[7]/height[1]/text()[1] to &lt;height ...&gt;522&lt;/height&gt; 
at /page-map[1]/sections[1]/page-section[1]/areas[1]/area[2]/modules[1]/module[1]/elementGroups[1]/element-group[3]/images[1]/picture[7]/height[1]/text()[1]
***********************

Module:[GA20]***********************
Expected CDATA section value &#039;http://test.film4.com/media/images/Channel4/film4_gti/carousel/952x485_8_SML.jpg&#039; 
but was &#039;http://test.film4.com/media/images/Channel4/film4_gti/carousel/952x485_8_LRG.jpg&#039; - comparing &lt;![CDATA[http://test.film4.com/media/images/Channel4/film4_gti/carousel/952x485_8_SML.jpg]]&gt; 
at /page-map[1]/sections[1]/page-section[1]/areas[1]/area[2]/modules[1]/module[1]/elementGroups[1]/element-group[3]/images[1]/picture[8]/src[1]/text()[1] to &lt;![CDATA[http://test.film4.com/media/images/Channel4/film4_gti/carousel/952x485_8_LRG.jpg]]&gt; 
at /page-map[1]/sections[1]/page-section[1]/areas[1]/area[2]/modules[1]/module[1]/elementGroups[1]/element-group[3]/images[1]/picture[8]/src[1]/text()[1]
***********************

Module:[GA20]***********************
Expected text value &#039;200&#039; 
but was &#039;1024&#039; - comparing &lt;width ...&gt;200&lt;/width&gt; 
at /page-map[1]/sections[1]/page-section[1]/areas[1]/area[2]/modules[1]/module[1]/elementGroups[1]/element-group[3]/images[1]/picture[8]/width[1]/text()[1] to &lt;width ...&gt;1024&lt;/width&gt; 
at /page-map[1]/sections[1]/page-section[1]/areas[1]/area[2]/modules[1]/module[1]/elementGroups[1]/element-group[3]/images[1]/picture[8]/width[1]/text()[1]
***********************

Module:[GA20]***********************
Expected text value &#039;102&#039; 
but was &#039;522&#039; - comparing &lt;height ...&gt;102&lt;/height&gt; 
at /page-map[1]/sections[1]/page-section[1]/areas[1]/area[2]/modules[1]/module[1]/elementGroups[1]/element-group[3]/images[1]/picture[8]/height[1]/text()[1] to &lt;height ...&gt;522&lt;/height&gt; 
at /page-map[1]/sections[1]/page-section[1]/areas[1]/area[2]/modules[1]/module[1]/elementGroups[1]/element-group[3]/images[1]/picture[8]/height[1]/text()[1]
***********************

Module:[GA20]***********************
Expected CDATA section value &#039;http://test.film4.com/media/images/Channel4/film4_gti/hero/613X345_4_SML.jpg&#039; 
but was &#039;http://test.film4.com/media/images/Channel4/film4_gti/hero/613X345_4_MED.jpg&#039; - comparing &lt;![CDATA[http://test.film4.com/media/images/Channel4/film4_gti/hero/613X345_4_SML.jpg]]&gt; 
at /page-map[1]/sections[1]/page-section[1]/areas[1]/area[2]/modules[1]/module[1]/elementGroups[1]/element-group[3]/imageLinks[1]/picture-link[1]/src[1]/text()[1] to &lt;![CDATA[http://test.film4.com/media/images/Channel4/film4_gti/hero/613X345_4_MED.jpg]]&gt; 
at /page-map[1]/sections[1]/page-section[1]/areas[1]/area[2]/modules[1]/module[1]/elementGroups[1]/element-group[3]/imageLinks[1]/picture-link[1]/src[1]/text()[1]
***********************

Module:[GA20]***********************
Expected text value &#039;200&#039; 
but was &#039;625&#039; - comparing &lt;width ...&gt;200&lt;/width&gt; 
at /page-map[1]/sections[1]/page-section[1]/areas[1]/area[2]/modules[1]/module[1]/elementGroups[1]/element-group[3]/imageLinks[1]/picture-link[1]/width[1]/text()[1] to &lt;width ...&gt;625&lt;/width&gt; 
at /page-map[1]/sections[1]/page-section[1]/areas[1]/area[2]/modules[1]/module[1]/elementGroups[1]/element-group[3]/imageLinks[1]/picture-link[1]/width[1]/text()[1]
***********************

Module:[GA20]***********************
Expected text value &#039;113&#039; 
but was &#039;352&#039; - comparing &lt;height ...&gt;113&lt;/height&gt; 
at /page-map[1]/sections[1]/page-section[1]/areas[1]/area[2]/modules[1]/module[1]/elementGroups[1]/element-group[3]/imageLinks[1]/picture-link[1]/height[1]/text()[1] to &lt;height ...&gt;352&lt;/height&gt; 
at /page-map[1]/sections[1]/page-section[1]/areas[1]/area[2]/modules[1]/module[1]/elementGroups[1]/element-group[3]/imageLinks[1]/picture-link[1]/height[1]/text()[1]
***********************

Module:[GA20]***********************
Expected CDATA section value &#039;http://test.film4.com/media/images/Channel4/film4_gti/carousel/952x485_3_SML.jpg&#039; 
but was &#039;http://test.film4.com/media/images/Channel4/film4_gti/carousel/952x485_3_MED.jpg&#039; - comparing &lt;![CDATA[http://test.film4.com/media/images/Channel4/film4_gti/carousel/952x485_3_SML.jpg]]&gt; 
at /page-map[1]/sections[1]/page-section[1]/areas[1]/area[2]/modules[1]/module[1]/elementGroups[1]/element-group[3]/imageLinks[1]/picture-link[2]/src[1]/text()[1] to &lt;![CDATA[http://test.film4.com/media/images/Channel4/film4_gti/carousel/952x485_3_MED.jpg]]&gt; 
at /page-map[1]/sections[1]/page-section[1]/areas[1]/area[2]/modules[1]/module[1]/elementGroups[1]/element-group[3]/imageLinks[1]/picture-link[2]/src[1]/text()[1]
***********************

Module:[GA20]***********************
Expected text value &#039;200&#039; 
but was &#039;625&#039; - comparing &lt;width ...&gt;200&lt;/width&gt; 
at /page-map[1]/sections[1]/page-section[1]/areas[1]/area[2]/modules[1]/module[1]/elementGroups[1]/element-group[3]/imageLinks[1]/picture-link[2]/width[1]/text()[1] to &lt;width ...&gt;625&lt;/width&gt; 
at /page-map[1]/sections[1]/page-section[1]/areas[1]/area[2]/modules[1]/module[1]/elementGroups[1]/element-group[3]/imageLinks[1]/picture-link[2]/width[1]/text()[1]
***********************

Module:[GA20]***********************
Expected text value &#039;102&#039; 
but was &#039;318&#039; - comparing &lt;height ...&gt;102&lt;/height&gt; 
at /page-map[1]/sections[1]/page-section[1]/areas[1]/area[2]/modules[1]/module[1]/elementGroups[1]/element-group[3]/imageLinks[1]/picture-link[2]/height[1]/text()[1] to &lt;height ...&gt;318&lt;/height&gt; 
at /page-map[1]/sections[1]/page-section[1]/areas[1]/area[2]/modules[1]/module[1]/elementGroups[1]/element-group[3]/imageLinks[1]/picture-link[2]/height[1]/text()[1]
***********************

Module:[GA20]***********************
Expected CDATA section value &#039;http://test.film4.com/media/images/Channel4/film4_gti/carousel/952x485_2_SML.jpg&#039; 
but was &#039;http://test.film4.com/media/images/Channel4/film4_gti/carousel/952x485_2_MED.jpg&#039; - comparing &lt;![CDATA[http://test.film4.com/media/images/Channel4/film4_gti/carousel/952x485_2_SML.jpg]]&gt; 
at /page-map[1]/sections[1]/page-section[1]/areas[1]/area[2]/modules[1]/module[1]/elementGroups[1]/element-group[3]/imageLinks[1]/picture-link[3]/src[1]/text()[1] to &lt;![CDATA[http://test.film4.com/media/images/Channel4/film4_gti/carousel/952x485_2_MED.jpg]]&gt; 
at /page-map[1]/sections[1]/page-section[1]/areas[1]/area[2]/modules[1]/module[1]/elementGroups[1]/element-group[3]/imageLinks[1]/picture-link[3]/src[1]/text()[1]
***********************

Module:[GA20]***********************
Expected text value &#039;200&#039; 
but was &#039;625&#039; - comparing &lt;width ...&gt;200&lt;/width&gt; 
at /page-map[1]/sections[1]/page-section[1]/areas[1]/area[2]/modules[1]/module[1]/elementGroups[1]/element-group[3]/imageLinks[1]/picture-link[3]/width[1]/text()[1] to &lt;width ...&gt;625&lt;/width&gt; 
at /page-map[1]/sections[1]/page-section[1]/areas[1]/area[2]/modules[1]/module[1]/elementGroups[1]/element-group[3]/imageLinks[1]/picture-link[3]/width[1]/text()[1]
***********************

Module:[GA20]***********************
Expected text value &#039;102&#039; 
but was &#039;318&#039; - comparing &lt;height ...&gt;102&lt;/height&gt; 
at /page-map[1]/sections[1]/page-section[1]/areas[1]/area[2]/modules[1]/module[1]/elementGroups[1]/element-group[3]/imageLinks[1]/picture-link[3]/height[1]/text()[1] to &lt;height ...&gt;318&lt;/height&gt; 
at /page-map[1]/sections[1]/page-section[1]/areas[1]/area[2]/modules[1]/module[1]/elementGroups[1]/element-group[3]/imageLinks[1]/picture-link[3]/height[1]/text()[1]
***********************

Module:[GA20]***********************
Expected CDATA section value &#039;http://test.film4.com/media/images/Channel4/film4_gti/carousel/952x485_1_SML.jpg&#039; 
but was &#039;http://test.film4.com/media/images/Channel4/film4_gti/carousel/952x485_1_MED.jpg&#039; - comparing &lt;![CDATA[http://test.film4.com/media/images/Channel4/film4_gti/carousel/952x485_1_SML.jpg]]&gt; 
at /page-map[1]/sections[1]/page-section[1]/areas[1]/area[2]/modules[1]/module[1]/elementGroups[1]/element-group[3]/imageLinks[1]/picture-link[4]/src[1]/text()[1] to &lt;![CDATA[http://test.film4.com/media/images/Channel4/film4_gti/carousel/952x485_1_MED.jpg]]&gt; 
at /page-map[1]/sections[1]/page-section[1]/areas[1]/area[2]/modules[1]/module[1]/elementGroups[1]/element-group[3]/imageLinks[1]/picture-link[4]/src[1]/text()[1]
***********************

Module:[GA20]***********************
Expected text value &#039;200&#039; 
but was &#039;625&#039; - comparing &lt;width ...&gt;200&lt;/width&gt; 
at /page-map[1]/sections[1]/page-section[1]/areas[1]/area[2]/modules[1]/module[1]/elementGroups[1]/element-group[3]/imageLinks[1]/picture-link[4]/width[1]/text()[1] to &lt;width ...&gt;625&lt;/width&gt; 
at /page-map[1]/sections[1]/page-section[1]/areas[1]/area[2]/modules[1]/module[1]/elementGroups[1]/element-group[3]/imageLinks[1]/picture-link[4]/width[1]/text()[1]
***********************

Module:[GA20]***********************
Expected text value &#039;102&#039; 
but was &#039;318&#039; - comparing &lt;height ...&gt;102&lt;/height&gt; 
at /page-map[1]/sections[1]/page-section[1]/areas[1]/area[2]/modules[1]/module[1]/elementGroups[1]/element-group[3]/imageLinks[1]/picture-link[4]/height[1]/text()[1] to &lt;height ...&gt;318&lt;/height&gt; 
at /page-map[1]/sections[1]/page-section[1]/areas[1]/area[2]/modules[1]/module[1]/elementGroups[1]/element-group[3]/imageLinks[1]/picture-link[4]/height[1]/text()[1]
***********************

Module:[GA20]***********************
Expected CDATA section value &#039;http://test.film4.com/media/images/Channel4/film4_gti/carousel/952x485_5_SML.jpg&#039; 
but was &#039;http://test.film4.com/media/images/Channel4/film4_gti/carousel/952x485_5_MED.jpg&#039; - comparing &lt;![CDATA[http://test.film4.com/media/images/Channel4/film4_gti/carousel/952x485_5_SML.jpg]]&gt; 
at /page-map[1]/sections[1]/page-section[1]/areas[1]/area[2]/modules[1]/module[1]/elementGroups[1]/element-group[3]/imageLinks[1]/picture-link[5]/src[1]/text()[1] to &lt;![CDATA[http://test.film4.com/media/images/Channel4/film4_gti/carousel/952x485_5_MED.jpg]]&gt; 
at /page-map[1]/sections[1]/page-section[1]/areas[1]/area[2]/modules[1]/module[1]/elementGroups[1]/element-group[3]/imageLinks[1]/picture-link[5]/src[1]/text()[1]
***********************

Module:[GA20]***********************
Expected text value &#039;200&#039; 
but was &#039;625&#039; - comparing &lt;width ...&gt;200&lt;/width&gt; 
at /page-map[1]/sections[1]/page-section[1]/areas[1]/area[2]/modules[1]/module[1]/elementGroups[1]/element-group[3]/imageLinks[1]/picture-link[5]/width[1]/text()[1] to &lt;width ...&gt;625&lt;/width&gt; 
at /page-map[1]/sections[1]/page-section[1]/areas[1]/area[2]/modules[1]/module[1]/elementGroups[1]/element-group[3]/imageLinks[1]/picture-link[5]/width[1]/text()[1]
***********************

Module:[GA20]***********************
Expected text value &#039;102&#039; 
but was &#039;318&#039; - comparing &lt;height ...&gt;102&lt;/height&gt; 
at /page-map[1]/sections[1]/page-section[1]/areas[1]/area[2]/modules[1]/module[1]/elementGroups[1]/element-group[3]/imageLinks[1]/picture-link[5]/height[1]/text()[1] to &lt;height ...&gt;318&lt;/height&gt; 
at /page-map[1]/sections[1]/page-section[1]/areas[1]/area[2]/modules[1]/module[1]/elementGroups[1]/element-group[3]/imageLinks[1]/picture-link[5]/height[1]/text()[1]
***********************

Module:[GA20]***********************
Expected CDATA section value &#039;http://test.film4.com/media/images/Channel4/film4_gti/carousel/952x485_6_SML.jpg&#039; 
but was &#039;http://test.film4.com/media/images/Channel4/film4_gti/carousel/952x485_6_MED.jpg&#039; - comparing &lt;![CDATA[http://test.film4.com/media/images/Channel4/film4_gti/carousel/952x485_6_SML.jpg]]&gt; 
at /page-map[1]/sections[1]/page-section[1]/areas[1]/area[2]/modules[1]/module[1]/elementGroups[1]/element-group[3]/imageLinks[1]/picture-link[6]/src[1]/text()[1] to &lt;![CDATA[http://test.film4.com/media/images/Channel4/film4_gti/carousel/952x485_6_MED.jpg]]&gt; 
at /page-map[1]/sections[1]/page-section[1]/areas[1]/area[2]/modules[1]/module[1]/elementGroups[1]/element-group[3]/imageLinks[1]/picture-link[6]/src[1]/text()[1]
***********************

Module:[GA20]***********************
Expected text value &#039;200&#039; 
but was &#039;625&#039; - comparing &lt;width ...&gt;200&lt;/width&gt; 
at /page-map[1]/sections[1]/page-section[1]/areas[1]/area[2]/modules[1]/module[1]/elementGroups[1]/element-group[3]/imageLinks[1]/picture-link[6]/width[1]/text()[1] to &lt;width ...&gt;625&lt;/width&gt; 
at /page-map[1]/sections[1]/page-section[1]/areas[1]/area[2]/modules[1]/module[1]/elementGroups[1]/element-group[3]/imageLinks[1]/picture-link[6]/width[1]/text()[1]
***********************

Module:[GA20]***********************
Expected text value &#039;102&#039; 
but was &#039;318&#039; - comparing &lt;height ...&gt;102&lt;/height&gt; 
at /page-map[1]/sections[1]/page-section[1]/areas[1]/area[2]/modules[1]/module[1]/elementGroups[1]/element-group[3]/imageLinks[1]/picture-link[6]/height[1]/text()[1] to &lt;height ...&gt;318&lt;/height&gt; 
at /page-map[1]/sections[1]/page-section[1]/areas[1]/area[2]/modules[1]/module[1]/elementGroups[1]/element-group[3]/imageLinks[1]/picture-link[6]/height[1]/text()[1]
***********************

Module:[GA20]***********************
Expected CDATA section value &#039;http://test.film4.com/media/images/Channel4/film4_gti/carousel/952x485_7_SML.jpg&#039; 
but was &#039;http://test.film4.com/media/images/Channel4/film4_gti/carousel/952x485_7_MED.jpg&#039; - comparing &lt;![CDATA[http://test.film4.com/media/images/Channel4/film4_gti/carousel/952x485_7_SML.jpg]]&gt; 
at /page-map[1]/sections[1]/page-section[1]/areas[1]/area[2]/modules[1]/module[1]/elementGroups[1]/element-group[3]/imageLinks[1]/picture-link[7]/src[1]/text()[1] to &lt;![CDATA[http://test.film4.com/media/images/Channel4/film4_gti/carousel/952x485_7_MED.jpg]]&gt; 
at /page-map[1]/sections[1]/page-section[1]/areas[1]/area[2]/modules[1]/module[1]/elementGroups[1]/element-group[3]/imageLinks[1]/picture-link[7]/src[1]/text()[1]
***********************

Module:[GA20]***********************
Expected text value &#039;200&#039; 
but was &#039;625&#039; - comparing &lt;width ...&gt;200&lt;/width&gt; 
at /page-map[1]/sections[1]/page-section[1]/areas[1]/area[2]/modules[1]/module[1]/elementGroups[1]/element-group[3]/imageLinks[1]/picture-link[7]/width[1]/text()[1] to &lt;width ...&gt;625&lt;/width&gt; 
at /page-map[1]/sections[1]/page-section[1]/areas[1]/area[2]/modules[1]/module[1]/elementGroups[1]/element-group[3]/imageLinks[1]/picture-link[7]/width[1]/text()[1]
***********************

Module:[GA20]***********************
Expected text value &#039;102&#039; 
but was &#039;318&#039; - comparing &lt;height ...&gt;102&lt;/height&gt; 
at /page-map[1]/sections[1]/page-section[1]/areas[1]/area[2]/modules[1]/module[1]/elementGroups[1]/element-group[3]/imageLinks[1]/picture-link[7]/height[1]/text()[1] to &lt;height ...&gt;318&lt;/height&gt; 
at /page-map[1]/sections[1]/page-section[1]/areas[1]/area[2]/modules[1]/module[1]/elementGroups[1]/element-group[3]/imageLinks[1]/picture-link[7]/height[1]/text()[1]
***********************

Module:[GA20]***********************
Expected CDATA section value &#039;http://test.film4.com/media/images/Channel4/film4_gti/carousel/952x485_8_SML.jpg&#039; 
but was &#039;http://test.film4.com/media/images/Channel4/film4_gti/carousel/952x485_8_MED.jpg&#039; - comparing &lt;![CDATA[http://test.film4.com/media/images/Channel4/film4_gti/carousel/952x485_8_SML.jpg]]&gt; 
at /page-map[1]/sections[1]/page-section[1]/areas[1]/area[2]/modules[1]/module[1]/elementGroups[1]/element-group[3]/imageLinks[1]/picture-link[8]/src[1]/text()[1] to &lt;![CDATA[http://test.film4.com/media/images/Channel4/film4_gti/carousel/952x485_8_MED.jpg]]&gt; 
at /page-map[1]/sections[1]/page-section[1]/areas[1]/area[2]/modules[1]/module[1]/elementGroups[1]/element-group[3]/imageLinks[1]/picture-link[8]/src[1]/text()[1]
***********************

Module:[GA20]***********************
Expected text value &#039;200&#039; 
but was &#039;625&#039; - comparing &lt;width ...&gt;200&lt;/width&gt; 
at /page-map[1]/sections[1]/page-section[1]/areas[1]/area[2]/modules[1]/module[1]/elementGroups[1]/element-group[3]/imageLinks[1]/picture-link[8]/width[1]/text()[1] to &lt;width ...&gt;625&lt;/width&gt; 
at /page-map[1]/sections[1]/page-section[1]/areas[1]/area[2]/modules[1]/module[1]/elementGroups[1]/element-group[3]/imageLinks[1]/picture-link[8]/width[1]/text()[1]
***********************

Module:[GA20]***********************
Expected text value &#039;102&#039; 
but was &#039;318&#039; - comparing &lt;height ...&gt;102&lt;/height&gt; 
at /page-map[1]/sections[1]/page-section[1]/areas[1]/area[2]/modules[1]/module[1]/elementGroups[1]/element-group[3]/imageLinks[1]/picture-link[8]/height[1]/text()[1] to &lt;height ...&gt;318&lt;/height&gt; 
at /page-map[1]/sections[1]/page-section[1]/areas[1]/area[2]/modules[1]/module[1]/elementGroups[1]/element-group[3]/imageLinks[1]/picture-link[8]/height[1]/text()[1]
***********************

Module:[GA20]***********************
Expected CDATA section value &#039;http://test.film4.com/reviews/2012/total-recall?li#&#039; 
but was &#039;http://test.film4.com/reviews/2012/total-recall?la3i#&#039; - comparing &lt;![CDATA[http://test.film4.com/reviews/2012/total-recall?li#]]&gt; 
at /page-map[1]/sections[1]/page-section[1]/areas[1]/area[2]/modules[1]/module[1]/elementGroups[1]/element-group[4]/links[1]/link[1]/href[1]/text()[1] to &lt;![CDATA[http://test.film4.com/reviews/2012/total-recall?la3i#]]&gt; 
at /page-map[1]/sections[1]/page-section[1]/areas[1]/area[2]/modules[1]/module[1]/elementGroups[1]/element-group[4]/links[1]/link[1]/href[1]/text()[1]
***********************

Module:[GA20]***********************
Expected CDATA section value &#039;http://test.film4.com/media/images/Channel4/film4_gti/hero/613X345_4_SML.jpg&#039; 
but was &#039;http://test.film4.com/media/images/Channel4/film4_gti/hero/613X345_4_LRG.jpg&#039; - comparing &lt;![CDATA[http://test.film4.com/media/images/Channel4/film4_gti/hero/613X345_4_SML.jpg]]&gt; 
at /page-map[1]/sections[1]/page-section[1]/areas[1]/area[2]/modules[1]/module[1]/webElementSetComponentBeans[1]/element-group[1]/images[1]/picture[1]/src[1]/text()[1] to &lt;![CDATA[http://test.film4.com/media/images/Channel4/film4_gti/hero/613X345_4_LRG.jpg]]&gt; 
at /page-map[1]/sections[1]/page-section[1]/areas[1]/area[2]/modules[1]/module[1]/webElementSetComponentBeans[1]/element-group[1]/images[1]/picture[1]/src[1]/text()[1]
***********************

Module:[GA20]***********************
Expected text value &#039;200&#039; 
but was &#039;1024&#039; - comparing &lt;width ...&gt;200&lt;/width&gt; 
at /page-map[1]/sections[1]/page-section[1]/areas[1]/area[2]/modules[1]/module[1]/webElementSetComponentBeans[1]/element-group[1]/images[1]/picture[1]/width[1]/text()[1] to &lt;width ...&gt;1024&lt;/width&gt; 
at /page-map[1]/sections[1]/page-section[1]/areas[1]/area[2]/modules[1]/module[1]/webElementSetComponentBeans[1]/element-group[1]/images[1]/picture[1]/width[1]/text()[1]
***********************

Module:[GA20]***********************
Expected text value &#039;113&#039; 
but was &#039;576&#039; - comparing &lt;height ...&gt;113&lt;/height&gt; 
at /page-map[1]/sections[1]/page-section[1]/areas[1]/area[2]/modules[1]/module[1]/webElementSetComponentBeans[1]/element-group[1]/images[1]/picture[1]/height[1]/text()[1] to &lt;height ...&gt;576&lt;/height&gt; 
at /page-map[1]/sections[1]/page-section[1]/areas[1]/area[2]/modules[1]/module[1]/webElementSetComponentBeans[1]/element-group[1]/images[1]/picture[1]/height[1]/text()[1]
***********************

Module:[GA20]***********************
Expected CDATA section value &#039;http://test.film4.com/media/images/Channel4/film4_gti/carousel/952x485_3_SML.jpg&#039; 
but was &#039;http://test.film4.com/media/images/Channel4/film4_gti/carousel/952x485_3_LRG.jpg&#039; - comparing &lt;![CDATA[http://test.film4.com/media/images/Channel4/film4_gti/carousel/952x485_3_SML.jpg]]&gt; 
at /page-map[1]/sections[1]/page-section[1]/areas[1]/area[2]/modules[1]/module[1]/webElementSetComponentBeans[1]/element-group[2]/images[1]/picture[1]/src[1]/text()[1] to &lt;![CDATA[http://test.film4.com/media/images/Channel4/film4_gti/carousel/952x485_3_LRG.jpg]]&gt; 
at /page-map[1]/sections[1]/page-section[1]/areas[1]/area[2]/modules[1]/module[1]/webElementSetComponentBeans[1]/element-group[2]/images[1]/picture[1]/src[1]/text()[1]
***********************

Module:[GA20]***********************
Expected text value &#039;200&#039; 
but was &#039;1024&#039; - comparing &lt;width ...&gt;200&lt;/width&gt; 
at /page-map[1]/sections[1]/page-section[1]/areas[1]/area[2]/modules[1]/module[1]/webElementSetComponentBeans[1]/element-group[2]/images[1]/picture[1]/width[1]/text()[1] to &lt;width ...&gt;1024&lt;/width&gt; 
at /page-map[1]/sections[1]/page-section[1]/areas[1]/area[2]/modules[1]/module[1]/webElementSetComponentBeans[1]/element-group[2]/images[1]/picture[1]/width[1]/text()[1]
***********************

Module:[GA20]***********************
Expected text value &#039;102&#039; 
but was &#039;522&#039; - comparing &lt;height ...&gt;102&lt;/height&gt; 
at /page-map[1]/sections[1]/page-section[1]/areas[1]/area[2]/modules[1]/module[1]/webElementSetComponentBeans[1]/element-group[2]/images[1]/picture[1]/height[1]/text()[1] to &lt;height ...&gt;522&lt;/height&gt; 
at /page-map[1]/sections[1]/page-section[1]/areas[1]/area[2]/modules[1]/module[1]/webElementSetComponentBeans[1]/element-group[2]/images[1]/picture[1]/height[1]/text()[1]
***********************

Module:[GA20]***********************
Expected CDATA section value &#039;http://test.film4.com/media/images/Channel4/film4_gti/carousel/952x485_2_SML.jpg&#039; 
but was &#039;http://test.film4.com/media/images/Channel4/film4_gti/carousel/952x485_2_LRG.jpg&#039; - comparing &lt;![CDATA[http://test.film4.com/media/images/Channel4/film4_gti/carousel/952x485_2_SML.jpg]]&gt; 
at /page-map[1]/sections[1]/page-section[1]/areas[1]/area[2]/modules[1]/module[1]/webElementSetComponentBeans[1]/element-group[3]/images[1]/picture[1]/src[1]/text()[1] to &lt;![CDATA[http://test.film4.com/media/images/Channel4/film4_gti/carousel/952x485_2_LRG.jpg]]&gt; 
at /page-map[1]/sections[1]/page-section[1]/areas[1]/area[2]/modules[1]/module[1]/webElementSetComponentBeans[1]/element-group[3]/images[1]/picture[1]/src[1]/text()[1]
***********************

Module:[GA20]***********************
Expected text value &#039;200&#039; 
but was &#039;1024&#039; - comparing &lt;width ...&gt;200&lt;/width&gt; 
at /page-map[1]/sections[1]/page-section[1]/areas[1]/area[2]/modules[1]/module[1]/webElementSetComponentBeans[1]/element-group[3]/images[1]/picture[1]/width[1]/text()[1] to &lt;width ...&gt;1024&lt;/width&gt; 
at /page-map[1]/sections[1]/page-section[1]/areas[1]/area[2]/modules[1]/module[1]/webElementSetComponentBeans[1]/element-group[3]/images[1]/picture[1]/width[1]/text()[1]
***********************

Module:[GA20]***********************
Expected text value &#039;102&#039; 
but was &#039;522&#039; - comparing &lt;height ...&gt;102&lt;/height&gt; 
at /page-map[1]/sections[1]/page-section[1]/areas[1]/area[2]/modules[1]/module[1]/webElementSetComponentBeans[1]/element-group[3]/images[1]/picture[1]/height[1]/text()[1] to &lt;height ...&gt;522&lt;/height&gt; 
at /page-map[1]/sections[1]/page-section[1]/areas[1]/area[2]/modules[1]/module[1]/webElementSetComponentBeans[1]/element-group[3]/images[1]/picture[1]/height[1]/text()[1]
***********************

Module:[GA20]***********************
Expected CDATA section value &#039;http://test.film4.com/media/images/Channel4/film4_gti/carousel/952x485_1_SML.jpg&#039; 
but was &#039;http://test.film4.com/media/images/Channel4/film4_gti/carousel/952x485_1_LRG.jpg&#039; - comparing &lt;![CDATA[http://test.film4.com/media/images/Channel4/film4_gti/carousel/952x485_1_SML.jpg]]&gt; 
at /page-map[1]/sections[1]/page-section[1]/areas[1]/area[2]/modules[1]/module[1]/webElementSetComponentBeans[1]/element-group[4]/images[1]/picture[1]/src[1]/text()[1] to &lt;![CDATA[http://test.film4.com/media/images/Channel4/film4_gti/carousel/952x485_1_LRG.jpg]]&gt; 
at /page-map[1]/sections[1]/page-section[1]/areas[1]/area[2]/modules[1]/module[1]/webElementSetComponentBeans[1]/element-group[4]/images[1]/picture[1]/src[1]/text()[1]
***********************

Module:[GA20]***********************
Expected text value &#039;200&#039; 
but was &#039;1024&#039; - comparing &lt;width ...&gt;200&lt;/width&gt; 
at /page-map[1]/sections[1]/page-section[1]/areas[1]/area[2]/modules[1]/module[1]/webElementSetComponentBeans[1]/element-group[4]/images[1]/picture[1]/width[1]/text()[1] to &lt;width ...&gt;1024&lt;/width&gt; 
at /page-map[1]/sections[1]/page-section[1]/areas[1]/area[2]/modules[1]/module[1]/webElementSetComponentBeans[1]/element-group[4]/images[1]/picture[1]/width[1]/text()[1]
***********************

Module:[GA20]***********************
Expected text value &#039;102&#039; 
but was &#039;522&#039; - comparing &lt;height ...&gt;102&lt;/height&gt; 
at /page-map[1]/sections[1]/page-section[1]/areas[1]/area[2]/modules[1]/module[1]/webElementSetComponentBeans[1]/element-group[4]/images[1]/picture[1]/height[1]/text()[1] to &lt;height ...&gt;522&lt;/height&gt; 
at /page-map[1]/sections[1]/page-section[1]/areas[1]/area[2]/modules[1]/module[1]/webElementSetComponentBeans[1]/element-group[4]/images[1]/picture[1]/height[1]/text()[1]
***********************

Module:[GA20]***********************
Expected CDATA section value &#039;http://test.film4.com/media/images/Channel4/film4_gti/carousel/952x485_5_SML.jpg&#039; 
but was &#039;http://test.film4.com/media/images/Channel4/film4_gti/carousel/952x485_5_LRG.jpg&#039; - comparing &lt;![CDATA[http://test.film4.com/media/images/Channel4/film4_gti/carousel/952x485_5_SML.jpg]]&gt; 
at /page-map[1]/sections[1]/page-section[1]/areas[1]/area[2]/modules[1]/module[1]/webElementSetComponentBeans[1]/element-group[5]/images[1]/picture[1]/src[1]/text()[1] to &lt;![CDATA[http://test.film4.com/media/images/Channel4/film4_gti/carousel/952x485_5_LRG.jpg]]&gt; 
at /page-map[1]/sections[1]/page-section[1]/areas[1]/area[2]/modules[1]/module[1]/webElementSetComponentBeans[1]/element-group[5]/images[1]/picture[1]/src[1]/text()[1]
***********************

Module:[GA20]***********************
Expected text value &#039;200&#039; 
but was &#039;1024&#039; - comparing &lt;width ...&gt;200&lt;/width&gt; 
at /page-map[1]/sections[1]/page-section[1]/areas[1]/area[2]/modules[1]/module[1]/webElementSetComponentBeans[1]/element-group[5]/images[1]/picture[1]/width[1]/text()[1] to &lt;width ...&gt;1024&lt;/width&gt; 
at /page-map[1]/sections[1]/page-section[1]/areas[1]/area[2]/modules[1]/module[1]/webElementSetComponentBeans[1]/element-group[5]/images[1]/picture[1]/width[1]/text()[1]
***********************

Module:[GA20]***********************
Expected text value &#039;102&#039; 
but was &#039;522&#039; - comparing &lt;height ...&gt;102&lt;/height&gt; 
at /page-map[1]/sections[1]/page-section[1]/areas[1]/area[2]/modules[1]/module[1]/webElementSetComponentBeans[1]/element-group[5]/images[1]/picture[1]/height[1]/text()[1] to &lt;height ...&gt;522&lt;/height&gt; 
at /page-map[1]/sections[1]/page-section[1]/areas[1]/area[2]/modules[1]/module[1]/webElementSetComponentBeans[1]/element-group[5]/images[1]/picture[1]/height[1]/text()[1]
***********************

Module:[GA20]***********************
Expected CDATA section value &#039;http://test.film4.com/media/images/Channel4/film4_gti/carousel/952x485_6_SML.jpg&#039; 
but was &#039;http://test.film4.com/media/images/Channel4/film4_gti/carousel/952x485_6_LRG.jpg&#039; - comparing &lt;![CDATA[http://test.film4.com/media/images/Channel4/film4_gti/carousel/952x485_6_SML.jpg]]&gt; 
at /page-map[1]/sections[1]/page-section[1]/areas[1]/area[2]/modules[1]/module[1]/webElementSetComponentBeans[1]/element-group[6]/images[1]/picture[1]/src[1]/text()[1] to &lt;![CDATA[http://test.film4.com/media/images/Channel4/film4_gti/carousel/952x485_6_LRG.jpg]]&gt; 
at /page-map[1]/sections[1]/page-section[1]/areas[1]/area[2]/modules[1]/module[1]/webElementSetComponentBeans[1]/element-group[6]/images[1]/picture[1]/src[1]/text()[1]
***********************

Module:[GA20]***********************
Expected text value &#039;200&#039; 
but was &#039;1024&#039; - comparing &lt;width ...&gt;200&lt;/width&gt; 
at /page-map[1]/sections[1]/page-section[1]/areas[1]/area[2]/modules[1]/module[1]/webElementSetComponentBeans[1]/element-group[6]/images[1]/picture[1]/width[1]/text()[1] to &lt;width ...&gt;1024&lt;/width&gt; 
at /page-map[1]/sections[1]/page-section[1]/areas[1]/area[2]/modules[1]/module[1]/webElementSetComponentBeans[1]/element-group[6]/images[1]/picture[1]/width[1]/text()[1]
***********************

Module:[GA20]***********************
Expected text value &#039;102&#039; 
but was &#039;522&#039; - comparing &lt;height ...&gt;102&lt;/height&gt; 
at /page-map[1]/sections[1]/page-section[1]/areas[1]/area[2]/modules[1]/module[1]/webElementSetComponentBeans[1]/element-group[6]/images[1]/picture[1]/height[1]/text()[1] to &lt;height ...&gt;522&lt;/height&gt; 
at /page-map[1]/sections[1]/page-section[1]/areas[1]/area[2]/modules[1]/module[1]/webElementSetComponentBeans[1]/element-group[6]/images[1]/picture[1]/height[1]/text()[1]
***********************

Module:[GA20]***********************
Expected CDATA section value &#039;http://test.film4.com/media/images/Channel4/film4_gti/carousel/952x485_7_SML.jpg&#039; 
but was &#039;http://test.film4.com/media/images/Channel4/film4_gti/carousel/952x485_7_LRG.jpg&#039; - comparing &lt;![CDATA[http://test.film4.com/media/images/Channel4/film4_gti/carousel/952x485_7_SML.jpg]]&gt; 
at /page-map[1]/sections[1]/page-section[1]/areas[1]/area[2]/modules[1]/module[1]/webElementSetComponentBeans[1]/element-group[7]/images[1]/picture[1]/src[1]/text()[1] to &lt;![CDATA[http://test.film4.com/media/images/Channel4/film4_gti/carousel/952x485_7_LRG.jpg]]&gt; 
at /page-map[1]/sections[1]/page-section[1]/areas[1]/area[2]/modules[1]/module[1]/webElementSetComponentBeans[1]/element-group[7]/images[1]/picture[1]/src[1]/text()[1]
***********************

Module:[GA20]***********************
Expected text value &#039;200&#039; 
but was &#039;1024&#039; - comparing &lt;width ...&gt;200&lt;/width&gt; 
at /page-map[1]/sections[1]/page-section[1]/areas[1]/area[2]/modules[1]/module[1]/webElementSetComponentBeans[1]/element-group[7]/images[1]/picture[1]/width[1]/text()[1] to &lt;width ...&gt;1024&lt;/width&gt; 
at /page-map[1]/sections[1]/page-section[1]/areas[1]/area[2]/modules[1]/module[1]/webElementSetComponentBeans[1]/element-group[7]/images[1]/picture[1]/width[1]/text()[1]
***********************

Module:[GA20]***********************
Expected text value &#039;102&#039; 
but was &#039;522&#039; - comparing &lt;height ...&gt;102&lt;/height&gt; 
at /page-map[1]/sections[1]/page-section[1]/areas[1]/area[2]/modules[1]/module[1]/webElementSetComponentBeans[1]/element-group[7]/images[1]/picture[1]/height[1]/text()[1] to &lt;height ...&gt;522&lt;/height&gt; 
at /page-map[1]/sections[1]/page-section[1]/areas[1]/area[2]/modules[1]/module[1]/webElementSetComponentBeans[1]/element-group[7]/images[1]/picture[1]/height[1]/text()[1]
***********************

Module:[GA20]***********************
Expected CDATA section value &#039;http://test.film4.com/media/images/Channel4/film4_gti/carousel/952x485_8_SML.jpg&#039; 
but was &#039;http://test.film4.com/media/images/Channel4/film4_gti/carousel/952x485_8_LRG.jpg&#039; - comparing &lt;![CDATA[http://test.film4.com/media/images/Channel4/film4_gti/carousel/952x485_8_SML.jpg]]&gt; 
at /page-map[1]/sections[1]/page-section[1]/areas[1]/area[2]/modules[1]/module[1]/webElementSetComponentBeans[1]/element-group[8]/images[1]/picture[1]/src[1]/text()[1] to &lt;![CDATA[http://test.film4.com/media/images/Channel4/film4_gti/carousel/952x485_8_LRG.jpg]]&gt; 
at /page-map[1]/sections[1]/page-section[1]/areas[1]/area[2]/modules[1]/module[1]/webElementSetComponentBeans[1]/element-group[8]/images[1]/picture[1]/src[1]/text()[1]
***********************

Module:[GA20]***********************
Expected text value &#039;200&#039; 
but was &#039;1024&#039; - comparing &lt;width ...&gt;200&lt;/width&gt; 
at /page-map[1]/sections[1]/page-section[1]/areas[1]/area[2]/modules[1]/module[1]/webElementSetComponentBeans[1]/element-group[8]/images[1]/picture[1]/width[1]/text()[1] to &lt;width ...&gt;1024&lt;/width&gt; 
at /page-map[1]/sections[1]/page-section[1]/areas[1]/area[2]/modules[1]/module[1]/webElementSetComponentBeans[1]/element-group[8]/images[1]/picture[1]/width[1]/text()[1]
***********************

Module:[GA20]***********************
Expected text value &#039;102&#039; 
but was &#039;522&#039; - comparing &lt;height ...&gt;102&lt;/height&gt; 
at /page-map[1]/sections[1]/page-section[1]/areas[1]/area[2]/modules[1]/module[1]/webElementSetComponentBeans[1]/element-group[8]/images[1]/picture[1]/height[1]/text()[1] to &lt;height ...&gt;522&lt;/height&gt; 
at /page-map[1]/sections[1]/page-section[1]/areas[1]/area[2]/modules[1]/module[1]/webElementSetComponentBeans[1]/element-group[8]/images[1]/picture[1]/height[1]/text()[1]
***********************

Module:[FL01-default]***********************
Expected CDATA section value &#039;http://test.film4.com/reviews/2012/total-recall?li#&#039; 
but was &#039;http://test.film4.com/reviews/2012/total-recall?la3i#&#039; - comparing &lt;![CDATA[http://test.film4.com/reviews/2012/total-recall?li#]]&gt; 
at /page-map[1]/sections[1]/page-section[1]/areas[1]/area[3]/modules[1]/module[1]/webElementSetComponentBeans[1]/element-group[1]/links[1]/link[1]/href[1]/text()[1] to &lt;![CDATA[http://test.film4.com/reviews/2012/total-recall?la3i#]]&gt; 
at /page-map[1]/sections[1]/page-section[1]/areas[1]/area[3]/modules[1]/module[1]/webElementSetComponentBeans[1]/element-group[1]/links[1]/link[1]/href[1]/text()[1]
***********************

Module:[FL01-default]***********************
Expected CDATA section value &#039;http://test.film4.com/reviews/2012/total-recall?li#&#039; 
but was &#039;http://test.film4.com/reviews/2012/total-recall?la3i#&#039; - comparing &lt;![CDATA[http://test.film4.com/reviews/2012/total-recall?li#]]&gt; 
at /page-map[1]/sections[1]/page-section[1]/areas[1]/area[3]/modules[1]/module[1]/webElementSetComponentBeans[1]/element-group[2]/links[1]/link[1]/href[1]/text()[1] to &lt;![CDATA[http://test.film4.com/reviews/2012/total-recall?la3i#]]&gt; 
at /page-map[1]/sections[1]/page-section[1]/areas[1]/area[3]/modules[1]/module[1]/webElementSetComponentBeans[1]/element-group[2]/links[1]/link[1]/href[1]/text()[1]
***********************

Module:[FL01-default]***********************
Expected CDATA section value &#039;http://test.film4.com/reviews/2012/total-recall?li#&#039; 
but was &#039;http://test.film4.com/reviews/2012/total-recall?la3i#&#039; - comparing &lt;![CDATA[http://test.film4.com/reviews/2012/total-recall?li#]]&gt; 
at /page-map[1]/sections[1]/page-section[1]/areas[1]/area[3]/modules[1]/module[1]/webElementSetComponentBeans[1]/element-group[3]/links[1]/link[1]/href[1]/text()[1] to &lt;![CDATA[http://test.film4.com/reviews/2012/total-recall?la3i#]]&gt; 
at /page-map[1]/sections[1]/page-section[1]/areas[1]/area[3]/modules[1]/module[1]/webElementSetComponentBeans[1]/element-group[3]/links[1]/link[1]/href[1]/text()[1]
***********************

Module:[FL01-default]***********************
Expected CDATA section value &#039;http://test.film4.com/reviews/2012/total-recall?li#&#039; 
but was &#039;http://test.film4.com/reviews/2012/total-recall?la3i#&#039; - comparing &lt;![CDATA[http://test.film4.com/reviews/2012/total-recall?li#]]&gt; 
at /page-map[1]/sections[1]/page-section[1]/areas[1]/area[3]/modules[1]/module[1]/webElementSetComponentBeans[1]/element-group[4]/links[1]/link[1]/href[1]/text()[1] to &lt;![CDATA[http://test.film4.com/reviews/2012/total-recall?la3i#]]&gt; 
at /page-map[1]/sections[1]/page-section[1]/areas[1]/area[3]/modules[1]/module[1]/webElementSetComponentBeans[1]/element-group[4]/links[1]/link[1]/href[1]/text()[1]
***********************

Module:[FL01-carousel]***********************
Expected number of child nodes &#039;33&#039; 
but was &#039;35&#039; - comparing &lt;links...&gt; 
at /page-map[1]/sections[1]/page-section[2]/areas[1]/area[1]/modules[1]/module[2]/webElementSetComponentBeans[1]/element-group[1]/links[1] to &lt;links...&gt; 
at /page-map[1]/sections[1]/page-section[2]/areas[1]/area[1]/modules[1]/module[2]/webElementSetComponentBeans[1]/element-group[1]/links[1]
***********************

Module:[FL01-carousel]***********************
Expected CDATA section value &#039;http://test.film4.com/reviews/2012/total-recall?li#&#039; 
but was &#039;http://test.film4.com/reviews/2012/total-recall?la3i#&#039; - comparing &lt;![CDATA[http://test.film4.com/reviews/2012/total-recall?li#]]&gt; 
at /page-map[1]/sections[1]/page-section[2]/areas[1]/area[1]/modules[1]/module[2]/webElementSetComponentBeans[1]/element-group[1]/links[1]/link[1]/href[1]/text()[1] to &lt;![CDATA[http://test.film4.com/reviews/2012/total-recall?la3i#]]&gt; 
at /page-map[1]/sections[1]/page-section[2]/areas[1]/area[1]/modules[1]/module[2]/webElementSetComponentBeans[1]/element-group[1]/links[1]/link[1]/href[1]/text()[1]
***********************

Module:[FL01-carousel]***********************
Expected CDATA section value &#039;The Long Day Closes&#039; 
but was &#039;Slumdog Millionaire&#039; - comparing &lt;![CDATA[The Long Day Closes]]&gt; 
at /page-map[1]/sections[1]/page-section[2]/areas[1]/area[1]/modules[1]/module[2]/webElementSetComponentBeans[1]/element-group[1]/links[1]/link[2]/linkText[1]/text()[1] to &lt;![CDATA[Slumdog Millionaire]]&gt; 
at /page-map[1]/sections[1]/page-section[2]/areas[1]/area[1]/modules[1]/module[2]/webElementSetComponentBeans[1]/element-group[1]/links[1]/link[2]/linkText[1]/text()[1]
***********************

Module:[FL01-carousel]***********************
Expected CDATA section value &#039;http://test.film4.com/reviews/1992/the-long-day-closes&#039; 
but was &#039;http://test.film4.com/reviews/2008/slumdog-millionaire&#039; - comparing &lt;![CDATA[http://test.film4.com/reviews/1992/the-long-day-closes]]&gt; 
at /page-map[1]/sections[1]/page-section[2]/areas[1]/area[1]/modules[1]/module[2]/webElementSetComponentBeans[1]/element-group[1]/links[1]/link[2]/href[1]/text()[1] to &lt;![CDATA[http://test.film4.com/reviews/2008/slumdog-millionaire]]&gt; 
at /page-map[1]/sections[1]/page-section[2]/areas[1]/area[1]/modules[1]/module[2]/webElementSetComponentBeans[1]/element-group[1]/links[1]/link[2]/href[1]/text()[1]
***********************

Module:[FL01-carousel]***********************
Expected CDATA section value &#039;watchlist-add&#039; 
but was &#039;Rent on Film4oD&#039; - comparing &lt;![CDATA[watchlist-add]]&gt; 
at /page-map[1]/sections[1]/page-section[2]/areas[1]/area[1]/modules[1]/module[2]/webElementSetComponentBeans[1]/element-group[1]/links[1]/link[3]/linkText[1]/text()[1] to &lt;![CDATA[Rent on Film4oD]]&gt; 
at /page-map[1]/sections[1]/page-section[2]/areas[1]/area[1]/modules[1]/module[2]/webElementSetComponentBeans[1]/element-group[1]/links[1]/link[3]/linkText[1]/text()[1]
***********************

Module:[FL01-carousel]***********************
Expected CDATA section value &#039;http://test.film4.com/reviews/2012/total-recall?li#&#039; 
but was &#039;http://film4od.film4.com/Basket.Handler?action=add&amp;supplierReference=00113412&amp;offerId=2305&#039; - comparing &lt;![CDATA[http://test.film4.com/reviews/2012/total-recall?li#]]&gt; 
at /page-map[1]/sections[1]/page-section[2]/areas[1]/area[1]/modules[1]/module[2]/webElementSetComponentBeans[1]/element-group[1]/links[1]/link[3]/href[1]/text()[1] to &lt;![CDATA[http://film4od.film4.com/Basket.Handler?action=add&amp;supplierReference=00113412&amp;offerId=2305]]&gt; 
at /page-map[1]/sections[1]/page-section[2]/areas[1]/area[1]/modules[1]/module[2]/webElementSetComponentBeans[1]/element-group[1]/links[1]/link[3]/href[1]/text()[1]
***********************

Module:[FL01-carousel]***********************
Expected CDATA section value &#039;This Is England&#039; 
but was &#039;watchlist-add&#039; - comparing &lt;![CDATA[This Is England]]&gt; 
at /page-map[1]/sections[1]/page-section[2]/areas[1]/area[1]/modules[1]/module[2]/webElementSetComponentBeans[1]/element-group[1]/links[1]/link[4]/linkText[1]/text()[1] to &lt;![CDATA[watchlist-add]]&gt; 
at /page-map[1]/sections[1]/page-section[2]/areas[1]/area[1]/modules[1]/module[2]/webElementSetComponentBeans[1]/element-group[1]/links[1]/link[4]/linkText[1]/text()[1]
***********************

Module:[FL01-carousel]***********************
Expected CDATA section value &#039;http://test.film4.com/reviews/2006/this-is-england&#039; 
but was &#039;http://test.film4.com/reviews/2012/total-recall?la3i#&#039; - comparing &lt;![CDATA[http://test.film4.com/reviews/2006/this-is-england]]&gt; 
at /page-map[1]/sections[1]/page-section[2]/areas[1]/area[1]/modules[1]/module[2]/webElementSetComponentBeans[1]/element-group[1]/links[1]/link[4]/href[1]/text()[1] to &lt;![CDATA[http://test.film4.com/reviews/2012/total-recall?la3i#]]&gt; 
at /page-map[1]/sections[1]/page-section[2]/areas[1]/area[1]/modules[1]/module[2]/webElementSetComponentBeans[1]/element-group[1]/links[1]/link[4]/href[1]/text()[1]
***********************

Module:[FL01-carousel]***********************
Expected CDATA section value &#039;Rent on Film4oD&#039; 
but was &#039;This Is England&#039; - comparing &lt;![CDATA[Rent on Film4oD]]&gt; 
at /page-map[1]/sections[1]/page-section[2]/areas[1]/area[1]/modules[1]/module[2]/webElementSetComponentBeans[1]/element-group[1]/links[1]/link[5]/linkText[1]/text()[1] to &lt;![CDATA[This Is England]]&gt; 
at /page-map[1]/sections[1]/page-section[2]/areas[1]/area[1]/modules[1]/module[2]/webElementSetComponentBeans[1]/element-group[1]/links[1]/link[5]/linkText[1]/text()[1]
***********************

Module:[FL01-carousel]***********************
Expected CDATA section value &#039;http://film4od.film4.com/Basket.Handler?action=add&amp;supplierReference=00069632&amp;offerId=2877&#039; 
but was &#039;http://test.film4.com/reviews/2006/this-is-england&#039; - comparing &lt;![CDATA[http://film4od.film4.com/Basket.Handler?action=add&amp;supplierReference=00069632&amp;offerId=2877]]&gt; 
at /page-map[1]/sections[1]/page-section[2]/areas[1]/area[1]/modules[1]/module[2]/webElementSetComponentBeans[1]/element-group[1]/links[1]/link[5]/href[1]/text()[1] to &lt;![CDATA[http://test.film4.com/reviews/2006/this-is-england]]&gt; 
at /page-map[1]/sections[1]/page-section[2]/areas[1]/area[1]/modules[1]/module[2]/webElementSetComponentBeans[1]/element-group[1]/links[1]/link[5]/href[1]/text()[1]
***********************

Module:[FL01-carousel]***********************
Expected CDATA section value &#039;watchlist-add&#039; 
but was &#039;Rent on Film4oD&#039; - comparing &lt;![CDATA[watchlist-add]]&gt; 
at /page-map[1]/sections[1]/page-section[2]/areas[1]/area[1]/modules[1]/module[2]/webElementSetComponentBeans[1]/element-group[1]/links[1]/link[6]/linkText[1]/text()[1] to &lt;![CDATA[Rent on Film4oD]]&gt; 
at /page-map[1]/sections[1]/page-section[2]/areas[1]/area[1]/modules[1]/module[2]/webElementSetComponentBeans[1]/element-group[1]/links[1]/link[6]/linkText[1]/text()[1]
***********************

Module:[FL01-carousel]***********************
Expected CDATA section value &#039;http://test.film4.com/reviews/2012/total-recall?li#&#039; 
but was &#039;http://film4od.film4.com/Basket.Handler?action=add&amp;supplierReference=00069632&amp;offerId=2877&#039; - comparing &lt;![CDATA[http://test.film4.com/reviews/2012/total-recall?li#]]&gt; 
at /page-map[1]/sections[1]/page-section[2]/areas[1]/area[1]/modules[1]/module[2]/webElementSetComponentBeans[1]/element-group[1]/links[1]/link[6]/href[1]/text()[1] to &lt;![CDATA[http://film4od.film4.com/Basket.Handler?action=add&amp;supplierReference=00069632&amp;offerId=2877]]&gt; 
at /page-map[1]/sections[1]/page-section[2]/areas[1]/area[1]/modules[1]/module[2]/webElementSetComponentBeans[1]/element-group[1]/links[1]/link[6]/href[1]/text()[1]
***********************

Module:[FL01-carousel]***********************
Expected CDATA section value &#039;House Of Mirth&#039; 
but was &#039;watchlist-add&#039; - comparing &lt;![CDATA[House Of Mirth]]&gt; 
at /page-map[1]/sections[1]/page-section[2]/areas[1]/area[1]/modules[1]/module[2]/webElementSetComponentBeans[1]/element-group[1]/links[1]/link[7]/linkText[1]/text()[1] to &lt;![CDATA[watchlist-add]]&gt; 
at /page-map[1]/sections[1]/page-section[2]/areas[1]/area[1]/modules[1]/module[2]/webElementSetComponentBeans[1]/element-group[1]/links[1]/link[7]/linkText[1]/text()[1]
***********************

Module:[FL01-carousel]***********************
Expected CDATA section value &#039;http://test.film4.com/reviews/2000/the-house-of-mirth&#039; 
but was &#039;http://test.film4.com/reviews/2012/total-recall?la3i#&#039; - comparing &lt;![CDATA[http://test.film4.com/reviews/2000/the-house-of-mirth]]&gt; 
at /page-map[1]/sections[1]/page-section[2]/areas[1]/area[1]/modules[1]/module[2]/webElementSetComponentBeans[1]/element-group[1]/links[1]/link[7]/href[1]/text()[1] to &lt;![CDATA[http://test.film4.com/reviews/2012/total-recall?la3i#]]&gt; 
at /page-map[1]/sections[1]/page-section[2]/areas[1]/area[1]/modules[1]/module[2]/webElementSetComponentBeans[1]/element-group[1]/links[1]/link[7]/href[1]/text()[1]
***********************

Module:[FL01-carousel]***********************
Expected CDATA section value &#039;watchlist-add&#039; 
but was &#039;Hunger&#039; - comparing &lt;![CDATA[watchlist-add]]&gt; 
at /page-map[1]/sections[1]/page-section[2]/areas[1]/area[1]/modules[1]/module[2]/webElementSetComponentBeans[1]/element-group[1]/links[1]/link[8]/linkText[1]/text()[1] to &lt;![CDATA[Hunger]]&gt; 
at /page-map[1]/sections[1]/page-section[2]/areas[1]/area[1]/modules[1]/module[2]/webElementSetComponentBeans[1]/element-group[1]/links[1]/link[8]/linkText[1]/text()[1]
***********************

Module:[FL01-carousel]***********************
Expected CDATA section value &#039;http://test.film4.com/reviews/2012/total-recall?li#&#039; 
but was &#039;http://test.film4.com/reviews/2008/hunger&#039; - comparing &lt;![CDATA[http://test.film4.com/reviews/2012/total-recall?li#]]&gt; 
at /page-map[1]/sections[1]/page-section[2]/areas[1]/area[1]/modules[1]/module[2]/webElementSetComponentBeans[1]/element-group[1]/links[1]/link[8]/href[1]/text()[1] to &lt;![CDATA[http://test.film4.com/reviews/2008/hunger]]&gt; 
at /page-map[1]/sections[1]/page-section[2]/areas[1]/area[1]/modules[1]/module[2]/webElementSetComponentBeans[1]/element-group[1]/links[1]/link[8]/href[1]/text()[1]
***********************

Module:[FL01-carousel]***********************
Expected CDATA section value &#039;Saturday Night Fever&#039; 
but was &#039;Rent on Film4oD&#039; - comparing &lt;![CDATA[Saturday Night Fever]]&gt; 
at /page-map[1]/sections[1]/page-section[2]/areas[1]/area[1]/modules[1]/module[2]/webElementSetComponentBeans[1]/element-group[1]/links[1]/link[9]/linkText[1]/text()[1] to &lt;![CDATA[Rent on Film4oD]]&gt; 
at /page-map[1]/sections[1]/page-section[2]/areas[1]/area[1]/modules[1]/module[2]/webElementSetComponentBeans[1]/element-group[1]/links[1]/link[9]/linkText[1]/text()[1]
***********************

Module:[FL01-carousel]***********************
Expected CDATA section value &#039;http://test.film4.com/reviews/1977/saturday-night-fever&#039; 
but was &#039;http://film4od.film4.com/Basket.Handler?action=add&amp;supplierReference=00110823&amp;offerId=11374&#039; - comparing &lt;![CDATA[http://test.film4.com/reviews/1977/saturday-night-fever]]&gt; 
at /page-map[1]/sections[1]/page-section[2]/areas[1]/area[1]/modules[1]/module[2]/webElementSetComponentBeans[1]/element-group[1]/links[1]/link[9]/href[1]/text()[1] to &lt;![CDATA[http://film4od.film4.com/Basket.Handler?action=add&amp;supplierReference=00110823&amp;offerId=11374]]&gt; 
at /page-map[1]/sections[1]/page-section[2]/areas[1]/area[1]/modules[1]/module[2]/webElementSetComponentBeans[1]/element-group[1]/links[1]/link[9]/href[1]/text()[1]
***********************

Module:[FL01-carousel]***********************
Expected CDATA section value &#039;http://test.film4.com/reviews/2012/total-recall?li#&#039; 
but was &#039;http://test.film4.com/reviews/2012/total-recall?la3i#&#039; - comparing &lt;![CDATA[http://test.film4.com/reviews/2012/total-recall?li#]]&gt; 
at /page-map[1]/sections[1]/page-section[2]/areas[1]/area[1]/modules[1]/module[2]/webElementSetComponentBeans[1]/element-group[1]/links[1]/link[10]/href[1]/text()[1] to &lt;![CDATA[http://test.film4.com/reviews/2012/total-recall?la3i#]]&gt; 
at /page-map[1]/sections[1]/page-section[2]/areas[1]/area[1]/modules[1]/module[2]/webElementSetComponentBeans[1]/element-group[1]/links[1]/link[10]/href[1]/text()[1]
***********************

Module:[FL01-carousel]***********************
Expected CDATA section value &#039;Princess Mononoke&#039; 
but was &#039;Local Hero&#039; - comparing &lt;![CDATA[Princess Mononoke]]&gt; 
at /page-map[1]/sections[1]/page-section[2]/areas[1]/area[1]/modules[1]/module[2]/webElementSetComponentBeans[1]/element-group[1]/links[1]/link[11]/linkText[1]/text()[1] to &lt;![CDATA[Local Hero]]&gt; 
at /page-map[1]/sections[1]/page-section[2]/areas[1]/area[1]/modules[1]/module[2]/webElementSetComponentBeans[1]/element-group[1]/links[1]/link[11]/linkText[1]/text()[1]
***********************

Module:[FL01-carousel]***********************
Expected CDATA section value &#039;http://test.film4.com/reviews/1997/princess-mononoke&#039; 
but was &#039;http://test.film4.com/reviews/1983/local-hero&#039; - comparing &lt;![CDATA[http://test.film4.com/reviews/1997/princess-mononoke]]&gt; 
at /page-map[1]/sections[1]/page-section[2]/areas[1]/area[1]/modules[1]/module[2]/webElementSetComponentBeans[1]/element-group[1]/links[1]/link[11]/href[1]/text()[1] to &lt;![CDATA[http://test.film4.com/reviews/1983/local-hero]]&gt; 
at /page-map[1]/sections[1]/page-section[2]/areas[1]/area[1]/modules[1]/module[2]/webElementSetComponentBeans[1]/element-group[1]/links[1]/link[11]/href[1]/text()[1]
***********************

Module:[FL01-carousel]***********************
Expected CDATA section value &#039;watchlist-add&#039; 
but was &#039;Rent on Film4oD&#039; - comparing &lt;![CDATA[watchlist-add]]&gt; 
at /page-map[1]/sections[1]/page-section[2]/areas[1]/area[1]/modules[1]/module[2]/webElementSetComponentBeans[1]/element-group[1]/links[1]/link[12]/linkText[1]/text()[1] to &lt;![CDATA[Rent on Film4oD]]&gt; 
at /page-map[1]/sections[1]/page-section[2]/areas[1]/area[1]/modules[1]/module[2]/webElementSetComponentBeans[1]/element-group[1]/links[1]/link[12]/linkText[1]/text()[1]
***********************

Module:[FL01-carousel]***********************
Expected CDATA section value &#039;http://test.film4.com/reviews/2012/total-recall?li#&#039; 
but was &#039;http://film4od.film4.com/Basket.Handler?action=add&amp;supplierReference=EP-00002638-01&amp;offerId=11369&#039; - comparing &lt;![CDATA[http://test.film4.com/reviews/2012/total-recall?li#]]&gt; 
at /page-map[1]/sections[1]/page-section[2]/areas[1]/area[1]/modules[1]/module[2]/webElementSetComponentBeans[1]/element-group[1]/links[1]/link[12]/href[1]/text()[1] to &lt;![CDATA[http://film4od.film4.com/Basket.Handler?action=add&amp;supplierReference=EP-00002638-01&amp;offerId=11369]]&gt; 
at /page-map[1]/sections[1]/page-section[2]/areas[1]/area[1]/modules[1]/module[2]/webElementSetComponentBeans[1]/element-group[1]/links[1]/link[12]/href[1]/text()[1]
***********************

Module:[FL01-carousel]***********************
Expected CDATA section value &#039;My Beautiful Laundrette&#039; 
but was &#039;watchlist-add&#039; - comparing &lt;![CDATA[My Beautiful Laundrette]]&gt; 
at /page-map[1]/sections[1]/page-section[2]/areas[1]/area[1]/modules[1]/module[2]/webElementSetComponentBeans[1]/element-group[1]/links[1]/link[13]/linkText[1]/text()[1] to &lt;![CDATA[watchlist-add]]&gt; 
at /page-map[1]/sections[1]/page-section[2]/areas[1]/area[1]/modules[1]/module[2]/webElementSetComponentBeans[1]/element-group[1]/links[1]/link[13]/linkText[1]/text()[1]
***********************

Module:[FL01-carousel]***********************
Expected CDATA section value &#039;http://test.film4.com/reviews/1985/my-beautiful-laundrette&#039; 
but was &#039;http://test.film4.com/reviews/2012/total-recall?la3i#&#039; - comparing &lt;![CDATA[http://test.film4.com/reviews/1985/my-beautiful-laundrette]]&gt; 
at /page-map[1]/sections[1]/page-section[2]/areas[1]/area[1]/modules[1]/module[2]/webElementSetComponentBeans[1]/element-group[1]/links[1]/link[13]/href[1]/text()[1] to &lt;![CDATA[http://test.film4.com/reviews/2012/total-recall?la3i#]]&gt; 
at /page-map[1]/sections[1]/page-section[2]/areas[1]/area[1]/modules[1]/module[2]/webElementSetComponentBeans[1]/element-group[1]/links[1]/link[13]/href[1]/text()[1]
***********************

Module:[FL01-carousel]***********************
Expected CDATA section value &#039;Rent on Film4oD&#039; 
but was &#039;House Of Mirth&#039; - comparing &lt;![CDATA[Rent on Film4oD]]&gt; 
at /page-map[1]/sections[1]/page-section[2]/areas[1]/area[1]/modules[1]/module[2]/webElementSetComponentBeans[1]/element-group[1]/links[1]/link[14]/linkText[1]/text()[1] to &lt;![CDATA[House Of Mirth]]&gt; 
at /page-map[1]/sections[1]/page-section[2]/areas[1]/area[1]/modules[1]/module[2]/webElementSetComponentBeans[1]/element-group[1]/links[1]/link[14]/linkText[1]/text()[1]
***********************

Module:[FL01-carousel]***********************
Expected CDATA section value &#039;http://film4od.film4.com/Basket.Handler?action=add&amp;supplierReference=EP-00002639-01&amp;offerId=11335&#039; 
but was &#039;http://test.film4.com/reviews/2000/the-house-of-mirth&#039; - comparing &lt;![CDATA[http://film4od.film4.com/Basket.Handler?action=add&amp;supplierReference=EP-00002639-01&amp;offerId=11335]]&gt; 
at /page-map[1]/sections[1]/page-section[2]/areas[1]/area[1]/modules[1]/module[2]/webElementSetComponentBeans[1]/element-group[1]/links[1]/link[14]/href[1]/text()[1] to &lt;![CDATA[http://test.film4.com/reviews/2000/the-house-of-mirth]]&gt; 
at /page-map[1]/sections[1]/page-section[2]/areas[1]/area[1]/modules[1]/module[2]/webElementSetComponentBeans[1]/element-group[1]/links[1]/link[14]/href[1]/text()[1]
***********************

Module:[FL01-carousel]***********************
Expected CDATA section value &#039;http://test.film4.com/reviews/2012/total-recall?li#&#039; 
but was &#039;http://test.film4.com/reviews/2012/total-recall?la3i#&#039; - comparing &lt;![CDATA[http://test.film4.com/reviews/2012/total-recall?li#]]&gt; 
at /page-map[1]/sections[1]/page-section[2]/areas[1]/area[1]/modules[1]/module[2]/webElementSetComponentBeans[1]/element-group[1]/links[1]/link[15]/href[1]/text()[1] to &lt;![CDATA[http://test.film4.com/reviews/2012/total-recall?la3i#]]&gt; 
at /page-map[1]/sections[1]/page-section[2]/areas[1]/area[1]/modules[1]/module[2]/webElementSetComponentBeans[1]/element-group[1]/links[1]/link[15]/href[1]/text()[1]
***********************

Module:[FL01-carousel]***********************
Expected CDATA section value &#039;Victim&#039; 
but was &#039;Trainspotting&#039; - comparing &lt;![CDATA[Victim]]&gt; 
at /page-map[1]/sections[1]/page-section[2]/areas[1]/area[1]/modules[1]/module[2]/webElementSetComponentBeans[1]/element-group[1]/links[1]/link[16]/linkText[1]/text()[1] to &lt;![CDATA[Trainspotting]]&gt; 
at /page-map[1]/sections[1]/page-section[2]/areas[1]/area[1]/modules[1]/module[2]/webElementSetComponentBeans[1]/element-group[1]/links[1]/link[16]/linkText[1]/text()[1]
***********************

Module:[FL01-carousel]***********************
Expected CDATA section value &#039;http://test.film4.com/reviews/1961/victim&#039; 
but was &#039;http://test.film4.com/reviews/1996/trainspotting&#039; - comparing &lt;![CDATA[http://test.film4.com/reviews/1961/victim]]&gt; 
at /page-map[1]/sections[1]/page-section[2]/areas[1]/area[1]/modules[1]/module[2]/webElementSetComponentBeans[1]/element-group[1]/links[1]/link[16]/href[1]/text()[1] to &lt;![CDATA[http://test.film4.com/reviews/1996/trainspotting]]&gt; 
at /page-map[1]/sections[1]/page-section[2]/areas[1]/area[1]/modules[1]/module[2]/webElementSetComponentBeans[1]/element-group[1]/links[1]/link[16]/href[1]/text()[1]
***********************

Module:[FL01-carousel]***********************
Expected CDATA section value &#039;http://test.film4.com/reviews/2012/total-recall?li#&#039; 
but was &#039;http://test.film4.com/reviews/2012/total-recall?la3i#&#039; - comparing &lt;![CDATA[http://test.film4.com/reviews/2012/total-recall?li#]]&gt; 
at /page-map[1]/sections[1]/page-section[2]/areas[1]/area[1]/modules[1]/module[2]/webElementSetComponentBeans[1]/element-group[1]/links[1]/link[17]/href[1]/text()[1] to &lt;![CDATA[http://test.film4.com/reviews/2012/total-recall?la3i#]]&gt; 
at /page-map[1]/sections[1]/page-section[2]/areas[1]/area[1]/modules[1]/module[2]/webElementSetComponentBeans[1]/element-group[1]/links[1]/link[17]/href[1]/text()[1]
***********************

Module:[FL01-carousel]***********************
Expected CDATA section value &#039;Bigger Than Life&#039; 
but was &#039;The Long Day Closes&#039; - comparing &lt;![CDATA[Bigger Than Life]]&gt; 
at /page-map[1]/sections[1]/page-section[2]/areas[1]/area[1]/modules[1]/module[2]/webElementSetComponentBeans[1]/element-group[1]/links[1]/link[18]/linkText[1]/text()[1] to &lt;![CDATA[The Long Day Closes]]&gt; 
at /page-map[1]/sections[1]/page-section[2]/areas[1]/area[1]/modules[1]/module[2]/webElementSetComponentBeans[1]/element-group[1]/links[1]/link[18]/linkText[1]/text()[1]
***********************

Module:[FL01-carousel]***********************
Expected CDATA section value &#039;http://test.film4.com/reviews/1956/bigger-than-life&#039; 
but was &#039;http://test.film4.com/reviews/1992/the-long-day-closes&#039; - comparing &lt;![CDATA[http://test.film4.com/reviews/1956/bigger-than-life]]&gt; 
at /page-map[1]/sections[1]/page-section[2]/areas[1]/area[1]/modules[1]/module[2]/webElementSetComponentBeans[1]/element-group[1]/links[1]/link[18]/href[1]/text()[1] to &lt;![CDATA[http://test.film4.com/reviews/1992/the-long-day-closes]]&gt; 
at /page-map[1]/sections[1]/page-section[2]/areas[1]/area[1]/modules[1]/module[2]/webElementSetComponentBeans[1]/element-group[1]/links[1]/link[18]/href[1]/text()[1]
***********************

Module:[FL01-carousel]***********************
Expected CDATA section value &#039;http://test.film4.com/reviews/2012/total-recall?li#&#039; 
but was &#039;http://test.film4.com/reviews/2012/total-recall?la3i#&#039; - comparing &lt;![CDATA[http://test.film4.com/reviews/2012/total-recall?li#]]&gt; 
at /page-map[1]/sections[1]/page-section[2]/areas[1]/area[1]/modules[1]/module[2]/webElementSetComponentBeans[1]/element-group[1]/links[1]/link[19]/href[1]/text()[1] to &lt;![CDATA[http://test.film4.com/reviews/2012/total-recall?la3i#]]&gt; 
at /page-map[1]/sections[1]/page-section[2]/areas[1]/area[1]/modules[1]/module[2]/webElementSetComponentBeans[1]/element-group[1]/links[1]/link[19]/href[1]/text()[1]
***********************

Module:[FL01-carousel]***********************
Expected CDATA section value &#039;Oliver Twist&#039; 
but was &#039;Alien&#039; - comparing &lt;![CDATA[Oliver Twist]]&gt; 
at /page-map[1]/sections[1]/page-section[2]/areas[1]/area[1]/modules[1]/module[2]/webElementSetComponentBeans[1]/element-group[1]/links[1]/link[20]/linkText[1]/text()[1] to &lt;![CDATA[Alien]]&gt; 
at /page-map[1]/sections[1]/page-section[2]/areas[1]/area[1]/modules[1]/module[2]/webElementSetComponentBeans[1]/element-group[1]/links[1]/link[20]/linkText[1]/text()[1]
***********************

Module:[FL01-carousel]***********************
Expected CDATA section value &#039;http://test.film4.com/reviews/1948/oliver-twist&#039; 
but was &#039;http://test.film4.com/reviews/1979/alien&#039; - comparing &lt;![CDATA[http://test.film4.com/reviews/1948/oliver-twist]]&gt; 
at /page-map[1]/sections[1]/page-section[2]/areas[1]/area[1]/modules[1]/module[2]/webElementSetComponentBeans[1]/element-group[1]/links[1]/link[20]/href[1]/text()[1] to &lt;![CDATA[http://test.film4.com/reviews/1979/alien]]&gt; 
at /page-map[1]/sections[1]/page-section[2]/areas[1]/area[1]/modules[1]/module[2]/webElementSetComponentBeans[1]/element-group[1]/links[1]/link[20]/href[1]/text()[1]
***********************

Module:[FL01-carousel]***********************
Expected CDATA section value &#039;http://test.film4.com/reviews/2012/total-recall?li#&#039; 
but was &#039;http://test.film4.com/reviews/2012/total-recall?la3i#&#039; - comparing &lt;![CDATA[http://test.film4.com/reviews/2012/total-recall?li#]]&gt; 
at /page-map[1]/sections[1]/page-section[2]/areas[1]/area[1]/modules[1]/module[2]/webElementSetComponentBeans[1]/element-group[1]/links[1]/link[21]/href[1]/text()[1] to &lt;![CDATA[http://test.film4.com/reviews/2012/total-recall?la3i#]]&gt; 
at /page-map[1]/sections[1]/page-section[2]/areas[1]/area[1]/modules[1]/module[2]/webElementSetComponentBeans[1]/element-group[1]/links[1]/link[21]/href[1]/text()[1]
***********************

Module:[FL01-carousel]***********************
Expected CDATA section value &#039;Bronson&#039; 
but was &#039;MASH&#039; - comparing &lt;![CDATA[Bronson]]&gt; 
at /page-map[1]/sections[1]/page-section[2]/areas[1]/area[1]/modules[1]/module[2]/webElementSetComponentBeans[1]/element-group[1]/links[1]/link[22]/linkText[1]/text()[1] to &lt;![CDATA[MASH]]&gt; 
at /page-map[1]/sections[1]/page-section[2]/areas[1]/area[1]/modules[1]/module[2]/webElementSetComponentBeans[1]/element-group[1]/links[1]/link[22]/linkText[1]/text()[1]
***********************

Module:[FL01-carousel]***********************
Expected CDATA section value &#039;http://test.film4.com/reviews/2009/bronson&#039; 
but was &#039;http://test.film4.com/reviews/1970/m-a-s-h&#039; - comparing &lt;![CDATA[http://test.film4.com/reviews/2009/bronson]]&gt; 
at /page-map[1]/sections[1]/page-section[2]/areas[1]/area[1]/modules[1]/module[2]/webElementSetComponentBeans[1]/element-group[1]/links[1]/link[22]/href[1]/text()[1] to &lt;![CDATA[http://test.film4.com/reviews/1970/m-a-s-h]]&gt; 
at /page-map[1]/sections[1]/page-section[2]/areas[1]/area[1]/modules[1]/module[2]/webElementSetComponentBeans[1]/element-group[1]/links[1]/link[22]/href[1]/text()[1]
***********************

Module:[FL01-carousel]***********************
Expected CDATA section value &#039;Rent on Film4oD&#039; 
but was &#039;watchlist-add&#039; - comparing &lt;![CDATA[Rent on Film4oD]]&gt; 
at /page-map[1]/sections[1]/page-section[2]/areas[1]/area[1]/modules[1]/module[2]/webElementSetComponentBeans[1]/element-group[1]/links[1]/link[23]/linkText[1]/text()[1] to &lt;![CDATA[watchlist-add]]&gt; 
at /page-map[1]/sections[1]/page-section[2]/areas[1]/area[1]/modules[1]/module[2]/webElementSetComponentBeans[1]/element-group[1]/links[1]/link[23]/linkText[1]/text()[1]
***********************

Module:[FL01-carousel]***********************
Expected CDATA section value &#039;http://film4od.film4.com/Basket.Handler?action=add&amp;supplierReference=EP-00000005-01&amp;offerId=2608&#039; 
but was &#039;http://test.film4.com/reviews/2012/total-recall?la3i#&#039; - comparing &lt;![CDATA[http://film4od.film4.com/Basket.Handler?action=add&amp;supplierReference=EP-00000005-01&amp;offerId=2608]]&gt; 
at /page-map[1]/sections[1]/page-section[2]/areas[1]/area[1]/modules[1]/module[2]/webElementSetComponentBeans[1]/element-group[1]/links[1]/link[23]/href[1]/text()[1] to &lt;![CDATA[http://test.film4.com/reviews/2012/total-recall?la3i#]]&gt; 
at /page-map[1]/sections[1]/page-section[2]/areas[1]/area[1]/modules[1]/module[2]/webElementSetComponentBeans[1]/element-group[1]/links[1]/link[23]/href[1]/text()[1]
***********************

Module:[FL01-carousel]***********************
Expected CDATA section value &#039;watchlist-add&#039; 
but was &#039;Big&#039; - comparing &lt;![CDATA[watchlist-add]]&gt; 
at /page-map[1]/sections[1]/page-section[2]/areas[1]/area[1]/modules[1]/module[2]/webElementSetComponentBeans[1]/element-group[1]/links[1]/link[24]/linkText[1]/text()[1] to &lt;![CDATA[Big]]&gt; 
at /page-map[1]/sections[1]/page-section[2]/areas[1]/area[1]/modules[1]/module[2]/webElementSetComponentBeans[1]/element-group[1]/links[1]/link[24]/linkText[1]/text()[1]
***********************

Module:[FL01-carousel]***********************
Expected CDATA section value &#039;http://test.film4.com/reviews/2012/total-recall?li#&#039; 
but was &#039;http://test.film4.com/reviews/1988/big&#039; - comparing &lt;![CDATA[http://test.film4.com/reviews/2012/total-recall?li#]]&gt; 
at /page-map[1]/sections[1]/page-section[2]/areas[1]/area[1]/modules[1]/module[2]/webElementSetComponentBeans[1]/element-group[1]/links[1]/link[24]/href[1]/text()[1] to &lt;![CDATA[http://test.film4.com/reviews/1988/big]]&gt; 
at /page-map[1]/sections[1]/page-section[2]/areas[1]/area[1]/modules[1]/module[2]/webElementSetComponentBeans[1]/element-group[1]/links[1]/link[24]/href[1]/text()[1]
***********************

Module:[FL01-carousel]***********************
Expected CDATA section value &#039;Import/Export&#039; 
but was &#039;watchlist-add&#039; - comparing &lt;![CDATA[Import/Export]]&gt; 
at /page-map[1]/sections[1]/page-section[2]/areas[1]/area[1]/modules[1]/module[2]/webElementSetComponentBeans[1]/element-group[1]/links[1]/link[25]/linkText[1]/text()[1] to &lt;![CDATA[watchlist-add]]&gt; 
at /page-map[1]/sections[1]/page-section[2]/areas[1]/area[1]/modules[1]/module[2]/webElementSetComponentBeans[1]/element-group[1]/links[1]/link[25]/linkText[1]/text()[1]
***********************

Module:[FL01-carousel]***********************
Expected CDATA section value &#039;http://test.film4.com/reviews/2007/import-export&#039; 
but was &#039;http://test.film4.com/reviews/2012/total-recall?la3i#&#039; - comparing &lt;![CDATA[http://test.film4.com/reviews/2007/import-export]]&gt; 
at /page-map[1]/sections[1]/page-section[2]/areas[1]/area[1]/modules[1]/module[2]/webElementSetComponentBeans[1]/element-group[1]/links[1]/link[25]/href[1]/text()[1] to &lt;![CDATA[http://test.film4.com/reviews/2012/total-recall?la3i#]]&gt; 
at /page-map[1]/sections[1]/page-section[2]/areas[1]/area[1]/modules[1]/module[2]/webElementSetComponentBeans[1]/element-group[1]/links[1]/link[25]/href[1]/text()[1]
***********************

Module:[FL01-carousel]***********************
Expected CDATA section value &#039;watchlist-add&#039; 
but was &#039;The Crying Game&#039; - comparing &lt;![CDATA[watchlist-add]]&gt; 
at /page-map[1]/sections[1]/page-section[2]/areas[1]/area[1]/modules[1]/module[2]/webElementSetComponentBeans[1]/element-group[1]/links[1]/link[26]/linkText[1]/text()[1] to &lt;![CDATA[The Crying Game]]&gt; 
at /page-map[1]/sections[1]/page-section[2]/areas[1]/area[1]/modules[1]/module[2]/webElementSetComponentBeans[1]/element-group[1]/links[1]/link[26]/linkText[1]/text()[1]
***********************

Module:[FL01-carousel]***********************
Expected CDATA section value &#039;http://test.film4.com/reviews/2012/total-recall?li#&#039; 
but was &#039;http://test.film4.com/reviews/1992/the-crying-game&#039; - comparing &lt;![CDATA[http://test.film4.com/reviews/2012/total-recall?li#]]&gt; 
at /page-map[1]/sections[1]/page-section[2]/areas[1]/area[1]/modules[1]/module[2]/webElementSetComponentBeans[1]/element-group[1]/links[1]/link[26]/href[1]/text()[1] to &lt;![CDATA[http://test.film4.com/reviews/1992/the-crying-game]]&gt; 
at /page-map[1]/sections[1]/page-section[2]/areas[1]/area[1]/modules[1]/module[2]/webElementSetComponentBeans[1]/element-group[1]/links[1]/link[26]/href[1]/text()[1]
***********************

Module:[FL01-carousel]***********************
Expected CDATA section value &#039;Straight Story&#039; 
but was &#039;watchlist-add&#039; - comparing &lt;![CDATA[Straight Story]]&gt; 
at /page-map[1]/sections[1]/page-section[2]/areas[1]/area[1]/modules[1]/module[2]/webElementSetComponentBeans[1]/element-group[1]/links[1]/link[27]/linkText[1]/text()[1] to &lt;![CDATA[watchlist-add]]&gt; 
at /page-map[1]/sections[1]/page-section[2]/areas[1]/area[1]/modules[1]/module[2]/webElementSetComponentBeans[1]/element-group[1]/links[1]/link[27]/linkText[1]/text()[1]
***********************

Module:[FL01-carousel]***********************
Expected CDATA section value &#039;http://test.film4.com/reviews/1999/the-straight-story&#039; 
but was &#039;http://test.film4.com/reviews/2012/total-recall?la3i#&#039; - comparing &lt;![CDATA[http://test.film4.com/reviews/1999/the-straight-story]]&gt; 
at /page-map[1]/sections[1]/page-section[2]/areas[1]/area[1]/modules[1]/module[2]/webElementSetComponentBeans[1]/element-group[1]/links[1]/link[27]/href[1]/text()[1] to &lt;![CDATA[http://test.film4.com/reviews/2012/total-recall?la3i#]]&gt; 
at /page-map[1]/sections[1]/page-section[2]/areas[1]/area[1]/modules[1]/module[2]/webElementSetComponentBeans[1]/element-group[1]/links[1]/link[27]/href[1]/text()[1]
***********************

Module:[FL01-carousel]***********************
Expected CDATA section value &#039;watchlist-add&#039; 
but was &#039;Kill Bill Vol. 1&#039; - comparing &lt;![CDATA[watchlist-add]]&gt; 
at /page-map[1]/sections[1]/page-section[2]/areas[1]/area[1]/modules[1]/module[2]/webElementSetComponentBeans[1]/element-group[1]/links[1]/link[28]/linkText[1]/text()[1] to &lt;![CDATA[Kill Bill Vol. 1]]&gt; 
at /page-map[1]/sections[1]/page-section[2]/areas[1]/area[1]/modules[1]/module[2]/webElementSetComponentBeans[1]/element-group[1]/links[1]/link[28]/linkText[1]/text()[1]
***********************

Module:[FL01-carousel]***********************
Expected CDATA section value &#039;http://test.film4.com/reviews/2012/total-recall?li#&#039; 
but was &#039;http://test.film4.com/reviews/2003/kill-bill-vol-1&#039; - comparing &lt;![CDATA[http://test.film4.com/reviews/2012/total-recall?li#]]&gt; 
at /page-map[1]/sections[1]/page-section[2]/areas[1]/area[1]/modules[1]/module[2]/webElementSetComponentBeans[1]/element-group[1]/links[1]/link[28]/href[1]/text()[1] to &lt;![CDATA[http://test.film4.com/reviews/2003/kill-bill-vol-1]]&gt; 
at /page-map[1]/sections[1]/page-section[2]/areas[1]/area[1]/modules[1]/module[2]/webElementSetComponentBeans[1]/element-group[1]/links[1]/link[28]/href[1]/text()[1]
***********************

Module:[FL01-carousel]***********************
Expected CDATA section value &#039;Mischief Night&#039; 
but was &#039;Rent on Film4oD&#039; - comparing &lt;![CDATA[Mischief Night]]&gt; 
at /page-map[1]/sections[1]/page-section[2]/areas[1]/area[1]/modules[1]/module[2]/webElementSetComponentBeans[1]/element-group[1]/links[1]/link[29]/linkText[1]/text()[1] to &lt;![CDATA[Rent on Film4oD]]&gt; 
at /page-map[1]/sections[1]/page-section[2]/areas[1]/area[1]/modules[1]/module[2]/webElementSetComponentBeans[1]/element-group[1]/links[1]/link[29]/linkText[1]/text()[1]
***********************

Module:[FL01-carousel]***********************
Expected CDATA section value &#039;http://test.film4.com/reviews/2006/mischief-night&#039; 
but was &#039;http://film4od.film4.com/Basket.Handler?action=add&amp;supplierReference=00010094&amp;offerId=2517&#039; - comparing &lt;![CDATA[http://test.film4.com/reviews/2006/mischief-night]]&gt; 
at /page-map[1]/sections[1]/page-section[2]/areas[1]/area[1]/modules[1]/module[2]/webElementSetComponentBeans[1]/element-group[1]/links[1]/link[29]/href[1]/text()[1] to &lt;![CDATA[http://film4od.film4.com/Basket.Handler?action=add&amp;supplierReference=00010094&amp;offerId=2517]]&gt; 
at /page-map[1]/sections[1]/page-section[2]/areas[1]/area[1]/modules[1]/module[2]/webElementSetComponentBeans[1]/element-group[1]/links[1]/link[29]/href[1]/text()[1]
***********************

Module:[FL01-carousel]***********************
Expected CDATA section value &#039;http://test.film4.com/reviews/2012/total-recall?li#&#039; 
but was &#039;http://test.film4.com/reviews/2012/total-recall?la3i#&#039; - comparing &lt;![CDATA[http://test.film4.com/reviews/2012/total-recall?li#]]&gt; 
at /page-map[1]/sections[1]/page-section[2]/areas[1]/area[1]/modules[1]/module[2]/webElementSetComponentBeans[1]/element-group[1]/links[1]/link[30]/href[1]/text()[1] to &lt;![CDATA[http://test.film4.com/reviews/2012/total-recall?la3i#]]&gt; 
at /page-map[1]/sections[1]/page-section[2]/areas[1]/area[1]/modules[1]/module[2]/webElementSetComponentBeans[1]/element-group[1]/links[1]/link[30]/href[1]/text()[1]
***********************

Module:[FL01-carousel]***********************
Expected CDATA section value &#039;Raising Arizona&#039; 
but was &#039;A Room With A View&#039; - comparing &lt;![CDATA[Raising Arizona]]&gt; 
at /page-map[1]/sections[1]/page-section[2]/areas[1]/area[1]/modules[1]/module[2]/webElementSetComponentBeans[1]/element-group[1]/links[1]/link[31]/linkText[1]/text()[1] to &lt;![CDATA[A Room With A View]]&gt; 
at /page-map[1]/sections[1]/page-section[2]/areas[1]/area[1]/modules[1]/module[2]/webElementSetComponentBeans[1]/element-group[1]/links[1]/link[31]/linkText[1]/text()[1]
***********************

Module:[FL01-carousel]***********************
Expected CDATA section value &#039;http://test.film4.com/reviews/1987/raising-arizona&#039; 
but was &#039;http://test.film4.com/reviews/1985/a-room-with-a-view&#039; - comparing &lt;![CDATA[http://test.film4.com/reviews/1987/raising-arizona]]&gt; 
at /page-map[1]/sections[1]/page-section[2]/areas[1]/area[1]/modules[1]/module[2]/webElementSetComponentBeans[1]/element-group[1]/links[1]/link[31]/href[1]/text()[1] to &lt;![CDATA[http://test.film4.com/reviews/1985/a-room-with-a-view]]&gt; 
at /page-map[1]/sections[1]/page-section[2]/areas[1]/area[1]/modules[1]/module[2]/webElementSetComponentBeans[1]/element-group[1]/links[1]/link[31]/href[1]/text()[1]
***********************

Module:[FL01-carousel]***********************
Expected CDATA section value &#039;http://test.film4.com/reviews/2012/total-recall?li#&#039; 
but was &#039;http://test.film4.com/reviews/2012/total-recall?la3i#&#039; - comparing &lt;![CDATA[http://test.film4.com/reviews/2012/total-recall?li#]]&gt; 
at /page-map[1]/sections[1]/page-section[2]/areas[1]/area[1]/modules[1]/module[2]/webElementSetComponentBeans[1]/element-group[1]/links[1]/link[32]/href[1]/text()[1] to &lt;![CDATA[http://test.film4.com/reviews/2012/total-recall?la3i#]]&gt; 
at /page-map[1]/sections[1]/page-section[2]/areas[1]/area[1]/modules[1]/module[2]/webElementSetComponentBeans[1]/element-group[1]/links[1]/link[32]/href[1]/text()[1]
***********************

Module:[FL01-carousel]***********************
Expected CDATA section value &#039;Tulpan&#039; 
but was &#039;Four Lions&#039; - comparing &lt;![CDATA[Tulpan]]&gt; 
at /page-map[1]/sections[1]/page-section[2]/areas[1]/area[1]/modules[1]/module[2]/webElementSetComponentBeans[1]/element-group[1]/links[1]/link[33]/linkText[1]/text()[1] to &lt;![CDATA[Four Lions]]&gt; 
at /page-map[1]/sections[1]/page-section[2]/areas[1]/area[1]/modules[1]/module[2]/webElementSetComponentBeans[1]/element-group[1]/links[1]/link[33]/linkText[1]/text()[1]
***********************

Module:[FL01-carousel]***********************
Expected CDATA section value &#039;http://test.film4.com/reviews/2008/tulpan&#039; 
but was &#039;http://test.film4.com/reviews/2010/four-lions&#039; - comparing &lt;![CDATA[http://test.film4.com/reviews/2008/tulpan]]&gt; 
at /page-map[1]/sections[1]/page-section[2]/areas[1]/area[1]/modules[1]/module[2]/webElementSetComponentBeans[1]/element-group[1]/links[1]/link[33]/href[1]/text()[1] to &lt;![CDATA[http://test.film4.com/reviews/2010/four-lions]]&gt; 
at /page-map[1]/sections[1]/page-section[2]/areas[1]/area[1]/modules[1]/module[2]/webElementSetComponentBeans[1]/element-group[1]/links[1]/link[33]/href[1]/text()[1]
***********************

Module:[unknown]***********************
Expected presence of child node &#039;null&#039; 
but was &#039;link&#039; - comparing  at null to &lt;link...&gt; 
at /page-map[1]/sections[1]/page-section[2]/areas[1]/area[1]/modules[1]/module[2]/webElementSetComponentBeans[1]/element-group[1]/links[1]/link[34]
***********************

Module:[unknown]***********************
Expected presence of child node &#039;null&#039; 
but was &#039;link&#039; - comparing  at null to &lt;link...&gt; 
at /page-map[1]/sections[1]/page-section[2]/areas[1]/area[1]/modules[1]/module[2]/webElementSetComponentBeans[1]/element-group[1]/links[1]/link[35]
***********************

Module:[FL01-carousel]***********************
Expected CDATA section value &#039;http://test.film4.com/reviews/1992/the-long-day-closes&#039; 
but was &#039;http://test.film4.com/reviews/2008/slumdog-millionaire&#039; - comparing &lt;![CDATA[http://test.film4.com/reviews/1992/the-long-day-closes]]&gt; 
at /page-map[1]/sections[1]/page-section[2]/areas[1]/area[1]/modules[1]/module[2]/webElementSetComponentBeans[1]/element-group[1]/imageLinks[1]/picture-link[1]/href[1]/text()[1] to &lt;![CDATA[http://test.film4.com/reviews/2008/slumdog-millionaire]]&gt; 
at /page-map[1]/sections[1]/page-section[2]/areas[1]/area[1]/modules[1]/module[2]/webElementSetComponentBeans[1]/element-group[1]/imageLinks[1]/picture-link[1]/href[1]/text()[1]
***********************

Module:[FL01-carousel]***********************
Expected CDATA section value &#039;http://test.film4.com/media/images/Film4/images/L/the-long-day-closes-1992_MED.jpg&#039; 
but was &#039;http://test.film4.com/media/images/Channel4/Film4/2000s/S/slumdog-millionaire_MED.jpg&#039; - comparing &lt;![CDATA[http://test.film4.com/media/images/Film4/images/L/the-long-day-closes-1992_MED.jpg]]&gt; 
at /page-map[1]/sections[1]/page-section[2]/areas[1]/area[1]/modules[1]/module[2]/webElementSetComponentBeans[1]/element-group[1]/imageLinks[1]/picture-link[1]/src[1]/text()[1] to &lt;![CDATA[http://test.film4.com/media/images/Channel4/Film4/2000s/S/slumdog-millionaire_MED.jpg]]&gt; 
at /page-map[1]/sections[1]/page-section[2]/areas[1]/area[1]/modules[1]/module[2]/webElementSetComponentBeans[1]/element-group[1]/imageLinks[1]/picture-link[1]/src[1]/text()[1]
***********************

Module:[FL01-carousel]***********************
Expected text value &#039;52&#039; 
but was &#039;68&#039; - comparing &lt;height ...&gt;52&lt;/height&gt; 
at /page-map[1]/sections[1]/page-section[2]/areas[1]/area[1]/modules[1]/module[2]/webElementSetComponentBeans[1]/element-group[1]/imageLinks[1]/picture-link[1]/height[1]/text()[1] to &lt;height ...&gt;68&lt;/height&gt; 
at /page-map[1]/sections[1]/page-section[2]/areas[1]/area[1]/modules[1]/module[2]/webElementSetComponentBeans[1]/element-group[1]/imageLinks[1]/picture-link[1]/height[1]/text()[1]
***********************

Module:[FL01-carousel]***********************
Expected CDATA section value &#039;http://test.film4.com/reviews/2000/the-house-of-mirth&#039; 
but was &#039;http://test.film4.com/reviews/2008/hunger&#039; - comparing &lt;![CDATA[http://test.film4.com/reviews/2000/the-house-of-mirth]]&gt; 
at /page-map[1]/sections[1]/page-section[2]/areas[1]/area[1]/modules[1]/module[2]/webElementSetComponentBeans[1]/element-group[1]/imageLinks[1]/picture-link[3]/href[1]/text()[1] to &lt;![CDATA[http://test.film4.com/reviews/2008/hunger]]&gt; 
at /page-map[1]/sections[1]/page-section[2]/areas[1]/area[1]/modules[1]/module[2]/webElementSetComponentBeans[1]/element-group[1]/imageLinks[1]/picture-link[3]/href[1]/text()[1]
***********************

Module:[FL01-carousel]***********************
Expected CDATA section value &#039;http://test.film4.com/media/images/Film4/images/H/the-house-of-mirth-2000_MED.jpg&#039; 
but was &#039;http://test.film4.com/media/images/Channel4/Film4/2000s/H/hunger_MED.jpg&#039; - comparing &lt;![CDATA[http://test.film4.com/media/images/Film4/images/H/the-house-of-mirth-2000_MED.jpg]]&gt; 
at /page-map[1]/sections[1]/page-section[2]/areas[1]/area[1]/modules[1]/module[2]/webElementSetComponentBeans[1]/element-group[1]/imageLinks[1]/picture-link[3]/src[1]/text()[1] to &lt;![CDATA[http://test.film4.com/media/images/Channel4/Film4/2000s/H/hunger_MED.jpg]]&gt; 
at /page-map[1]/sections[1]/page-section[2]/areas[1]/area[1]/modules[1]/module[2]/webElementSetComponentBeans[1]/element-group[1]/imageLinks[1]/picture-link[3]/src[1]/text()[1]
***********************

Module:[FL01-carousel]***********************
Expected text value &#039;52&#039; 
but was &#039;68&#039; - comparing &lt;height ...&gt;52&lt;/height&gt; 
at /page-map[1]/sections[1]/page-section[2]/areas[1]/area[1]/modules[1]/module[2]/webElementSetComponentBeans[1]/element-group[1]/imageLinks[1]/picture-link[3]/height[1]/text()[1] to &lt;height ...&gt;68&lt;/height&gt; 
at /page-map[1]/sections[1]/page-section[2]/areas[1]/area[1]/modules[1]/module[2]/webElementSetComponentBeans[1]/element-group[1]/imageLinks[1]/picture-link[3]/height[1]/text()[1]
***********************

Module:[FL01-carousel]***********************
Expected CDATA section value &#039;http://test.film4.com/reviews/1977/saturday-night-fever&#039; 
but was &#039;http://test.film4.com/reviews/1983/local-hero&#039; - comparing &lt;![CDATA[http://test.film4.com/reviews/1977/saturday-night-fever]]&gt; 
at /page-map[1]/sections[1]/page-section[2]/areas[1]/area[1]/modules[1]/module[2]/webElementSetComponentBeans[1]/element-group[1]/imageLinks[1]/picture-link[4]/href[1]/text()[1] to &lt;![CDATA[http://test.film4.com/reviews/1983/local-hero]]&gt; 
at /page-map[1]/sections[1]/page-section[2]/areas[1]/area[1]/modules[1]/module[2]/webElementSetComponentBeans[1]/element-group[1]/imageLinks[1]/picture-link[4]/href[1]/text()[1]
***********************

Module:[FL01-carousel]***********************
Expected CDATA section value &#039;http://test.film4.com/media/images/Channel4/Film4/1970s/saturday-night-fever_MED.jpg&#039; 
but was &#039;http://test.film4.com/media/images/Channel4/Film4/1980s/L/local-hero_MED.jpg&#039; - comparing &lt;![CDATA[http://test.film4.com/media/images/Channel4/Film4/1970s/saturday-night-fever_MED.jpg]]&gt; 
at /page-map[1]/sections[1]/page-section[2]/areas[1]/area[1]/modules[1]/module[2]/webElementSetComponentBeans[1]/element-group[1]/imageLinks[1]/picture-link[4]/src[1]/text()[1] to &lt;![CDATA[http://test.film4.com/media/images/Channel4/Film4/1980s/L/local-hero_MED.jpg]]&gt; 
at /page-map[1]/sections[1]/page-section[2]/areas[1]/area[1]/modules[1]/module[2]/webElementSetComponentBeans[1]/element-group[1]/imageLinks[1]/picture-link[4]/src[1]/text()[1]
***********************

Module:[FL01-carousel]***********************
Expected CDATA section value &#039;http://test.film4.com/reviews/1997/princess-mononoke&#039; 
but was &#039;http://test.film4.com/reviews/2000/the-house-of-mirth&#039; - comparing &lt;![CDATA[http://test.film4.com/reviews/1997/princess-mononoke]]&gt; 
at /page-map[1]/sections[1]/page-section[2]/areas[1]/area[1]/modules[1]/module[2]/webElementSetComponentBeans[1]/element-group[1]/imageLinks[1]/picture-link[5]/href[1]/text()[1] to &lt;![CDATA[http://test.film4.com/reviews/2000/the-house-of-mirth]]&gt; 
at /page-map[1]/sections[1]/page-section[2]/areas[1]/area[1]/modules[1]/module[2]/webElementSetComponentBeans[1]/element-group[1]/imageLinks[1]/picture-link[5]/href[1]/text()[1]
***********************

Module:[FL01-carousel]***********************
Expected CDATA section value &#039;http://test.film4.com/media/images/Film4/images/P/princess-mononoke-1997-01_MED.jpg&#039; 
but was &#039;http://test.film4.com/media/images/Film4/images/H/the-house-of-mirth-2000_MED.jpg&#039; - comparing &lt;![CDATA[http://test.film4.com/media/images/Film4/images/P/princess-mononoke-1997-01_MED.jpg]]&gt; 
at /page-map[1]/sections[1]/page-section[2]/areas[1]/area[1]/modules[1]/module[2]/webElementSetComponentBeans[1]/element-group[1]/imageLinks[1]/picture-link[5]/src[1]/text()[1] to &lt;![CDATA[http://test.film4.com/media/images/Film4/images/H/the-house-of-mirth-2000_MED.jpg]]&gt; 
at /page-map[1]/sections[1]/page-section[2]/areas[1]/area[1]/modules[1]/module[2]/webElementSetComponentBeans[1]/element-group[1]/imageLinks[1]/picture-link[5]/src[1]/text()[1]
***********************

Module:[FL01-carousel]***********************
Expected CDATA section value &#039;http://test.film4.com/reviews/1985/my-beautiful-laundrette&#039; 
but was &#039;http://test.film4.com/reviews/1996/trainspotting&#039; - comparing &lt;![CDATA[http://test.film4.com/reviews/1985/my-beautiful-laundrette]]&gt; 
at /page-map[1]/sections[1]/page-section[2]/areas[1]/area[1]/modules[1]/module[2]/webElementSetComponentBeans[1]/element-group[1]/imageLinks[1]/picture-link[6]/href[1]/text()[1] to &lt;![CDATA[http://test.film4.com/reviews/1996/trainspotting]]&gt; 
at /page-map[1]/sections[1]/page-section[2]/areas[1]/area[1]/modules[1]/module[2]/webElementSetComponentBeans[1]/element-group[1]/imageLinks[1]/picture-link[6]/href[1]/text()[1]
***********************

Module:[FL01-carousel]***********************
Expected CDATA section value &#039;http://test.film4.com/media/images/Film4/images/M/my-beautiful-laundrette-1985-01_MED.jpg&#039; 
but was &#039;http://test.film4.com/media/images/Channel4/Film4/1990s/T/trainspotting_MED.jpg&#039; - comparing &lt;![CDATA[http://test.film4.com/media/images/Film4/images/M/my-beautiful-laundrette-1985-01_MED.jpg]]&gt; 
at /page-map[1]/sections[1]/page-section[2]/areas[1]/area[1]/modules[1]/module[2]/webElementSetComponentBeans[1]/element-group[1]/imageLinks[1]/picture-link[6]/src[1]/text()[1] to &lt;![CDATA[http://test.film4.com/media/images/Channel4/Film4/1990s/T/trainspotting_MED.jpg]]&gt; 
at /page-map[1]/sections[1]/page-section[2]/areas[1]/area[1]/modules[1]/module[2]/webElementSetComponentBeans[1]/element-group[1]/imageLinks[1]/picture-link[6]/src[1]/text()[1]
***********************

Module:[FL01-carousel]***********************
Expected CDATA section value &#039;http://test.film4.com/reviews/1961/victim&#039; 
but was &#039;http://test.film4.com/reviews/1992/the-long-day-closes&#039; - comparing &lt;![CDATA[http://test.film4.com/reviews/1961/victim]]&gt; 
at /page-map[1]/sections[1]/page-section[2]/areas[1]/area[1]/modules[1]/module[2]/webElementSetComponentBeans[1]/element-group[1]/imageLinks[1]/picture-link[7]/href[1]/text()[1] to &lt;![CDATA[http://test.film4.com/reviews/1992/the-long-day-closes]]&gt; 
at /page-map[1]/sections[1]/page-section[2]/areas[1]/area[1]/modules[1]/module[2]/webElementSetComponentBeans[1]/element-group[1]/imageLinks[1]/picture-link[7]/href[1]/text()[1]
***********************

Module:[FL01-carousel]***********************
Expected CDATA section value &#039;http://test.film4.com/media/images/Film4/images/V/victim-1961-01_MED.jpg&#039; 
but was &#039;http://test.film4.com/media/images/Film4/images/L/the-long-day-closes-1992_MED.jpg&#039; - comparing &lt;![CDATA[http://test.film4.com/media/images/Film4/images/V/victim-1961-01_MED.jpg]]&gt; 
at /page-map[1]/sections[1]/page-section[2]/areas[1]/area[1]/modules[1]/module[2]/webElementSetComponentBeans[1]/element-group[1]/imageLinks[1]/picture-link[7]/src[1]/text()[1] to &lt;![CDATA[http://test.film4.com/media/images/Film4/images/L/the-long-day-closes-1992_MED.jpg]]&gt; 
at /page-map[1]/sections[1]/page-section[2]/areas[1]/area[1]/modules[1]/module[2]/webElementSetComponentBeans[1]/element-group[1]/imageLinks[1]/picture-link[7]/src[1]/text()[1]
***********************

Module:[FL01-carousel]***********************
Expected CDATA section value &#039;http://test.film4.com/reviews/1956/bigger-than-life&#039; 
but was &#039;http://test.film4.com/reviews/1979/alien&#039; - comparing &lt;![CDATA[http://test.film4.com/reviews/1956/bigger-than-life]]&gt; 
at /page-map[1]/sections[1]/page-section[2]/areas[1]/area[1]/modules[1]/module[2]/webElementSetComponentBeans[1]/element-group[1]/imageLinks[1]/picture-link[8]/href[1]/text()[1] to &lt;![CDATA[http://test.film4.com/reviews/1979/alien]]&gt; 
at /page-map[1]/sections[1]/page-section[2]/areas[1]/area[1]/modules[1]/module[2]/webElementSetComponentBeans[1]/element-group[1]/imageLinks[1]/picture-link[8]/href[1]/text()[1]
***********************

Module:[FL01-carousel]***********************
Expected CDATA section value &#039;http://test.film4.com/media/images/Channel4/Film4/1950s/bigger-than-life_MED.jpg&#039; 
but was &#039;http://test.film4.com/media/images/Channel4/Film4/1970s/alien_MED.jpg&#039; - comparing &lt;![CDATA[http://test.film4.com/media/images/Channel4/Film4/1950s/bigger-than-life_MED.jpg]]&gt; 
at /page-map[1]/sections[1]/page-section[2]/areas[1]/area[1]/modules[1]/module[2]/webElementSetComponentBeans[1]/element-group[1]/imageLinks[1]/picture-link[8]/src[1]/text()[1] to &lt;![CDATA[http://test.film4.com/media/images/Channel4/Film4/1970s/alien_MED.jpg]]&gt; 
at /page-map[1]/sections[1]/page-section[2]/areas[1]/area[1]/modules[1]/module[2]/webElementSetComponentBeans[1]/element-group[1]/imageLinks[1]/picture-link[8]/src[1]/text()[1]
***********************

Module:[FL01-carousel]***********************
Expected CDATA section value &#039;http://test.film4.com/reviews/1948/oliver-twist&#039; 
but was &#039;http://test.film4.com/reviews/1970/m-a-s-h&#039; - comparing &lt;![CDATA[http://test.film4.com/reviews/1948/oliver-twist]]&gt; 
at /page-map[1]/sections[1]/page-section[2]/areas[1]/area[1]/modules[1]/module[2]/webElementSetComponentBeans[1]/element-group[1]/imageLinks[1]/picture-link[9]/href[1]/text()[1] to &lt;![CDATA[http://test.film4.com/reviews/1970/m-a-s-h]]&gt; 
at /page-map[1]/sections[1]/page-section[2]/areas[1]/area[1]/modules[1]/module[2]/webElementSetComponentBeans[1]/element-group[1]/imageLinks[1]/picture-link[9]/href[1]/text()[1]
***********************

Module:[FL01-carousel]***********************
Expected CDATA section value &#039;http://test.film4.com/media/images/Film4/images/O/oliver-twist-1948_MED.jpg&#039; 
but was &#039;http://test.film4.com/media/images/Film4/images/M/mash-1970_MED.jpg&#039; - comparing &lt;![CDATA[http://test.film4.com/media/images/Film4/images/O/oliver-twist-1948_MED.jpg]]&gt; 
at /page-map[1]/sections[1]/page-section[2]/areas[1]/area[1]/modules[1]/module[2]/webElementSetComponentBeans[1]/element-group[1]/imageLinks[1]/picture-link[9]/src[1]/text()[1] to &lt;![CDATA[http://test.film4.com/media/images/Film4/images/M/mash-1970_MED.jpg]]&gt; 
at /page-map[1]/sections[1]/page-section[2]/areas[1]/area[1]/modules[1]/module[2]/webElementSetComponentBeans[1]/element-group[1]/imageLinks[1]/picture-link[9]/src[1]/text()[1]
***********************

Module:[FL01-carousel]***********************
Expected CDATA section value &#039;http://test.film4.com/reviews/2009/bronson&#039; 
but was &#039;http://test.film4.com/reviews/1988/big&#039; - comparing &lt;![CDATA[http://test.film4.com/reviews/2009/bronson]]&gt; 
at /page-map[1]/sections[1]/page-section[2]/areas[1]/area[1]/modules[1]/module[2]/webElementSetComponentBeans[1]/element-group[1]/imageLinks[1]/picture-link[10]/href[1]/text()[1] to &lt;![CDATA[http://test.film4.com/reviews/1988/big]]&gt; 
at /page-map[1]/sections[1]/page-section[2]/areas[1]/area[1]/modules[1]/module[2]/webElementSetComponentBeans[1]/element-group[1]/imageLinks[1]/picture-link[10]/href[1]/text()[1]
***********************

Module:[FL01-carousel]***********************
Expected CDATA section value &#039;http://test.film4.com/media/images/Channel4/Film4/2000s/B/bronson_MED.jpg&#039; 
but was &#039;http://test.film4.com/media/images/Channel4/Film4/1980s/B/big_MED.jpg&#039; - comparing &lt;![CDATA[http://test.film4.com/media/images/Channel4/Film4/2000s/B/bronson_MED.jpg]]&gt; 
at /page-map[1]/sections[1]/page-section[2]/areas[1]/area[1]/modules[1]/module[2]/webElementSetComponentBeans[1]/element-group[1]/imageLinks[1]/picture-link[10]/src[1]/text()[1] to &lt;![CDATA[http://test.film4.com/media/images/Channel4/Film4/1980s/B/big_MED.jpg]]&gt; 
at /page-map[1]/sections[1]/page-section[2]/areas[1]/area[1]/modules[1]/module[2]/webElementSetComponentBeans[1]/element-group[1]/imageLinks[1]/picture-link[10]/src[1]/text()[1]
***********************

Module:[FL01-carousel]***********************
Expected CDATA section value &#039;http://test.film4.com/reviews/2007/import-export&#039; 
but was &#039;http://test.film4.com/reviews/1992/the-crying-game&#039; - comparing &lt;![CDATA[http://test.film4.com/reviews/2007/import-export]]&gt; 
at /page-map[1]/sections[1]/page-section[2]/areas[1]/area[1]/modules[1]/module[2]/webElementSetComponentBeans[1]/element-group[1]/imageLinks[1]/picture-link[11]/href[1]/text()[1] to &lt;![CDATA[http://test.film4.com/reviews/1992/the-crying-game]]&gt; 
at /page-map[1]/sections[1]/page-section[2]/areas[1]/area[1]/modules[1]/module[2]/webElementSetComponentBeans[1]/element-group[1]/imageLinks[1]/picture-link[11]/href[1]/text()[1]
***********************

Module:[FL01-carousel]***********************
Expected CDATA section value &#039;http://test.film4.com/media/images/Film4/images/film/import-export-2007/import-export-2007-01_MED.jpg&#039; 
but was &#039;http://test.film4.com/media/images/Film4/images/C/the-crying-game-1990-01_MED.jpg&#039; - comparing &lt;![CDATA[http://test.film4.com/media/images/Film4/images/film/import-export-2007/import-export-2007-01_MED.jpg]]&gt; 
at /page-map[1]/sections[1]/page-section[2]/areas[1]/area[1]/modules[1]/module[2]/webElementSetComponentBeans[1]/element-group[1]/imageLinks[1]/picture-link[11]/src[1]/text()[1] to &lt;![CDATA[http://test.film4.com/media/images/Film4/images/C/the-crying-game-1990-01_MED.jpg]]&gt; 
at /page-map[1]/sections[1]/page-section[2]/areas[1]/area[1]/modules[1]/module[2]/webElementSetComponentBeans[1]/element-group[1]/imageLinks[1]/picture-link[11]/src[1]/text()[1]
***********************

Module:[FL01-carousel]***********************
Expected text value &#039;68&#039; 
but was &#039;52&#039; - comparing &lt;height ...&gt;68&lt;/height&gt; 
at /page-map[1]/sections[1]/page-section[2]/areas[1]/area[1]/modules[1]/module[2]/webElementSetComponentBeans[1]/element-group[1]/imageLinks[1]/picture-link[11]/height[1]/text()[1] to &lt;height ...&gt;52&lt;/height&gt; 
at /page-map[1]/sections[1]/page-section[2]/areas[1]/area[1]/modules[1]/module[2]/webElementSetComponentBeans[1]/element-group[1]/imageLinks[1]/picture-link[11]/height[1]/text()[1]
***********************

Module:[FL01-carousel]***********************
Expected CDATA section value &#039;http://test.film4.com/reviews/1999/the-straight-story&#039; 
but was &#039;http://test.film4.com/reviews/2003/kill-bill-vol-1&#039; - comparing &lt;![CDATA[http://test.film4.com/reviews/1999/the-straight-story]]&gt; 
at /page-map[1]/sections[1]/page-section[2]/areas[1]/area[1]/modules[1]/module[2]/webElementSetComponentBeans[1]/element-group[1]/imageLinks[1]/picture-link[12]/href[1]/text()[1] to &lt;![CDATA[http://test.film4.com/reviews/2003/kill-bill-vol-1]]&gt; 
at /page-map[1]/sections[1]/page-section[2]/areas[1]/area[1]/modules[1]/module[2]/webElementSetComponentBeans[1]/element-group[1]/imageLinks[1]/picture-link[12]/href[1]/text()[1]
***********************

Module:[FL01-carousel]***********************
Expected CDATA section value &#039;http://test.film4.com/media/images/Film4/images/S/the-straight-story-1999-01_MED.jpg&#039; 
but was &#039;http://test.film4.com/media/images/Film4/images/film/kill-bill-2003/kill-bill-2003-01_MED.jpg&#039; - comparing &lt;![CDATA[http://test.film4.com/media/images/Film4/images/S/the-straight-story-1999-01_MED.jpg]]&gt; 
at /page-map[1]/sections[1]/page-section[2]/areas[1]/area[1]/modules[1]/module[2]/webElementSetComponentBeans[1]/element-group[1]/imageLinks[1]/picture-link[12]/src[1]/text()[1] to &lt;![CDATA[http://test.film4.com/media/images/Film4/images/film/kill-bill-2003/kill-bill-2003-01_MED.jpg]]&gt; 
at /page-map[1]/sections[1]/page-section[2]/areas[1]/area[1]/modules[1]/module[2]/webElementSetComponentBeans[1]/element-group[1]/imageLinks[1]/picture-link[12]/src[1]/text()[1]
***********************

Module:[FL01-carousel]***********************
Expected text value &#039;52&#039; 
but was &#039;68&#039; - comparing &lt;height ...&gt;52&lt;/height&gt; 
at /page-map[1]/sections[1]/page-section[2]/areas[1]/area[1]/modules[1]/module[2]/webElementSetComponentBeans[1]/element-group[1]/imageLinks[1]/picture-link[12]/height[1]/text()[1] to &lt;height ...&gt;68&lt;/height&gt; 
at /page-map[1]/sections[1]/page-section[2]/areas[1]/area[1]/modules[1]/module[2]/webElementSetComponentBeans[1]/element-group[1]/imageLinks[1]/picture-link[12]/height[1]/text()[1]
***********************

Module:[FL01-carousel]***********************
Expected CDATA section value &#039;http://test.film4.com/reviews/2006/mischief-night&#039; 
but was &#039;http://test.film4.com/reviews/1985/a-room-with-a-view&#039; - comparing &lt;![CDATA[http://test.film4.com/reviews/2006/mischief-night]]&gt; 
at /page-map[1]/sections[1]/page-section[2]/areas[1]/area[1]/modules[1]/module[2]/webElementSetComponentBeans[1]/element-group[1]/imageLinks[1]/picture-link[13]/href[1]/text()[1] to &lt;![CDATA[http://test.film4.com/reviews/1985/a-room-with-a-view]]&gt; 
at /page-map[1]/sections[1]/page-section[2]/areas[1]/area[1]/modules[1]/module[2]/webElementSetComponentBeans[1]/element-group[1]/imageLinks[1]/picture-link[13]/href[1]/text()[1]
***********************

Module:[FL01-carousel]***********************
Expected CDATA section value &#039;http://test.film4.com/media/images/Channel4/Film4/2000s/M/mischief-night_MED.jpg&#039; 
but was &#039;http://test.film4.com/media/images/Channel4/Film4/1980s/A/a-room-with-a-view_MED.jpg&#039; - comparing &lt;![CDATA[http://test.film4.com/media/images/Channel4/Film4/2000s/M/mischief-night_MED.jpg]]&gt; 
at /page-map[1]/sections[1]/page-section[2]/areas[1]/area[1]/modules[1]/module[2]/webElementSetComponentBeans[1]/element-group[1]/imageLinks[1]/picture-link[13]/src[1]/text()[1] to &lt;![CDATA[http://test.film4.com/media/images/Channel4/Film4/1980s/A/a-room-with-a-view_MED.jpg]]&gt; 
at /page-map[1]/sections[1]/page-section[2]/areas[1]/area[1]/modules[1]/module[2]/webElementSetComponentBeans[1]/element-group[1]/imageLinks[1]/picture-link[13]/src[1]/text()[1]
***********************

Module:[FL01-carousel]***********************
Expected CDATA section value &#039;http://test.film4.com/reviews/1987/raising-arizona&#039; 
but was &#039;http://test.film4.com/reviews/2010/four-lions&#039; - comparing &lt;![CDATA[http://test.film4.com/reviews/1987/raising-arizona]]&gt; 
at /page-map[1]/sections[1]/page-section[2]/areas[1]/area[1]/modules[1]/module[2]/webElementSetComponentBeans[1]/element-group[1]/imageLinks[1]/picture-link[14]/href[1]/text()[1] to &lt;![CDATA[http://test.film4.com/reviews/2010/four-lions]]&gt; 
at /page-map[1]/sections[1]/page-section[2]/areas[1]/area[1]/modules[1]/module[2]/webElementSetComponentBeans[1]/element-group[1]/imageLinks[1]/picture-link[14]/href[1]/text()[1]
***********************

Module:[FL01-carousel]***********************
Expected CDATA section value &#039;http://test.film4.com/media/images/Film4/images/R/raising-arizona-1987-01_MED.jpg&#039; 
but was &#039;http://test.film4.com/media/images/Channel4/Film4/2010s/F/four-lions_MED.jpg&#039; - comparing &lt;![CDATA[http://test.film4.com/media/images/Film4/images/R/raising-arizona-1987-01_MED.jpg]]&gt; 
at /page-map[1]/sections[1]/page-section[2]/areas[1]/area[1]/modules[1]/module[2]/webElementSetComponentBeans[1]/element-group[1]/imageLinks[1]/picture-link[14]/src[1]/text()[1] to &lt;![CDATA[http://test.film4.com/media/images/Channel4/Film4/2010s/F/four-lions_MED.jpg]]&gt; 
at /page-map[1]/sections[1]/page-section[2]/areas[1]/area[1]/modules[1]/module[2]/webElementSetComponentBeans[1]/element-group[1]/imageLinks[1]/picture-link[14]/src[1]/text()[1]
***********************

Module:[FL01-carousel]***********************
Expected text value &#039;52&#039; 
but was &#039;68&#039; - comparing &lt;height ...&gt;52&lt;/height&gt; 
at /page-map[1]/sections[1]/page-section[2]/areas[1]/area[1]/modules[1]/module[2]/webElementSetComponentBeans[1]/element-group[1]/imageLinks[1]/picture-link[14]/height[1]/text()[1] to &lt;height ...&gt;68&lt;/height&gt; 
at /page-map[1]/sections[1]/page-section[2]/areas[1]/area[1]/modules[1]/module[2]/webElementSetComponentBeans[1]/element-group[1]/imageLinks[1]/picture-link[14]/height[1]/text()[1]
***********************

Module:[FL01-carousel]***********************
Expected CDATA section value &#039;http://test.film4.com/reviews/2008/tulpan&#039; 
but was &#039;http://test.film4.com/reviews/2008/the-bank-job&#039; - comparing &lt;![CDATA[http://test.film4.com/reviews/2008/tulpan]]&gt; 
at /page-map[1]/sections[1]/page-section[2]/areas[1]/area[1]/modules[1]/module[2]/webElementSetComponentBeans[1]/element-group[1]/imageLinks[1]/picture-link[15]/href[1]/text()[1] to &lt;![CDATA[http://test.film4.com/reviews/2008/the-bank-job]]&gt; 
at /page-map[1]/sections[1]/page-section[2]/areas[1]/area[1]/modules[1]/module[2]/webElementSetComponentBeans[1]/element-group[1]/imageLinks[1]/picture-link[15]/href[1]/text()[1]
***********************

Module:[FL01-carousel]***********************
Expected CDATA section value &#039;http://test.film4.com/media/images/Channel4/Film4/2000s/T/tulpan_MED.jpg&#039; 
but was &#039;http://test.film4.com/media/images/Channel4/Film4/2000s/B/the-bank-job_MED.jpg&#039; - comparing &lt;![CDATA[http://test.film4.com/media/images/Channel4/Film4/2000s/T/tulpan_MED.jpg]]&gt; 
at /page-map[1]/sections[1]/page-section[2]/areas[1]/area[1]/modules[1]/module[2]/webElementSetComponentBeans[1]/element-group[1]/imageLinks[1]/picture-link[15]/src[1]/text()[1] to &lt;![CDATA[http://test.film4.com/media/images/Channel4/Film4/2000s/B/the-bank-job_MED.jpg]]&gt; 
at /page-map[1]/sections[1]/page-section[2]/areas[1]/area[1]/modules[1]/module[2]/webElementSetComponentBeans[1]/element-group[1]/imageLinks[1]/picture-link[15]/src[1]/text()[1]
***********************

Module:[FL01-carousel]***********************
Expected number of child nodes &#039;25&#039; 
but was &#039;29&#039; - comparing &lt;textBlocks...&gt; 
at /page-map[1]/sections[1]/page-section[2]/areas[1]/area[1]/modules[1]/module[2]/webElementSetComponentBeans[1]/element-group[1]/textBlocks[1] to &lt;textBlocks...&gt; 
at /page-map[1]/sections[1]/page-section[2]/areas[1]/area[1]/modules[1]/module[2]/webElementSetComponentBeans[1]/element-group[1]/textBlocks[1]
***********************

Module:[FL01-carousel]***********************
Expected text value &#039;h3&#039; 
but was &#039;p&#039; - comparing &lt;tag ...&gt;h3&lt;/tag&gt; 
at /page-map[1]/sections[1]/page-section[2]/areas[1]/area[1]/modules[1]/module[2]/webElementSetComponentBeans[1]/element-group[1]/textBlocks[1]/text-block[1]/tag[1]/text()[1] to &lt;tag ...&gt;p&lt;/tag&gt; 
at /page-map[1]/sections[1]/page-section[2]/areas[1]/area[1]/modules[1]/module[2]/webElementSetComponentBeans[1]/element-group[1]/textBlocks[1]/text-block[1]/tag[1]/text()[1]
***********************

Module:[FL01-carousel]***********************
Expected CDATA section value &#039;The Long Day Closes&#039; 
but was &#039;On Film4: 16 November 2012&#039; - comparing &lt;![CDATA[The Long Day Closes]]&gt; 
at /page-map[1]/sections[1]/page-section[2]/areas[1]/area[1]/modules[1]/module[2]/webElementSetComponentBeans[1]/element-group[1]/textBlocks[1]/text-block[1]/text[1]/text()[1] to &lt;![CDATA[On Film4: 16 November 2012]]&gt; 
at /page-map[1]/sections[1]/page-section[2]/areas[1]/area[1]/modules[1]/module[2]/webElementSetComponentBeans[1]/element-group[1]/textBlocks[1]/text-block[1]/text[1]/text()[1]
***********************

Module:[FL01-carousel]***********************
Expected CDATA section value &#039;This Is England&#039; 
but was &#039;Slumdog Millionaire&#039; - comparing &lt;![CDATA[This Is England]]&gt; 
at /page-map[1]/sections[1]/page-section[2]/areas[1]/area[1]/modules[1]/module[2]/webElementSetComponentBeans[1]/element-group[1]/textBlocks[1]/text-block[2]/text[1]/text()[1] to &lt;![CDATA[Slumdog Millionaire]]&gt; 
at /page-map[1]/sections[1]/page-section[2]/areas[1]/area[1]/modules[1]/module[2]/webElementSetComponentBeans[1]/element-group[1]/textBlocks[1]/text-block[2]/text[1]/text()[1]
***********************

Module:[FL01-carousel]***********************
Expected CDATA section value &#039;House Of Mirth&#039; 
but was &#039;This Is England&#039; - comparing &lt;![CDATA[House Of Mirth]]&gt; 
at /page-map[1]/sections[1]/page-section[2]/areas[1]/area[1]/modules[1]/module[2]/webElementSetComponentBeans[1]/element-group[1]/textBlocks[1]/text-block[3]/text[1]/text()[1] to &lt;![CDATA[This Is England]]&gt; 
at /page-map[1]/sections[1]/page-section[2]/areas[1]/area[1]/modules[1]/module[2]/webElementSetComponentBeans[1]/element-group[1]/textBlocks[1]/text-block[3]/text[1]/text()[1]
***********************

Module:[FL01-carousel]***********************
Expected CDATA section value &#039;Saturday Night Fever&#039; 
but was &#039;Hunger&#039; - comparing &lt;![CDATA[Saturday Night Fever]]&gt; 
at /page-map[1]/sections[1]/page-section[2]/areas[1]/area[1]/modules[1]/module[2]/webElementSetComponentBeans[1]/element-group[1]/textBlocks[1]/text-block[4]/text[1]/text()[1] to &lt;![CDATA[Hunger]]&gt; 
at /page-map[1]/sections[1]/page-section[2]/areas[1]/area[1]/modules[1]/module[2]/webElementSetComponentBeans[1]/element-group[1]/textBlocks[1]/text-block[4]/text[1]/text()[1]
***********************

Module:[FL01-carousel]***********************
Expected CDATA section value &#039;Princess Mononoke&#039; 
but was &#039;Local Hero&#039; - comparing &lt;![CDATA[Princess Mononoke]]&gt; 
at /page-map[1]/sections[1]/page-section[2]/areas[1]/area[1]/modules[1]/module[2]/webElementSetComponentBeans[1]/element-group[1]/textBlocks[1]/text-block[5]/text[1]/text()[1] to &lt;![CDATA[Local Hero]]&gt; 
at /page-map[1]/sections[1]/page-section[2]/areas[1]/area[1]/modules[1]/module[2]/webElementSetComponentBeans[1]/element-group[1]/textBlocks[1]/text-block[5]/text[1]/text()[1]
***********************

Module:[FL01-carousel]***********************
Expected CDATA section value &#039;My Beautiful Laundrette&#039; 
but was &#039;House Of Mirth&#039; - comparing &lt;![CDATA[My Beautiful Laundrette]]&gt; 
at /page-map[1]/sections[1]/page-section[2]/areas[1]/area[1]/modules[1]/module[2]/webElementSetComponentBeans[1]/element-group[1]/textBlocks[1]/text-block[6]/text[1]/text()[1] to &lt;![CDATA[House Of Mirth]]&gt; 
at /page-map[1]/sections[1]/page-section[2]/areas[1]/area[1]/modules[1]/module[2]/webElementSetComponentBeans[1]/element-group[1]/textBlocks[1]/text-block[6]/text[1]/text()[1]
***********************

Module:[FL01-carousel]***********************
Expected CDATA section value &#039;Victim&#039; 
but was &#039;Trainspotting&#039; - comparing &lt;![CDATA[Victim]]&gt; 
at /page-map[1]/sections[1]/page-section[2]/areas[1]/area[1]/modules[1]/module[2]/webElementSetComponentBeans[1]/element-group[1]/textBlocks[1]/text-block[7]/text[1]/text()[1] to &lt;![CDATA[Trainspotting]]&gt; 
at /page-map[1]/sections[1]/page-section[2]/areas[1]/area[1]/modules[1]/module[2]/webElementSetComponentBeans[1]/element-group[1]/textBlocks[1]/text-block[7]/text[1]/text()[1]
***********************

Module:[FL01-carousel]***********************
Expected CDATA section value &#039;Bigger Than Life&#039; 
but was &#039;The Long Day Closes&#039; - comparing &lt;![CDATA[Bigger Than Life]]&gt; 
at /page-map[1]/sections[1]/page-section[2]/areas[1]/area[1]/modules[1]/module[2]/webElementSetComponentBeans[1]/element-group[1]/textBlocks[1]/text-block[8]/text[1]/text()[1] to &lt;![CDATA[The Long Day Closes]]&gt; 
at /page-map[1]/sections[1]/page-section[2]/areas[1]/area[1]/modules[1]/module[2]/webElementSetComponentBeans[1]/element-group[1]/textBlocks[1]/text-block[8]/text[1]/text()[1]
***********************

Module:[FL01-carousel]***********************
Expected CDATA section value &#039;Oliver Twist&#039; 
but was &#039;Alien&#039; - comparing &lt;![CDATA[Oliver Twist]]&gt; 
at /page-map[1]/sections[1]/page-section[2]/areas[1]/area[1]/modules[1]/module[2]/webElementSetComponentBeans[1]/element-group[1]/textBlocks[1]/text-block[9]/text[1]/text()[1] to &lt;![CDATA[Alien]]&gt; 
at /page-map[1]/sections[1]/page-section[2]/areas[1]/area[1]/modules[1]/module[2]/webElementSetComponentBeans[1]/element-group[1]/textBlocks[1]/text-block[9]/text[1]/text()[1]
***********************

Module:[FL01-carousel]***********************
Expected CDATA section value &#039;Bronson&#039; 
but was &#039;MASH&#039; - comparing &lt;![CDATA[Bronson]]&gt; 
at /page-map[1]/sections[1]/page-section[2]/areas[1]/area[1]/modules[1]/module[2]/webElementSetComponentBeans[1]/element-group[1]/textBlocks[1]/text-block[10]/text[1]/text()[1] to &lt;![CDATA[MASH]]&gt; 
at /page-map[1]/sections[1]/page-section[2]/areas[1]/area[1]/modules[1]/module[2]/webElementSetComponentBeans[1]/element-group[1]/textBlocks[1]/text-block[10]/text[1]/text()[1]
***********************

Module:[FL01-carousel]***********************
Expected CDATA section value &#039;Import/Export&#039; 
but was &#039;Big&#039; - comparing &lt;![CDATA[Import/Export]]&gt; 
at /page-map[1]/sections[1]/page-section[2]/areas[1]/area[1]/modules[1]/module[2]/webElementSetComponentBeans[1]/element-group[1]/textBlocks[1]/text-block[11]/text[1]/text()[1] to &lt;![CDATA[Big]]&gt; 
at /page-map[1]/sections[1]/page-section[2]/areas[1]/area[1]/modules[1]/module[2]/webElementSetComponentBeans[1]/element-group[1]/textBlocks[1]/text-block[11]/text[1]/text()[1]
***********************

Module:[FL01-carousel]***********************
Expected CDATA section value &#039;Straight Story&#039; 
but was &#039;The Crying Game&#039; - comparing &lt;![CDATA[Straight Story]]&gt; 
at /page-map[1]/sections[1]/page-section[2]/areas[1]/area[1]/modules[1]/module[2]/webElementSetComponentBeans[1]/element-group[1]/textBlocks[1]/text-block[12]/text[1]/text()[1] to &lt;![CDATA[The Crying Game]]&gt; 
at /page-map[1]/sections[1]/page-section[2]/areas[1]/area[1]/modules[1]/module[2]/webElementSetComponentBeans[1]/element-group[1]/textBlocks[1]/text-block[12]/text[1]/text()[1]
***********************

Module:[FL01-carousel]***********************
Expected CDATA section value &#039;Mischief Night&#039; 
but was &#039;Kill Bill Vol. 1&#039; - comparing &lt;![CDATA[Mischief Night]]&gt; 
at /page-map[1]/sections[1]/page-section[2]/areas[1]/area[1]/modules[1]/module[2]/webElementSetComponentBeans[1]/element-group[1]/textBlocks[1]/text-block[13]/text[1]/text()[1] to &lt;![CDATA[Kill Bill Vol. 1]]&gt; 
at /page-map[1]/sections[1]/page-section[2]/areas[1]/area[1]/modules[1]/module[2]/webElementSetComponentBeans[1]/element-group[1]/textBlocks[1]/text-block[13]/text[1]/text()[1]
***********************

Module:[FL01-carousel]***********************
Expected CDATA section value &#039;Raising Arizona&#039; 
but was &#039;A Room With A View&#039; - comparing &lt;![CDATA[Raising Arizona]]&gt; 
at /page-map[1]/sections[1]/page-section[2]/areas[1]/area[1]/modules[1]/module[2]/webElementSetComponentBeans[1]/element-group[1]/textBlocks[1]/text-block[14]/text[1]/text()[1] to &lt;![CDATA[A Room With A View]]&gt; 
at /page-map[1]/sections[1]/page-section[2]/areas[1]/area[1]/modules[1]/module[2]/webElementSetComponentBeans[1]/element-group[1]/textBlocks[1]/text-block[14]/text[1]/text()[1]
***********************

Module:[FL01-carousel]***********************
Expected CDATA section value &#039;Tulpan&#039; 
but was &#039;Four Lions&#039; - comparing &lt;![CDATA[Tulpan]]&gt; 
at /page-map[1]/sections[1]/page-section[2]/areas[1]/area[1]/modules[1]/module[2]/webElementSetComponentBeans[1]/element-group[1]/textBlocks[1]/text-block[15]/text[1]/text()[1] to &lt;![CDATA[Four Lions]]&gt; 
at /page-map[1]/sections[1]/page-section[2]/areas[1]/area[1]/modules[1]/module[2]/webElementSetComponentBeans[1]/element-group[1]/textBlocks[1]/text-block[15]/text[1]/text()[1]
***********************

Module:[FL01-carousel]***********************
Expected text value &#039;span&#039; 
but was &#039;h3&#039; - comparing &lt;tag ...&gt;span&lt;/tag&gt; 
at /page-map[1]/sections[1]/page-section[2]/areas[1]/area[1]/modules[1]/module[2]/webElementSetComponentBeans[1]/element-group[1]/textBlocks[1]/text-block[16]/tag[1]/text()[1] to &lt;tag ...&gt;h3&lt;/tag&gt; 
at /page-map[1]/sections[1]/page-section[2]/areas[1]/area[1]/modules[1]/module[2]/webElementSetComponentBeans[1]/element-group[1]/textBlocks[1]/text-block[16]/tag[1]/text()[1]
***********************

Module:[FL01-carousel]***********************
Expected CDATA section value &#039;Rent on Film4oD&#039; 
but was &#039;The Bank Job&#039; - comparing &lt;![CDATA[Rent on Film4oD]]&gt; 
at /page-map[1]/sections[1]/page-section[2]/areas[1]/area[1]/modules[1]/module[2]/webElementSetComponentBeans[1]/element-group[1]/textBlocks[1]/text-block[16]/text[1]/text()[1] to &lt;![CDATA[The Bank Job]]&gt; 
at /page-map[1]/sections[1]/page-section[2]/areas[1]/area[1]/modules[1]/module[2]/webElementSetComponentBeans[1]/element-group[1]/textBlocks[1]/text-block[16]/text[1]/text()[1]
***********************

Module:[FL01-carousel]***********************
Expected CDATA section value &#039;Previous&#039; 
but was &#039;Rent on Film4oD&#039; - comparing &lt;![CDATA[Previous]]&gt; 
at /page-map[1]/sections[1]/page-section[2]/areas[1]/area[1]/modules[1]/module[2]/webElementSetComponentBeans[1]/element-group[1]/textBlocks[1]/text-block[19]/text[1]/text()[1] to &lt;![CDATA[Rent on Film4oD]]&gt; 
at /page-map[1]/sections[1]/page-section[2]/areas[1]/area[1]/modules[1]/module[2]/webElementSetComponentBeans[1]/element-group[1]/textBlocks[1]/text-block[19]/text[1]/text()[1]
***********************

Module:[FL01-carousel]***********************
Expected CDATA section value &#039;1&#039; 
but was &#039;Rent on Film4oD&#039; - comparing &lt;![CDATA[1]]&gt; 
at /page-map[1]/sections[1]/page-section[2]/areas[1]/area[1]/modules[1]/module[2]/webElementSetComponentBeans[1]/element-group[1]/textBlocks[1]/text-block[20]/text[1]/text()[1] to &lt;![CDATA[Rent on Film4oD]]&gt; 
at /page-map[1]/sections[1]/page-section[2]/areas[1]/area[1]/modules[1]/module[2]/webElementSetComponentBeans[1]/element-group[1]/textBlocks[1]/text-block[20]/text[1]/text()[1]
***********************

Module:[FL01-carousel]***********************
Expected CDATA section value &#039;2&#039; 
but was &#039;Rent on Film4oD&#039; - comparing &lt;![CDATA[2]]&gt; 
at /page-map[1]/sections[1]/page-section[2]/areas[1]/area[1]/modules[1]/module[2]/webElementSetComponentBeans[1]/element-group[1]/textBlocks[1]/text-block[21]/text[1]/text()[1] to &lt;![CDATA[Rent on Film4oD]]&gt; 
at /page-map[1]/sections[1]/page-section[2]/areas[1]/area[1]/modules[1]/module[2]/webElementSetComponentBeans[1]/element-group[1]/textBlocks[1]/text-block[21]/text[1]/text()[1]
***********************

Module:[FL01-carousel]***********************
Expected CDATA section value &#039;3&#039; 
but was &#039;On Film4: 16 November 2012&#039; - comparing &lt;![CDATA[3]]&gt; 
at /page-map[1]/sections[1]/page-section[2]/areas[1]/area[1]/modules[1]/module[2]/webElementSetComponentBeans[1]/element-group[1]/textBlocks[1]/text-block[22]/text[1]/text()[1] to &lt;![CDATA[On Film4: 16 November 2012]]&gt; 
at /page-map[1]/sections[1]/page-section[2]/areas[1]/area[1]/modules[1]/module[2]/webElementSetComponentBeans[1]/element-group[1]/textBlocks[1]/text-block[22]/text[1]/text()[1]
***********************

Module:[FL01-carousel]***********************
Expected CDATA section value &#039;4&#039; 
but was &#039;Previous&#039; - comparing &lt;![CDATA[4]]&gt; 
at /page-map[1]/sections[1]/page-section[2]/areas[1]/area[1]/modules[1]/module[2]/webElementSetComponentBeans[1]/element-group[1]/textBlocks[1]/text-block[23]/text[1]/text()[1] to &lt;![CDATA[Previous]]&gt; 
at /page-map[1]/sections[1]/page-section[2]/areas[1]/area[1]/modules[1]/module[2]/webElementSetComponentBeans[1]/element-group[1]/textBlocks[1]/text-block[23]/text[1]/text()[1]
***********************

Module:[FL01-carousel]***********************
Expected CDATA section value &#039;5&#039; 
but was &#039;1&#039; - comparing &lt;![CDATA[5]]&gt; 
at /page-map[1]/sections[1]/page-section[2]/areas[1]/area[1]/modules[1]/module[2]/webElementSetComponentBeans[1]/element-group[1]/textBlocks[1]/text-block[24]/text[1]/text()[1] to &lt;![CDATA[1]]&gt; 
at /page-map[1]/sections[1]/page-section[2]/areas[1]/area[1]/modules[1]/module[2]/webElementSetComponentBeans[1]/element-group[1]/textBlocks[1]/text-block[24]/text[1]/text()[1]
***********************

Module:[FL01-carousel]***********************
Expected CDATA section value &#039;Next&#039; 
but was &#039;2&#039; - comparing &lt;![CDATA[Next]]&gt; 
at /page-map[1]/sections[1]/page-section[2]/areas[1]/area[1]/modules[1]/module[2]/webElementSetComponentBeans[1]/element-group[1]/textBlocks[1]/text-block[25]/text[1]/text()[1] to &lt;![CDATA[2]]&gt; 
at /page-map[1]/sections[1]/page-section[2]/areas[1]/area[1]/modules[1]/module[2]/webElementSetComponentBeans[1]/element-group[1]/textBlocks[1]/text-block[25]/text[1]/text()[1]
***********************

Module:[unknown]***********************
Expected presence of child node &#039;null&#039; 
but was &#039;text-block&#039; - comparing  at null to &lt;text-block...&gt; 
at /page-map[1]/sections[1]/page-section[2]/areas[1]/area[1]/modules[1]/module[2]/webElementSetComponentBeans[1]/element-group[1]/textBlocks[1]/text-block[26]
***********************

Module:[unknown]***********************
Expected presence of child node &#039;null&#039; 
but was &#039;text-block&#039; - comparing  at null to &lt;text-block...&gt; 
at /page-map[1]/sections[1]/page-section[2]/areas[1]/area[1]/modules[1]/module[2]/webElementSetComponentBeans[1]/element-group[1]/textBlocks[1]/text-block[27]
***********************

Module:[unknown]***********************
Expected presence of child node &#039;null&#039; 
but was &#039;text-block&#039; - comparing  at null to &lt;text-block...&gt; 
at /page-map[1]/sections[1]/page-section[2]/areas[1]/area[1]/modules[1]/module[2]/webElementSetComponentBeans[1]/element-group[1]/textBlocks[1]/text-block[28]
***********************

Module:[unknown]***********************
Expected presence of child node &#039;null&#039; 
but was &#039;text-block&#039; - comparing  at null to &lt;text-block...&gt; 
at /page-map[1]/sections[1]/page-section[2]/areas[1]/area[1]/modules[1]/module[2]/webElementSetComponentBeans[1]/element-group[1]/textBlocks[1]/text-block[29]
***********************

Module:[SN02]***********************
Expected CDATA section value &#039;http://test.film4.com/reviews/2012/total-recall?li#&#039; 
but was &#039;http://test.film4.com/reviews/2012/total-recall?la3i#&#039; - comparing &lt;![CDATA[http://test.film4.com/reviews/2012/total-recall?li#]]&gt; 
at /page-map[1]/sections[1]/page-section[2]/areas[1]/area[1]/modules[1]/module[4]/webElementSetComponentBeans[1]/element-group[1]/imageLinks[1]/picture-link[1]/href[1]/text()[1] to &lt;![CDATA[http://test.film4.com/reviews/2012/total-recall?la3i#]]&gt; 
at /page-map[1]/sections[1]/page-section[2]/areas[1]/area[1]/modules[1]/module[4]/webElementSetComponentBeans[1]/element-group[1]/imageLinks[1]/picture-link[1]/href[1]/text()[1]
***********************

Module:[SN02]***********************
Expected CDATA section value &#039;http://test.film4.com/reviews/2012/total-recall?li#&#039; 
but was &#039;http://test.film4.com/reviews/2012/total-recall?la3i#&#039; - comparing &lt;![CDATA[http://test.film4.com/reviews/2012/total-recall?li#]]&gt; 
at /page-map[1]/sections[1]/page-section[2]/areas[1]/area[1]/modules[1]/module[4]/webElementSetComponentBeans[1]/element-group[1]/imageLinks[1]/picture-link[2]/href[1]/text()[1] to &lt;![CDATA[http://test.film4.com/reviews/2012/total-recall?la3i#]]&gt; 
at /page-map[1]/sections[1]/page-section[2]/areas[1]/area[1]/modules[1]/module[4]/webElementSetComponentBeans[1]/element-group[1]/imageLinks[1]/picture-link[2]/href[1]/text()[1]
***********************

Module:[SN02]***********************
Expected CDATA section value &#039;http://test.film4.com/reviews/2012/total-recall?li#&#039; 
but was &#039;http://test.film4.com/reviews/2012/total-recall?la3i#&#039; - comparing &lt;![CDATA[http://test.film4.com/reviews/2012/total-recall?li#]]&gt; 
at /page-map[1]/sections[1]/page-section[2]/areas[1]/area[1]/modules[1]/module[4]/webElementSetComponentBeans[1]/element-group[1]/imageLinks[1]/picture-link[3]/href[1]/text()[1] to &lt;![CDATA[http://test.film4.com/reviews/2012/total-recall?la3i#]]&gt; 
at /page-map[1]/sections[1]/page-section[2]/areas[1]/area[1]/modules[1]/module[4]/webElementSetComponentBeans[1]/element-group[1]/imageLinks[1]/picture-link[3]/href[1]/text()[1]
***********************

Module:[SN02]***********************
Expected CDATA section value &#039;http://test.film4.com/reviews/2012/total-recall?li#&#039; 
but was &#039;http://test.film4.com/reviews/2012/total-recall?la3i#&#039; - comparing &lt;![CDATA[http://test.film4.com/reviews/2012/total-recall?li#]]&gt; 
at /page-map[1]/sections[1]/page-section[2]/areas[1]/area[1]/modules[1]/module[4]/webElementSetComponentBeans[1]/element-group[1]/imageLinks[1]/picture-link[4]/href[1]/text()[1] to &lt;![CDATA[http://test.film4.com/reviews/2012/total-recall?la3i#]]&gt; 
at /page-map[1]/sections[1]/page-section[2]/areas[1]/area[1]/modules[1]/module[4]/webElementSetComponentBeans[1]/element-group[1]/imageLinks[1]/picture-link[4]/href[1]/text()[1]
***********************
">
        <![CDATA[java.lang.AssertionError:
Module:[AI01]***********************
Expected CDATA section value 'http://test.film4.com/reviews/2012/total-recall?li#' 
but was 'http://test.film4.com/reviews/2012/total-recall?la3i#' - comparing <![CDATA[http://test.film4.com/reviews/2012/total-recall?li#]]]]>
        <![CDATA[>
at /page-map[1]/sections[1]/page-section[1]/areas[1]/area[1]/modules[1]/module[1]/webElementSetComponentBeans[1]/element-group[1]/links[1]/link[1]/href[1]/text()[1] to <![CDATA[http://test.film4.com/reviews/2012/total-recall?la3i#]]]]>
        <![CDATA[>
at /page-map[1]/sections[1]/page-section[1]/areas[1]/area[1]/modules[1]/module[1]/webElementSetComponentBeans[1]/element-group[1]/links[1]/link[1]/href[1]/text()[1]
***********************

Module:[AT06]***********************
Expected CDATA section value 'http://test.film4.com/reviews/2012/total-recall?li#tab0' 
but was 'http://test.film4.com/reviews/2012/total-recall?la3i#tab0' - comparing <![CDATA[http://test.film4.com/reviews/2012/total-recall?li#tab0]]]]>
        <![CDATA[>
at /page-map[1]/sections[1]/page-section[1]/areas[1]/area[1]/modules[1]/module[3]/webElementSetComponentBeans[1]/element-group[1]/links[1]/link[1]/href[1]/text()[1] to <![CDATA[http://test.film4.com/reviews/2012/total-recall?la3i#tab0]]]]>
        <![CDATA[>
at /page-map[1]/sections[1]/page-section[1]/areas[1]/area[1]/modules[1]/module[3]/webElementSetComponentBeans[1]/element-group[1]/links[1]/link[1]/href[1]/text()[1]
***********************

Module:[AT06]***********************
Expected CDATA section value 'http://test.film4.com/reviews/2012/total-recall?li#cast' 
but was 'http://test.film4.com/reviews/2012/total-recall?la3i#cast' - comparing <![CDATA[http://test.film4.com/reviews/2012/total-recall?li#cast]]]]>
        <![CDATA[>
at /page-map[1]/sections[1]/page-section[1]/areas[1]/area[1]/modules[1]/module[3]/webElementSetComponentBeans[1]/element-group[1]/links[1]/link[2]/href[1]/text()[1] to <![CDATA[http://test.film4.com/reviews/2012/total-recall?la3i#cast]]]]>
        <![CDATA[>
at /page-map[1]/sections[1]/page-section[1]/areas[1]/area[1]/modules[1]/module[3]/webElementSetComponentBeans[1]/element-group[1]/links[1]/link[2]/href[1]/text()[1]
***********************

Module:[GA20]***********************
Expected CDATA section value 'http://test.film4.com/media/images/Channel4/film4_gti/hero/613X345_4_MED.jpg' 
but was 'http://test.film4.com/media/images/Channel4/film4_gti/hero/613X345_4_LRG.jpg' - comparing <![CDATA[http://test.film4.com/media/images/Channel4/film4_gti/hero/613X345_4_MED.jpg]]]]>
        <![CDATA[>
at /page-map[1]/sections[1]/page-section[1]/areas[1]/area[2]/modules[1]/module[1]/elementGroups[1]/element-group[2]/images[1]/picture[1]/src[1]/text()[1] to <![CDATA[http://test.film4.com/media/images/Channel4/film4_gti/hero/613X345_4_LRG.jpg]]]]>
        <![CDATA[>
at /page-map[1]/sections[1]/page-section[1]/areas[1]/area[2]/modules[1]/module[1]/elementGroups[1]/element-group[2]/images[1]/picture[1]/src[1]/text()[1]
***********************

Module:[GA20]***********************
Expected CDATA section value 'http://test.film4.com/media/images/Channel4/film4_gti/hero/613X345_4_SML.jpg' 
but was 'http://test.film4.com/media/images/Channel4/film4_gti/hero/613X345_4_LRG.jpg' - comparing <![CDATA[http://test.film4.com/media/images/Channel4/film4_gti/hero/613X345_4_SML.jpg]]]]>
        <![CDATA[>
at /page-map[1]/sections[1]/page-section[1]/areas[1]/area[2]/modules[1]/module[1]/elementGroups[1]/element-group[3]/images[1]/picture[1]/src[1]/text()[1] to <![CDATA[http://test.film4.com/media/images/Channel4/film4_gti/hero/613X345_4_LRG.jpg]]]]>
        <![CDATA[>
at /page-map[1]/sections[1]/page-section[1]/areas[1]/area[2]/modules[1]/module[1]/elementGroups[1]/element-group[3]/images[1]/picture[1]/src[1]/text()[1]
***********************

Module:[GA20]***********************
Expected text value '200' 
but was '1024' - comparing <width ...>200</width> 
at /page-map[1]/sections[1]/page-section[1]/areas[1]/area[2]/modules[1]/module[1]/elementGroups[1]/element-group[3]/images[1]/picture[1]/width[1]/text()[1] to <width ...>1024</width> 
at /page-map[1]/sections[1]/page-section[1]/areas[1]/area[2]/modules[1]/module[1]/elementGroups[1]/element-group[3]/images[1]/picture[1]/width[1]/text()[1]
***********************

Module:[GA20]***********************
Expected text value '113' 
but was '576' - comparing <height ...>113</height> 
at /page-map[1]/sections[1]/page-section[1]/areas[1]/area[2]/modules[1]/module[1]/elementGroups[1]/element-group[3]/images[1]/picture[1]/height[1]/text()[1] to <height ...>576</height> 
at /page-map[1]/sections[1]/page-section[1]/areas[1]/area[2]/modules[1]/module[1]/elementGroups[1]/element-group[3]/images[1]/picture[1]/height[1]/text()[1]
***********************

Module:[GA20]***********************
Expected CDATA section value 'http://test.film4.com/media/images/Channel4/film4_gti/carousel/952x485_3_SML.jpg' 
but was 'http://test.film4.com/media/images/Channel4/film4_gti/carousel/952x485_3_LRG.jpg' - comparing <![CDATA[http://test.film4.com/media/images/Channel4/film4_gti/carousel/952x485_3_SML.jpg]]]]>
        <![CDATA[>
at /page-map[1]/sections[1]/page-section[1]/areas[1]/area[2]/modules[1]/module[1]/elementGroups[1]/element-group[3]/images[1]/picture[2]/src[1]/text()[1] to <![CDATA[http://test.film4.com/media/images/Channel4/film4_gti/carousel/952x485_3_LRG.jpg]]]]>
        <![CDATA[>
at /page-map[1]/sections[1]/page-section[1]/areas[1]/area[2]/modules[1]/module[1]/elementGroups[1]/element-group[3]/images[1]/picture[2]/src[1]/text()[1]
***********************

Module:[GA20]***********************
Expected text value '200' 
but was '1024' - comparing <width ...>200</width> 
at /page-map[1]/sections[1]/page-section[1]/areas[1]/area[2]/modules[1]/module[1]/elementGroups[1]/element-group[3]/images[1]/picture[2]/width[1]/text()[1] to <width ...>1024</width> 
at /page-map[1]/sections[1]/page-section[1]/areas[1]/area[2]/modules[1]/module[1]/elementGroups[1]/element-group[3]/images[1]/picture[2]/width[1]/text()[1]
***********************

Module:[GA20]***********************
Expected text value '102' 
but was '522' - comparing <height ...>102</height> 
at /page-map[1]/sections[1]/page-section[1]/areas[1]/area[2]/modules[1]/module[1]/elementGroups[1]/element-group[3]/images[1]/picture[2]/height[1]/text()[1] to <height ...>522</height> 
at /page-map[1]/sections[1]/page-section[1]/areas[1]/area[2]/modules[1]/module[1]/elementGroups[1]/element-group[3]/images[1]/picture[2]/height[1]/text()[1]
***********************

Module:[GA20]***********************
Expected CDATA section value 'http://test.film4.com/media/images/Channel4/film4_gti/carousel/952x485_2_SML.jpg' 
but was 'http://test.film4.com/media/images/Channel4/film4_gti/carousel/952x485_2_LRG.jpg' - comparing <![CDATA[http://test.film4.com/media/images/Channel4/film4_gti/carousel/952x485_2_SML.jpg]]]]>
        <![CDATA[>
at /page-map[1]/sections[1]/page-section[1]/areas[1]/area[2]/modules[1]/module[1]/elementGroups[1]/element-group[3]/images[1]/picture[3]/src[1]/text()[1] to <![CDATA[http://test.film4.com/media/images/Channel4/film4_gti/carousel/952x485_2_LRG.jpg]]]]>
        <![CDATA[>
at /page-map[1]/sections[1]/page-section[1]/areas[1]/area[2]/modules[1]/module[1]/elementGroups[1]/element-group[3]/images[1]/picture[3]/src[1]/text()[1]
***********************

Module:[GA20]***********************
Expected text value '200' 
but was '1024' - comparing <width ...>200</width> 
at /page-map[1]/sections[1]/page-section[1]/areas[1]/area[2]/modules[1]/module[1]/elementGroups[1]/element-group[3]/images[1]/picture[3]/width[1]/text()[1] to <width ...>1024</width> 
at /page-map[1]/sections[1]/page-section[1]/areas[1]/area[2]/modules[1]/module[1]/elementGroups[1]/element-group[3]/images[1]/picture[3]/width[1]/text()[1]
***********************

Module:[GA20]***********************
Expected text value '102' 
but was '522' - comparing <height ...>102</height> 
at /page-map[1]/sections[1]/page-section[1]/areas[1]/area[2]/modules[1]/module[1]/elementGroups[1]/element-group[3]/images[1]/picture[3]/height[1]/text()[1] to <height ...>522</height> 
at /page-map[1]/sections[1]/page-section[1]/areas[1]/area[2]/modules[1]/module[1]/elementGroups[1]/element-group[3]/images[1]/picture[3]/height[1]/text()[1]
***********************

Module:[GA20]***********************
Expected CDATA section value 'http://test.film4.com/media/images/Channel4/film4_gti/carousel/952x485_1_SML.jpg' 
but was 'http://test.film4.com/media/images/Channel4/film4_gti/carousel/952x485_1_LRG.jpg' - comparing <![CDATA[http://test.film4.com/media/images/Channel4/film4_gti/carousel/952x485_1_SML.jpg]]]]>
        <![CDATA[>
at /page-map[1]/sections[1]/page-section[1]/areas[1]/area[2]/modules[1]/module[1]/elementGroups[1]/element-group[3]/images[1]/picture[4]/src[1]/text()[1] to <![CDATA[http://test.film4.com/media/images/Channel4/film4_gti/carousel/952x485_1_LRG.jpg]]]]>
        <![CDATA[>
at /page-map[1]/sections[1]/page-section[1]/areas[1]/area[2]/modules[1]/module[1]/elementGroups[1]/element-group[3]/images[1]/picture[4]/src[1]/text()[1]
***********************

Module:[GA20]***********************
Expected text value '200' 
but was '1024' - comparing <width ...>200</width> 
at /page-map[1]/sections[1]/page-section[1]/areas[1]/area[2]/modules[1]/module[1]/elementGroups[1]/element-group[3]/images[1]/picture[4]/width[1]/text()[1] to <width ...>1024</width> 
at /page-map[1]/sections[1]/page-section[1]/areas[1]/area[2]/modules[1]/module[1]/elementGroups[1]/element-group[3]/images[1]/picture[4]/width[1]/text()[1]
***********************

Module:[GA20]***********************
Expected text value '102' 
but was '522' - comparing <height ...>102</height> 
at /page-map[1]/sections[1]/page-section[1]/areas[1]/area[2]/modules[1]/module[1]/elementGroups[1]/element-group[3]/images[1]/picture[4]/height[1]/text()[1] to <height ...>522</height> 
at /page-map[1]/sections[1]/page-section[1]/areas[1]/area[2]/modules[1]/module[1]/elementGroups[1]/element-group[3]/images[1]/picture[4]/height[1]/text()[1]
***********************

Module:[GA20]***********************
Expected CDATA section value 'http://test.film4.com/media/images/Channel4/film4_gti/carousel/952x485_5_SML.jpg' 
but was 'http://test.film4.com/media/images/Channel4/film4_gti/carousel/952x485_5_LRG.jpg' - comparing <![CDATA[http://test.film4.com/media/images/Channel4/film4_gti/carousel/952x485_5_SML.jpg]]]]>
        <![CDATA[>
at /page-map[1]/sections[1]/page-section[1]/areas[1]/area[2]/modules[1]/module[1]/elementGroups[1]/element-group[3]/images[1]/picture[5]/src[1]/text()[1] to <![CDATA[http://test.film4.com/media/images/Channel4/film4_gti/carousel/952x485_5_LRG.jpg]]]]>
        <![CDATA[>
at /page-map[1]/sections[1]/page-section[1]/areas[1]/area[2]/modules[1]/module[1]/elementGroups[1]/element-group[3]/images[1]/picture[5]/src[1]/text()[1]
***********************

Module:[GA20]***********************
Expected text value '200' 
but was '1024' - comparing <width ...>200</width> 
at /page-map[1]/sections[1]/page-section[1]/areas[1]/area[2]/modules[1]/module[1]/elementGroups[1]/element-group[3]/images[1]/picture[5]/width[1]/text()[1] to <width ...>1024</width> 
at /page-map[1]/sections[1]/page-section[1]/areas[1]/area[2]/modules[1]/module[1]/elementGroups[1]/element-group[3]/images[1]/picture[5]/width[1]/text()[1]
***********************

Module:[GA20]***********************
Expected text value '102' 
but was '522' - comparing <height ...>102</height> 
at /page-map[1]/sections[1]/page-section[1]/areas[1]/area[2]/modules[1]/module[1]/elementGroups[1]/element-group[3]/images[1]/picture[5]/height[1]/text()[1] to <height ...>522</height> 
at /page-map[1]/sections[1]/page-section[1]/areas[1]/area[2]/modules[1]/module[1]/elementGroups[1]/element-group[3]/images[1]/picture[5]/height[1]/text()[1]
***********************

Module:[GA20]***********************
Expected CDATA section value 'http://test.film4.com/media/images/Channel4/film4_gti/carousel/952x485_6_SML.jpg' 
but was 'http://test.film4.com/media/images/Channel4/film4_gti/carousel/952x485_6_LRG.jpg' - comparing <![CDATA[http://test.film4.com/media/images/Channel4/film4_gti/carousel/952x485_6_SML.jpg]]]]>
        <![CDATA[>
at /page-map[1]/sections[1]/page-section[1]/areas[1]/area[2]/modules[1]/module[1]/elementGroups[1]/element-group[3]/images[1]/picture[6]/src[1]/text()[1] to <![CDATA[http://test.film4.com/media/images/Channel4/film4_gti/carousel/952x485_6_LRG.jpg]]]]>
        <![CDATA[>
at /page-map[1]/sections[1]/page-section[1]/areas[1]/area[2]/modules[1]/module[1]/elementGroups[1]/element-group[3]/images[1]/picture[6]/src[1]/text()[1]
***********************

Module:[GA20]***********************
Expected text value '200' 
but was '1024' - comparing <width ...>200</width> 
at /page-map[1]/sections[1]/page-section[1]/areas[1]/area[2]/modules[1]/module[1]/elementGroups[1]/element-group[3]/images[1]/picture[6]/width[1]/text()[1] to <width ...>1024</width> 
at /page-map[1]/sections[1]/page-section[1]/areas[1]/area[2]/modules[1]/module[1]/elementGroups[1]/element-group[3]/images[1]/picture[6]/width[1]/text()[1]
***********************

Module:[GA20]***********************
Expected text value '102' 
but was '522' - comparing <height ...>102</height> 
at /page-map[1]/sections[1]/page-section[1]/areas[1]/area[2]/modules[1]/module[1]/elementGroups[1]/element-group[3]/images[1]/picture[6]/height[1]/text()[1] to <height ...>522</height> 
at /page-map[1]/sections[1]/page-section[1]/areas[1]/area[2]/modules[1]/module[1]/elementGroups[1]/element-group[3]/images[1]/picture[6]/height[1]/text()[1]
***********************

Module:[GA20]***********************
Expected CDATA section value 'http://test.film4.com/media/images/Channel4/film4_gti/carousel/952x485_7_SML.jpg' 
but was 'http://test.film4.com/media/images/Channel4/film4_gti/carousel/952x485_7_LRG.jpg' - comparing <![CDATA[http://test.film4.com/media/images/Channel4/film4_gti/carousel/952x485_7_SML.jpg]]]]>
        <![CDATA[>
at /page-map[1]/sections[1]/page-section[1]/areas[1]/area[2]/modules[1]/module[1]/elementGroups[1]/element-group[3]/images[1]/picture[7]/src[1]/text()[1] to <![CDATA[http://test.film4.com/media/images/Channel4/film4_gti/carousel/952x485_7_LRG.jpg]]]]>
        <![CDATA[>
at /page-map[1]/sections[1]/page-section[1]/areas[1]/area[2]/modules[1]/module[1]/elementGroups[1]/element-group[3]/images[1]/picture[7]/src[1]/text()[1]
***********************

Module:[GA20]***********************
Expected text value '200' 
but was '1024' - comparing <width ...>200</width> 
at /page-map[1]/sections[1]/page-section[1]/areas[1]/area[2]/modules[1]/module[1]/elementGroups[1]/element-group[3]/images[1]/picture[7]/width[1]/text()[1] to <width ...>1024</width> 
at /page-map[1]/sections[1]/page-section[1]/areas[1]/area[2]/modules[1]/module[1]/elementGroups[1]/element-group[3]/images[1]/picture[7]/width[1]/text()[1]
***********************

Module:[GA20]***********************
Expected text value '102' 
but was '522' - comparing <height ...>102</height> 
at /page-map[1]/sections[1]/page-section[1]/areas[1]/area[2]/modules[1]/module[1]/elementGroups[1]/element-group[3]/images[1]/picture[7]/height[1]/text()[1] to <height ...>522</height> 
at /page-map[1]/sections[1]/page-section[1]/areas[1]/area[2]/modules[1]/module[1]/elementGroups[1]/element-group[3]/images[1]/picture[7]/height[1]/text()[1]
***********************

Module:[GA20]***********************
Expected CDATA section value 'http://test.film4.com/media/images/Channel4/film4_gti/carousel/952x485_8_SML.jpg' 
but was 'http://test.film4.com/media/images/Channel4/film4_gti/carousel/952x485_8_LRG.jpg' - comparing <![CDATA[http://test.film4.com/media/images/Channel4/film4_gti/carousel/952x485_8_SML.jpg]]]]>
        <![CDATA[>
at /page-map[1]/sections[1]/page-section[1]/areas[1]/area[2]/modules[1]/module[1]/elementGroups[1]/element-group[3]/images[1]/picture[8]/src[1]/text()[1] to <![CDATA[http://test.film4.com/media/images/Channel4/film4_gti/carousel/952x485_8_LRG.jpg]]]]>
        <![CDATA[>
at /page-map[1]/sections[1]/page-section[1]/areas[1]/area[2]/modules[1]/module[1]/elementGroups[1]/element-group[3]/images[1]/picture[8]/src[1]/text()[1]
***********************

Module:[GA20]***********************
Expected text value '200' 
but was '1024' - comparing <width ...>200</width> 
at /page-map[1]/sections[1]/page-section[1]/areas[1]/area[2]/modules[1]/module[1]/elementGroups[1]/element-group[3]/images[1]/picture[8]/width[1]/text()[1] to <width ...>1024</width> 
at /page-map[1]/sections[1]/page-section[1]/areas[1]/area[2]/modules[1]/module[1]/elementGroups[1]/element-group[3]/images[1]/picture[8]/width[1]/text()[1]
***********************

Module:[GA20]***********************
Expected text value '102' 
but was '522' - comparing <height ...>102</height> 
at /page-map[1]/sections[1]/page-section[1]/areas[1]/area[2]/modules[1]/module[1]/elementGroups[1]/element-group[3]/images[1]/picture[8]/height[1]/text()[1] to <height ...>522</height> 
at /page-map[1]/sections[1]/page-section[1]/areas[1]/area[2]/modules[1]/module[1]/elementGroups[1]/element-group[3]/images[1]/picture[8]/height[1]/text()[1]
***********************

Module:[GA20]***********************
Expected CDATA section value 'http://test.film4.com/media/images/Channel4/film4_gti/hero/613X345_4_SML.jpg' 
but was 'http://test.film4.com/media/images/Channel4/film4_gti/hero/613X345_4_MED.jpg' - comparing <![CDATA[http://test.film4.com/media/images/Channel4/film4_gti/hero/613X345_4_SML.jpg]]]]>
        <![CDATA[>
at /page-map[1]/sections[1]/page-section[1]/areas[1]/area[2]/modules[1]/module[1]/elementGroups[1]/element-group[3]/imageLinks[1]/picture-link[1]/src[1]/text()[1] to <![CDATA[http://test.film4.com/media/images/Channel4/film4_gti/hero/613X345_4_MED.jpg]]]]>
        <![CDATA[>
at /page-map[1]/sections[1]/page-section[1]/areas[1]/area[2]/modules[1]/module[1]/elementGroups[1]/element-group[3]/imageLinks[1]/picture-link[1]/src[1]/text()[1]
***********************

Module:[GA20]***********************
Expected text value '200' 
but was '625' - comparing <width ...>200</width> 
at /page-map[1]/sections[1]/page-section[1]/areas[1]/area[2]/modules[1]/module[1]/elementGroups[1]/element-group[3]/imageLinks[1]/picture-link[1]/width[1]/text()[1] to <width ...>625</width> 
at /page-map[1]/sections[1]/page-section[1]/areas[1]/area[2]/modules[1]/module[1]/elementGroups[1]/element-group[3]/imageLinks[1]/picture-link[1]/width[1]/text()[1]
***********************

Module:[GA20]***********************
Expected text value '113' 
but was '352' - comparing <height ...>113</height> 
at /page-map[1]/sections[1]/page-section[1]/areas[1]/area[2]/modules[1]/module[1]/elementGroups[1]/element-group[3]/imageLinks[1]/picture-link[1]/height[1]/text()[1] to <height ...>352</height> 
at /page-map[1]/sections[1]/page-section[1]/areas[1]/area[2]/modules[1]/module[1]/elementGroups[1]/element-group[3]/imageLinks[1]/picture-link[1]/height[1]/text()[1]
***********************

Module:[GA20]***********************
Expected CDATA section value 'http://test.film4.com/media/images/Channel4/film4_gti/carousel/952x485_3_SML.jpg' 
but was 'http://test.film4.com/media/images/Channel4/film4_gti/carousel/952x485_3_MED.jpg' - comparing <![CDATA[http://test.film4.com/media/images/Channel4/film4_gti/carousel/952x485_3_SML.jpg]]]]>
        <![CDATA[>
at /page-map[1]/sections[1]/page-section[1]/areas[1]/area[2]/modules[1]/module[1]/elementGroups[1]/element-group[3]/imageLinks[1]/picture-link[2]/src[1]/text()[1] to <![CDATA[http://test.film4.com/media/images/Channel4/film4_gti/carousel/952x485_3_MED.jpg]]]]>
        <![CDATA[>
at /page-map[1]/sections[1]/page-section[1]/areas[1]/area[2]/modules[1]/module[1]/elementGroups[1]/element-group[3]/imageLinks[1]/picture-link[2]/src[1]/text()[1]
***********************

Module:[GA20]***********************
Expected text value '200' 
but was '625' - comparing <width ...>200</width> 
at /page-map[1]/sections[1]/page-section[1]/areas[1]/area[2]/modules[1]/module[1]/elementGroups[1]/element-group[3]/imageLinks[1]/picture-link[2]/width[1]/text()[1] to <width ...>625</width> 
at /page-map[1]/sections[1]/page-section[1]/areas[1]/area[2]/modules[1]/module[1]/elementGroups[1]/element-group[3]/imageLinks[1]/picture-link[2]/width[1]/text()[1]
***********************

Module:[GA20]***********************
Expected text value '102' 
but was '318' - comparing <height ...>102</height> 
at /page-map[1]/sections[1]/page-section[1]/areas[1]/area[2]/modules[1]/module[1]/elementGroups[1]/element-group[3]/imageLinks[1]/picture-link[2]/height[1]/text()[1] to <height ...>318</height> 
at /page-map[1]/sections[1]/page-section[1]/areas[1]/area[2]/modules[1]/module[1]/elementGroups[1]/element-group[3]/imageLinks[1]/picture-link[2]/height[1]/text()[1]
***********************

Module:[GA20]***********************
Expected CDATA section value 'http://test.film4.com/media/images/Channel4/film4_gti/carousel/952x485_2_SML.jpg' 
but was 'http://test.film4.com/media/images/Channel4/film4_gti/carousel/952x485_2_MED.jpg' - comparing <![CDATA[http://test.film4.com/media/images/Channel4/film4_gti/carousel/952x485_2_SML.jpg]]]]>
        <![CDATA[>
at /page-map[1]/sections[1]/page-section[1]/areas[1]/area[2]/modules[1]/module[1]/elementGroups[1]/element-group[3]/imageLinks[1]/picture-link[3]/src[1]/text()[1] to <![CDATA[http://test.film4.com/media/images/Channel4/film4_gti/carousel/952x485_2_MED.jpg]]]]>
        <![CDATA[>
at /page-map[1]/sections[1]/page-section[1]/areas[1]/area[2]/modules[1]/module[1]/elementGroups[1]/element-group[3]/imageLinks[1]/picture-link[3]/src[1]/text()[1]
***********************

Module:[GA20]***********************
Expected text value '200' 
but was '625' - comparing <width ...>200</width> 
at /page-map[1]/sections[1]/page-section[1]/areas[1]/area[2]/modules[1]/module[1]/elementGroups[1]/element-group[3]/imageLinks[1]/picture-link[3]/width[1]/text()[1] to <width ...>625</width> 
at /page-map[1]/sections[1]/page-section[1]/areas[1]/area[2]/modules[1]/module[1]/elementGroups[1]/element-group[3]/imageLinks[1]/picture-link[3]/width[1]/text()[1]
***********************

Module:[GA20]***********************
Expected text value '102' 
but was '318' - comparing <height ...>102</height> 
at /page-map[1]/sections[1]/page-section[1]/areas[1]/area[2]/modules[1]/module[1]/elementGroups[1]/element-group[3]/imageLinks[1]/picture-link[3]/height[1]/text()[1] to <height ...>318</height> 
at /page-map[1]/sections[1]/page-section[1]/areas[1]/area[2]/modules[1]/module[1]/elementGroups[1]/element-group[3]/imageLinks[1]/picture-link[3]/height[1]/text()[1]
***********************

Module:[GA20]***********************
Expected CDATA section value 'http://test.film4.com/media/images/Channel4/film4_gti/carousel/952x485_1_SML.jpg' 
but was 'http://test.film4.com/media/images/Channel4/film4_gti/carousel/952x485_1_MED.jpg' - comparing <![CDATA[http://test.film4.com/media/images/Channel4/film4_gti/carousel/952x485_1_SML.jpg]]]]>
        <![CDATA[>
at /page-map[1]/sections[1]/page-section[1]/areas[1]/area[2]/modules[1]/module[1]/elementGroups[1]/element-group[3]/imageLinks[1]/picture-link[4]/src[1]/text()[1] to <![CDATA[http://test.film4.com/media/images/Channel4/film4_gti/carousel/952x485_1_MED.jpg]]]]>
        <![CDATA[>
at /page-map[1]/sections[1]/page-section[1]/areas[1]/area[2]/modules[1]/module[1]/elementGroups[1]/element-group[3]/imageLinks[1]/picture-link[4]/src[1]/text()[1]
***********************

Module:[GA20]***********************
Expected text value '200' 
but was '625' - comparing <width ...>200</width> 
at /page-map[1]/sections[1]/page-section[1]/areas[1]/area[2]/modules[1]/module[1]/elementGroups[1]/element-group[3]/imageLinks[1]/picture-link[4]/width[1]/text()[1] to <width ...>625</width> 
at /page-map[1]/sections[1]/page-section[1]/areas[1]/area[2]/modules[1]/module[1]/elementGroups[1]/element-group[3]/imageLinks[1]/picture-link[4]/width[1]/text()[1]
***********************

Module:[GA20]***********************
Expected text value '102' 
but was '318' - comparing <height ...>102</height> 
at /page-map[1]/sections[1]/page-section[1]/areas[1]/area[2]/modules[1]/module[1]/elementGroups[1]/element-group[3]/imageLinks[1]/picture-link[4]/height[1]/text()[1] to <height ...>318</height> 
at /page-map[1]/sections[1]/page-section[1]/areas[1]/area[2]/modules[1]/module[1]/elementGroups[1]/element-group[3]/imageLinks[1]/picture-link[4]/height[1]/text()[1]
***********************

Module:[GA20]***********************
Expected CDATA section value 'http://test.film4.com/media/images/Channel4/film4_gti/carousel/952x485_5_SML.jpg' 
but was 'http://test.film4.com/media/images/Channel4/film4_gti/carousel/952x485_5_MED.jpg' - comparing <![CDATA[http://test.film4.com/media/images/Channel4/film4_gti/carousel/952x485_5_SML.jpg]]]]>
        <![CDATA[>
at /page-map[1]/sections[1]/page-section[1]/areas[1]/area[2]/modules[1]/module[1]/elementGroups[1]/element-group[3]/imageLinks[1]/picture-link[5]/src[1]/text()[1] to <![CDATA[http://test.film4.com/media/images/Channel4/film4_gti/carousel/952x485_5_MED.jpg]]]]>
        <![CDATA[>
at /page-map[1]/sections[1]/page-section[1]/areas[1]/area[2]/modules[1]/module[1]/elementGroups[1]/element-group[3]/imageLinks[1]/picture-link[5]/src[1]/text()[1]
***********************

Module:[GA20]***********************
Expected text value '200' 
but was '625' - comparing <width ...>200</width> 
at /page-map[1]/sections[1]/page-section[1]/areas[1]/area[2]/modules[1]/module[1]/elementGroups[1]/element-group[3]/imageLinks[1]/picture-link[5]/width[1]/text()[1] to <width ...>625</width> 
at /page-map[1]/sections[1]/page-section[1]/areas[1]/area[2]/modules[1]/module[1]/elementGroups[1]/element-group[3]/imageLinks[1]/picture-link[5]/width[1]/text()[1]
***********************

Module:[GA20]***********************
Expected text value '102' 
but was '318' - comparing <height ...>102</height> 
at /page-map[1]/sections[1]/page-section[1]/areas[1]/area[2]/modules[1]/module[1]/elementGroups[1]/element-group[3]/imageLinks[1]/picture-link[5]/height[1]/text()[1] to <height ...>318</height> 
at /page-map[1]/sections[1]/page-section[1]/areas[1]/area[2]/modules[1]/module[1]/elementGroups[1]/element-group[3]/imageLinks[1]/picture-link[5]/height[1]/text()[1]
***********************

Module:[GA20]***********************
Expected CDATA section value 'http://test.film4.com/media/images/Channel4/film4_gti/carousel/952x485_6_SML.jpg' 
but was 'http://test.film4.com/media/images/Channel4/film4_gti/carousel/952x485_6_MED.jpg' - comparing <![CDATA[http://test.film4.com/media/images/Channel4/film4_gti/carousel/952x485_6_SML.jpg]]]]>
        <![CDATA[>
at /page-map[1]/sections[1]/page-section[1]/areas[1]/area[2]/modules[1]/module[1]/elementGroups[1]/element-group[3]/imageLinks[1]/picture-link[6]/src[1]/text()[1] to <![CDATA[http://test.film4.com/media/images/Channel4/film4_gti/carousel/952x485_6_MED.jpg]]]]>
        <![CDATA[>
at /page-map[1]/sections[1]/page-section[1]/areas[1]/area[2]/modules[1]/module[1]/elementGroups[1]/element-group[3]/imageLinks[1]/picture-link[6]/src[1]/text()[1]
***********************

Module:[GA20]***********************
Expected text value '200' 
but was '625' - comparing <width ...>200</width> 
at /page-map[1]/sections[1]/page-section[1]/areas[1]/area[2]/modules[1]/module[1]/elementGroups[1]/element-group[3]/imageLinks[1]/picture-link[6]/width[1]/text()[1] to <width ...>625</width> 
at /page-map[1]/sections[1]/page-section[1]/areas[1]/area[2]/modules[1]/module[1]/elementGroups[1]/element-group[3]/imageLinks[1]/picture-link[6]/width[1]/text()[1]
***********************

Module:[GA20]***********************
Expected text value '102' 
but was '318' - comparing <height ...>102</height> 
at /page-map[1]/sections[1]/page-section[1]/areas[1]/area[2]/modules[1]/module[1]/elementGroups[1]/element-group[3]/imageLinks[1]/picture-link[6]/height[1]/text()[1] to <height ...>318</height> 
at /page-map[1]/sections[1]/page-section[1]/areas[1]/area[2]/modules[1]/module[1]/elementGroups[1]/element-group[3]/imageLinks[1]/picture-link[6]/height[1]/text()[1]
***********************

Module:[GA20]***********************
Expected CDATA section value 'http://test.film4.com/media/images/Channel4/film4_gti/carousel/952x485_7_SML.jpg' 
but was 'http://test.film4.com/media/images/Channel4/film4_gti/carousel/952x485_7_MED.jpg' - comparing <![CDATA[http://test.film4.com/media/images/Channel4/film4_gti/carousel/952x485_7_SML.jpg]]]]>
        <![CDATA[>
at /page-map[1]/sections[1]/page-section[1]/areas[1]/area[2]/modules[1]/module[1]/elementGroups[1]/element-group[3]/imageLinks[1]/picture-link[7]/src[1]/text()[1] to <![CDATA[http://test.film4.com/media/images/Channel4/film4_gti/carousel/952x485_7_MED.jpg]]]]>
        <![CDATA[>
at /page-map[1]/sections[1]/page-section[1]/areas[1]/area[2]/modules[1]/module[1]/elementGroups[1]/element-group[3]/imageLinks[1]/picture-link[7]/src[1]/text()[1]
***********************

Module:[GA20]***********************
Expected text value '200' 
but was '625' - comparing <width ...>200</width> 
at /page-map[1]/sections[1]/page-section[1]/areas[1]/area[2]/modules[1]/module[1]/elementGroups[1]/element-group[3]/imageLinks[1]/picture-link[7]/width[1]/text()[1] to <width ...>625</width> 
at /page-map[1]/sections[1]/page-section[1]/areas[1]/area[2]/modules[1]/module[1]/elementGroups[1]/element-group[3]/imageLinks[1]/picture-link[7]/width[1]/text()[1]
***********************

Module:[GA20]***********************
Expected text value '102' 
but was '318' - comparing <height ...>102</height> 
at /page-map[1]/sections[1]/page-section[1]/areas[1]/area[2]/modules[1]/module[1]/elementGroups[1]/element-group[3]/imageLinks[1]/picture-link[7]/height[1]/text()[1] to <height ...>318</height> 
at /page-map[1]/sections[1]/page-section[1]/areas[1]/area[2]/modules[1]/module[1]/elementGroups[1]/element-group[3]/imageLinks[1]/picture-link[7]/height[1]/text()[1]
***********************

Module:[GA20]***********************
Expected CDATA section value 'http://test.film4.com/media/images/Channel4/film4_gti/carousel/952x485_8_SML.jpg' 
but was 'http://test.film4.com/media/images/Channel4/film4_gti/carousel/952x485_8_MED.jpg' - comparing <![CDATA[http://test.film4.com/media/images/Channel4/film4_gti/carousel/952x485_8_SML.jpg]]]]>
        <![CDATA[>
at /page-map[1]/sections[1]/page-section[1]/areas[1]/area[2]/modules[1]/module[1]/elementGroups[1]/element-group[3]/imageLinks[1]/picture-link[8]/src[1]/text()[1] to <![CDATA[http://test.film4.com/media/images/Channel4/film4_gti/carousel/952x485_8_MED.jpg]]]]>
        <![CDATA[>
at /page-map[1]/sections[1]/page-section[1]/areas[1]/area[2]/modules[1]/module[1]/elementGroups[1]/element-group[3]/imageLinks[1]/picture-link[8]/src[1]/text()[1]
***********************

Module:[GA20]***********************
Expected text value '200' 
but was '625' - comparing <width ...>200</width> 
at /page-map[1]/sections[1]/page-section[1]/areas[1]/area[2]/modules[1]/module[1]/elementGroups[1]/element-group[3]/imageLinks[1]/picture-link[8]/width[1]/text()[1] to <width ...>625</width> 
at /page-map[1]/sections[1]/page-section[1]/areas[1]/area[2]/modules[1]/module[1]/elementGroups[1]/element-group[3]/imageLinks[1]/picture-link[8]/width[1]/text()[1]
***********************

Module:[GA20]***********************
Expected text value '102' 
but was '318' - comparing <height ...>102</height> 
at /page-map[1]/sections[1]/page-section[1]/areas[1]/area[2]/modules[1]/module[1]/elementGroups[1]/element-group[3]/imageLinks[1]/picture-link[8]/height[1]/text()[1] to <height ...>318</height> 
at /page-map[1]/sections[1]/page-section[1]/areas[1]/area[2]/modules[1]/module[1]/elementGroups[1]/element-group[3]/imageLinks[1]/picture-link[8]/height[1]/text()[1]
***********************

Module:[GA20]***********************
Expected CDATA section value 'http://test.film4.com/reviews/2012/total-recall?li#' 
but was 'http://test.film4.com/reviews/2012/total-recall?la3i#' - comparing <![CDATA[http://test.film4.com/reviews/2012/total-recall?li#]]]]>
        <![CDATA[>
at /page-map[1]/sections[1]/page-section[1]/areas[1]/area[2]/modules[1]/module[1]/elementGroups[1]/element-group[4]/links[1]/link[1]/href[1]/text()[1] to <![CDATA[http://test.film4.com/reviews/2012/total-recall?la3i#]]]]>
        <![CDATA[>
at /page-map[1]/sections[1]/page-section[1]/areas[1]/area[2]/modules[1]/module[1]/elementGroups[1]/element-group[4]/links[1]/link[1]/href[1]/text()[1]
***********************

Module:[GA20]***********************
Expected CDATA section value 'http://test.film4.com/media/images/Channel4/film4_gti/hero/613X345_4_SML.jpg' 
but was 'http://test.film4.com/media/images/Channel4/film4_gti/hero/613X345_4_LRG.jpg' - comparing <![CDATA[http://test.film4.com/media/images/Channel4/film4_gti/hero/613X345_4_SML.jpg]]]]>
        <![CDATA[>
at /page-map[1]/sections[1]/page-section[1]/areas[1]/area[2]/modules[1]/module[1]/webElementSetComponentBeans[1]/element-group[1]/images[1]/picture[1]/src[1]/text()[1] to <![CDATA[http://test.film4.com/media/images/Channel4/film4_gti/hero/613X345_4_LRG.jpg]]]]>
        <![CDATA[>
at /page-map[1]/sections[1]/page-section[1]/areas[1]/area[2]/modules[1]/module[1]/webElementSetComponentBeans[1]/element-group[1]/images[1]/picture[1]/src[1]/text()[1]
***********************

Module:[GA20]***********************
Expected text value '200' 
but was '1024' - comparing <width ...>200</width> 
at /page-map[1]/sections[1]/page-section[1]/areas[1]/area[2]/modules[1]/module[1]/webElementSetComponentBeans[1]/element-group[1]/images[1]/picture[1]/width[1]/text()[1] to <width ...>1024</width> 
at /page-map[1]/sections[1]/page-section[1]/areas[1]/area[2]/modules[1]/module[1]/webElementSetComponentBeans[1]/element-group[1]/images[1]/picture[1]/width[1]/text()[1]
***********************

Module:[GA20]***********************
Expected text value '113' 
but was '576' - comparing <height ...>113</height> 
at /page-map[1]/sections[1]/page-section[1]/areas[1]/area[2]/modules[1]/module[1]/webElementSetComponentBeans[1]/element-group[1]/images[1]/picture[1]/height[1]/text()[1] to <height ...>576</height> 
at /page-map[1]/sections[1]/page-section[1]/areas[1]/area[2]/modules[1]/module[1]/webElementSetComponentBeans[1]/element-group[1]/images[1]/picture[1]/height[1]/text()[1]
***********************

Module:[GA20]***********************
Expected CDATA section value 'http://test.film4.com/media/images/Channel4/film4_gti/carousel/952x485_3_SML.jpg' 
but was 'http://test.film4.com/media/images/Channel4/film4_gti/carousel/952x485_3_LRG.jpg' - comparing <![CDATA[http://test.film4.com/media/images/Channel4/film4_gti/carousel/952x485_3_SML.jpg]]]]>
        <![CDATA[>
at /page-map[1]/sections[1]/page-section[1]/areas[1]/area[2]/modules[1]/module[1]/webElementSetComponentBeans[1]/element-group[2]/images[1]/picture[1]/src[1]/text()[1] to <![CDATA[http://test.film4.com/media/images/Channel4/film4_gti/carousel/952x485_3_LRG.jpg]]]]>
        <![CDATA[>
at /page-map[1]/sections[1]/page-section[1]/areas[1]/area[2]/modules[1]/module[1]/webElementSetComponentBeans[1]/element-group[2]/images[1]/picture[1]/src[1]/text()[1]
***********************

Module:[GA20]***********************
Expected text value '200' 
but was '1024' - comparing <width ...>200</width> 
at /page-map[1]/sections[1]/page-section[1]/areas[1]/area[2]/modules[1]/module[1]/webElementSetComponentBeans[1]/element-group[2]/images[1]/picture[1]/width[1]/text()[1] to <width ...>1024</width> 
at /page-map[1]/sections[1]/page-section[1]/areas[1]/area[2]/modules[1]/module[1]/webElementSetComponentBeans[1]/element-group[2]/images[1]/picture[1]/width[1]/text()[1]
***********************

Module:[GA20]***********************
Expected text value '102' 
but was '522' - comparing <height ...>102</height> 
at /page-map[1]/sections[1]/page-section[1]/areas[1]/area[2]/modules[1]/module[1]/webElementSetComponentBeans[1]/element-group[2]/images[1]/picture[1]/height[1]/text()[1] to <height ...>522</height> 
at /page-map[1]/sections[1]/page-section[1]/areas[1]/area[2]/modules[1]/module[1]/webElementSetComponentBeans[1]/element-group[2]/images[1]/picture[1]/height[1]/text()[1]
***********************

Module:[GA20]***********************
Expected CDATA section value 'http://test.film4.com/media/images/Channel4/film4_gti/carousel/952x485_2_SML.jpg' 
but was 'http://test.film4.com/media/images/Channel4/film4_gti/carousel/952x485_2_LRG.jpg' - comparing <![CDATA[http://test.film4.com/media/images/Channel4/film4_gti/carousel/952x485_2_SML.jpg]]]]>
        <![CDATA[>
at /page-map[1]/sections[1]/page-section[1]/areas[1]/area[2]/modules[1]/module[1]/webElementSetComponentBeans[1]/element-group[3]/images[1]/picture[1]/src[1]/text()[1] to <![CDATA[http://test.film4.com/media/images/Channel4/film4_gti/carousel/952x485_2_LRG.jpg]]]]>
        <![CDATA[>
at /page-map[1]/sections[1]/page-section[1]/areas[1]/area[2]/modules[1]/module[1]/webElementSetComponentBeans[1]/element-group[3]/images[1]/picture[1]/src[1]/text()[1]
***********************

Module:[GA20]***********************
Expected text value '200' 
but was '1024' - comparing <width ...>200</width> 
at /page-map[1]/sections[1]/page-section[1]/areas[1]/area[2]/modules[1]/module[1]/webElementSetComponentBeans[1]/element-group[3]/images[1]/picture[1]/width[1]/text()[1] to <width ...>1024</width> 
at /page-map[1]/sections[1]/page-section[1]/areas[1]/area[2]/modules[1]/module[1]/webElementSetComponentBeans[1]/element-group[3]/images[1]/picture[1]/width[1]/text()[1]
***********************

Module:[GA20]***********************
Expected text value '102' 
but was '522' - comparing <height ...>102</height> 
at /page-map[1]/sections[1]/page-section[1]/areas[1]/area[2]/modules[1]/module[1]/webElementSetComponentBeans[1]/element-group[3]/images[1]/picture[1]/height[1]/text()[1] to <height ...>522</height> 
at /page-map[1]/sections[1]/page-section[1]/areas[1]/area[2]/modules[1]/module[1]/webElementSetComponentBeans[1]/element-group[3]/images[1]/picture[1]/height[1]/text()[1]
***********************

Module:[GA20]***********************
Expected CDATA section value 'http://test.film4.com/media/images/Channel4/film4_gti/carousel/952x485_1_SML.jpg' 
but was 'http://test.film4.com/media/images/Channel4/film4_gti/carousel/952x485_1_LRG.jpg' - comparing <![CDATA[http://test.film4.com/media/images/Channel4/film4_gti/carousel/952x485_1_SML.jpg]]]]>
        <![CDATA[>
at /page-map[1]/sections[1]/page-section[1]/areas[1]/area[2]/modules[1]/module[1]/webElementSetComponentBeans[1]/element-group[4]/images[1]/picture[1]/src[1]/text()[1] to <![CDATA[http://test.film4.com/media/images/Channel4/film4_gti/carousel/952x485_1_LRG.jpg]]]]>
        <![CDATA[>
at /page-map[1]/sections[1]/page-section[1]/areas[1]/area[2]/modules[1]/module[1]/webElementSetComponentBeans[1]/element-group[4]/images[1]/picture[1]/src[1]/text()[1]
***********************

Module:[GA20]***********************
Expected text value '200' 
but was '1024' - comparing <width ...>200</width> 
at /page-map[1]/sections[1]/page-section[1]/areas[1]/area[2]/modules[1]/module[1]/webElementSetComponentBeans[1]/element-group[4]/images[1]/picture[1]/width[1]/text()[1] to <width ...>1024</width> 
at /page-map[1]/sections[1]/page-section[1]/areas[1]/area[2]/modules[1]/module[1]/webElementSetComponentBeans[1]/element-group[4]/images[1]/picture[1]/width[1]/text()[1]
***********************

Module:[GA20]***********************
Expected text value '102' 
but was '522' - comparing <height ...>102</height> 
at /page-map[1]/sections[1]/page-section[1]/areas[1]/area[2]/modules[1]/module[1]/webElementSetComponentBeans[1]/element-group[4]/images[1]/picture[1]/height[1]/text()[1] to <height ...>522</height> 
at /page-map[1]/sections[1]/page-section[1]/areas[1]/area[2]/modules[1]/module[1]/webElementSetComponentBeans[1]/element-group[4]/images[1]/picture[1]/height[1]/text()[1]
***********************

Module:[GA20]***********************
Expected CDATA section value 'http://test.film4.com/media/images/Channel4/film4_gti/carousel/952x485_5_SML.jpg' 
but was 'http://test.film4.com/media/images/Channel4/film4_gti/carousel/952x485_5_LRG.jpg' - comparing <![CDATA[http://test.film4.com/media/images/Channel4/film4_gti/carousel/952x485_5_SML.jpg]]]]>
        <![CDATA[>
at /page-map[1]/sections[1]/page-section[1]/areas[1]/area[2]/modules[1]/module[1]/webElementSetComponentBeans[1]/element-group[5]/images[1]/picture[1]/src[1]/text()[1] to <![CDATA[http://test.film4.com/media/images/Channel4/film4_gti/carousel/952x485_5_LRG.jpg]]]]>
        <![CDATA[>
at /page-map[1]/sections[1]/page-section[1]/areas[1]/area[2]/modules[1]/module[1]/webElementSetComponentBeans[1]/element-group[5]/images[1]/picture[1]/src[1]/text()[1]
***********************

Module:[GA20]***********************
Expected text value '200' 
but was '1024' - comparing <width ...>200</width> 
at /page-map[1]/sections[1]/page-section[1]/areas[1]/area[2]/modules[1]/module[1]/webElementSetComponentBeans[1]/element-group[5]/images[1]/picture[1]/width[1]/text()[1] to <width ...>1024</width> 
at /page-map[1]/sections[1]/page-section[1]/areas[1]/area[2]/modules[1]/module[1]/webElementSetComponentBeans[1]/element-group[5]/images[1]/picture[1]/width[1]/text()[1]
***********************

Module:[GA20]***********************
Expected text value '102' 
but was '522' - comparing <height ...>102</height> 
at /page-map[1]/sections[1]/page-section[1]/areas[1]/area[2]/modules[1]/module[1]/webElementSetComponentBeans[1]/element-group[5]/images[1]/picture[1]/height[1]/text()[1] to <height ...>522</height> 
at /page-map[1]/sections[1]/page-section[1]/areas[1]/area[2]/modules[1]/module[1]/webElementSetComponentBeans[1]/element-group[5]/images[1]/picture[1]/height[1]/text()[1]
***********************

Module:[GA20]***********************
Expected CDATA section value 'http://test.film4.com/media/images/Channel4/film4_gti/carousel/952x485_6_SML.jpg' 
but was 'http://test.film4.com/media/images/Channel4/film4_gti/carousel/952x485_6_LRG.jpg' - comparing <![CDATA[http://test.film4.com/media/images/Channel4/film4_gti/carousel/952x485_6_SML.jpg]]]]>
        <![CDATA[>
at /page-map[1]/sections[1]/page-section[1]/areas[1]/area[2]/modules[1]/module[1]/webElementSetComponentBeans[1]/element-group[6]/images[1]/picture[1]/src[1]/text()[1] to <![CDATA[http://test.film4.com/media/images/Channel4/film4_gti/carousel/952x485_6_LRG.jpg]]]]>
        <![CDATA[>
at /page-map[1]/sections[1]/page-section[1]/areas[1]/area[2]/modules[1]/module[1]/webElementSetComponentBeans[1]/element-group[6]/images[1]/picture[1]/src[1]/text()[1]
***********************

Module:[GA20]***********************
Expected text value '200' 
but was '1024' - comparing <width ...>200</width> 
at /page-map[1]/sections[1]/page-section[1]/areas[1]/area[2]/modules[1]/module[1]/webElementSetComponentBeans[1]/element-group[6]/images[1]/picture[1]/width[1]/text()[1] to <width ...>1024</width> 
at /page-map[1]/sections[1]/page-section[1]/areas[1]/area[2]/modules[1]/module[1]/webElementSetComponentBeans[1]/element-group[6]/images[1]/picture[1]/width[1]/text()[1]
***********************

Module:[GA20]***********************
Expected text value '102' 
but was '522' - comparing <height ...>102</height> 
at /page-map[1]/sections[1]/page-section[1]/areas[1]/area[2]/modules[1]/module[1]/webElementSetComponentBeans[1]/element-group[6]/images[1]/picture[1]/height[1]/text()[1] to <height ...>522</height> 
at /page-map[1]/sections[1]/page-section[1]/areas[1]/area[2]/modules[1]/module[1]/webElementSetComponentBeans[1]/element-group[6]/images[1]/picture[1]/height[1]/text()[1]
***********************

Module:[GA20]***********************
Expected CDATA section value 'http://test.film4.com/media/images/Channel4/film4_gti/carousel/952x485_7_SML.jpg' 
but was 'http://test.film4.com/media/images/Channel4/film4_gti/carousel/952x485_7_LRG.jpg' - comparing <![CDATA[http://test.film4.com/media/images/Channel4/film4_gti/carousel/952x485_7_SML.jpg]]]]>
        <![CDATA[>
at /page-map[1]/sections[1]/page-section[1]/areas[1]/area[2]/modules[1]/module[1]/webElementSetComponentBeans[1]/element-group[7]/images[1]/picture[1]/src[1]/text()[1] to <![CDATA[http://test.film4.com/media/images/Channel4/film4_gti/carousel/952x485_7_LRG.jpg]]]]>
        <![CDATA[>
at /page-map[1]/sections[1]/page-section[1]/areas[1]/area[2]/modules[1]/module[1]/webElementSetComponentBeans[1]/element-group[7]/images[1]/picture[1]/src[1]/text()[1]
***********************

Module:[GA20]***********************
Expected text value '200' 
but was '1024' - comparing <width ...>200</width> 
at /page-map[1]/sections[1]/page-section[1]/areas[1]/area[2]/modules[1]/module[1]/webElementSetComponentBeans[1]/element-group[7]/images[1]/picture[1]/width[1]/text()[1] to <width ...>1024</width> 
at /page-map[1]/sections[1]/page-section[1]/areas[1]/area[2]/modules[1]/module[1]/webElementSetComponentBeans[1]/element-group[7]/images[1]/picture[1]/width[1]/text()[1]
***********************

Module:[GA20]***********************
Expected text value '102' 
but was '522' - comparing <height ...>102</height> 
at /page-map[1]/sections[1]/page-section[1]/areas[1]/area[2]/modules[1]/module[1]/webElementSetComponentBeans[1]/element-group[7]/images[1]/picture[1]/height[1]/text()[1] to <height ...>522</height> 
at /page-map[1]/sections[1]/page-section[1]/areas[1]/area[2]/modules[1]/module[1]/webElementSetComponentBeans[1]/element-group[7]/images[1]/picture[1]/height[1]/text()[1]
***********************

Module:[GA20]***********************
Expected CDATA section value 'http://test.film4.com/media/images/Channel4/film4_gti/carousel/952x485_8_SML.jpg' 
but was 'http://test.film4.com/media/images/Channel4/film4_gti/carousel/952x485_8_LRG.jpg' - comparing <![CDATA[http://test.film4.com/media/images/Channel4/film4_gti/carousel/952x485_8_SML.jpg]]]]>
        <![CDATA[>
at /page-map[1]/sections[1]/page-section[1]/areas[1]/area[2]/modules[1]/module[1]/webElementSetComponentBeans[1]/element-group[8]/images[1]/picture[1]/src[1]/text()[1] to <![CDATA[http://test.film4.com/media/images/Channel4/film4_gti/carousel/952x485_8_LRG.jpg]]]]>
        <![CDATA[>
at /page-map[1]/sections[1]/page-section[1]/areas[1]/area[2]/modules[1]/module[1]/webElementSetComponentBeans[1]/element-group[8]/images[1]/picture[1]/src[1]/text()[1]
***********************

Module:[GA20]***********************
Expected text value '200' 
but was '1024' - comparing <width ...>200</width> 
at /page-map[1]/sections[1]/page-section[1]/areas[1]/area[2]/modules[1]/module[1]/webElementSetComponentBeans[1]/element-group[8]/images[1]/picture[1]/width[1]/text()[1] to <width ...>1024</width> 
at /page-map[1]/sections[1]/page-section[1]/areas[1]/area[2]/modules[1]/module[1]/webElementSetComponentBeans[1]/element-group[8]/images[1]/picture[1]/width[1]/text()[1]
***********************

Module:[GA20]***********************
Expected text value '102' 
but was '522' - comparing <height ...>102</height> 
at /page-map[1]/sections[1]/page-section[1]/areas[1]/area[2]/modules[1]/module[1]/webElementSetComponentBeans[1]/element-group[8]/images[1]/picture[1]/height[1]/text()[1] to <height ...>522</height> 
at /page-map[1]/sections[1]/page-section[1]/areas[1]/area[2]/modules[1]/module[1]/webElementSetComponentBeans[1]/element-group[8]/images[1]/picture[1]/height[1]/text()[1]
***********************

Module:[FL01-default]***********************
Expected CDATA section value 'http://test.film4.com/reviews/2012/total-recall?li#' 
but was 'http://test.film4.com/reviews/2012/total-recall?la3i#' - comparing <![CDATA[http://test.film4.com/reviews/2012/total-recall?li#]]]]>
        <![CDATA[>
at /page-map[1]/sections[1]/page-section[1]/areas[1]/area[3]/modules[1]/module[1]/webElementSetComponentBeans[1]/element-group[1]/links[1]/link[1]/href[1]/text()[1] to <![CDATA[http://test.film4.com/reviews/2012/total-recall?la3i#]]]]>
        <![CDATA[>
at /page-map[1]/sections[1]/page-section[1]/areas[1]/area[3]/modules[1]/module[1]/webElementSetComponentBeans[1]/element-group[1]/links[1]/link[1]/href[1]/text()[1]
***********************

Module:[FL01-default]***********************
Expected CDATA section value 'http://test.film4.com/reviews/2012/total-recall?li#' 
but was 'http://test.film4.com/reviews/2012/total-recall?la3i#' - comparing <![CDATA[http://test.film4.com/reviews/2012/total-recall?li#]]]]>
        <![CDATA[>
at /page-map[1]/sections[1]/page-section[1]/areas[1]/area[3]/modules[1]/module[1]/webElementSetComponentBeans[1]/element-group[2]/links[1]/link[1]/href[1]/text()[1] to <![CDATA[http://test.film4.com/reviews/2012/total-recall?la3i#]]]]>
        <![CDATA[>
at /page-map[1]/sections[1]/page-section[1]/areas[1]/area[3]/modules[1]/module[1]/webElementSetComponentBeans[1]/element-group[2]/links[1]/link[1]/href[1]/text()[1]
***********************

Module:[FL01-default]***********************
Expected CDATA section value 'http://test.film4.com/reviews/2012/total-recall?li#' 
but was 'http://test.film4.com/reviews/2012/total-recall?la3i#' - comparing <![CDATA[http://test.film4.com/reviews/2012/total-recall?li#]]]]>
        <![CDATA[>
at /page-map[1]/sections[1]/page-section[1]/areas[1]/area[3]/modules[1]/module[1]/webElementSetComponentBeans[1]/element-group[3]/links[1]/link[1]/href[1]/text()[1] to <![CDATA[http://test.film4.com/reviews/2012/total-recall?la3i#]]]]>
        <![CDATA[>
at /page-map[1]/sections[1]/page-section[1]/areas[1]/area[3]/modules[1]/module[1]/webElementSetComponentBeans[1]/element-group[3]/links[1]/link[1]/href[1]/text()[1]
***********************

Module:[FL01-default]***********************
Expected CDATA section value 'http://test.film4.com/reviews/2012/total-recall?li#' 
but was 'http://test.film4.com/reviews/2012/total-recall?la3i#' - comparing <![CDATA[http://test.film4.com/reviews/2012/total-recall?li#]]]]>
        <![CDATA[>
at /page-map[1]/sections[1]/page-section[1]/areas[1]/area[3]/modules[1]/module[1]/webElementSetComponentBeans[1]/element-group[4]/links[1]/link[1]/href[1]/text()[1] to <![CDATA[http://test.film4.com/reviews/2012/total-recall?la3i#]]]]>
        <![CDATA[>
at /page-map[1]/sections[1]/page-section[1]/areas[1]/area[3]/modules[1]/module[1]/webElementSetComponentBeans[1]/element-group[4]/links[1]/link[1]/href[1]/text()[1]
***********************

Module:[FL01-carousel]***********************
Expected number of child nodes '33' 
but was '35' - comparing <links...> 
at /page-map[1]/sections[1]/page-section[2]/areas[1]/area[1]/modules[1]/module[2]/webElementSetComponentBeans[1]/element-group[1]/links[1] to <links...> 
at /page-map[1]/sections[1]/page-section[2]/areas[1]/area[1]/modules[1]/module[2]/webElementSetComponentBeans[1]/element-group[1]/links[1]
***********************

Module:[FL01-carousel]***********************
Expected CDATA section value 'http://test.film4.com/reviews/2012/total-recall?li#' 
but was 'http://test.film4.com/reviews/2012/total-recall?la3i#' - comparing <![CDATA[http://test.film4.com/reviews/2012/total-recall?li#]]]]>
        <![CDATA[>
at /page-map[1]/sections[1]/page-section[2]/areas[1]/area[1]/modules[1]/module[2]/webElementSetComponentBeans[1]/element-group[1]/links[1]/link[1]/href[1]/text()[1] to <![CDATA[http://test.film4.com/reviews/2012/total-recall?la3i#]]]]>
        <![CDATA[>
at /page-map[1]/sections[1]/page-section[2]/areas[1]/area[1]/modules[1]/module[2]/webElementSetComponentBeans[1]/element-group[1]/links[1]/link[1]/href[1]/text()[1]
***********************

Module:[FL01-carousel]***********************
Expected CDATA section value 'The Long Day Closes' 
but was 'Slumdog Millionaire' - comparing <![CDATA[The Long Day Closes]]]]><![CDATA[> 
at /page-map[1]/sections[1]/page-section[2]/areas[1]/area[1]/modules[1]/module[2]/webElementSetComponentBeans[1]/element-group[1]/links[1]/link[2]/linkText[1]/text()[1] to <![CDATA[Slumdog Millionaire]]]]>
        <![CDATA[>
at /page-map[1]/sections[1]/page-section[2]/areas[1]/area[1]/modules[1]/module[2]/webElementSetComponentBeans[1]/element-group[1]/links[1]/link[2]/linkText[1]/text()[1]
***********************

Module:[FL01-carousel]***********************
Expected CDATA section value 'http://test.film4.com/reviews/1992/the-long-day-closes' 
but was 'http://test.film4.com/reviews/2008/slumdog-millionaire' - comparing <![CDATA[http://test.film4.com/reviews/1992/the-long-day-closes]]]]>
        <![CDATA[>
at /page-map[1]/sections[1]/page-section[2]/areas[1]/area[1]/modules[1]/module[2]/webElementSetComponentBeans[1]/element-group[1]/links[1]/link[2]/href[1]/text()[1] to <![CDATA[http://test.film4.com/reviews/2008/slumdog-millionaire]]]]>
        <![CDATA[>
at /page-map[1]/sections[1]/page-section[2]/areas[1]/area[1]/modules[1]/module[2]/webElementSetComponentBeans[1]/element-group[1]/links[1]/link[2]/href[1]/text()[1]
***********************

Module:[FL01-carousel]***********************
Expected CDATA section value 'watchlist-add' 
but was 'Rent on Film4oD' - comparing <![CDATA[watchlist-add]]]]><![CDATA[> 
at /page-map[1]/sections[1]/page-section[2]/areas[1]/area[1]/modules[1]/module[2]/webElementSetComponentBeans[1]/element-group[1]/links[1]/link[3]/linkText[1]/text()[1] to <![CDATA[Rent on Film4oD]]]]>
        <![CDATA[>
at /page-map[1]/sections[1]/page-section[2]/areas[1]/area[1]/modules[1]/module[2]/webElementSetComponentBeans[1]/element-group[1]/links[1]/link[3]/linkText[1]/text()[1]
***********************

Module:[FL01-carousel]***********************
Expected CDATA section value 'http://test.film4.com/reviews/2012/total-recall?li#' 
but was 'http://film4od.film4.com/Basket.Handler?action=add&supplierReference=00113412&offerId=2305' - comparing <![CDATA[http://test.film4.com/reviews/2012/total-recall?li#]]]]>
        <![CDATA[>
at /page-map[1]/sections[1]/page-section[2]/areas[1]/area[1]/modules[1]/module[2]/webElementSetComponentBeans[1]/element-group[1]/links[1]/link[3]/href[1]/text()[1] to <![CDATA[http://film4od.film4.com/Basket.Handler?action=add&supplierReference=00113412&offerId=2305]]]]>
        <![CDATA[>
at /page-map[1]/sections[1]/page-section[2]/areas[1]/area[1]/modules[1]/module[2]/webElementSetComponentBeans[1]/element-group[1]/links[1]/link[3]/href[1]/text()[1]
***********************

Module:[FL01-carousel]***********************
Expected CDATA section value 'This Is England' 
but was 'watchlist-add' - comparing <![CDATA[This Is England]]]]><![CDATA[> 
at /page-map[1]/sections[1]/page-section[2]/areas[1]/area[1]/modules[1]/module[2]/webElementSetComponentBeans[1]/element-group[1]/links[1]/link[4]/linkText[1]/text()[1] to <![CDATA[watchlist-add]]]]>
        <![CDATA[>
at /page-map[1]/sections[1]/page-section[2]/areas[1]/area[1]/modules[1]/module[2]/webElementSetComponentBeans[1]/element-group[1]/links[1]/link[4]/linkText[1]/text()[1]
***********************

Module:[FL01-carousel]***********************
Expected CDATA section value 'http://test.film4.com/reviews/2006/this-is-england' 
but was 'http://test.film4.com/reviews/2012/total-recall?la3i#' - comparing <![CDATA[http://test.film4.com/reviews/2006/this-is-england]]]]>
        <![CDATA[>
at /page-map[1]/sections[1]/page-section[2]/areas[1]/area[1]/modules[1]/module[2]/webElementSetComponentBeans[1]/element-group[1]/links[1]/link[4]/href[1]/text()[1] to <![CDATA[http://test.film4.com/reviews/2012/total-recall?la3i#]]]]>
        <![CDATA[>
at /page-map[1]/sections[1]/page-section[2]/areas[1]/area[1]/modules[1]/module[2]/webElementSetComponentBeans[1]/element-group[1]/links[1]/link[4]/href[1]/text()[1]
***********************

Module:[FL01-carousel]***********************
Expected CDATA section value 'Rent on Film4oD' 
but was 'This Is England' - comparing <![CDATA[Rent on Film4oD]]]]><![CDATA[> 
at /page-map[1]/sections[1]/page-section[2]/areas[1]/area[1]/modules[1]/module[2]/webElementSetComponentBeans[1]/element-group[1]/links[1]/link[5]/linkText[1]/text()[1] to <![CDATA[This Is England]]]]>
        <![CDATA[>
at /page-map[1]/sections[1]/page-section[2]/areas[1]/area[1]/modules[1]/module[2]/webElementSetComponentBeans[1]/element-group[1]/links[1]/link[5]/linkText[1]/text()[1]
***********************

Module:[FL01-carousel]***********************
Expected CDATA section value 'http://film4od.film4.com/Basket.Handler?action=add&supplierReference=00069632&offerId=2877' 
but was 'http://test.film4.com/reviews/2006/this-is-england' - comparing <![CDATA[http://film4od.film4.com/Basket.Handler?action=add&supplierReference=00069632&offerId=2877]]]]>
        <![CDATA[>
at /page-map[1]/sections[1]/page-section[2]/areas[1]/area[1]/modules[1]/module[2]/webElementSetComponentBeans[1]/element-group[1]/links[1]/link[5]/href[1]/text()[1] to <![CDATA[http://test.film4.com/reviews/2006/this-is-england]]]]>
        <![CDATA[>
at /page-map[1]/sections[1]/page-section[2]/areas[1]/area[1]/modules[1]/module[2]/webElementSetComponentBeans[1]/element-group[1]/links[1]/link[5]/href[1]/text()[1]
***********************

Module:[FL01-carousel]***********************
Expected CDATA section value 'watchlist-add' 
but was 'Rent on Film4oD' - comparing <![CDATA[watchlist-add]]]]><![CDATA[> 
at /page-map[1]/sections[1]/page-section[2]/areas[1]/area[1]/modules[1]/module[2]/webElementSetComponentBeans[1]/element-group[1]/links[1]/link[6]/linkText[1]/text()[1] to <![CDATA[Rent on Film4oD]]]]>
        <![CDATA[>
at /page-map[1]/sections[1]/page-section[2]/areas[1]/area[1]/modules[1]/module[2]/webElementSetComponentBeans[1]/element-group[1]/links[1]/link[6]/linkText[1]/text()[1]
***********************

Module:[FL01-carousel]***********************
Expected CDATA section value 'http://test.film4.com/reviews/2012/total-recall?li#' 
but was 'http://film4od.film4.com/Basket.Handler?action=add&supplierReference=00069632&offerId=2877' - comparing <![CDATA[http://test.film4.com/reviews/2012/total-recall?li#]]]]>
        <![CDATA[>
at /page-map[1]/sections[1]/page-section[2]/areas[1]/area[1]/modules[1]/module[2]/webElementSetComponentBeans[1]/element-group[1]/links[1]/link[6]/href[1]/text()[1] to <![CDATA[http://film4od.film4.com/Basket.Handler?action=add&supplierReference=00069632&offerId=2877]]]]>
        <![CDATA[>
at /page-map[1]/sections[1]/page-section[2]/areas[1]/area[1]/modules[1]/module[2]/webElementSetComponentBeans[1]/element-group[1]/links[1]/link[6]/href[1]/text()[1]
***********************

Module:[FL01-carousel]***********************
Expected CDATA section value 'House Of Mirth' 
but was 'watchlist-add' - comparing <![CDATA[House Of Mirth]]]]><![CDATA[> 
at /page-map[1]/sections[1]/page-section[2]/areas[1]/area[1]/modules[1]/module[2]/webElementSetComponentBeans[1]/element-group[1]/links[1]/link[7]/linkText[1]/text()[1] to <![CDATA[watchlist-add]]]]>
        <![CDATA[>
at /page-map[1]/sections[1]/page-section[2]/areas[1]/area[1]/modules[1]/module[2]/webElementSetComponentBeans[1]/element-group[1]/links[1]/link[7]/linkText[1]/text()[1]
***********************

Module:[FL01-carousel]***********************
Expected CDATA section value 'http://test.film4.com/reviews/2000/the-house-of-mirth' 
but was 'http://test.film4.com/reviews/2012/total-recall?la3i#' - comparing <![CDATA[http://test.film4.com/reviews/2000/the-house-of-mirth]]]]>
        <![CDATA[>
at /page-map[1]/sections[1]/page-section[2]/areas[1]/area[1]/modules[1]/module[2]/webElementSetComponentBeans[1]/element-group[1]/links[1]/link[7]/href[1]/text()[1] to <![CDATA[http://test.film4.com/reviews/2012/total-recall?la3i#]]]]>
        <![CDATA[>
at /page-map[1]/sections[1]/page-section[2]/areas[1]/area[1]/modules[1]/module[2]/webElementSetComponentBeans[1]/element-group[1]/links[1]/link[7]/href[1]/text()[1]
***********************

Module:[FL01-carousel]***********************
Expected CDATA section value 'watchlist-add' 
but was 'Hunger' - comparing <![CDATA[watchlist-add]]]]><![CDATA[> 
at /page-map[1]/sections[1]/page-section[2]/areas[1]/area[1]/modules[1]/module[2]/webElementSetComponentBeans[1]/element-group[1]/links[1]/link[8]/linkText[1]/text()[1] to <![CDATA[Hunger]]]]>
        <![CDATA[>
at /page-map[1]/sections[1]/page-section[2]/areas[1]/area[1]/modules[1]/module[2]/webElementSetComponentBeans[1]/element-group[1]/links[1]/link[8]/linkText[1]/text()[1]
***********************

Module:[FL01-carousel]***********************
Expected CDATA section value 'http://test.film4.com/reviews/2012/total-recall?li#' 
but was 'http://test.film4.com/reviews/2008/hunger' - comparing <![CDATA[http://test.film4.com/reviews/2012/total-recall?li#]]]]>
        <![CDATA[>
at /page-map[1]/sections[1]/page-section[2]/areas[1]/area[1]/modules[1]/module[2]/webElementSetComponentBeans[1]/element-group[1]/links[1]/link[8]/href[1]/text()[1] to <![CDATA[http://test.film4.com/reviews/2008/hunger]]]]>
        <![CDATA[>
at /page-map[1]/sections[1]/page-section[2]/areas[1]/area[1]/modules[1]/module[2]/webElementSetComponentBeans[1]/element-group[1]/links[1]/link[8]/href[1]/text()[1]
***********************

Module:[FL01-carousel]***********************
Expected CDATA section value 'Saturday Night Fever' 
but was 'Rent on Film4oD' - comparing <![CDATA[Saturday Night Fever]]]]><![CDATA[> 
at /page-map[1]/sections[1]/page-section[2]/areas[1]/area[1]/modules[1]/module[2]/webElementSetComponentBeans[1]/element-group[1]/links[1]/link[9]/linkText[1]/text()[1] to <![CDATA[Rent on Film4oD]]]]>
        <![CDATA[>
at /page-map[1]/sections[1]/page-section[2]/areas[1]/area[1]/modules[1]/module[2]/webElementSetComponentBeans[1]/element-group[1]/links[1]/link[9]/linkText[1]/text()[1]
***********************

Module:[FL01-carousel]***********************
Expected CDATA section value 'http://test.film4.com/reviews/1977/saturday-night-fever' 
but was 'http://film4od.film4.com/Basket.Handler?action=add&supplierReference=00110823&offerId=11374' - comparing <![CDATA[http://test.film4.com/reviews/1977/saturday-night-fever]]]]>
        <![CDATA[>
at /page-map[1]/sections[1]/page-section[2]/areas[1]/area[1]/modules[1]/module[2]/webElementSetComponentBeans[1]/element-group[1]/links[1]/link[9]/href[1]/text()[1] to <![CDATA[http://film4od.film4.com/Basket.Handler?action=add&supplierReference=00110823&offerId=11374]]]]>
        <![CDATA[>
at /page-map[1]/sections[1]/page-section[2]/areas[1]/area[1]/modules[1]/module[2]/webElementSetComponentBeans[1]/element-group[1]/links[1]/link[9]/href[1]/text()[1]
***********************

Module:[FL01-carousel]***********************
Expected CDATA section value 'http://test.film4.com/reviews/2012/total-recall?li#' 
but was 'http://test.film4.com/reviews/2012/total-recall?la3i#' - comparing <![CDATA[http://test.film4.com/reviews/2012/total-recall?li#]]]]>
        <![CDATA[>
at /page-map[1]/sections[1]/page-section[2]/areas[1]/area[1]/modules[1]/module[2]/webElementSetComponentBeans[1]/element-group[1]/links[1]/link[10]/href[1]/text()[1] to <![CDATA[http://test.film4.com/reviews/2012/total-recall?la3i#]]]]>
        <![CDATA[>
at /page-map[1]/sections[1]/page-section[2]/areas[1]/area[1]/modules[1]/module[2]/webElementSetComponentBeans[1]/element-group[1]/links[1]/link[10]/href[1]/text()[1]
***********************

Module:[FL01-carousel]***********************
Expected CDATA section value 'Princess Mononoke' 
but was 'Local Hero' - comparing <![CDATA[Princess Mononoke]]]]><![CDATA[> 
at /page-map[1]/sections[1]/page-section[2]/areas[1]/area[1]/modules[1]/module[2]/webElementSetComponentBeans[1]/element-group[1]/links[1]/link[11]/linkText[1]/text()[1] to <![CDATA[Local Hero]]]]>
        <![CDATA[>
at /page-map[1]/sections[1]/page-section[2]/areas[1]/area[1]/modules[1]/module[2]/webElementSetComponentBeans[1]/element-group[1]/links[1]/link[11]/linkText[1]/text()[1]
***********************

Module:[FL01-carousel]***********************
Expected CDATA section value 'http://test.film4.com/reviews/1997/princess-mononoke' 
but was 'http://test.film4.com/reviews/1983/local-hero' - comparing <![CDATA[http://test.film4.com/reviews/1997/princess-mononoke]]]]>
        <![CDATA[>
at /page-map[1]/sections[1]/page-section[2]/areas[1]/area[1]/modules[1]/module[2]/webElementSetComponentBeans[1]/element-group[1]/links[1]/link[11]/href[1]/text()[1] to <![CDATA[http://test.film4.com/reviews/1983/local-hero]]]]>
        <![CDATA[>
at /page-map[1]/sections[1]/page-section[2]/areas[1]/area[1]/modules[1]/module[2]/webElementSetComponentBeans[1]/element-group[1]/links[1]/link[11]/href[1]/text()[1]
***********************

Module:[FL01-carousel]***********************
Expected CDATA section value 'watchlist-add' 
but was 'Rent on Film4oD' - comparing <![CDATA[watchlist-add]]]]><![CDATA[> 
at /page-map[1]/sections[1]/page-section[2]/areas[1]/area[1]/modules[1]/module[2]/webElementSetComponentBeans[1]/element-group[1]/links[1]/link[12]/linkText[1]/text()[1] to <![CDATA[Rent on Film4oD]]]]>
        <![CDATA[>
at /page-map[1]/sections[1]/page-section[2]/areas[1]/area[1]/modules[1]/module[2]/webElementSetComponentBeans[1]/element-group[1]/links[1]/link[12]/linkText[1]/text()[1]
***********************

Module:[FL01-carousel]***********************
Expected CDATA section value 'http://test.film4.com/reviews/2012/total-recall?li#' 
but was 'http://film4od.film4.com/Basket.Handler?action=add&supplierReference=EP-00002638-01&offerId=11369' - comparing <![CDATA[http://test.film4.com/reviews/2012/total-recall?li#]]]]>
        <![CDATA[>
at /page-map[1]/sections[1]/page-section[2]/areas[1]/area[1]/modules[1]/module[2]/webElementSetComponentBeans[1]/element-group[1]/links[1]/link[12]/href[1]/text()[1] to <![CDATA[http://film4od.film4.com/Basket.Handler?action=add&supplierReference=EP-00002638-01&offerId=11369]]]]>
        <![CDATA[>
at /page-map[1]/sections[1]/page-section[2]/areas[1]/area[1]/modules[1]/module[2]/webElementSetComponentBeans[1]/element-group[1]/links[1]/link[12]/href[1]/text()[1]
***********************

Module:[FL01-carousel]***********************
Expected CDATA section value 'My Beautiful Laundrette' 
but was 'watchlist-add' - comparing <![CDATA[My Beautiful Laundrette]]]]><![CDATA[> 
at /page-map[1]/sections[1]/page-section[2]/areas[1]/area[1]/modules[1]/module[2]/webElementSetComponentBeans[1]/element-group[1]/links[1]/link[13]/linkText[1]/text()[1] to <![CDATA[watchlist-add]]]]>
        <![CDATA[>
at /page-map[1]/sections[1]/page-section[2]/areas[1]/area[1]/modules[1]/module[2]/webElementSetComponentBeans[1]/element-group[1]/links[1]/link[13]/linkText[1]/text()[1]
***********************

Module:[FL01-carousel]***********************
Expected CDATA section value 'http://test.film4.com/reviews/1985/my-beautiful-laundrette' 
but was 'http://test.film4.com/reviews/2012/total-recall?la3i#' - comparing <![CDATA[http://test.film4.com/reviews/1985/my-beautiful-laundrette]]]]>
        <![CDATA[>
at /page-map[1]/sections[1]/page-section[2]/areas[1]/area[1]/modules[1]/module[2]/webElementSetComponentBeans[1]/element-group[1]/links[1]/link[13]/href[1]/text()[1] to <![CDATA[http://test.film4.com/reviews/2012/total-recall?la3i#]]]]>
        <![CDATA[>
at /page-map[1]/sections[1]/page-section[2]/areas[1]/area[1]/modules[1]/module[2]/webElementSetComponentBeans[1]/element-group[1]/links[1]/link[13]/href[1]/text()[1]
***********************

Module:[FL01-carousel]***********************
Expected CDATA section value 'Rent on Film4oD' 
but was 'House Of Mirth' - comparing <![CDATA[Rent on Film4oD]]]]><![CDATA[> 
at /page-map[1]/sections[1]/page-section[2]/areas[1]/area[1]/modules[1]/module[2]/webElementSetComponentBeans[1]/element-group[1]/links[1]/link[14]/linkText[1]/text()[1] to <![CDATA[House Of Mirth]]]]>
        <![CDATA[>
at /page-map[1]/sections[1]/page-section[2]/areas[1]/area[1]/modules[1]/module[2]/webElementSetComponentBeans[1]/element-group[1]/links[1]/link[14]/linkText[1]/text()[1]
***********************

Module:[FL01-carousel]***********************
Expected CDATA section value 'http://film4od.film4.com/Basket.Handler?action=add&supplierReference=EP-00002639-01&offerId=11335' 
but was 'http://test.film4.com/reviews/2000/the-house-of-mirth' - comparing <![CDATA[http://film4od.film4.com/Basket.Handler?action=add&supplierReference=EP-00002639-01&offerId=11335]]]]>
        <![CDATA[>
at /page-map[1]/sections[1]/page-section[2]/areas[1]/area[1]/modules[1]/module[2]/webElementSetComponentBeans[1]/element-group[1]/links[1]/link[14]/href[1]/text()[1] to <![CDATA[http://test.film4.com/reviews/2000/the-house-of-mirth]]]]>
        <![CDATA[>
at /page-map[1]/sections[1]/page-section[2]/areas[1]/area[1]/modules[1]/module[2]/webElementSetComponentBeans[1]/element-group[1]/links[1]/link[14]/href[1]/text()[1]
***********************

Module:[FL01-carousel]***********************
Expected CDATA section value 'http://test.film4.com/reviews/2012/total-recall?li#' 
but was 'http://test.film4.com/reviews/2012/total-recall?la3i#' - comparing <![CDATA[http://test.film4.com/reviews/2012/total-recall?li#]]]]>
        <![CDATA[>
at /page-map[1]/sections[1]/page-section[2]/areas[1]/area[1]/modules[1]/module[2]/webElementSetComponentBeans[1]/element-group[1]/links[1]/link[15]/href[1]/text()[1] to <![CDATA[http://test.film4.com/reviews/2012/total-recall?la3i#]]]]>
        <![CDATA[>
at /page-map[1]/sections[1]/page-section[2]/areas[1]/area[1]/modules[1]/module[2]/webElementSetComponentBeans[1]/element-group[1]/links[1]/link[15]/href[1]/text()[1]
***********************

Module:[FL01-carousel]***********************
Expected CDATA section value 'Victim' 
but was 'Trainspotting' - comparing <![CDATA[Victim]]]]><![CDATA[> 
at /page-map[1]/sections[1]/page-section[2]/areas[1]/area[1]/modules[1]/module[2]/webElementSetComponentBeans[1]/element-group[1]/links[1]/link[16]/linkText[1]/text()[1] to <![CDATA[Trainspotting]]]]>
        <![CDATA[>
at /page-map[1]/sections[1]/page-section[2]/areas[1]/area[1]/modules[1]/module[2]/webElementSetComponentBeans[1]/element-group[1]/links[1]/link[16]/linkText[1]/text()[1]
***********************

Module:[FL01-carousel]***********************
Expected CDATA section value 'http://test.film4.com/reviews/1961/victim' 
but was 'http://test.film4.com/reviews/1996/trainspotting' - comparing <![CDATA[http://test.film4.com/reviews/1961/victim]]]]>
        <![CDATA[>
at /page-map[1]/sections[1]/page-section[2]/areas[1]/area[1]/modules[1]/module[2]/webElementSetComponentBeans[1]/element-group[1]/links[1]/link[16]/href[1]/text()[1] to <![CDATA[http://test.film4.com/reviews/1996/trainspotting]]]]>
        <![CDATA[>
at /page-map[1]/sections[1]/page-section[2]/areas[1]/area[1]/modules[1]/module[2]/webElementSetComponentBeans[1]/element-group[1]/links[1]/link[16]/href[1]/text()[1]
***********************

Module:[FL01-carousel]***********************
Expected CDATA section value 'http://test.film4.com/reviews/2012/total-recall?li#' 
but was 'http://test.film4.com/reviews/2012/total-recall?la3i#' - comparing <![CDATA[http://test.film4.com/reviews/2012/total-recall?li#]]]]>
        <![CDATA[>
at /page-map[1]/sections[1]/page-section[2]/areas[1]/area[1]/modules[1]/module[2]/webElementSetComponentBeans[1]/element-group[1]/links[1]/link[17]/href[1]/text()[1] to <![CDATA[http://test.film4.com/reviews/2012/total-recall?la3i#]]]]>
        <![CDATA[>
at /page-map[1]/sections[1]/page-section[2]/areas[1]/area[1]/modules[1]/module[2]/webElementSetComponentBeans[1]/element-group[1]/links[1]/link[17]/href[1]/text()[1]
***********************

Module:[FL01-carousel]***********************
Expected CDATA section value 'Bigger Than Life' 
but was 'The Long Day Closes' - comparing <![CDATA[Bigger Than Life]]]]><![CDATA[> 
at /page-map[1]/sections[1]/page-section[2]/areas[1]/area[1]/modules[1]/module[2]/webElementSetComponentBeans[1]/element-group[1]/links[1]/link[18]/linkText[1]/text()[1] to <![CDATA[The Long Day Closes]]]]>
        <![CDATA[>
at /page-map[1]/sections[1]/page-section[2]/areas[1]/area[1]/modules[1]/module[2]/webElementSetComponentBeans[1]/element-group[1]/links[1]/link[18]/linkText[1]/text()[1]
***********************

Module:[FL01-carousel]***********************
Expected CDATA section value 'http://test.film4.com/reviews/1956/bigger-than-life' 
but was 'http://test.film4.com/reviews/1992/the-long-day-closes' - comparing <![CDATA[http://test.film4.com/reviews/1956/bigger-than-life]]]]>
        <![CDATA[>
at /page-map[1]/sections[1]/page-section[2]/areas[1]/area[1]/modules[1]/module[2]/webElementSetComponentBeans[1]/element-group[1]/links[1]/link[18]/href[1]/text()[1] to <![CDATA[http://test.film4.com/reviews/1992/the-long-day-closes]]]]>
        <![CDATA[>
at /page-map[1]/sections[1]/page-section[2]/areas[1]/area[1]/modules[1]/module[2]/webElementSetComponentBeans[1]/element-group[1]/links[1]/link[18]/href[1]/text()[1]
***********************

Module:[FL01-carousel]***********************
Expected CDATA section value 'http://test.film4.com/reviews/2012/total-recall?li#' 
but was 'http://test.film4.com/reviews/2012/total-recall?la3i#' - comparing <![CDATA[http://test.film4.com/reviews/2012/total-recall?li#]]]]>
        <![CDATA[>
at /page-map[1]/sections[1]/page-section[2]/areas[1]/area[1]/modules[1]/module[2]/webElementSetComponentBeans[1]/element-group[1]/links[1]/link[19]/href[1]/text()[1] to <![CDATA[http://test.film4.com/reviews/2012/total-recall?la3i#]]]]>
        <![CDATA[>
at /page-map[1]/sections[1]/page-section[2]/areas[1]/area[1]/modules[1]/module[2]/webElementSetComponentBeans[1]/element-group[1]/links[1]/link[19]/href[1]/text()[1]
***********************

Module:[FL01-carousel]***********************
Expected CDATA section value 'Oliver Twist' 
but was 'Alien' - comparing <![CDATA[Oliver Twist]]]]><![CDATA[> 
at /page-map[1]/sections[1]/page-section[2]/areas[1]/area[1]/modules[1]/module[2]/webElementSetComponentBeans[1]/element-group[1]/links[1]/link[20]/linkText[1]/text()[1] to <![CDATA[Alien]]]]>
        <![CDATA[>
at /page-map[1]/sections[1]/page-section[2]/areas[1]/area[1]/modules[1]/module[2]/webElementSetComponentBeans[1]/element-group[1]/links[1]/link[20]/linkText[1]/text()[1]
***********************

Module:[FL01-carousel]***********************
Expected CDATA section value 'http://test.film4.com/reviews/1948/oliver-twist' 
but was 'http://test.film4.com/reviews/1979/alien' - comparing <![CDATA[http://test.film4.com/reviews/1948/oliver-twist]]]]>
        <![CDATA[>
at /page-map[1]/sections[1]/page-section[2]/areas[1]/area[1]/modules[1]/module[2]/webElementSetComponentBeans[1]/element-group[1]/links[1]/link[20]/href[1]/text()[1] to <![CDATA[http://test.film4.com/reviews/1979/alien]]]]>
        <![CDATA[>
at /page-map[1]/sections[1]/page-section[2]/areas[1]/area[1]/modules[1]/module[2]/webElementSetComponentBeans[1]/element-group[1]/links[1]/link[20]/href[1]/text()[1]
***********************

Module:[FL01-carousel]***********************
Expected CDATA section value 'http://test.film4.com/reviews/2012/total-recall?li#' 
but was 'http://test.film4.com/reviews/2012/total-recall?la3i#' - comparing <![CDATA[http://test.film4.com/reviews/2012/total-recall?li#]]]]>
        <![CDATA[>
at /page-map[1]/sections[1]/page-section[2]/areas[1]/area[1]/modules[1]/module[2]/webElementSetComponentBeans[1]/element-group[1]/links[1]/link[21]/href[1]/text()[1] to <![CDATA[http://test.film4.com/reviews/2012/total-recall?la3i#]]]]>
        <![CDATA[>
at /page-map[1]/sections[1]/page-section[2]/areas[1]/area[1]/modules[1]/module[2]/webElementSetComponentBeans[1]/element-group[1]/links[1]/link[21]/href[1]/text()[1]
***********************

Module:[FL01-carousel]***********************
Expected CDATA section value 'Bronson' 
but was 'MASH' - comparing <![CDATA[Bronson]]]]><![CDATA[> 
at /page-map[1]/sections[1]/page-section[2]/areas[1]/area[1]/modules[1]/module[2]/webElementSetComponentBeans[1]/element-group[1]/links[1]/link[22]/linkText[1]/text()[1] to <![CDATA[MASH]]]]>
        <![CDATA[>
at /page-map[1]/sections[1]/page-section[2]/areas[1]/area[1]/modules[1]/module[2]/webElementSetComponentBeans[1]/element-group[1]/links[1]/link[22]/linkText[1]/text()[1]
***********************

Module:[FL01-carousel]***********************
Expected CDATA section value 'http://test.film4.com/reviews/2009/bronson' 
but was 'http://test.film4.com/reviews/1970/m-a-s-h' - comparing <![CDATA[http://test.film4.com/reviews/2009/bronson]]]]>
        <![CDATA[>
at /page-map[1]/sections[1]/page-section[2]/areas[1]/area[1]/modules[1]/module[2]/webElementSetComponentBeans[1]/element-group[1]/links[1]/link[22]/href[1]/text()[1] to <![CDATA[http://test.film4.com/reviews/1970/m-a-s-h]]]]>
        <![CDATA[>
at /page-map[1]/sections[1]/page-section[2]/areas[1]/area[1]/modules[1]/module[2]/webElementSetComponentBeans[1]/element-group[1]/links[1]/link[22]/href[1]/text()[1]
***********************

Module:[FL01-carousel]***********************
Expected CDATA section value 'Rent on Film4oD' 
but was 'watchlist-add' - comparing <![CDATA[Rent on Film4oD]]]]><![CDATA[> 
at /page-map[1]/sections[1]/page-section[2]/areas[1]/area[1]/modules[1]/module[2]/webElementSetComponentBeans[1]/element-group[1]/links[1]/link[23]/linkText[1]/text()[1] to <![CDATA[watchlist-add]]]]>
        <![CDATA[>
at /page-map[1]/sections[1]/page-section[2]/areas[1]/area[1]/modules[1]/module[2]/webElementSetComponentBeans[1]/element-group[1]/links[1]/link[23]/linkText[1]/text()[1]
***********************

Module:[FL01-carousel]***********************
Expected CDATA section value 'http://film4od.film4.com/Basket.Handler?action=add&supplierReference=EP-00000005-01&offerId=2608' 
but was 'http://test.film4.com/reviews/2012/total-recall?la3i#' - comparing <![CDATA[http://film4od.film4.com/Basket.Handler?action=add&supplierReference=EP-00000005-01&offerId=2608]]]]>
        <![CDATA[>
at /page-map[1]/sections[1]/page-section[2]/areas[1]/area[1]/modules[1]/module[2]/webElementSetComponentBeans[1]/element-group[1]/links[1]/link[23]/href[1]/text()[1] to <![CDATA[http://test.film4.com/reviews/2012/total-recall?la3i#]]]]>
        <![CDATA[>
at /page-map[1]/sections[1]/page-section[2]/areas[1]/area[1]/modules[1]/module[2]/webElementSetComponentBeans[1]/element-group[1]/links[1]/link[23]/href[1]/text()[1]
***********************

Module:[FL01-carousel]***********************
Expected CDATA section value 'watchlist-add' 
but was 'Big' - comparing <![CDATA[watchlist-add]]]]><![CDATA[> 
at /page-map[1]/sections[1]/page-section[2]/areas[1]/area[1]/modules[1]/module[2]/webElementSetComponentBeans[1]/element-group[1]/links[1]/link[24]/linkText[1]/text()[1] to <![CDATA[Big]]]]>
        <![CDATA[>
at /page-map[1]/sections[1]/page-section[2]/areas[1]/area[1]/modules[1]/module[2]/webElementSetComponentBeans[1]/element-group[1]/links[1]/link[24]/linkText[1]/text()[1]
***********************

Module:[FL01-carousel]***********************
Expected CDATA section value 'http://test.film4.com/reviews/2012/total-recall?li#' 
but was 'http://test.film4.com/reviews/1988/big' - comparing <![CDATA[http://test.film4.com/reviews/2012/total-recall?li#]]]]>
        <![CDATA[>
at /page-map[1]/sections[1]/page-section[2]/areas[1]/area[1]/modules[1]/module[2]/webElementSetComponentBeans[1]/element-group[1]/links[1]/link[24]/href[1]/text()[1] to <![CDATA[http://test.film4.com/reviews/1988/big]]]]>
        <![CDATA[>
at /page-map[1]/sections[1]/page-section[2]/areas[1]/area[1]/modules[1]/module[2]/webElementSetComponentBeans[1]/element-group[1]/links[1]/link[24]/href[1]/text()[1]
***********************

Module:[FL01-carousel]***********************
Expected CDATA section value 'Import/Export' 
but was 'watchlist-add' - comparing <![CDATA[Import/Export]]]]><![CDATA[> 
at /page-map[1]/sections[1]/page-section[2]/areas[1]/area[1]/modules[1]/module[2]/webElementSetComponentBeans[1]/element-group[1]/links[1]/link[25]/linkText[1]/text()[1] to <![CDATA[watchlist-add]]]]>
        <![CDATA[>
at /page-map[1]/sections[1]/page-section[2]/areas[1]/area[1]/modules[1]/module[2]/webElementSetComponentBeans[1]/element-group[1]/links[1]/link[25]/linkText[1]/text()[1]
***********************

Module:[FL01-carousel]***********************
Expected CDATA section value 'http://test.film4.com/reviews/2007/import-export' 
but was 'http://test.film4.com/reviews/2012/total-recall?la3i#' - comparing <![CDATA[http://test.film4.com/reviews/2007/import-export]]]]>
        <![CDATA[>
at /page-map[1]/sections[1]/page-section[2]/areas[1]/area[1]/modules[1]/module[2]/webElementSetComponentBeans[1]/element-group[1]/links[1]/link[25]/href[1]/text()[1] to <![CDATA[http://test.film4.com/reviews/2012/total-recall?la3i#]]]]>
        <![CDATA[>
at /page-map[1]/sections[1]/page-section[2]/areas[1]/area[1]/modules[1]/module[2]/webElementSetComponentBeans[1]/element-group[1]/links[1]/link[25]/href[1]/text()[1]
***********************

Module:[FL01-carousel]***********************
Expected CDATA section value 'watchlist-add' 
but was 'The Crying Game' - comparing <![CDATA[watchlist-add]]]]><![CDATA[> 
at /page-map[1]/sections[1]/page-section[2]/areas[1]/area[1]/modules[1]/module[2]/webElementSetComponentBeans[1]/element-group[1]/links[1]/link[26]/linkText[1]/text()[1] to <![CDATA[The Crying Game]]]]>
        <![CDATA[>
at /page-map[1]/sections[1]/page-section[2]/areas[1]/area[1]/modules[1]/module[2]/webElementSetComponentBeans[1]/element-group[1]/links[1]/link[26]/linkText[1]/text()[1]
***********************

Module:[FL01-carousel]***********************
Expected CDATA section value 'http://test.film4.com/reviews/2012/total-recall?li#' 
but was 'http://test.film4.com/reviews/1992/the-crying-game' - comparing <![CDATA[http://test.film4.com/reviews/2012/total-recall?li#]]]]>
        <![CDATA[>
at /page-map[1]/sections[1]/page-section[2]/areas[1]/area[1]/modules[1]/module[2]/webElementSetComponentBeans[1]/element-group[1]/links[1]/link[26]/href[1]/text()[1] to <![CDATA[http://test.film4.com/reviews/1992/the-crying-game]]]]>
        <![CDATA[>
at /page-map[1]/sections[1]/page-section[2]/areas[1]/area[1]/modules[1]/module[2]/webElementSetComponentBeans[1]/element-group[1]/links[1]/link[26]/href[1]/text()[1]
***********************

Module:[FL01-carousel]***********************
Expected CDATA section value 'Straight Story' 
but was 'watchlist-add' - comparing <![CDATA[Straight Story]]]]><![CDATA[> 
at /page-map[1]/sections[1]/page-section[2]/areas[1]/area[1]/modules[1]/module[2]/webElementSetComponentBeans[1]/element-group[1]/links[1]/link[27]/linkText[1]/text()[1] to <![CDATA[watchlist-add]]]]>
        <![CDATA[>
at /page-map[1]/sections[1]/page-section[2]/areas[1]/area[1]/modules[1]/module[2]/webElementSetComponentBeans[1]/element-group[1]/links[1]/link[27]/linkText[1]/text()[1]
***********************

Module:[FL01-carousel]***********************
Expected CDATA section value 'http://test.film4.com/reviews/1999/the-straight-story' 
but was 'http://test.film4.com/reviews/2012/total-recall?la3i#' - comparing <![CDATA[http://test.film4.com/reviews/1999/the-straight-story]]]]>
        <![CDATA[>
at /page-map[1]/sections[1]/page-section[2]/areas[1]/area[1]/modules[1]/module[2]/webElementSetComponentBeans[1]/element-group[1]/links[1]/link[27]/href[1]/text()[1] to <![CDATA[http://test.film4.com/reviews/2012/total-recall?la3i#]]]]>
        <![CDATA[>
at /page-map[1]/sections[1]/page-section[2]/areas[1]/area[1]/modules[1]/module[2]/webElementSetComponentBeans[1]/element-group[1]/links[1]/link[27]/href[1]/text()[1]
***********************

Module:[FL01-carousel]***********************
Expected CDATA section value 'watchlist-add' 
but was 'Kill Bill Vol. 1' - comparing <![CDATA[watchlist-add]]]]><![CDATA[> 
at /page-map[1]/sections[1]/page-section[2]/areas[1]/area[1]/modules[1]/module[2]/webElementSetComponentBeans[1]/element-group[1]/links[1]/link[28]/linkText[1]/text()[1] to <![CDATA[Kill Bill Vol. 1]]]]>
        <![CDATA[>
at /page-map[1]/sections[1]/page-section[2]/areas[1]/area[1]/modules[1]/module[2]/webElementSetComponentBeans[1]/element-group[1]/links[1]/link[28]/linkText[1]/text()[1]
***********************

Module:[FL01-carousel]***********************
Expected CDATA section value 'http://test.film4.com/reviews/2012/total-recall?li#' 
but was 'http://test.film4.com/reviews/2003/kill-bill-vol-1' - comparing <![CDATA[http://test.film4.com/reviews/2012/total-recall?li#]]]]>
        <![CDATA[>
at /page-map[1]/sections[1]/page-section[2]/areas[1]/area[1]/modules[1]/module[2]/webElementSetComponentBeans[1]/element-group[1]/links[1]/link[28]/href[1]/text()[1] to <![CDATA[http://test.film4.com/reviews/2003/kill-bill-vol-1]]]]>
        <![CDATA[>
at /page-map[1]/sections[1]/page-section[2]/areas[1]/area[1]/modules[1]/module[2]/webElementSetComponentBeans[1]/element-group[1]/links[1]/link[28]/href[1]/text()[1]
***********************

Module:[FL01-carousel]***********************
Expected CDATA section value 'Mischief Night' 
but was 'Rent on Film4oD' - comparing <![CDATA[Mischief Night]]]]><![CDATA[> 
at /page-map[1]/sections[1]/page-section[2]/areas[1]/area[1]/modules[1]/module[2]/webElementSetComponentBeans[1]/element-group[1]/links[1]/link[29]/linkText[1]/text()[1] to <![CDATA[Rent on Film4oD]]]]>
        <![CDATA[>
at /page-map[1]/sections[1]/page-section[2]/areas[1]/area[1]/modules[1]/module[2]/webElementSetComponentBeans[1]/element-group[1]/links[1]/link[29]/linkText[1]/text()[1]
***********************

Module:[FL01-carousel]***********************
Expected CDATA section value 'http://test.film4.com/reviews/2006/mischief-night' 
but was 'http://film4od.film4.com/Basket.Handler?action=add&supplierReference=00010094&offerId=2517' - comparing <![CDATA[http://test.film4.com/reviews/2006/mischief-night]]]]>
        <![CDATA[>
at /page-map[1]/sections[1]/page-section[2]/areas[1]/area[1]/modules[1]/module[2]/webElementSetComponentBeans[1]/element-group[1]/links[1]/link[29]/href[1]/text()[1] to <![CDATA[http://film4od.film4.com/Basket.Handler?action=add&supplierReference=00010094&offerId=2517]]]]>
        <![CDATA[>
at /page-map[1]/sections[1]/page-section[2]/areas[1]/area[1]/modules[1]/module[2]/webElementSetComponentBeans[1]/element-group[1]/links[1]/link[29]/href[1]/text()[1]
***********************

Module:[FL01-carousel]***********************
Expected CDATA section value 'http://test.film4.com/reviews/2012/total-recall?li#' 
but was 'http://test.film4.com/reviews/2012/total-recall?la3i#' - comparing <![CDATA[http://test.film4.com/reviews/2012/total-recall?li#]]]]>
        <![CDATA[>
at /page-map[1]/sections[1]/page-section[2]/areas[1]/area[1]/modules[1]/module[2]/webElementSetComponentBeans[1]/element-group[1]/links[1]/link[30]/href[1]/text()[1] to <![CDATA[http://test.film4.com/reviews/2012/total-recall?la3i#]]]]>
        <![CDATA[>
at /page-map[1]/sections[1]/page-section[2]/areas[1]/area[1]/modules[1]/module[2]/webElementSetComponentBeans[1]/element-group[1]/links[1]/link[30]/href[1]/text()[1]
***********************

Module:[FL01-carousel]***********************
Expected CDATA section value 'Raising Arizona' 
but was 'A Room With A View' - comparing <![CDATA[Raising Arizona]]]]><![CDATA[> 
at /page-map[1]/sections[1]/page-section[2]/areas[1]/area[1]/modules[1]/module[2]/webElementSetComponentBeans[1]/element-group[1]/links[1]/link[31]/linkText[1]/text()[1] to <![CDATA[A Room With A View]]]]>
        <![CDATA[>
at /page-map[1]/sections[1]/page-section[2]/areas[1]/area[1]/modules[1]/module[2]/webElementSetComponentBeans[1]/element-group[1]/links[1]/link[31]/linkText[1]/text()[1]
***********************

Module:[FL01-carousel]***********************
Expected CDATA section value 'http://test.film4.com/reviews/1987/raising-arizona' 
but was 'http://test.film4.com/reviews/1985/a-room-with-a-view' - comparing <![CDATA[http://test.film4.com/reviews/1987/raising-arizona]]]]>
        <![CDATA[>
at /page-map[1]/sections[1]/page-section[2]/areas[1]/area[1]/modules[1]/module[2]/webElementSetComponentBeans[1]/element-group[1]/links[1]/link[31]/href[1]/text()[1] to <![CDATA[http://test.film4.com/reviews/1985/a-room-with-a-view]]]]>
        <![CDATA[>
at /page-map[1]/sections[1]/page-section[2]/areas[1]/area[1]/modules[1]/module[2]/webElementSetComponentBeans[1]/element-group[1]/links[1]/link[31]/href[1]/text()[1]
***********************

Module:[FL01-carousel]***********************
Expected CDATA section value 'http://test.film4.com/reviews/2012/total-recall?li#' 
but was 'http://test.film4.com/reviews/2012/total-recall?la3i#' - comparing <![CDATA[http://test.film4.com/reviews/2012/total-recall?li#]]]]>
        <![CDATA[>
at /page-map[1]/sections[1]/page-section[2]/areas[1]/area[1]/modules[1]/module[2]/webElementSetComponentBeans[1]/element-group[1]/links[1]/link[32]/href[1]/text()[1] to <![CDATA[http://test.film4.com/reviews/2012/total-recall?la3i#]]]]>
        <![CDATA[>
at /page-map[1]/sections[1]/page-section[2]/areas[1]/area[1]/modules[1]/module[2]/webElementSetComponentBeans[1]/element-group[1]/links[1]/link[32]/href[1]/text()[1]
***********************

Module:[FL01-carousel]***********************
Expected CDATA section value 'Tulpan' 
but was 'Four Lions' - comparing <![CDATA[Tulpan]]]]><![CDATA[> 
at /page-map[1]/sections[1]/page-section[2]/areas[1]/area[1]/modules[1]/module[2]/webElementSetComponentBeans[1]/element-group[1]/links[1]/link[33]/linkText[1]/text()[1] to <![CDATA[Four Lions]]]]>
        <![CDATA[>
at /page-map[1]/sections[1]/page-section[2]/areas[1]/area[1]/modules[1]/module[2]/webElementSetComponentBeans[1]/element-group[1]/links[1]/link[33]/linkText[1]/text()[1]
***********************

Module:[FL01-carousel]***********************
Expected CDATA section value 'http://test.film4.com/reviews/2008/tulpan' 
but was 'http://test.film4.com/reviews/2010/four-lions' - comparing <![CDATA[http://test.film4.com/reviews/2008/tulpan]]]]>
        <![CDATA[>
at /page-map[1]/sections[1]/page-section[2]/areas[1]/area[1]/modules[1]/module[2]/webElementSetComponentBeans[1]/element-group[1]/links[1]/link[33]/href[1]/text()[1] to <![CDATA[http://test.film4.com/reviews/2010/four-lions]]]]>
        <![CDATA[>
at /page-map[1]/sections[1]/page-section[2]/areas[1]/area[1]/modules[1]/module[2]/webElementSetComponentBeans[1]/element-group[1]/links[1]/link[33]/href[1]/text()[1]
***********************

Module:[unknown]***********************
Expected presence of child node 'null' 
but was 'link' - comparing  at null to <link...> 
at /page-map[1]/sections[1]/page-section[2]/areas[1]/area[1]/modules[1]/module[2]/webElementSetComponentBeans[1]/element-group[1]/links[1]/link[34]
***********************

Module:[unknown]***********************
Expected presence of child node 'null' 
but was 'link' - comparing  at null to <link...> 
at /page-map[1]/sections[1]/page-section[2]/areas[1]/area[1]/modules[1]/module[2]/webElementSetComponentBeans[1]/element-group[1]/links[1]/link[35]
***********************

Module:[FL01-carousel]***********************
Expected CDATA section value 'http://test.film4.com/reviews/1992/the-long-day-closes' 
but was 'http://test.film4.com/reviews/2008/slumdog-millionaire' - comparing <![CDATA[http://test.film4.com/reviews/1992/the-long-day-closes]]]]>
        <![CDATA[>
at /page-map[1]/sections[1]/page-section[2]/areas[1]/area[1]/modules[1]/module[2]/webElementSetComponentBeans[1]/element-group[1]/imageLinks[1]/picture-link[1]/href[1]/text()[1] to <![CDATA[http://test.film4.com/reviews/2008/slumdog-millionaire]]]]>
        <![CDATA[>
at /page-map[1]/sections[1]/page-section[2]/areas[1]/area[1]/modules[1]/module[2]/webElementSetComponentBeans[1]/element-group[1]/imageLinks[1]/picture-link[1]/href[1]/text()[1]
***********************

Module:[FL01-carousel]***********************
Expected CDATA section value 'http://test.film4.com/media/images/Film4/images/L/the-long-day-closes-1992_MED.jpg' 
but was 'http://test.film4.com/media/images/Channel4/Film4/2000s/S/slumdog-millionaire_MED.jpg' - comparing <![CDATA[http://test.film4.com/media/images/Film4/images/L/the-long-day-closes-1992_MED.jpg]]]]>
        <![CDATA[>
at /page-map[1]/sections[1]/page-section[2]/areas[1]/area[1]/modules[1]/module[2]/webElementSetComponentBeans[1]/element-group[1]/imageLinks[1]/picture-link[1]/src[1]/text()[1] to <![CDATA[http://test.film4.com/media/images/Channel4/Film4/2000s/S/slumdog-millionaire_MED.jpg]]]]>
        <![CDATA[>
at /page-map[1]/sections[1]/page-section[2]/areas[1]/area[1]/modules[1]/module[2]/webElementSetComponentBeans[1]/element-group[1]/imageLinks[1]/picture-link[1]/src[1]/text()[1]
***********************

Module:[FL01-carousel]***********************
Expected text value '52' 
but was '68' - comparing <height ...>52</height> 
at /page-map[1]/sections[1]/page-section[2]/areas[1]/area[1]/modules[1]/module[2]/webElementSetComponentBeans[1]/element-group[1]/imageLinks[1]/picture-link[1]/height[1]/text()[1] to <height ...>68</height> 
at /page-map[1]/sections[1]/page-section[2]/areas[1]/area[1]/modules[1]/module[2]/webElementSetComponentBeans[1]/element-group[1]/imageLinks[1]/picture-link[1]/height[1]/text()[1]
***********************

Module:[FL01-carousel]***********************
Expected CDATA section value 'http://test.film4.com/reviews/2000/the-house-of-mirth' 
but was 'http://test.film4.com/reviews/2008/hunger' - comparing <![CDATA[http://test.film4.com/reviews/2000/the-house-of-mirth]]]]>
        <![CDATA[>
at /page-map[1]/sections[1]/page-section[2]/areas[1]/area[1]/modules[1]/module[2]/webElementSetComponentBeans[1]/element-group[1]/imageLinks[1]/picture-link[3]/href[1]/text()[1] to <![CDATA[http://test.film4.com/reviews/2008/hunger]]]]>
        <![CDATA[>
at /page-map[1]/sections[1]/page-section[2]/areas[1]/area[1]/modules[1]/module[2]/webElementSetComponentBeans[1]/element-group[1]/imageLinks[1]/picture-link[3]/href[1]/text()[1]
***********************

Module:[FL01-carousel]***********************
Expected CDATA section value 'http://test.film4.com/media/images/Film4/images/H/the-house-of-mirth-2000_MED.jpg' 
but was 'http://test.film4.com/media/images/Channel4/Film4/2000s/H/hunger_MED.jpg' - comparing <![CDATA[http://test.film4.com/media/images/Film4/images/H/the-house-of-mirth-2000_MED.jpg]]]]>
        <![CDATA[>
at /page-map[1]/sections[1]/page-section[2]/areas[1]/area[1]/modules[1]/module[2]/webElementSetComponentBeans[1]/element-group[1]/imageLinks[1]/picture-link[3]/src[1]/text()[1] to <![CDATA[http://test.film4.com/media/images/Channel4/Film4/2000s/H/hunger_MED.jpg]]]]>
        <![CDATA[>
at /page-map[1]/sections[1]/page-section[2]/areas[1]/area[1]/modules[1]/module[2]/webElementSetComponentBeans[1]/element-group[1]/imageLinks[1]/picture-link[3]/src[1]/text()[1]
***********************

Module:[FL01-carousel]***********************
Expected text value '52' 
but was '68' - comparing <height ...>52</height> 
at /page-map[1]/sections[1]/page-section[2]/areas[1]/area[1]/modules[1]/module[2]/webElementSetComponentBeans[1]/element-group[1]/imageLinks[1]/picture-link[3]/height[1]/text()[1] to <height ...>68</height> 
at /page-map[1]/sections[1]/page-section[2]/areas[1]/area[1]/modules[1]/module[2]/webElementSetComponentBeans[1]/element-group[1]/imageLinks[1]/picture-link[3]/height[1]/text()[1]
***********************

Module:[FL01-carousel]***********************
Expected CDATA section value 'http://test.film4.com/reviews/1977/saturday-night-fever' 
but was 'http://test.film4.com/reviews/1983/local-hero' - comparing <![CDATA[http://test.film4.com/reviews/1977/saturday-night-fever]]]]>
        <![CDATA[>
at /page-map[1]/sections[1]/page-section[2]/areas[1]/area[1]/modules[1]/module[2]/webElementSetComponentBeans[1]/element-group[1]/imageLinks[1]/picture-link[4]/href[1]/text()[1] to <![CDATA[http://test.film4.com/reviews/1983/local-hero]]]]>
        <![CDATA[>
at /page-map[1]/sections[1]/page-section[2]/areas[1]/area[1]/modules[1]/module[2]/webElementSetComponentBeans[1]/element-group[1]/imageLinks[1]/picture-link[4]/href[1]/text()[1]
***********************

Module:[FL01-carousel]***********************
Expected CDATA section value 'http://test.film4.com/media/images/Channel4/Film4/1970s/saturday-night-fever_MED.jpg' 
but was 'http://test.film4.com/media/images/Channel4/Film4/1980s/L/local-hero_MED.jpg' - comparing <![CDATA[http://test.film4.com/media/images/Channel4/Film4/1970s/saturday-night-fever_MED.jpg]]]]>
        <![CDATA[>
at /page-map[1]/sections[1]/page-section[2]/areas[1]/area[1]/modules[1]/module[2]/webElementSetComponentBeans[1]/element-group[1]/imageLinks[1]/picture-link[4]/src[1]/text()[1] to <![CDATA[http://test.film4.com/media/images/Channel4/Film4/1980s/L/local-hero_MED.jpg]]]]>
        <![CDATA[>
at /page-map[1]/sections[1]/page-section[2]/areas[1]/area[1]/modules[1]/module[2]/webElementSetComponentBeans[1]/element-group[1]/imageLinks[1]/picture-link[4]/src[1]/text()[1]
***********************

Module:[FL01-carousel]***********************
Expected CDATA section value 'http://test.film4.com/reviews/1997/princess-mononoke' 
but was 'http://test.film4.com/reviews/2000/the-house-of-mirth' - comparing <![CDATA[http://test.film4.com/reviews/1997/princess-mononoke]]]]>
        <![CDATA[>
at /page-map[1]/sections[1]/page-section[2]/areas[1]/area[1]/modules[1]/module[2]/webElementSetComponentBeans[1]/element-group[1]/imageLinks[1]/picture-link[5]/href[1]/text()[1] to <![CDATA[http://test.film4.com/reviews/2000/the-house-of-mirth]]]]>
        <![CDATA[>
at /page-map[1]/sections[1]/page-section[2]/areas[1]/area[1]/modules[1]/module[2]/webElementSetComponentBeans[1]/element-group[1]/imageLinks[1]/picture-link[5]/href[1]/text()[1]
***********************

Module:[FL01-carousel]***********************
Expected CDATA section value 'http://test.film4.com/media/images/Film4/images/P/princess-mononoke-1997-01_MED.jpg' 
but was 'http://test.film4.com/media/images/Film4/images/H/the-house-of-mirth-2000_MED.jpg' - comparing <![CDATA[http://test.film4.com/media/images/Film4/images/P/princess-mononoke-1997-01_MED.jpg]]]]>
        <![CDATA[>
at /page-map[1]/sections[1]/page-section[2]/areas[1]/area[1]/modules[1]/module[2]/webElementSetComponentBeans[1]/element-group[1]/imageLinks[1]/picture-link[5]/src[1]/text()[1] to <![CDATA[http://test.film4.com/media/images/Film4/images/H/the-house-of-mirth-2000_MED.jpg]]]]>
        <![CDATA[>
at /page-map[1]/sections[1]/page-section[2]/areas[1]/area[1]/modules[1]/module[2]/webElementSetComponentBeans[1]/element-group[1]/imageLinks[1]/picture-link[5]/src[1]/text()[1]
***********************

Module:[FL01-carousel]***********************
Expected CDATA section value 'http://test.film4.com/reviews/1985/my-beautiful-laundrette' 
but was 'http://test.film4.com/reviews/1996/trainspotting' - comparing <![CDATA[http://test.film4.com/reviews/1985/my-beautiful-laundrette]]]]>
        <![CDATA[>
at /page-map[1]/sections[1]/page-section[2]/areas[1]/area[1]/modules[1]/module[2]/webElementSetComponentBeans[1]/element-group[1]/imageLinks[1]/picture-link[6]/href[1]/text()[1] to <![CDATA[http://test.film4.com/reviews/1996/trainspotting]]]]>
        <![CDATA[>
at /page-map[1]/sections[1]/page-section[2]/areas[1]/area[1]/modules[1]/module[2]/webElementSetComponentBeans[1]/element-group[1]/imageLinks[1]/picture-link[6]/href[1]/text()[1]
***********************

Module:[FL01-carousel]***********************
Expected CDATA section value 'http://test.film4.com/media/images/Film4/images/M/my-beautiful-laundrette-1985-01_MED.jpg' 
but was 'http://test.film4.com/media/images/Channel4/Film4/1990s/T/trainspotting_MED.jpg' - comparing <![CDATA[http://test.film4.com/media/images/Film4/images/M/my-beautiful-laundrette-1985-01_MED.jpg]]]]>
        <![CDATA[>
at /page-map[1]/sections[1]/page-section[2]/areas[1]/area[1]/modules[1]/module[2]/webElementSetComponentBeans[1]/element-group[1]/imageLinks[1]/picture-link[6]/src[1]/text()[1] to <![CDATA[http://test.film4.com/media/images/Channel4/Film4/1990s/T/trainspotting_MED.jpg]]]]>
        <![CDATA[>
at /page-map[1]/sections[1]/page-section[2]/areas[1]/area[1]/modules[1]/module[2]/webElementSetComponentBeans[1]/element-group[1]/imageLinks[1]/picture-link[6]/src[1]/text()[1]
***********************

Module:[FL01-carousel]***********************
Expected CDATA section value 'http://test.film4.com/reviews/1961/victim' 
but was 'http://test.film4.com/reviews/1992/the-long-day-closes' - comparing <![CDATA[http://test.film4.com/reviews/1961/victim]]]]>
        <![CDATA[>
at /page-map[1]/sections[1]/page-section[2]/areas[1]/area[1]/modules[1]/module[2]/webElementSetComponentBeans[1]/element-group[1]/imageLinks[1]/picture-link[7]/href[1]/text()[1] to <![CDATA[http://test.film4.com/reviews/1992/the-long-day-closes]]]]>
        <![CDATA[>
at /page-map[1]/sections[1]/page-section[2]/areas[1]/area[1]/modules[1]/module[2]/webElementSetComponentBeans[1]/element-group[1]/imageLinks[1]/picture-link[7]/href[1]/text()[1]
***********************

Module:[FL01-carousel]***********************
Expected CDATA section value 'http://test.film4.com/media/images/Film4/images/V/victim-1961-01_MED.jpg' 
but was 'http://test.film4.com/media/images/Film4/images/L/the-long-day-closes-1992_MED.jpg' - comparing <![CDATA[http://test.film4.com/media/images/Film4/images/V/victim-1961-01_MED.jpg]]]]>
        <![CDATA[>
at /page-map[1]/sections[1]/page-section[2]/areas[1]/area[1]/modules[1]/module[2]/webElementSetComponentBeans[1]/element-group[1]/imageLinks[1]/picture-link[7]/src[1]/text()[1] to <![CDATA[http://test.film4.com/media/images/Film4/images/L/the-long-day-closes-1992_MED.jpg]]]]>
        <![CDATA[>
at /page-map[1]/sections[1]/page-section[2]/areas[1]/area[1]/modules[1]/module[2]/webElementSetComponentBeans[1]/element-group[1]/imageLinks[1]/picture-link[7]/src[1]/text()[1]
***********************

Module:[FL01-carousel]***********************
Expected CDATA section value 'http://test.film4.com/reviews/1956/bigger-than-life' 
but was 'http://test.film4.com/reviews/1979/alien' - comparing <![CDATA[http://test.film4.com/reviews/1956/bigger-than-life]]]]>
        <![CDATA[>
at /page-map[1]/sections[1]/page-section[2]/areas[1]/area[1]/modules[1]/module[2]/webElementSetComponentBeans[1]/element-group[1]/imageLinks[1]/picture-link[8]/href[1]/text()[1] to <![CDATA[http://test.film4.com/reviews/1979/alien]]]]>
        <![CDATA[>
at /page-map[1]/sections[1]/page-section[2]/areas[1]/area[1]/modules[1]/module[2]/webElementSetComponentBeans[1]/element-group[1]/imageLinks[1]/picture-link[8]/href[1]/text()[1]
***********************

Module:[FL01-carousel]***********************
Expected CDATA section value 'http://test.film4.com/media/images/Channel4/Film4/1950s/bigger-than-life_MED.jpg' 
but was 'http://test.film4.com/media/images/Channel4/Film4/1970s/alien_MED.jpg' - comparing <![CDATA[http://test.film4.com/media/images/Channel4/Film4/1950s/bigger-than-life_MED.jpg]]]]>
        <![CDATA[>
at /page-map[1]/sections[1]/page-section[2]/areas[1]/area[1]/modules[1]/module[2]/webElementSetComponentBeans[1]/element-group[1]/imageLinks[1]/picture-link[8]/src[1]/text()[1] to <![CDATA[http://test.film4.com/media/images/Channel4/Film4/1970s/alien_MED.jpg]]]]>
        <![CDATA[>
at /page-map[1]/sections[1]/page-section[2]/areas[1]/area[1]/modules[1]/module[2]/webElementSetComponentBeans[1]/element-group[1]/imageLinks[1]/picture-link[8]/src[1]/text()[1]
***********************

Module:[FL01-carousel]***********************
Expected CDATA section value 'http://test.film4.com/reviews/1948/oliver-twist' 
but was 'http://test.film4.com/reviews/1970/m-a-s-h' - comparing <![CDATA[http://test.film4.com/reviews/1948/oliver-twist]]]]>
        <![CDATA[>
at /page-map[1]/sections[1]/page-section[2]/areas[1]/area[1]/modules[1]/module[2]/webElementSetComponentBeans[1]/element-group[1]/imageLinks[1]/picture-link[9]/href[1]/text()[1] to <![CDATA[http://test.film4.com/reviews/1970/m-a-s-h]]]]>
        <![CDATA[>
at /page-map[1]/sections[1]/page-section[2]/areas[1]/area[1]/modules[1]/module[2]/webElementSetComponentBeans[1]/element-group[1]/imageLinks[1]/picture-link[9]/href[1]/text()[1]
***********************

Module:[FL01-carousel]***********************
Expected CDATA section value 'http://test.film4.com/media/images/Film4/images/O/oliver-twist-1948_MED.jpg' 
but was 'http://test.film4.com/media/images/Film4/images/M/mash-1970_MED.jpg' - comparing <![CDATA[http://test.film4.com/media/images/Film4/images/O/oliver-twist-1948_MED.jpg]]]]>
        <![CDATA[>
at /page-map[1]/sections[1]/page-section[2]/areas[1]/area[1]/modules[1]/module[2]/webElementSetComponentBeans[1]/element-group[1]/imageLinks[1]/picture-link[9]/src[1]/text()[1] to <![CDATA[http://test.film4.com/media/images/Film4/images/M/mash-1970_MED.jpg]]]]>
        <![CDATA[>
at /page-map[1]/sections[1]/page-section[2]/areas[1]/area[1]/modules[1]/module[2]/webElementSetComponentBeans[1]/element-group[1]/imageLinks[1]/picture-link[9]/src[1]/text()[1]
***********************

Module:[FL01-carousel]***********************
Expected CDATA section value 'http://test.film4.com/reviews/2009/bronson' 
but was 'http://test.film4.com/reviews/1988/big' - comparing <![CDATA[http://test.film4.com/reviews/2009/bronson]]]]>
        <![CDATA[>
at /page-map[1]/sections[1]/page-section[2]/areas[1]/area[1]/modules[1]/module[2]/webElementSetComponentBeans[1]/element-group[1]/imageLinks[1]/picture-link[10]/href[1]/text()[1] to <![CDATA[http://test.film4.com/reviews/1988/big]]]]>
        <![CDATA[>
at /page-map[1]/sections[1]/page-section[2]/areas[1]/area[1]/modules[1]/module[2]/webElementSetComponentBeans[1]/element-group[1]/imageLinks[1]/picture-link[10]/href[1]/text()[1]
***********************

Module:[FL01-carousel]***********************
Expected CDATA section value 'http://test.film4.com/media/images/Channel4/Film4/2000s/B/bronson_MED.jpg' 
but was 'http://test.film4.com/media/images/Channel4/Film4/1980s/B/big_MED.jpg' - comparing <![CDATA[http://test.film4.com/media/images/Channel4/Film4/2000s/B/bronson_MED.jpg]]]]>
        <![CDATA[>
at /page-map[1]/sections[1]/page-section[2]/areas[1]/area[1]/modules[1]/module[2]/webElementSetComponentBeans[1]/element-group[1]/imageLinks[1]/picture-link[10]/src[1]/text()[1] to <![CDATA[http://test.film4.com/media/images/Channel4/Film4/1980s/B/big_MED.jpg]]]]>
        <![CDATA[>
at /page-map[1]/sections[1]/page-section[2]/areas[1]/area[1]/modules[1]/module[2]/webElementSetComponentBeans[1]/element-group[1]/imageLinks[1]/picture-link[10]/src[1]/text()[1]
***********************

Module:[FL01-carousel]***********************
Expected CDATA section value 'http://test.film4.com/reviews/2007/import-export' 
but was 'http://test.film4.com/reviews/1992/the-crying-game' - comparing <![CDATA[http://test.film4.com/reviews/2007/import-export]]]]>
        <![CDATA[>
at /page-map[1]/sections[1]/page-section[2]/areas[1]/area[1]/modules[1]/module[2]/webElementSetComponentBeans[1]/element-group[1]/imageLinks[1]/picture-link[11]/href[1]/text()[1] to <![CDATA[http://test.film4.com/reviews/1992/the-crying-game]]]]>
        <![CDATA[>
at /page-map[1]/sections[1]/page-section[2]/areas[1]/area[1]/modules[1]/module[2]/webElementSetComponentBeans[1]/element-group[1]/imageLinks[1]/picture-link[11]/href[1]/text()[1]
***********************

Module:[FL01-carousel]***********************
Expected CDATA section value 'http://test.film4.com/media/images/Film4/images/film/import-export-2007/import-export-2007-01_MED.jpg' 
but was 'http://test.film4.com/media/images/Film4/images/C/the-crying-game-1990-01_MED.jpg' - comparing <![CDATA[http://test.film4.com/media/images/Film4/images/film/import-export-2007/import-export-2007-01_MED.jpg]]]]>
        <![CDATA[>
at /page-map[1]/sections[1]/page-section[2]/areas[1]/area[1]/modules[1]/module[2]/webElementSetComponentBeans[1]/element-group[1]/imageLinks[1]/picture-link[11]/src[1]/text()[1] to <![CDATA[http://test.film4.com/media/images/Film4/images/C/the-crying-game-1990-01_MED.jpg]]]]>
        <![CDATA[>
at /page-map[1]/sections[1]/page-section[2]/areas[1]/area[1]/modules[1]/module[2]/webElementSetComponentBeans[1]/element-group[1]/imageLinks[1]/picture-link[11]/src[1]/text()[1]
***********************

Module:[FL01-carousel]***********************
Expected text value '68' 
but was '52' - comparing <height ...>68</height> 
at /page-map[1]/sections[1]/page-section[2]/areas[1]/area[1]/modules[1]/module[2]/webElementSetComponentBeans[1]/element-group[1]/imageLinks[1]/picture-link[11]/height[1]/text()[1] to <height ...>52</height> 
at /page-map[1]/sections[1]/page-section[2]/areas[1]/area[1]/modules[1]/module[2]/webElementSetComponentBeans[1]/element-group[1]/imageLinks[1]/picture-link[11]/height[1]/text()[1]
***********************

Module:[FL01-carousel]***********************
Expected CDATA section value 'http://test.film4.com/reviews/1999/the-straight-story' 
but was 'http://test.film4.com/reviews/2003/kill-bill-vol-1' - comparing <![CDATA[http://test.film4.com/reviews/1999/the-straight-story]]]]>
        <![CDATA[>
at /page-map[1]/sections[1]/page-section[2]/areas[1]/area[1]/modules[1]/module[2]/webElementSetComponentBeans[1]/element-group[1]/imageLinks[1]/picture-link[12]/href[1]/text()[1] to <![CDATA[http://test.film4.com/reviews/2003/kill-bill-vol-1]]]]>
        <![CDATA[>
at /page-map[1]/sections[1]/page-section[2]/areas[1]/area[1]/modules[1]/module[2]/webElementSetComponentBeans[1]/element-group[1]/imageLinks[1]/picture-link[12]/href[1]/text()[1]
***********************

Module:[FL01-carousel]***********************
Expected CDATA section value 'http://test.film4.com/media/images/Film4/images/S/the-straight-story-1999-01_MED.jpg' 
but was 'http://test.film4.com/media/images/Film4/images/film/kill-bill-2003/kill-bill-2003-01_MED.jpg' - comparing <![CDATA[http://test.film4.com/media/images/Film4/images/S/the-straight-story-1999-01_MED.jpg]]]]>
        <![CDATA[>
at /page-map[1]/sections[1]/page-section[2]/areas[1]/area[1]/modules[1]/module[2]/webElementSetComponentBeans[1]/element-group[1]/imageLinks[1]/picture-link[12]/src[1]/text()[1] to <![CDATA[http://test.film4.com/media/images/Film4/images/film/kill-bill-2003/kill-bill-2003-01_MED.jpg]]]]>
        <![CDATA[>
at /page-map[1]/sections[1]/page-section[2]/areas[1]/area[1]/modules[1]/module[2]/webElementSetComponentBeans[1]/element-group[1]/imageLinks[1]/picture-link[12]/src[1]/text()[1]
***********************

Module:[FL01-carousel]***********************
Expected text value '52' 
but was '68' - comparing <height ...>52</height> 
at /page-map[1]/sections[1]/page-section[2]/areas[1]/area[1]/modules[1]/module[2]/webElementSetComponentBeans[1]/element-group[1]/imageLinks[1]/picture-link[12]/height[1]/text()[1] to <height ...>68</height> 
at /page-map[1]/sections[1]/page-section[2]/areas[1]/area[1]/modules[1]/module[2]/webElementSetComponentBeans[1]/element-group[1]/imageLinks[1]/picture-link[12]/height[1]/text()[1]
***********************

Module:[FL01-carousel]***********************
Expected CDATA section value 'http://test.film4.com/reviews/2006/mischief-night' 
but was 'http://test.film4.com/reviews/1985/a-room-with-a-view' - comparing <![CDATA[http://test.film4.com/reviews/2006/mischief-night]]]]>
        <![CDATA[>
at /page-map[1]/sections[1]/page-section[2]/areas[1]/area[1]/modules[1]/module[2]/webElementSetComponentBeans[1]/element-group[1]/imageLinks[1]/picture-link[13]/href[1]/text()[1] to <![CDATA[http://test.film4.com/reviews/1985/a-room-with-a-view]]]]>
        <![CDATA[>
at /page-map[1]/sections[1]/page-section[2]/areas[1]/area[1]/modules[1]/module[2]/webElementSetComponentBeans[1]/element-group[1]/imageLinks[1]/picture-link[13]/href[1]/text()[1]
***********************

Module:[FL01-carousel]***********************
Expected CDATA section value 'http://test.film4.com/media/images/Channel4/Film4/2000s/M/mischief-night_MED.jpg' 
but was 'http://test.film4.com/media/images/Channel4/Film4/1980s/A/a-room-with-a-view_MED.jpg' - comparing <![CDATA[http://test.film4.com/media/images/Channel4/Film4/2000s/M/mischief-night_MED.jpg]]]]>
        <![CDATA[>
at /page-map[1]/sections[1]/page-section[2]/areas[1]/area[1]/modules[1]/module[2]/webElementSetComponentBeans[1]/element-group[1]/imageLinks[1]/picture-link[13]/src[1]/text()[1] to <![CDATA[http://test.film4.com/media/images/Channel4/Film4/1980s/A/a-room-with-a-view_MED.jpg]]]]>
        <![CDATA[>
at /page-map[1]/sections[1]/page-section[2]/areas[1]/area[1]/modules[1]/module[2]/webElementSetComponentBeans[1]/element-group[1]/imageLinks[1]/picture-link[13]/src[1]/text()[1]
***********************

Module:[FL01-carousel]***********************
Expected CDATA section value 'http://test.film4.com/reviews/1987/raising-arizona' 
but was 'http://test.film4.com/reviews/2010/four-lions' - comparing <![CDATA[http://test.film4.com/reviews/1987/raising-arizona]]]]>
        <![CDATA[>
at /page-map[1]/sections[1]/page-section[2]/areas[1]/area[1]/modules[1]/module[2]/webElementSetComponentBeans[1]/element-group[1]/imageLinks[1]/picture-link[14]/href[1]/text()[1] to <![CDATA[http://test.film4.com/reviews/2010/four-lions]]]]>
        <![CDATA[>
at /page-map[1]/sections[1]/page-section[2]/areas[1]/area[1]/modules[1]/module[2]/webElementSetComponentBeans[1]/element-group[1]/imageLinks[1]/picture-link[14]/href[1]/text()[1]
***********************

Module:[FL01-carousel]***********************
Expected CDATA section value 'http://test.film4.com/media/images/Film4/images/R/raising-arizona-1987-01_MED.jpg' 
but was 'http://test.film4.com/media/images/Channel4/Film4/2010s/F/four-lions_MED.jpg' - comparing <![CDATA[http://test.film4.com/media/images/Film4/images/R/raising-arizona-1987-01_MED.jpg]]]]>
        <![CDATA[>
at /page-map[1]/sections[1]/page-section[2]/areas[1]/area[1]/modules[1]/module[2]/webElementSetComponentBeans[1]/element-group[1]/imageLinks[1]/picture-link[14]/src[1]/text()[1] to <![CDATA[http://test.film4.com/media/images/Channel4/Film4/2010s/F/four-lions_MED.jpg]]]]>
        <![CDATA[>
at /page-map[1]/sections[1]/page-section[2]/areas[1]/area[1]/modules[1]/module[2]/webElementSetComponentBeans[1]/element-group[1]/imageLinks[1]/picture-link[14]/src[1]/text()[1]
***********************

Module:[FL01-carousel]***********************
Expected text value '52' 
but was '68' - comparing <height ...>52</height> 
at /page-map[1]/sections[1]/page-section[2]/areas[1]/area[1]/modules[1]/module[2]/webElementSetComponentBeans[1]/element-group[1]/imageLinks[1]/picture-link[14]/height[1]/text()[1] to <height ...>68</height> 
at /page-map[1]/sections[1]/page-section[2]/areas[1]/area[1]/modules[1]/module[2]/webElementSetComponentBeans[1]/element-group[1]/imageLinks[1]/picture-link[14]/height[1]/text()[1]
***********************

Module:[FL01-carousel]***********************
Expected CDATA section value 'http://test.film4.com/reviews/2008/tulpan' 
but was 'http://test.film4.com/reviews/2008/the-bank-job' - comparing <![CDATA[http://test.film4.com/reviews/2008/tulpan]]]]>
        <![CDATA[>
at /page-map[1]/sections[1]/page-section[2]/areas[1]/area[1]/modules[1]/module[2]/webElementSetComponentBeans[1]/element-group[1]/imageLinks[1]/picture-link[15]/href[1]/text()[1] to <![CDATA[http://test.film4.com/reviews/2008/the-bank-job]]]]>
        <![CDATA[>
at /page-map[1]/sections[1]/page-section[2]/areas[1]/area[1]/modules[1]/module[2]/webElementSetComponentBeans[1]/element-group[1]/imageLinks[1]/picture-link[15]/href[1]/text()[1]
***********************

Module:[FL01-carousel]***********************
Expected CDATA section value 'http://test.film4.com/media/images/Channel4/Film4/2000s/T/tulpan_MED.jpg' 
but was 'http://test.film4.com/media/images/Channel4/Film4/2000s/B/the-bank-job_MED.jpg' - comparing <![CDATA[http://test.film4.com/media/images/Channel4/Film4/2000s/T/tulpan_MED.jpg]]]]>
        <![CDATA[>
at /page-map[1]/sections[1]/page-section[2]/areas[1]/area[1]/modules[1]/module[2]/webElementSetComponentBeans[1]/element-group[1]/imageLinks[1]/picture-link[15]/src[1]/text()[1] to <![CDATA[http://test.film4.com/media/images/Channel4/Film4/2000s/B/the-bank-job_MED.jpg]]]]>
        <![CDATA[>
at /page-map[1]/sections[1]/page-section[2]/areas[1]/area[1]/modules[1]/module[2]/webElementSetComponentBeans[1]/element-group[1]/imageLinks[1]/picture-link[15]/src[1]/text()[1]
***********************

Module:[FL01-carousel]***********************
Expected number of child nodes '25' 
but was '29' - comparing <textBlocks...> 
at /page-map[1]/sections[1]/page-section[2]/areas[1]/area[1]/modules[1]/module[2]/webElementSetComponentBeans[1]/element-group[1]/textBlocks[1] to <textBlocks...> 
at /page-map[1]/sections[1]/page-section[2]/areas[1]/area[1]/modules[1]/module[2]/webElementSetComponentBeans[1]/element-group[1]/textBlocks[1]
***********************

Module:[FL01-carousel]***********************
Expected text value 'h3' 
but was 'p' - comparing <tag ...>h3</tag> 
at /page-map[1]/sections[1]/page-section[2]/areas[1]/area[1]/modules[1]/module[2]/webElementSetComponentBeans[1]/element-group[1]/textBlocks[1]/text-block[1]/tag[1]/text()[1] to <tag ...>p</tag> 
at /page-map[1]/sections[1]/page-section[2]/areas[1]/area[1]/modules[1]/module[2]/webElementSetComponentBeans[1]/element-group[1]/textBlocks[1]/text-block[1]/tag[1]/text()[1]
***********************

Module:[FL01-carousel]***********************
Expected CDATA section value 'The Long Day Closes' 
but was 'On Film4: 16 November 2012' - comparing <![CDATA[The Long Day Closes]]]]><![CDATA[> 
at /page-map[1]/sections[1]/page-section[2]/areas[1]/area[1]/modules[1]/module[2]/webElementSetComponentBeans[1]/element-group[1]/textBlocks[1]/text-block[1]/text[1]/text()[1] to <![CDATA[On Film4: 16 November 2012]]]]>
        <![CDATA[>
at /page-map[1]/sections[1]/page-section[2]/areas[1]/area[1]/modules[1]/module[2]/webElementSetComponentBeans[1]/element-group[1]/textBlocks[1]/text-block[1]/text[1]/text()[1]
***********************

Module:[FL01-carousel]***********************
Expected CDATA section value 'This Is England' 
but was 'Slumdog Millionaire' - comparing <![CDATA[This Is England]]]]><![CDATA[> 
at /page-map[1]/sections[1]/page-section[2]/areas[1]/area[1]/modules[1]/module[2]/webElementSetComponentBeans[1]/element-group[1]/textBlocks[1]/text-block[2]/text[1]/text()[1] to <![CDATA[Slumdog Millionaire]]]]>
        <![CDATA[>
at /page-map[1]/sections[1]/page-section[2]/areas[1]/area[1]/modules[1]/module[2]/webElementSetComponentBeans[1]/element-group[1]/textBlocks[1]/text-block[2]/text[1]/text()[1]
***********************

Module:[FL01-carousel]***********************
Expected CDATA section value 'House Of Mirth' 
but was 'This Is England' - comparing <![CDATA[House Of Mirth]]]]><![CDATA[> 
at /page-map[1]/sections[1]/page-section[2]/areas[1]/area[1]/modules[1]/module[2]/webElementSetComponentBeans[1]/element-group[1]/textBlocks[1]/text-block[3]/text[1]/text()[1] to <![CDATA[This Is England]]]]>
        <![CDATA[>
at /page-map[1]/sections[1]/page-section[2]/areas[1]/area[1]/modules[1]/module[2]/webElementSetComponentBeans[1]/element-group[1]/textBlocks[1]/text-block[3]/text[1]/text()[1]
***********************

Module:[FL01-carousel]***********************
Expected CDATA section value 'Saturday Night Fever' 
but was 'Hunger' - comparing <![CDATA[Saturday Night Fever]]]]><![CDATA[> 
at /page-map[1]/sections[1]/page-section[2]/areas[1]/area[1]/modules[1]/module[2]/webElementSetComponentBeans[1]/element-group[1]/textBlocks[1]/text-block[4]/text[1]/text()[1] to <![CDATA[Hunger]]]]>
        <![CDATA[>
at /page-map[1]/sections[1]/page-section[2]/areas[1]/area[1]/modules[1]/module[2]/webElementSetComponentBeans[1]/element-group[1]/textBlocks[1]/text-block[4]/text[1]/text()[1]
***********************

Module:[FL01-carousel]***********************
Expected CDATA section value 'Princess Mononoke' 
but was 'Local Hero' - comparing <![CDATA[Princess Mononoke]]]]><![CDATA[> 
at /page-map[1]/sections[1]/page-section[2]/areas[1]/area[1]/modules[1]/module[2]/webElementSetComponentBeans[1]/element-group[1]/textBlocks[1]/text-block[5]/text[1]/text()[1] to <![CDATA[Local Hero]]]]>
        <![CDATA[>
at /page-map[1]/sections[1]/page-section[2]/areas[1]/area[1]/modules[1]/module[2]/webElementSetComponentBeans[1]/element-group[1]/textBlocks[1]/text-block[5]/text[1]/text()[1]
***********************

Module:[FL01-carousel]***********************
Expected CDATA section value 'My Beautiful Laundrette' 
but was 'House Of Mirth' - comparing <![CDATA[My Beautiful Laundrette]]]]><![CDATA[> 
at /page-map[1]/sections[1]/page-section[2]/areas[1]/area[1]/modules[1]/module[2]/webElementSetComponentBeans[1]/element-group[1]/textBlocks[1]/text-block[6]/text[1]/text()[1] to <![CDATA[House Of Mirth]]]]>
        <![CDATA[>
at /page-map[1]/sections[1]/page-section[2]/areas[1]/area[1]/modules[1]/module[2]/webElementSetComponentBeans[1]/element-group[1]/textBlocks[1]/text-block[6]/text[1]/text()[1]
***********************

Module:[FL01-carousel]***********************
Expected CDATA section value 'Victim' 
but was 'Trainspotting' - comparing <![CDATA[Victim]]]]><![CDATA[> 
at /page-map[1]/sections[1]/page-section[2]/areas[1]/area[1]/modules[1]/module[2]/webElementSetComponentBeans[1]/element-group[1]/textBlocks[1]/text-block[7]/text[1]/text()[1] to <![CDATA[Trainspotting]]]]>
        <![CDATA[>
at /page-map[1]/sections[1]/page-section[2]/areas[1]/area[1]/modules[1]/module[2]/webElementSetComponentBeans[1]/element-group[1]/textBlocks[1]/text-block[7]/text[1]/text()[1]
***********************

Module:[FL01-carousel]***********************
Expected CDATA section value 'Bigger Than Life' 
but was 'The Long Day Closes' - comparing <![CDATA[Bigger Than Life]]]]><![CDATA[> 
at /page-map[1]/sections[1]/page-section[2]/areas[1]/area[1]/modules[1]/module[2]/webElementSetComponentBeans[1]/element-group[1]/textBlocks[1]/text-block[8]/text[1]/text()[1] to <![CDATA[The Long Day Closes]]]]>
        <![CDATA[>
at /page-map[1]/sections[1]/page-section[2]/areas[1]/area[1]/modules[1]/module[2]/webElementSetComponentBeans[1]/element-group[1]/textBlocks[1]/text-block[8]/text[1]/text()[1]
***********************

Module:[FL01-carousel]***********************
Expected CDATA section value 'Oliver Twist' 
but was 'Alien' - comparing <![CDATA[Oliver Twist]]]]><![CDATA[> 
at /page-map[1]/sections[1]/page-section[2]/areas[1]/area[1]/modules[1]/module[2]/webElementSetComponentBeans[1]/element-group[1]/textBlocks[1]/text-block[9]/text[1]/text()[1] to <![CDATA[Alien]]]]>
        <![CDATA[>
at /page-map[1]/sections[1]/page-section[2]/areas[1]/area[1]/modules[1]/module[2]/webElementSetComponentBeans[1]/element-group[1]/textBlocks[1]/text-block[9]/text[1]/text()[1]
***********************

Module:[FL01-carousel]***********************
Expected CDATA section value 'Bronson' 
but was 'MASH' - comparing <![CDATA[Bronson]]]]><![CDATA[> 
at /page-map[1]/sections[1]/page-section[2]/areas[1]/area[1]/modules[1]/module[2]/webElementSetComponentBeans[1]/element-group[1]/textBlocks[1]/text-block[10]/text[1]/text()[1] to <![CDATA[MASH]]]]>
        <![CDATA[>
at /page-map[1]/sections[1]/page-section[2]/areas[1]/area[1]/modules[1]/module[2]/webElementSetComponentBeans[1]/element-group[1]/textBlocks[1]/text-block[10]/text[1]/text()[1]
***********************

Module:[FL01-carousel]***********************
Expected CDATA section value 'Import/Export' 
but was 'Big' - comparing <![CDATA[Import/Export]]]]><![CDATA[> 
at /page-map[1]/sections[1]/page-section[2]/areas[1]/area[1]/modules[1]/module[2]/webElementSetComponentBeans[1]/element-group[1]/textBlocks[1]/text-block[11]/text[1]/text()[1] to <![CDATA[Big]]]]>
        <![CDATA[>
at /page-map[1]/sections[1]/page-section[2]/areas[1]/area[1]/modules[1]/module[2]/webElementSetComponentBeans[1]/element-group[1]/textBlocks[1]/text-block[11]/text[1]/text()[1]
***********************

Module:[FL01-carousel]***********************
Expected CDATA section value 'Straight Story' 
but was 'The Crying Game' - comparing <![CDATA[Straight Story]]]]><![CDATA[> 
at /page-map[1]/sections[1]/page-section[2]/areas[1]/area[1]/modules[1]/module[2]/webElementSetComponentBeans[1]/element-group[1]/textBlocks[1]/text-block[12]/text[1]/text()[1] to <![CDATA[The Crying Game]]]]>
        <![CDATA[>
at /page-map[1]/sections[1]/page-section[2]/areas[1]/area[1]/modules[1]/module[2]/webElementSetComponentBeans[1]/element-group[1]/textBlocks[1]/text-block[12]/text[1]/text()[1]
***********************

Module:[FL01-carousel]***********************
Expected CDATA section value 'Mischief Night' 
but was 'Kill Bill Vol. 1' - comparing <![CDATA[Mischief Night]]]]><![CDATA[> 
at /page-map[1]/sections[1]/page-section[2]/areas[1]/area[1]/modules[1]/module[2]/webElementSetComponentBeans[1]/element-group[1]/textBlocks[1]/text-block[13]/text[1]/text()[1] to <![CDATA[Kill Bill Vol. 1]]]]>
        <![CDATA[>
at /page-map[1]/sections[1]/page-section[2]/areas[1]/area[1]/modules[1]/module[2]/webElementSetComponentBeans[1]/element-group[1]/textBlocks[1]/text-block[13]/text[1]/text()[1]
***********************

Module:[FL01-carousel]***********************
Expected CDATA section value 'Raising Arizona' 
but was 'A Room With A View' - comparing <![CDATA[Raising Arizona]]]]><![CDATA[> 
at /page-map[1]/sections[1]/page-section[2]/areas[1]/area[1]/modules[1]/module[2]/webElementSetComponentBeans[1]/element-group[1]/textBlocks[1]/text-block[14]/text[1]/text()[1] to <![CDATA[A Room With A View]]]]>
        <![CDATA[>
at /page-map[1]/sections[1]/page-section[2]/areas[1]/area[1]/modules[1]/module[2]/webElementSetComponentBeans[1]/element-group[1]/textBlocks[1]/text-block[14]/text[1]/text()[1]
***********************

Module:[FL01-carousel]***********************
Expected CDATA section value 'Tulpan' 
but was 'Four Lions' - comparing <![CDATA[Tulpan]]]]><![CDATA[> 
at /page-map[1]/sections[1]/page-section[2]/areas[1]/area[1]/modules[1]/module[2]/webElementSetComponentBeans[1]/element-group[1]/textBlocks[1]/text-block[15]/text[1]/text()[1] to <![CDATA[Four Lions]]]]>
        <![CDATA[>
at /page-map[1]/sections[1]/page-section[2]/areas[1]/area[1]/modules[1]/module[2]/webElementSetComponentBeans[1]/element-group[1]/textBlocks[1]/text-block[15]/text[1]/text()[1]
***********************

Module:[FL01-carousel]***********************
Expected text value 'span' 
but was 'h3' - comparing <tag ...>span</tag> 
at /page-map[1]/sections[1]/page-section[2]/areas[1]/area[1]/modules[1]/module[2]/webElementSetComponentBeans[1]/element-group[1]/textBlocks[1]/text-block[16]/tag[1]/text()[1] to <tag ...>h3</tag> 
at /page-map[1]/sections[1]/page-section[2]/areas[1]/area[1]/modules[1]/module[2]/webElementSetComponentBeans[1]/element-group[1]/textBlocks[1]/text-block[16]/tag[1]/text()[1]
***********************

Module:[FL01-carousel]***********************
Expected CDATA section value 'Rent on Film4oD' 
but was 'The Bank Job' - comparing <![CDATA[Rent on Film4oD]]]]><![CDATA[> 
at /page-map[1]/sections[1]/page-section[2]/areas[1]/area[1]/modules[1]/module[2]/webElementSetComponentBeans[1]/element-group[1]/textBlocks[1]/text-block[16]/text[1]/text()[1] to <![CDATA[The Bank Job]]]]>
        <![CDATA[>
at /page-map[1]/sections[1]/page-section[2]/areas[1]/area[1]/modules[1]/module[2]/webElementSetComponentBeans[1]/element-group[1]/textBlocks[1]/text-block[16]/text[1]/text()[1]
***********************

Module:[FL01-carousel]***********************
Expected CDATA section value 'Previous' 
but was 'Rent on Film4oD' - comparing <![CDATA[Previous]]]]><![CDATA[> 
at /page-map[1]/sections[1]/page-section[2]/areas[1]/area[1]/modules[1]/module[2]/webElementSetComponentBeans[1]/element-group[1]/textBlocks[1]/text-block[19]/text[1]/text()[1] to <![CDATA[Rent on Film4oD]]]]>
        <![CDATA[>
at /page-map[1]/sections[1]/page-section[2]/areas[1]/area[1]/modules[1]/module[2]/webElementSetComponentBeans[1]/element-group[1]/textBlocks[1]/text-block[19]/text[1]/text()[1]
***********************

Module:[FL01-carousel]***********************
Expected CDATA section value '1' 
but was 'Rent on Film4oD' - comparing <![CDATA[1]]]]><![CDATA[> 
at /page-map[1]/sections[1]/page-section[2]/areas[1]/area[1]/modules[1]/module[2]/webElementSetComponentBeans[1]/element-group[1]/textBlocks[1]/text-block[20]/text[1]/text()[1] to <![CDATA[Rent on Film4oD]]]]>
        <![CDATA[>
at /page-map[1]/sections[1]/page-section[2]/areas[1]/area[1]/modules[1]/module[2]/webElementSetComponentBeans[1]/element-group[1]/textBlocks[1]/text-block[20]/text[1]/text()[1]
***********************

Module:[FL01-carousel]***********************
Expected CDATA section value '2' 
but was 'Rent on Film4oD' - comparing <![CDATA[2]]]]><![CDATA[> 
at /page-map[1]/sections[1]/page-section[2]/areas[1]/area[1]/modules[1]/module[2]/webElementSetComponentBeans[1]/element-group[1]/textBlocks[1]/text-block[21]/text[1]/text()[1] to <![CDATA[Rent on Film4oD]]]]>
        <![CDATA[>
at /page-map[1]/sections[1]/page-section[2]/areas[1]/area[1]/modules[1]/module[2]/webElementSetComponentBeans[1]/element-group[1]/textBlocks[1]/text-block[21]/text[1]/text()[1]
***********************

Module:[FL01-carousel]***********************
Expected CDATA section value '3' 
but was 'On Film4: 16 November 2012' - comparing <![CDATA[3]]]]><![CDATA[> 
at /page-map[1]/sections[1]/page-section[2]/areas[1]/area[1]/modules[1]/module[2]/webElementSetComponentBeans[1]/element-group[1]/textBlocks[1]/text-block[22]/text[1]/text()[1] to <![CDATA[On Film4: 16 November 2012]]]]>
        <![CDATA[>
at /page-map[1]/sections[1]/page-section[2]/areas[1]/area[1]/modules[1]/module[2]/webElementSetComponentBeans[1]/element-group[1]/textBlocks[1]/text-block[22]/text[1]/text()[1]
***********************

Module:[FL01-carousel]***********************
Expected CDATA section value '4' 
but was 'Previous' - comparing <![CDATA[4]]]]><![CDATA[> 
at /page-map[1]/sections[1]/page-section[2]/areas[1]/area[1]/modules[1]/module[2]/webElementSetComponentBeans[1]/element-group[1]/textBlocks[1]/text-block[23]/text[1]/text()[1] to <![CDATA[Previous]]]]>
        <![CDATA[>
at /page-map[1]/sections[1]/page-section[2]/areas[1]/area[1]/modules[1]/module[2]/webElementSetComponentBeans[1]/element-group[1]/textBlocks[1]/text-block[23]/text[1]/text()[1]
***********************

Module:[FL01-carousel]***********************
Expected CDATA section value '5' 
but was '1' - comparing <![CDATA[5]]]]><![CDATA[> 
at /page-map[1]/sections[1]/page-section[2]/areas[1]/area[1]/modules[1]/module[2]/webElementSetComponentBeans[1]/element-group[1]/textBlocks[1]/text-block[24]/text[1]/text()[1] to <![CDATA[1]]]]>
        <![CDATA[>
at /page-map[1]/sections[1]/page-section[2]/areas[1]/area[1]/modules[1]/module[2]/webElementSetComponentBeans[1]/element-group[1]/textBlocks[1]/text-block[24]/text[1]/text()[1]
***********************

Module:[FL01-carousel]***********************
Expected CDATA section value 'Next' 
but was '2' - comparing <![CDATA[Next]]]]><![CDATA[> 
at /page-map[1]/sections[1]/page-section[2]/areas[1]/area[1]/modules[1]/module[2]/webElementSetComponentBeans[1]/element-group[1]/textBlocks[1]/text-block[25]/text[1]/text()[1] to <![CDATA[2]]]]>
        <![CDATA[>
at /page-map[1]/sections[1]/page-section[2]/areas[1]/area[1]/modules[1]/module[2]/webElementSetComponentBeans[1]/element-group[1]/textBlocks[1]/text-block[25]/text[1]/text()[1]
***********************

Module:[unknown]***********************
Expected presence of child node 'null' 
but was 'text-block' - comparing  at null to <text-block...> 
at /page-map[1]/sections[1]/page-section[2]/areas[1]/area[1]/modules[1]/module[2]/webElementSetComponentBeans[1]/element-group[1]/textBlocks[1]/text-block[26]
***********************

Module:[unknown]***********************
Expected presence of child node 'null' 
but was 'text-block' - comparing  at null to <text-block...> 
at /page-map[1]/sections[1]/page-section[2]/areas[1]/area[1]/modules[1]/module[2]/webElementSetComponentBeans[1]/element-group[1]/textBlocks[1]/text-block[27]
***********************

Module:[unknown]***********************
Expected presence of child node 'null' 
but was 'text-block' - comparing  at null to <text-block...> 
at /page-map[1]/sections[1]/page-section[2]/areas[1]/area[1]/modules[1]/module[2]/webElementSetComponentBeans[1]/element-group[1]/textBlocks[1]/text-block[28]
***********************

Module:[unknown]***********************
Expected presence of child node 'null' 
but was 'text-block' - comparing  at null to <text-block...> 
at /page-map[1]/sections[1]/page-section[2]/areas[1]/area[1]/modules[1]/module[2]/webElementSetComponentBeans[1]/element-group[1]/textBlocks[1]/text-block[29]
***********************

Module:[SN02]***********************
Expected CDATA section value 'http://test.film4.com/reviews/2012/total-recall?li#' 
but was 'http://test.film4.com/reviews/2012/total-recall?la3i#' - comparing <![CDATA[http://test.film4.com/reviews/2012/total-recall?li#]]]]>
        <![CDATA[>
at /page-map[1]/sections[1]/page-section[2]/areas[1]/area[1]/modules[1]/module[4]/webElementSetComponentBeans[1]/element-group[1]/imageLinks[1]/picture-link[1]/href[1]/text()[1] to <![CDATA[http://test.film4.com/reviews/2012/total-recall?la3i#]]]]>
        <![CDATA[>
at /page-map[1]/sections[1]/page-section[2]/areas[1]/area[1]/modules[1]/module[4]/webElementSetComponentBeans[1]/element-group[1]/imageLinks[1]/picture-link[1]/href[1]/text()[1]
***********************

Module:[SN02]***********************
Expected CDATA section value 'http://test.film4.com/reviews/2012/total-recall?li#' 
but was 'http://test.film4.com/reviews/2012/total-recall?la3i#' - comparing <![CDATA[http://test.film4.com/reviews/2012/total-recall?li#]]]]>
        <![CDATA[>
at /page-map[1]/sections[1]/page-section[2]/areas[1]/area[1]/modules[1]/module[4]/webElementSetComponentBeans[1]/element-group[1]/imageLinks[1]/picture-link[2]/href[1]/text()[1] to <![CDATA[http://test.film4.com/reviews/2012/total-recall?la3i#]]]]>
        <![CDATA[>
at /page-map[1]/sections[1]/page-section[2]/areas[1]/area[1]/modules[1]/module[4]/webElementSetComponentBeans[1]/element-group[1]/imageLinks[1]/picture-link[2]/href[1]/text()[1]
***********************

Module:[SN02]***********************
Expected CDATA section value 'http://test.film4.com/reviews/2012/total-recall?li#' 
but was 'http://test.film4.com/reviews/2012/total-recall?la3i#' - comparing <![CDATA[http://test.film4.com/reviews/2012/total-recall?li#]]]]>
        <![CDATA[>
at /page-map[1]/sections[1]/page-section[2]/areas[1]/area[1]/modules[1]/module[4]/webElementSetComponentBeans[1]/element-group[1]/imageLinks[1]/picture-link[3]/href[1]/text()[1] to <![CDATA[http://test.film4.com/reviews/2012/total-recall?la3i#]]]]>
        <![CDATA[>
at /page-map[1]/sections[1]/page-section[2]/areas[1]/area[1]/modules[1]/module[4]/webElementSetComponentBeans[1]/element-group[1]/imageLinks[1]/picture-link[3]/href[1]/text()[1]
***********************

Module:[SN02]***********************
Expected CDATA section value 'http://test.film4.com/reviews/2012/total-recall?li#' 
but was 'http://test.film4.com/reviews/2012/total-recall?la3i#' - comparing <![CDATA[http://test.film4.com/reviews/2012/total-recall?li#]]]]>
        <![CDATA[>
at /page-map[1]/sections[1]/page-section[2]/areas[1]/area[1]/modules[1]/module[4]/webElementSetComponentBeans[1]/element-group[1]/imageLinks[1]/picture-link[4]/href[1]/text()[1] to <![CDATA[http://test.film4.com/reviews/2012/total-recall?la3i#]]]]>
        <![CDATA[>
at /page-map[1]/sections[1]/page-section[2]/areas[1]/area[1]/modules[1]/module[4]/webElementSetComponentBeans[1]/element-group[1]/imageLinks[1]/picture-link[4]/href[1]/text()[1]
***********************

	at org.testng.Assert.fail(Assert.java:89)
	at com.sharpqa.comparesolution.test.ComparisonTest.testXMLPageObjectMapAgainstExpeted(ComparisonTest.java:54)
	at sun.reflect.NativeMethodAccessorImpl.invoke0(Native Method)
	at sun.reflect.NativeMethodAccessorImpl.invoke(NativeMethodAccessorImpl.java:39)
	at sun.reflect.DelegatingMethodAccessorImpl.invoke(DelegatingMethodAccessorImpl.java:25)
	at java.lang.reflect.Method.invoke(Method.java:597)
	at org.testng.internal.MethodInvocationHelper.invokeMethod(MethodInvocationHelper.java:80)
	at org.testng.internal.InvokeMethodRunnable.runOne(InvokeMethodRunnable.java:46)
	at org.testng.internal.InvokeMethodRunnable.run(InvokeMethodRunnable.java:37)
	at java.util.concurrent.Executors$RunnableAdapter.call(Executors.java:441)
	at java.util.concurrent.FutureTask$Sync.innerRun(FutureTask.java:303)
	at java.util.concurrent.FutureTask.run(FutureTask.java:138)
	at java.util.concurrent.ThreadPoolExecutor$Worker.runTask(ThreadPoolExecutor.java:886)
	at java.util.concurrent.ThreadPoolExecutor$Worker.run(ThreadPoolExecutor.java:908)
	at java.lang.Thread.run(Thread.java:662)
]]>
    </error>
  </testcase>
  <testcase name="testXMLPageObjectMapAgainstExpeted" time="0.447" classname="com.sharpqa.comparesolution.test.ComparisonTest">
    <error type="java.lang.AssertionError" message="
Module:[FL01-grid]***********************
Expected CDATA section value &#039;http://test.film4.com/seasons/british-connection#&#039; 
but was &#039;http://test.film4.com/seasons/british-connection?a3d#&#039; - comparing &lt;![CDATA[http://test.film4.com/seasons/british-connection#]]&gt; 
at /page-map[1]/sections[1]/page-section[1]/areas[1]/area[1]/modules[1]/module[3]/webElementSetComponentBeans[1]/element-group[1]/links[1]/link[1]/href[1]/text()[1] to &lt;![CDATA[http://test.film4.com/seasons/british-connection?a3d#]]&gt; 
at /page-map[1]/sections[1]/page-section[1]/areas[1]/area[1]/modules[1]/module[3]/webElementSetComponentBeans[1]/element-group[1]/links[1]/link[1]/href[1]/text()[1]
***********************

Module:[FL01-grid]***********************
Expected CDATA section value &#039;http://test.film4.com/seasons/british-connection#&#039; 
but was &#039;http://test.film4.com/seasons/british-connection?a3d#&#039; - comparing &lt;![CDATA[http://test.film4.com/seasons/british-connection#]]&gt; 
at /page-map[1]/sections[1]/page-section[1]/areas[1]/area[1]/modules[1]/module[3]/webElementSetComponentBeans[1]/element-group[2]/links[1]/link[1]/href[1]/text()[1] to &lt;![CDATA[http://test.film4.com/seasons/british-connection?a3d#]]&gt; 
at /page-map[1]/sections[1]/page-section[1]/areas[1]/area[1]/modules[1]/module[3]/webElementSetComponentBeans[1]/element-group[2]/links[1]/link[1]/href[1]/text()[1]
***********************

Module:[FL01-grid]***********************
Expected CDATA section value &#039;http://test.film4.com/seasons/british-connection#&#039; 
but was &#039;http://test.film4.com/seasons/british-connection?a3d#&#039; - comparing &lt;![CDATA[http://test.film4.com/seasons/british-connection#]]&gt; 
at /page-map[1]/sections[1]/page-section[1]/areas[1]/area[1]/modules[1]/module[3]/webElementSetComponentBeans[1]/element-group[3]/links[1]/link[1]/href[1]/text()[1] to &lt;![CDATA[http://test.film4.com/seasons/british-connection?a3d#]]&gt; 
at /page-map[1]/sections[1]/page-section[1]/areas[1]/area[1]/modules[1]/module[3]/webElementSetComponentBeans[1]/element-group[3]/links[1]/link[1]/href[1]/text()[1]
***********************

Module:[FL01-grid]***********************
Expected CDATA section value &#039;http://test.film4.com/seasons/british-connection#&#039; 
but was &#039;http://test.film4.com/seasons/british-connection?a3d#&#039; - comparing &lt;![CDATA[http://test.film4.com/seasons/british-connection#]]&gt; 
at /page-map[1]/sections[1]/page-section[1]/areas[1]/area[1]/modules[1]/module[3]/webElementSetComponentBeans[1]/element-group[4]/links[1]/link[1]/href[1]/text()[1] to &lt;![CDATA[http://test.film4.com/seasons/british-connection?a3d#]]&gt; 
at /page-map[1]/sections[1]/page-section[1]/areas[1]/area[1]/modules[1]/module[3]/webElementSetComponentBeans[1]/element-group[4]/links[1]/link[1]/href[1]/text()[1]
***********************

Module:[FL01-grid]***********************
Expected CDATA section value &#039;http://test.film4.com/seasons/british-connection#&#039; 
but was &#039;http://test.film4.com/seasons/british-connection?a3d#&#039; - comparing &lt;![CDATA[http://test.film4.com/seasons/british-connection#]]&gt; 
at /page-map[1]/sections[1]/page-section[1]/areas[1]/area[1]/modules[1]/module[3]/webElementSetComponentBeans[1]/element-group[5]/links[1]/link[1]/href[1]/text()[1] to &lt;![CDATA[http://test.film4.com/seasons/british-connection?a3d#]]&gt; 
at /page-map[1]/sections[1]/page-section[1]/areas[1]/area[1]/modules[1]/module[3]/webElementSetComponentBeans[1]/element-group[5]/links[1]/link[1]/href[1]/text()[1]
***********************

Module:[FL01-grid]***********************
Expected CDATA section value &#039;http://test.film4.com/seasons/british-connection#&#039; 
but was &#039;http://test.film4.com/seasons/british-connection?a3d#&#039; - comparing &lt;![CDATA[http://test.film4.com/seasons/british-connection#]]&gt; 
at /page-map[1]/sections[1]/page-section[1]/areas[1]/area[1]/modules[1]/module[3]/webElementSetComponentBeans[1]/element-group[6]/links[1]/link[1]/href[1]/text()[1] to &lt;![CDATA[http://test.film4.com/seasons/british-connection?a3d#]]&gt; 
at /page-map[1]/sections[1]/page-section[1]/areas[1]/area[1]/modules[1]/module[3]/webElementSetComponentBeans[1]/element-group[6]/links[1]/link[1]/href[1]/text()[1]
***********************

Module:[SN02]***********************
Expected CDATA section value &#039;http://test.film4.com/seasons/british-connection#&#039; 
but was &#039;http://test.film4.com/seasons/british-connection?a3d#&#039; - comparing &lt;![CDATA[http://test.film4.com/seasons/british-connection#]]&gt; 
at /page-map[1]/sections[1]/page-section[2]/areas[1]/area[1]/modules[1]/module[3]/webElementSetComponentBeans[1]/element-group[1]/imageLinks[1]/picture-link[1]/href[1]/text()[1] to &lt;![CDATA[http://test.film4.com/seasons/british-connection?a3d#]]&gt; 
at /page-map[1]/sections[1]/page-section[2]/areas[1]/area[1]/modules[1]/module[3]/webElementSetComponentBeans[1]/element-group[1]/imageLinks[1]/picture-link[1]/href[1]/text()[1]
***********************

Module:[SN02]***********************
Expected CDATA section value &#039;http://test.film4.com/seasons/british-connection#&#039; 
but was &#039;http://test.film4.com/seasons/british-connection?a3d#&#039; - comparing &lt;![CDATA[http://test.film4.com/seasons/british-connection#]]&gt; 
at /page-map[1]/sections[1]/page-section[2]/areas[1]/area[1]/modules[1]/module[3]/webElementSetComponentBeans[1]/element-group[1]/imageLinks[1]/picture-link[2]/href[1]/text()[1] to &lt;![CDATA[http://test.film4.com/seasons/british-connection?a3d#]]&gt; 
at /page-map[1]/sections[1]/page-section[2]/areas[1]/area[1]/modules[1]/module[3]/webElementSetComponentBeans[1]/element-group[1]/imageLinks[1]/picture-link[2]/href[1]/text()[1]
***********************

Module:[SN02]***********************
Expected CDATA section value &#039;http://test.film4.com/seasons/british-connection#&#039; 
but was &#039;http://test.film4.com/seasons/british-connection?a3d#&#039; - comparing &lt;![CDATA[http://test.film4.com/seasons/british-connection#]]&gt; 
at /page-map[1]/sections[1]/page-section[2]/areas[1]/area[1]/modules[1]/module[3]/webElementSetComponentBeans[1]/element-group[1]/imageLinks[1]/picture-link[3]/href[1]/text()[1] to &lt;![CDATA[http://test.film4.com/seasons/british-connection?a3d#]]&gt; 
at /page-map[1]/sections[1]/page-section[2]/areas[1]/area[1]/modules[1]/module[3]/webElementSetComponentBeans[1]/element-group[1]/imageLinks[1]/picture-link[3]/href[1]/text()[1]
***********************

Module:[SN02]***********************
Expected CDATA section value &#039;http://test.film4.com/seasons/british-connection#&#039; 
but was &#039;http://test.film4.com/seasons/british-connection?a3d#&#039; - comparing &lt;![CDATA[http://test.film4.com/seasons/british-connection#]]&gt; 
at /page-map[1]/sections[1]/page-section[2]/areas[1]/area[1]/modules[1]/module[3]/webElementSetComponentBeans[1]/element-group[1]/imageLinks[1]/picture-link[4]/href[1]/text()[1] to &lt;![CDATA[http://test.film4.com/seasons/british-connection?a3d#]]&gt; 
at /page-map[1]/sections[1]/page-section[2]/areas[1]/area[1]/modules[1]/module[3]/webElementSetComponentBeans[1]/element-group[1]/imageLinks[1]/picture-link[4]/href[1]/text()[1]
***********************

Module:[FL01-promo]***********************
Expected CDATA section value &#039;http://test.film4.com/seasons/british-connection#&#039; 
but was &#039;http://test.film4.com/seasons/british-connection?a3d#&#039; - comparing &lt;![CDATA[http://test.film4.com/seasons/british-connection#]]&gt; 
at /page-map[1]/sections[1]/page-section[2]/areas[1]/area[1]/modules[1]/module[4]/webElementSetComponentBeans[1]/element-group[1]/links[1]/link[1]/href[1]/text()[1] to &lt;![CDATA[http://test.film4.com/seasons/british-connection?a3d#]]&gt; 
at /page-map[1]/sections[1]/page-section[2]/areas[1]/area[1]/modules[1]/module[4]/webElementSetComponentBeans[1]/element-group[1]/links[1]/link[1]/href[1]/text()[1]
***********************
">
        <![CDATA[java.lang.AssertionError:
Module:[FL01-grid]***********************
Expected CDATA section value 'http://test.film4.com/seasons/british-connection#' 
but was 'http://test.film4.com/seasons/british-connection?a3d#' - comparing <![CDATA[http://test.film4.com/seasons/british-connection#]]]]>
        <![CDATA[>
at /page-map[1]/sections[1]/page-section[1]/areas[1]/area[1]/modules[1]/module[3]/webElementSetComponentBeans[1]/element-group[1]/links[1]/link[1]/href[1]/text()[1] to <![CDATA[http://test.film4.com/seasons/british-connection?a3d#]]]]>
        <![CDATA[>
at /page-map[1]/sections[1]/page-section[1]/areas[1]/area[1]/modules[1]/module[3]/webElementSetComponentBeans[1]/element-group[1]/links[1]/link[1]/href[1]/text()[1]
***********************

Module:[FL01-grid]***********************
Expected CDATA section value 'http://test.film4.com/seasons/british-connection#' 
but was 'http://test.film4.com/seasons/british-connection?a3d#' - comparing <![CDATA[http://test.film4.com/seasons/british-connection#]]]]>
        <![CDATA[>
at /page-map[1]/sections[1]/page-section[1]/areas[1]/area[1]/modules[1]/module[3]/webElementSetComponentBeans[1]/element-group[2]/links[1]/link[1]/href[1]/text()[1] to <![CDATA[http://test.film4.com/seasons/british-connection?a3d#]]]]>
        <![CDATA[>
at /page-map[1]/sections[1]/page-section[1]/areas[1]/area[1]/modules[1]/module[3]/webElementSetComponentBeans[1]/element-group[2]/links[1]/link[1]/href[1]/text()[1]
***********************

Module:[FL01-grid]***********************
Expected CDATA section value 'http://test.film4.com/seasons/british-connection#' 
but was 'http://test.film4.com/seasons/british-connection?a3d#' - comparing <![CDATA[http://test.film4.com/seasons/british-connection#]]]]>
        <![CDATA[>
at /page-map[1]/sections[1]/page-section[1]/areas[1]/area[1]/modules[1]/module[3]/webElementSetComponentBeans[1]/element-group[3]/links[1]/link[1]/href[1]/text()[1] to <![CDATA[http://test.film4.com/seasons/british-connection?a3d#]]]]>
        <![CDATA[>
at /page-map[1]/sections[1]/page-section[1]/areas[1]/area[1]/modules[1]/module[3]/webElementSetComponentBeans[1]/element-group[3]/links[1]/link[1]/href[1]/text()[1]
***********************

Module:[FL01-grid]***********************
Expected CDATA section value 'http://test.film4.com/seasons/british-connection#' 
but was 'http://test.film4.com/seasons/british-connection?a3d#' - comparing <![CDATA[http://test.film4.com/seasons/british-connection#]]]]>
        <![CDATA[>
at /page-map[1]/sections[1]/page-section[1]/areas[1]/area[1]/modules[1]/module[3]/webElementSetComponentBeans[1]/element-group[4]/links[1]/link[1]/href[1]/text()[1] to <![CDATA[http://test.film4.com/seasons/british-connection?a3d#]]]]>
        <![CDATA[>
at /page-map[1]/sections[1]/page-section[1]/areas[1]/area[1]/modules[1]/module[3]/webElementSetComponentBeans[1]/element-group[4]/links[1]/link[1]/href[1]/text()[1]
***********************

Module:[FL01-grid]***********************
Expected CDATA section value 'http://test.film4.com/seasons/british-connection#' 
but was 'http://test.film4.com/seasons/british-connection?a3d#' - comparing <![CDATA[http://test.film4.com/seasons/british-connection#]]]]>
        <![CDATA[>
at /page-map[1]/sections[1]/page-section[1]/areas[1]/area[1]/modules[1]/module[3]/webElementSetComponentBeans[1]/element-group[5]/links[1]/link[1]/href[1]/text()[1] to <![CDATA[http://test.film4.com/seasons/british-connection?a3d#]]]]>
        <![CDATA[>
at /page-map[1]/sections[1]/page-section[1]/areas[1]/area[1]/modules[1]/module[3]/webElementSetComponentBeans[1]/element-group[5]/links[1]/link[1]/href[1]/text()[1]
***********************

Module:[FL01-grid]***********************
Expected CDATA section value 'http://test.film4.com/seasons/british-connection#' 
but was 'http://test.film4.com/seasons/british-connection?a3d#' - comparing <![CDATA[http://test.film4.com/seasons/british-connection#]]]]>
        <![CDATA[>
at /page-map[1]/sections[1]/page-section[1]/areas[1]/area[1]/modules[1]/module[3]/webElementSetComponentBeans[1]/element-group[6]/links[1]/link[1]/href[1]/text()[1] to <![CDATA[http://test.film4.com/seasons/british-connection?a3d#]]]]>
        <![CDATA[>
at /page-map[1]/sections[1]/page-section[1]/areas[1]/area[1]/modules[1]/module[3]/webElementSetComponentBeans[1]/element-group[6]/links[1]/link[1]/href[1]/text()[1]
***********************

Module:[SN02]***********************
Expected CDATA section value 'http://test.film4.com/seasons/british-connection#' 
but was 'http://test.film4.com/seasons/british-connection?a3d#' - comparing <![CDATA[http://test.film4.com/seasons/british-connection#]]]]>
        <![CDATA[>
at /page-map[1]/sections[1]/page-section[2]/areas[1]/area[1]/modules[1]/module[3]/webElementSetComponentBeans[1]/element-group[1]/imageLinks[1]/picture-link[1]/href[1]/text()[1] to <![CDATA[http://test.film4.com/seasons/british-connection?a3d#]]]]>
        <![CDATA[>
at /page-map[1]/sections[1]/page-section[2]/areas[1]/area[1]/modules[1]/module[3]/webElementSetComponentBeans[1]/element-group[1]/imageLinks[1]/picture-link[1]/href[1]/text()[1]
***********************

Module:[SN02]***********************
Expected CDATA section value 'http://test.film4.com/seasons/british-connection#' 
but was 'http://test.film4.com/seasons/british-connection?a3d#' - comparing <![CDATA[http://test.film4.com/seasons/british-connection#]]]]>
        <![CDATA[>
at /page-map[1]/sections[1]/page-section[2]/areas[1]/area[1]/modules[1]/module[3]/webElementSetComponentBeans[1]/element-group[1]/imageLinks[1]/picture-link[2]/href[1]/text()[1] to <![CDATA[http://test.film4.com/seasons/british-connection?a3d#]]]]>
        <![CDATA[>
at /page-map[1]/sections[1]/page-section[2]/areas[1]/area[1]/modules[1]/module[3]/webElementSetComponentBeans[1]/element-group[1]/imageLinks[1]/picture-link[2]/href[1]/text()[1]
***********************

Module:[SN02]***********************
Expected CDATA section value 'http://test.film4.com/seasons/british-connection#' 
but was 'http://test.film4.com/seasons/british-connection?a3d#' - comparing <![CDATA[http://test.film4.com/seasons/british-connection#]]]]>
        <![CDATA[>
at /page-map[1]/sections[1]/page-section[2]/areas[1]/area[1]/modules[1]/module[3]/webElementSetComponentBeans[1]/element-group[1]/imageLinks[1]/picture-link[3]/href[1]/text()[1] to <![CDATA[http://test.film4.com/seasons/british-connection?a3d#]]]]>
        <![CDATA[>
at /page-map[1]/sections[1]/page-section[2]/areas[1]/area[1]/modules[1]/module[3]/webElementSetComponentBeans[1]/element-group[1]/imageLinks[1]/picture-link[3]/href[1]/text()[1]
***********************

Module:[SN02]***********************
Expected CDATA section value 'http://test.film4.com/seasons/british-connection#' 
but was 'http://test.film4.com/seasons/british-connection?a3d#' - comparing <![CDATA[http://test.film4.com/seasons/british-connection#]]]]>
        <![CDATA[>
at /page-map[1]/sections[1]/page-section[2]/areas[1]/area[1]/modules[1]/module[3]/webElementSetComponentBeans[1]/element-group[1]/imageLinks[1]/picture-link[4]/href[1]/text()[1] to <![CDATA[http://test.film4.com/seasons/british-connection?a3d#]]]]>
        <![CDATA[>
at /page-map[1]/sections[1]/page-section[2]/areas[1]/area[1]/modules[1]/module[3]/webElementSetComponentBeans[1]/element-group[1]/imageLinks[1]/picture-link[4]/href[1]/text()[1]
***********************

Module:[FL01-promo]***********************
Expected CDATA section value 'http://test.film4.com/seasons/british-connection#' 
but was 'http://test.film4.com/seasons/british-connection?a3d#' - comparing <![CDATA[http://test.film4.com/seasons/british-connection#]]]]>
        <![CDATA[>
at /page-map[1]/sections[1]/page-section[2]/areas[1]/area[1]/modules[1]/module[4]/webElementSetComponentBeans[1]/element-group[1]/links[1]/link[1]/href[1]/text()[1] to <![CDATA[http://test.film4.com/seasons/british-connection?a3d#]]]]>
        <![CDATA[>
at /page-map[1]/sections[1]/page-section[2]/areas[1]/area[1]/modules[1]/module[4]/webElementSetComponentBeans[1]/element-group[1]/links[1]/link[1]/href[1]/text()[1]
***********************

	at org.testng.Assert.fail(Assert.java:89)
	at com.sharpqa.comparesolution.test.ComparisonTest.testXMLPageObjectMapAgainstExpeted(ComparisonTest.java:54)
	at sun.reflect.NativeMethodAccessorImpl.invoke0(Native Method)
	at sun.reflect.NativeMethodAccessorImpl.invoke(NativeMethodAccessorImpl.java:39)
	at sun.reflect.DelegatingMethodAccessorImpl.invoke(DelegatingMethodAccessorImpl.java:25)
	at java.lang.reflect.Method.invoke(Method.java:597)
	at org.testng.internal.MethodInvocationHelper.invokeMethod(MethodInvocationHelper.java:80)
	at org.testng.internal.InvokeMethodRunnable.runOne(InvokeMethodRunnable.java:46)
	at org.testng.internal.InvokeMethodRunnable.run(InvokeMethodRunnable.java:37)
	at java.util.concurrent.Executors$RunnableAdapter.call(Executors.java:441)
	at java.util.concurrent.FutureTask$Sync.innerRun(FutureTask.java:303)
	at java.util.concurrent.FutureTask.run(FutureTask.java:138)
	at java.util.concurrent.ThreadPoolExecutor$Worker.runTask(ThreadPoolExecutor.java:886)
	at java.util.concurrent.ThreadPoolExecutor$Worker.run(ThreadPoolExecutor.java:908)
	at java.lang.Thread.run(Thread.java:662)
]]>
    </error>
  </testcase>
  <testcase name="createXMLPageObjectMap" time="41.453" classname="com.sharpqa.comparesolution.test.ComparisonTest"/>
</testsuite>
